[2025-05-28 22:34:50,672] {processor.py:153} INFO - Started process (PID=6455) to work on /home/cunhaaw/Downloads/APITwitter/venv/lib/python3.9/site-packages/airflow/example_dags/example_branch_operator.py
[2025-05-28 22:34:50,673] {processor.py:641} INFO - Processing file /home/cunhaaw/Downloads/APITwitter/venv/lib/python3.9/site-packages/airflow/example_dags/example_branch_operator.py for tasks to queue
[2025-05-28 22:34:50,673] {logging_mixin.py:115} INFO - [2025-05-28 22:34:50,673] {dagbag.py:507} INFO - Filling up the DagBag from /home/cunhaaw/Downloads/APITwitter/venv/lib/python3.9/site-packages/airflow/example_dags/example_branch_operator.py
[2025-05-28 22:34:50,705] {processor.py:651} INFO - DAG(s) dict_keys(['example_branch_operator']) retrieved from /home/cunhaaw/Downloads/APITwitter/venv/lib/python3.9/site-packages/airflow/example_dags/example_branch_operator.py
[2025-05-28 22:34:50,824] {logging_mixin.py:115} INFO - [2025-05-28 22:34:50,824] {manager.py:508} INFO - Created Permission View: can read on DAG:example_branch_operator
[2025-05-28 22:34:50,845] {logging_mixin.py:115} INFO - [2025-05-28 22:34:50,845] {manager.py:508} INFO - Created Permission View: can delete on DAG:example_branch_operator
[2025-05-28 22:34:50,867] {logging_mixin.py:115} INFO - [2025-05-28 22:34:50,866] {manager.py:508} INFO - Created Permission View: can edit on DAG:example_branch_operator
[2025-05-28 22:34:50,867] {logging_mixin.py:115} INFO - [2025-05-28 22:34:50,867] {dag.py:2379} INFO - Sync 1 DAGs
[2025-05-28 22:34:50,886] {logging_mixin.py:115} INFO - [2025-05-28 22:34:50,885] {dag.py:2398} INFO - Creating ORM DAG for example_branch_operator
[2025-05-28 22:34:50,940] {logging_mixin.py:115} INFO - [2025-05-28 22:34:50,940] {dag.py:2927} INFO - Setting next_dagrun for example_branch_operator to 2025-05-28T00:00:00+00:00, run_after=2025-05-29T00:00:00+00:00
[2025-05-28 22:34:50,969] {processor.py:161} INFO - Processing /home/cunhaaw/Downloads/APITwitter/venv/lib/python3.9/site-packages/airflow/example_dags/example_branch_operator.py took 0.300 seconds
[2025-05-28 22:35:31,232] {processor.py:153} INFO - Started process (PID=6603) to work on /home/cunhaaw/Downloads/APITwitter/venv/lib/python3.9/site-packages/airflow/example_dags/example_branch_operator.py
[2025-05-28 22:35:31,233] {processor.py:641} INFO - Processing file /home/cunhaaw/Downloads/APITwitter/venv/lib/python3.9/site-packages/airflow/example_dags/example_branch_operator.py for tasks to queue
[2025-05-28 22:35:31,234] {logging_mixin.py:115} INFO - [2025-05-28 22:35:31,234] {dagbag.py:507} INFO - Filling up the DagBag from /home/cunhaaw/Downloads/APITwitter/venv/lib/python3.9/site-packages/airflow/example_dags/example_branch_operator.py
[2025-05-28 22:35:31,252] {processor.py:651} INFO - DAG(s) dict_keys(['example_branch_operator']) retrieved from /home/cunhaaw/Downloads/APITwitter/venv/lib/python3.9/site-packages/airflow/example_dags/example_branch_operator.py
[2025-05-28 22:35:31,292] {logging_mixin.py:115} INFO - [2025-05-28 22:35:31,292] {dag.py:2379} INFO - Sync 1 DAGs
[2025-05-28 22:35:31,336] {logging_mixin.py:115} INFO - [2025-05-28 22:35:31,336] {dag.py:2927} INFO - Setting next_dagrun for example_branch_operator to 2025-05-28T00:00:00+00:00, run_after=2025-05-29T00:00:00+00:00
[2025-05-28 22:35:31,358] {processor.py:161} INFO - Processing /home/cunhaaw/Downloads/APITwitter/venv/lib/python3.9/site-packages/airflow/example_dags/example_branch_operator.py took 0.130 seconds
[2025-05-28 22:36:08,774] {processor.py:153} INFO - Started process (PID=6875) to work on /home/cunhaaw/Downloads/APITwitter/venv/lib/python3.9/site-packages/airflow/example_dags/example_branch_operator.py
[2025-05-28 22:36:08,776] {processor.py:641} INFO - Processing file /home/cunhaaw/Downloads/APITwitter/venv/lib/python3.9/site-packages/airflow/example_dags/example_branch_operator.py for tasks to queue
[2025-05-28 22:36:08,778] {logging_mixin.py:115} INFO - [2025-05-28 22:36:08,777] {dagbag.py:507} INFO - Filling up the DagBag from /home/cunhaaw/Downloads/APITwitter/venv/lib/python3.9/site-packages/airflow/example_dags/example_branch_operator.py
[2025-05-28 22:36:08,839] {processor.py:651} INFO - DAG(s) dict_keys(['example_branch_operator']) retrieved from /home/cunhaaw/Downloads/APITwitter/venv/lib/python3.9/site-packages/airflow/example_dags/example_branch_operator.py
[2025-05-28 22:36:08,918] {logging_mixin.py:115} INFO - [2025-05-28 22:36:08,918] {dag.py:2379} INFO - Sync 1 DAGs
[2025-05-28 22:36:08,984] {logging_mixin.py:115} INFO - [2025-05-28 22:36:08,984] {dag.py:2927} INFO - Setting next_dagrun for example_branch_operator to 2025-05-28T00:00:00+00:00, run_after=2025-05-29T00:00:00+00:00
[2025-05-28 22:36:09,013] {processor.py:161} INFO - Processing /home/cunhaaw/Downloads/APITwitter/venv/lib/python3.9/site-packages/airflow/example_dags/example_branch_operator.py took 0.248 seconds
[2025-05-28 22:36:45,346] {processor.py:153} INFO - Started process (PID=7128) to work on /home/cunhaaw/Downloads/APITwitter/venv/lib/python3.9/site-packages/airflow/example_dags/example_branch_operator.py
[2025-05-28 22:36:45,347] {processor.py:641} INFO - Processing file /home/cunhaaw/Downloads/APITwitter/venv/lib/python3.9/site-packages/airflow/example_dags/example_branch_operator.py for tasks to queue
[2025-05-28 22:36:45,348] {logging_mixin.py:115} INFO - [2025-05-28 22:36:45,348] {dagbag.py:507} INFO - Filling up the DagBag from /home/cunhaaw/Downloads/APITwitter/venv/lib/python3.9/site-packages/airflow/example_dags/example_branch_operator.py
[2025-05-28 22:36:45,362] {processor.py:651} INFO - DAG(s) dict_keys(['example_branch_operator']) retrieved from /home/cunhaaw/Downloads/APITwitter/venv/lib/python3.9/site-packages/airflow/example_dags/example_branch_operator.py
[2025-05-28 22:36:45,384] {logging_mixin.py:115} INFO - [2025-05-28 22:36:45,384] {dag.py:2379} INFO - Sync 1 DAGs
[2025-05-28 22:36:45,406] {logging_mixin.py:115} INFO - [2025-05-28 22:36:45,406] {dag.py:2927} INFO - Setting next_dagrun for example_branch_operator to 2025-05-28T00:00:00+00:00, run_after=2025-05-29T00:00:00+00:00
[2025-05-28 22:36:45,421] {processor.py:161} INFO - Processing /home/cunhaaw/Downloads/APITwitter/venv/lib/python3.9/site-packages/airflow/example_dags/example_branch_operator.py took 0.080 seconds
[2025-05-28 22:37:21,677] {processor.py:153} INFO - Started process (PID=7310) to work on /home/cunhaaw/Downloads/APITwitter/venv/lib/python3.9/site-packages/airflow/example_dags/example_branch_operator.py
[2025-05-28 22:37:21,678] {processor.py:641} INFO - Processing file /home/cunhaaw/Downloads/APITwitter/venv/lib/python3.9/site-packages/airflow/example_dags/example_branch_operator.py for tasks to queue
[2025-05-28 22:37:21,678] {logging_mixin.py:115} INFO - [2025-05-28 22:37:21,678] {dagbag.py:507} INFO - Filling up the DagBag from /home/cunhaaw/Downloads/APITwitter/venv/lib/python3.9/site-packages/airflow/example_dags/example_branch_operator.py
[2025-05-28 22:37:21,695] {processor.py:651} INFO - DAG(s) dict_keys(['example_branch_operator']) retrieved from /home/cunhaaw/Downloads/APITwitter/venv/lib/python3.9/site-packages/airflow/example_dags/example_branch_operator.py
[2025-05-28 22:37:21,716] {logging_mixin.py:115} INFO - [2025-05-28 22:37:21,716] {dag.py:2379} INFO - Sync 1 DAGs
[2025-05-28 22:37:21,738] {logging_mixin.py:115} INFO - [2025-05-28 22:37:21,738] {dag.py:2927} INFO - Setting next_dagrun for example_branch_operator to 2025-05-28T00:00:00+00:00, run_after=2025-05-29T00:00:00+00:00
[2025-05-28 22:37:21,752] {processor.py:161} INFO - Processing /home/cunhaaw/Downloads/APITwitter/venv/lib/python3.9/site-packages/airflow/example_dags/example_branch_operator.py took 0.081 seconds
[2025-05-28 22:37:58,543] {processor.py:153} INFO - Started process (PID=7426) to work on /home/cunhaaw/Downloads/APITwitter/venv/lib/python3.9/site-packages/airflow/example_dags/example_branch_operator.py
[2025-05-28 22:37:58,544] {processor.py:641} INFO - Processing file /home/cunhaaw/Downloads/APITwitter/venv/lib/python3.9/site-packages/airflow/example_dags/example_branch_operator.py for tasks to queue
[2025-05-28 22:37:58,545] {logging_mixin.py:115} INFO - [2025-05-28 22:37:58,545] {dagbag.py:507} INFO - Filling up the DagBag from /home/cunhaaw/Downloads/APITwitter/venv/lib/python3.9/site-packages/airflow/example_dags/example_branch_operator.py
[2025-05-28 22:37:58,558] {processor.py:651} INFO - DAG(s) dict_keys(['example_branch_operator']) retrieved from /home/cunhaaw/Downloads/APITwitter/venv/lib/python3.9/site-packages/airflow/example_dags/example_branch_operator.py
[2025-05-28 22:37:58,578] {logging_mixin.py:115} INFO - [2025-05-28 22:37:58,578] {dag.py:2379} INFO - Sync 1 DAGs
[2025-05-28 22:37:58,599] {logging_mixin.py:115} INFO - [2025-05-28 22:37:58,599] {dag.py:2927} INFO - Setting next_dagrun for example_branch_operator to 2025-05-28T00:00:00+00:00, run_after=2025-05-29T00:00:00+00:00
[2025-05-28 22:37:58,613] {processor.py:161} INFO - Processing /home/cunhaaw/Downloads/APITwitter/venv/lib/python3.9/site-packages/airflow/example_dags/example_branch_operator.py took 0.076 seconds
[2025-05-28 22:38:36,952] {processor.py:153} INFO - Started process (PID=7600) to work on /home/cunhaaw/Downloads/APITwitter/venv/lib/python3.9/site-packages/airflow/example_dags/example_branch_operator.py
[2025-05-28 22:38:36,954] {processor.py:641} INFO - Processing file /home/cunhaaw/Downloads/APITwitter/venv/lib/python3.9/site-packages/airflow/example_dags/example_branch_operator.py for tasks to queue
[2025-05-28 22:38:36,955] {logging_mixin.py:115} INFO - [2025-05-28 22:38:36,955] {dagbag.py:507} INFO - Filling up the DagBag from /home/cunhaaw/Downloads/APITwitter/venv/lib/python3.9/site-packages/airflow/example_dags/example_branch_operator.py
[2025-05-28 22:38:36,971] {processor.py:651} INFO - DAG(s) dict_keys(['example_branch_operator']) retrieved from /home/cunhaaw/Downloads/APITwitter/venv/lib/python3.9/site-packages/airflow/example_dags/example_branch_operator.py
[2025-05-28 22:38:36,998] {logging_mixin.py:115} INFO - [2025-05-28 22:38:36,998] {dag.py:2379} INFO - Sync 1 DAGs
[2025-05-28 22:38:37,036] {logging_mixin.py:115} INFO - [2025-05-28 22:38:37,036] {dag.py:2927} INFO - Setting next_dagrun for example_branch_operator to 2025-05-28T00:00:00+00:00, run_after=2025-05-29T00:00:00+00:00
[2025-05-28 22:38:37,058] {processor.py:161} INFO - Processing /home/cunhaaw/Downloads/APITwitter/venv/lib/python3.9/site-packages/airflow/example_dags/example_branch_operator.py took 0.116 seconds
[2025-05-28 22:39:18,105] {processor.py:153} INFO - Started process (PID=7884) to work on /home/cunhaaw/Downloads/APITwitter/venv/lib/python3.9/site-packages/airflow/example_dags/example_branch_operator.py
[2025-05-28 22:39:18,106] {processor.py:641} INFO - Processing file /home/cunhaaw/Downloads/APITwitter/venv/lib/python3.9/site-packages/airflow/example_dags/example_branch_operator.py for tasks to queue
[2025-05-28 22:39:18,108] {logging_mixin.py:115} INFO - [2025-05-28 22:39:18,107] {dagbag.py:507} INFO - Filling up the DagBag from /home/cunhaaw/Downloads/APITwitter/venv/lib/python3.9/site-packages/airflow/example_dags/example_branch_operator.py
[2025-05-28 22:39:18,132] {processor.py:651} INFO - DAG(s) dict_keys(['example_branch_operator']) retrieved from /home/cunhaaw/Downloads/APITwitter/venv/lib/python3.9/site-packages/airflow/example_dags/example_branch_operator.py
[2025-05-28 22:39:18,175] {logging_mixin.py:115} INFO - [2025-05-28 22:39:18,174] {dag.py:2379} INFO - Sync 1 DAGs
[2025-05-28 22:39:18,225] {logging_mixin.py:115} INFO - [2025-05-28 22:39:18,225] {dag.py:2927} INFO - Setting next_dagrun for example_branch_operator to 2025-05-28T00:00:00+00:00, run_after=2025-05-29T00:00:00+00:00
[2025-05-28 22:39:18,261] {processor.py:161} INFO - Processing /home/cunhaaw/Downloads/APITwitter/venv/lib/python3.9/site-packages/airflow/example_dags/example_branch_operator.py took 0.167 seconds
[2025-05-28 22:39:53,688] {processor.py:153} INFO - Started process (PID=7980) to work on /home/cunhaaw/Downloads/APITwitter/venv/lib/python3.9/site-packages/airflow/example_dags/example_branch_operator.py
[2025-05-28 22:39:53,689] {processor.py:641} INFO - Processing file /home/cunhaaw/Downloads/APITwitter/venv/lib/python3.9/site-packages/airflow/example_dags/example_branch_operator.py for tasks to queue
[2025-05-28 22:39:53,689] {logging_mixin.py:115} INFO - [2025-05-28 22:39:53,689] {dagbag.py:507} INFO - Filling up the DagBag from /home/cunhaaw/Downloads/APITwitter/venv/lib/python3.9/site-packages/airflow/example_dags/example_branch_operator.py
[2025-05-28 22:39:53,702] {processor.py:651} INFO - DAG(s) dict_keys(['example_branch_operator']) retrieved from /home/cunhaaw/Downloads/APITwitter/venv/lib/python3.9/site-packages/airflow/example_dags/example_branch_operator.py
[2025-05-28 22:39:53,723] {logging_mixin.py:115} INFO - [2025-05-28 22:39:53,722] {dag.py:2379} INFO - Sync 1 DAGs
[2025-05-28 22:39:53,744] {logging_mixin.py:115} INFO - [2025-05-28 22:39:53,744] {dag.py:2927} INFO - Setting next_dagrun for example_branch_operator to 2025-05-28T00:00:00+00:00, run_after=2025-05-29T00:00:00+00:00
[2025-05-28 22:39:53,759] {processor.py:161} INFO - Processing /home/cunhaaw/Downloads/APITwitter/venv/lib/python3.9/site-packages/airflow/example_dags/example_branch_operator.py took 0.076 seconds
[2025-05-28 22:40:30,452] {processor.py:153} INFO - Started process (PID=8230) to work on /home/cunhaaw/Downloads/APITwitter/venv/lib/python3.9/site-packages/airflow/example_dags/example_branch_operator.py
[2025-05-28 22:40:30,454] {processor.py:641} INFO - Processing file /home/cunhaaw/Downloads/APITwitter/venv/lib/python3.9/site-packages/airflow/example_dags/example_branch_operator.py for tasks to queue
[2025-05-28 22:40:30,454] {logging_mixin.py:115} INFO - [2025-05-28 22:40:30,454] {dagbag.py:507} INFO - Filling up the DagBag from /home/cunhaaw/Downloads/APITwitter/venv/lib/python3.9/site-packages/airflow/example_dags/example_branch_operator.py
[2025-05-28 22:40:30,468] {processor.py:651} INFO - DAG(s) dict_keys(['example_branch_operator']) retrieved from /home/cunhaaw/Downloads/APITwitter/venv/lib/python3.9/site-packages/airflow/example_dags/example_branch_operator.py
[2025-05-28 22:40:30,489] {logging_mixin.py:115} INFO - [2025-05-28 22:40:30,489] {dag.py:2379} INFO - Sync 1 DAGs
[2025-05-28 22:40:30,512] {logging_mixin.py:115} INFO - [2025-05-28 22:40:30,512] {dag.py:2927} INFO - Setting next_dagrun for example_branch_operator to 2025-05-28T00:00:00+00:00, run_after=2025-05-29T00:00:00+00:00
[2025-05-28 22:40:30,527] {processor.py:161} INFO - Processing /home/cunhaaw/Downloads/APITwitter/venv/lib/python3.9/site-packages/airflow/example_dags/example_branch_operator.py took 0.081 seconds
[2025-05-28 22:41:10,817] {processor.py:153} INFO - Started process (PID=8330) to work on /home/cunhaaw/Downloads/APITwitter/venv/lib/python3.9/site-packages/airflow/example_dags/example_branch_operator.py
[2025-05-28 22:41:10,818] {processor.py:641} INFO - Processing file /home/cunhaaw/Downloads/APITwitter/venv/lib/python3.9/site-packages/airflow/example_dags/example_branch_operator.py for tasks to queue
[2025-05-28 22:41:10,819] {logging_mixin.py:115} INFO - [2025-05-28 22:41:10,819] {dagbag.py:507} INFO - Filling up the DagBag from /home/cunhaaw/Downloads/APITwitter/venv/lib/python3.9/site-packages/airflow/example_dags/example_branch_operator.py
[2025-05-28 22:41:10,852] {processor.py:651} INFO - DAG(s) dict_keys(['example_branch_operator']) retrieved from /home/cunhaaw/Downloads/APITwitter/venv/lib/python3.9/site-packages/airflow/example_dags/example_branch_operator.py
[2025-05-28 22:41:10,889] {logging_mixin.py:115} INFO - [2025-05-28 22:41:10,888] {dag.py:2379} INFO - Sync 1 DAGs
[2025-05-28 22:41:10,930] {logging_mixin.py:115} INFO - [2025-05-28 22:41:10,930] {dag.py:2927} INFO - Setting next_dagrun for example_branch_operator to 2025-05-28T00:00:00+00:00, run_after=2025-05-29T00:00:00+00:00
[2025-05-28 22:41:10,952] {processor.py:161} INFO - Processing /home/cunhaaw/Downloads/APITwitter/venv/lib/python3.9/site-packages/airflow/example_dags/example_branch_operator.py took 0.142 seconds
[2025-05-28 22:41:51,661] {processor.py:153} INFO - Started process (PID=8818) to work on /home/cunhaaw/Downloads/APITwitter/venv/lib/python3.9/site-packages/airflow/example_dags/example_branch_operator.py
[2025-05-28 22:41:51,664] {processor.py:641} INFO - Processing file /home/cunhaaw/Downloads/APITwitter/venv/lib/python3.9/site-packages/airflow/example_dags/example_branch_operator.py for tasks to queue
[2025-05-28 22:41:51,665] {logging_mixin.py:115} INFO - [2025-05-28 22:41:51,665] {dagbag.py:507} INFO - Filling up the DagBag from /home/cunhaaw/Downloads/APITwitter/venv/lib/python3.9/site-packages/airflow/example_dags/example_branch_operator.py
[2025-05-28 22:41:51,688] {processor.py:651} INFO - DAG(s) dict_keys(['example_branch_operator']) retrieved from /home/cunhaaw/Downloads/APITwitter/venv/lib/python3.9/site-packages/airflow/example_dags/example_branch_operator.py
[2025-05-28 22:41:51,722] {logging_mixin.py:115} INFO - [2025-05-28 22:41:51,722] {dag.py:2379} INFO - Sync 1 DAGs
[2025-05-28 22:41:51,757] {logging_mixin.py:115} INFO - [2025-05-28 22:41:51,756] {dag.py:2927} INFO - Setting next_dagrun for example_branch_operator to 2025-05-28T00:00:00+00:00, run_after=2025-05-29T00:00:00+00:00
[2025-05-28 22:41:51,771] {processor.py:161} INFO - Processing /home/cunhaaw/Downloads/APITwitter/venv/lib/python3.9/site-packages/airflow/example_dags/example_branch_operator.py took 0.118 seconds
[2025-05-28 22:42:30,293] {processor.py:153} INFO - Started process (PID=9033) to work on /home/cunhaaw/Downloads/APITwitter/venv/lib/python3.9/site-packages/airflow/example_dags/example_branch_operator.py
[2025-05-28 22:42:30,294] {processor.py:641} INFO - Processing file /home/cunhaaw/Downloads/APITwitter/venv/lib/python3.9/site-packages/airflow/example_dags/example_branch_operator.py for tasks to queue
[2025-05-28 22:42:30,295] {logging_mixin.py:115} INFO - [2025-05-28 22:42:30,295] {dagbag.py:507} INFO - Filling up the DagBag from /home/cunhaaw/Downloads/APITwitter/venv/lib/python3.9/site-packages/airflow/example_dags/example_branch_operator.py
[2025-05-28 22:42:30,310] {processor.py:651} INFO - DAG(s) dict_keys(['example_branch_operator']) retrieved from /home/cunhaaw/Downloads/APITwitter/venv/lib/python3.9/site-packages/airflow/example_dags/example_branch_operator.py
[2025-05-28 22:42:30,347] {logging_mixin.py:115} INFO - [2025-05-28 22:42:30,346] {dag.py:2379} INFO - Sync 1 DAGs
[2025-05-28 22:42:30,378] {logging_mixin.py:115} INFO - [2025-05-28 22:42:30,378] {dag.py:2927} INFO - Setting next_dagrun for example_branch_operator to 2025-05-28T00:00:00+00:00, run_after=2025-05-29T00:00:00+00:00
[2025-05-28 22:42:30,404] {processor.py:161} INFO - Processing /home/cunhaaw/Downloads/APITwitter/venv/lib/python3.9/site-packages/airflow/example_dags/example_branch_operator.py took 0.120 seconds
[2025-05-28 22:43:11,139] {processor.py:153} INFO - Started process (PID=9284) to work on /home/cunhaaw/Downloads/APITwitter/venv/lib/python3.9/site-packages/airflow/example_dags/example_branch_operator.py
[2025-05-28 22:43:11,141] {processor.py:641} INFO - Processing file /home/cunhaaw/Downloads/APITwitter/venv/lib/python3.9/site-packages/airflow/example_dags/example_branch_operator.py for tasks to queue
[2025-05-28 22:43:11,142] {logging_mixin.py:115} INFO - [2025-05-28 22:43:11,142] {dagbag.py:507} INFO - Filling up the DagBag from /home/cunhaaw/Downloads/APITwitter/venv/lib/python3.9/site-packages/airflow/example_dags/example_branch_operator.py
[2025-05-28 22:43:11,164] {processor.py:651} INFO - DAG(s) dict_keys(['example_branch_operator']) retrieved from /home/cunhaaw/Downloads/APITwitter/venv/lib/python3.9/site-packages/airflow/example_dags/example_branch_operator.py
[2025-05-28 22:43:11,187] {logging_mixin.py:115} INFO - [2025-05-28 22:43:11,187] {dag.py:2379} INFO - Sync 1 DAGs
[2025-05-28 22:43:11,212] {logging_mixin.py:115} INFO - [2025-05-28 22:43:11,212] {dag.py:2927} INFO - Setting next_dagrun for example_branch_operator to 2025-05-28T00:00:00+00:00, run_after=2025-05-29T00:00:00+00:00
[2025-05-28 22:43:11,235] {processor.py:161} INFO - Processing /home/cunhaaw/Downloads/APITwitter/venv/lib/python3.9/site-packages/airflow/example_dags/example_branch_operator.py took 0.102 seconds
[2025-05-28 22:43:48,650] {processor.py:153} INFO - Started process (PID=9453) to work on /home/cunhaaw/Downloads/APITwitter/venv/lib/python3.9/site-packages/airflow/example_dags/example_branch_operator.py
[2025-05-28 22:43:48,651] {processor.py:641} INFO - Processing file /home/cunhaaw/Downloads/APITwitter/venv/lib/python3.9/site-packages/airflow/example_dags/example_branch_operator.py for tasks to queue
[2025-05-28 22:43:48,652] {logging_mixin.py:115} INFO - [2025-05-28 22:43:48,652] {dagbag.py:507} INFO - Filling up the DagBag from /home/cunhaaw/Downloads/APITwitter/venv/lib/python3.9/site-packages/airflow/example_dags/example_branch_operator.py
[2025-05-28 22:43:48,666] {processor.py:651} INFO - DAG(s) dict_keys(['example_branch_operator']) retrieved from /home/cunhaaw/Downloads/APITwitter/venv/lib/python3.9/site-packages/airflow/example_dags/example_branch_operator.py
[2025-05-28 22:43:48,686] {logging_mixin.py:115} INFO - [2025-05-28 22:43:48,686] {dag.py:2379} INFO - Sync 1 DAGs
[2025-05-28 22:43:48,710] {logging_mixin.py:115} INFO - [2025-05-28 22:43:48,709] {dag.py:2927} INFO - Setting next_dagrun for example_branch_operator to 2025-05-28T00:00:00+00:00, run_after=2025-05-29T00:00:00+00:00
[2025-05-28 22:43:48,725] {processor.py:161} INFO - Processing /home/cunhaaw/Downloads/APITwitter/venv/lib/python3.9/site-packages/airflow/example_dags/example_branch_operator.py took 0.081 seconds
