[2025-05-28 22:34:54,633] {processor.py:153} INFO - Started process (PID=6460) to work on /home/cunhaaw/Downloads/APITwitter/venv/lib/python3.9/site-packages/airflow/example_dags/example_branch_python_dop_operator_3.py
[2025-05-28 22:34:54,634] {processor.py:641} INFO - Processing file /home/cunhaaw/Downloads/APITwitter/venv/lib/python3.9/site-packages/airflow/example_dags/example_branch_python_dop_operator_3.py for tasks to queue
[2025-05-28 22:34:54,635] {logging_mixin.py:115} INFO - [2025-05-28 22:34:54,635] {dagbag.py:507} INFO - Filling up the DagBag from /home/cunhaaw/Downloads/APITwitter/venv/lib/python3.9/site-packages/airflow/example_dags/example_branch_python_dop_operator_3.py
[2025-05-28 22:34:54,652] {processor.py:651} INFO - DAG(s) dict_keys(['example_branch_dop_operator_v3']) retrieved from /home/cunhaaw/Downloads/APITwitter/venv/lib/python3.9/site-packages/airflow/example_dags/example_branch_python_dop_operator_3.py
[2025-05-28 22:34:54,767] {logging_mixin.py:115} INFO - [2025-05-28 22:34:54,767] {manager.py:508} INFO - Created Permission View: can read on DAG:example_branch_dop_operator_v3
[2025-05-28 22:34:54,781] {logging_mixin.py:115} INFO - [2025-05-28 22:34:54,781] {manager.py:508} INFO - Created Permission View: can delete on DAG:example_branch_dop_operator_v3
[2025-05-28 22:34:54,794] {logging_mixin.py:115} INFO - [2025-05-28 22:34:54,794] {manager.py:508} INFO - Created Permission View: can edit on DAG:example_branch_dop_operator_v3
[2025-05-28 22:34:54,794] {logging_mixin.py:115} INFO - [2025-05-28 22:34:54,794] {dag.py:2379} INFO - Sync 1 DAGs
[2025-05-28 22:34:54,807] {logging_mixin.py:115} INFO - [2025-05-28 22:34:54,807] {dag.py:2398} INFO - Creating ORM DAG for example_branch_dop_operator_v3
[2025-05-28 22:34:54,831] {logging_mixin.py:115} INFO - [2025-05-28 22:34:54,831] {dag.py:2927} INFO - Setting next_dagrun for example_branch_dop_operator_v3 to 2025-05-29T01:33:00+00:00, run_after=2025-05-29T01:34:00+00:00
[2025-05-28 22:34:54,851] {processor.py:161} INFO - Processing /home/cunhaaw/Downloads/APITwitter/venv/lib/python3.9/site-packages/airflow/example_dags/example_branch_python_dop_operator_3.py took 0.229 seconds
[2025-05-28 22:35:35,014] {processor.py:153} INFO - Started process (PID=6608) to work on /home/cunhaaw/Downloads/APITwitter/venv/lib/python3.9/site-packages/airflow/example_dags/example_branch_python_dop_operator_3.py
[2025-05-28 22:35:35,016] {processor.py:641} INFO - Processing file /home/cunhaaw/Downloads/APITwitter/venv/lib/python3.9/site-packages/airflow/example_dags/example_branch_python_dop_operator_3.py for tasks to queue
[2025-05-28 22:35:35,017] {logging_mixin.py:115} INFO - [2025-05-28 22:35:35,016] {dagbag.py:507} INFO - Filling up the DagBag from /home/cunhaaw/Downloads/APITwitter/venv/lib/python3.9/site-packages/airflow/example_dags/example_branch_python_dop_operator_3.py
[2025-05-28 22:35:35,042] {processor.py:651} INFO - DAG(s) dict_keys(['example_branch_dop_operator_v3']) retrieved from /home/cunhaaw/Downloads/APITwitter/venv/lib/python3.9/site-packages/airflow/example_dags/example_branch_python_dop_operator_3.py
[2025-05-28 22:35:35,087] {logging_mixin.py:115} INFO - [2025-05-28 22:35:35,087] {dag.py:2379} INFO - Sync 1 DAGs
[2025-05-28 22:35:35,135] {logging_mixin.py:115} INFO - [2025-05-28 22:35:35,134] {dag.py:2927} INFO - Setting next_dagrun for example_branch_dop_operator_v3 to 2025-05-29T01:34:00+00:00, run_after=2025-05-29T01:35:00+00:00
[2025-05-28 22:35:35,166] {processor.py:161} INFO - Processing /home/cunhaaw/Downloads/APITwitter/venv/lib/python3.9/site-packages/airflow/example_dags/example_branch_python_dop_operator_3.py took 0.160 seconds
[2025-05-28 22:36:12,755] {processor.py:153} INFO - Started process (PID=6913) to work on /home/cunhaaw/Downloads/APITwitter/venv/lib/python3.9/site-packages/airflow/example_dags/example_branch_python_dop_operator_3.py
[2025-05-28 22:36:12,756] {processor.py:641} INFO - Processing file /home/cunhaaw/Downloads/APITwitter/venv/lib/python3.9/site-packages/airflow/example_dags/example_branch_python_dop_operator_3.py for tasks to queue
[2025-05-28 22:36:12,757] {logging_mixin.py:115} INFO - [2025-05-28 22:36:12,756] {dagbag.py:507} INFO - Filling up the DagBag from /home/cunhaaw/Downloads/APITwitter/venv/lib/python3.9/site-packages/airflow/example_dags/example_branch_python_dop_operator_3.py
[2025-05-28 22:36:12,772] {processor.py:651} INFO - DAG(s) dict_keys(['example_branch_dop_operator_v3']) retrieved from /home/cunhaaw/Downloads/APITwitter/venv/lib/python3.9/site-packages/airflow/example_dags/example_branch_python_dop_operator_3.py
[2025-05-28 22:36:12,792] {logging_mixin.py:115} INFO - [2025-05-28 22:36:12,792] {dag.py:2379} INFO - Sync 1 DAGs
[2025-05-28 22:36:12,824] {logging_mixin.py:115} INFO - [2025-05-28 22:36:12,824] {dag.py:2927} INFO - Setting next_dagrun for example_branch_dop_operator_v3 to 2025-05-29T01:35:00+00:00, run_after=2025-05-29T01:36:00+00:00
[2025-05-28 22:36:12,841] {processor.py:161} INFO - Processing /home/cunhaaw/Downloads/APITwitter/venv/lib/python3.9/site-packages/airflow/example_dags/example_branch_python_dop_operator_3.py took 0.094 seconds
[2025-05-28 22:36:50,568] {processor.py:153} INFO - Started process (PID=7185) to work on /home/cunhaaw/Downloads/APITwitter/venv/lib/python3.9/site-packages/airflow/example_dags/example_branch_python_dop_operator_3.py
[2025-05-28 22:36:50,570] {processor.py:641} INFO - Processing file /home/cunhaaw/Downloads/APITwitter/venv/lib/python3.9/site-packages/airflow/example_dags/example_branch_python_dop_operator_3.py for tasks to queue
[2025-05-28 22:36:50,573] {logging_mixin.py:115} INFO - [2025-05-28 22:36:50,573] {dagbag.py:507} INFO - Filling up the DagBag from /home/cunhaaw/Downloads/APITwitter/venv/lib/python3.9/site-packages/airflow/example_dags/example_branch_python_dop_operator_3.py
[2025-05-28 22:36:50,594] {processor.py:651} INFO - DAG(s) dict_keys(['example_branch_dop_operator_v3']) retrieved from /home/cunhaaw/Downloads/APITwitter/venv/lib/python3.9/site-packages/airflow/example_dags/example_branch_python_dop_operator_3.py
[2025-05-28 22:36:50,635] {logging_mixin.py:115} INFO - [2025-05-28 22:36:50,635] {dag.py:2379} INFO - Sync 1 DAGs
[2025-05-28 22:36:50,692] {logging_mixin.py:115} INFO - [2025-05-28 22:36:50,691] {dag.py:2927} INFO - Setting next_dagrun for example_branch_dop_operator_v3 to 2025-05-29T01:35:00+00:00, run_after=2025-05-29T01:36:00+00:00
[2025-05-28 22:36:50,724] {processor.py:161} INFO - Processing /home/cunhaaw/Downloads/APITwitter/venv/lib/python3.9/site-packages/airflow/example_dags/example_branch_python_dop_operator_3.py took 0.166 seconds
[2025-05-28 22:37:26,833] {processor.py:153} INFO - Started process (PID=7316) to work on /home/cunhaaw/Downloads/APITwitter/venv/lib/python3.9/site-packages/airflow/example_dags/example_branch_python_dop_operator_3.py
[2025-05-28 22:37:26,835] {processor.py:641} INFO - Processing file /home/cunhaaw/Downloads/APITwitter/venv/lib/python3.9/site-packages/airflow/example_dags/example_branch_python_dop_operator_3.py for tasks to queue
[2025-05-28 22:37:26,836] {logging_mixin.py:115} INFO - [2025-05-28 22:37:26,835] {dagbag.py:507} INFO - Filling up the DagBag from /home/cunhaaw/Downloads/APITwitter/venv/lib/python3.9/site-packages/airflow/example_dags/example_branch_python_dop_operator_3.py
[2025-05-28 22:37:26,868] {processor.py:651} INFO - DAG(s) dict_keys(['example_branch_dop_operator_v3']) retrieved from /home/cunhaaw/Downloads/APITwitter/venv/lib/python3.9/site-packages/airflow/example_dags/example_branch_python_dop_operator_3.py
[2025-05-28 22:37:26,918] {logging_mixin.py:115} INFO - [2025-05-28 22:37:26,918] {dag.py:2379} INFO - Sync 1 DAGs
[2025-05-28 22:37:26,977] {logging_mixin.py:115} INFO - [2025-05-28 22:37:26,977] {dag.py:2927} INFO - Setting next_dagrun for example_branch_dop_operator_v3 to 2025-05-29T01:36:00+00:00, run_after=2025-05-29T01:37:00+00:00
[2025-05-28 22:37:26,996] {processor.py:161} INFO - Processing /home/cunhaaw/Downloads/APITwitter/venv/lib/python3.9/site-packages/airflow/example_dags/example_branch_python_dop_operator_3.py took 0.169 seconds
[2025-05-28 22:38:03,979] {processor.py:153} INFO - Started process (PID=7460) to work on /home/cunhaaw/Downloads/APITwitter/venv/lib/python3.9/site-packages/airflow/example_dags/example_branch_python_dop_operator_3.py
[2025-05-28 22:38:03,980] {processor.py:641} INFO - Processing file /home/cunhaaw/Downloads/APITwitter/venv/lib/python3.9/site-packages/airflow/example_dags/example_branch_python_dop_operator_3.py for tasks to queue
[2025-05-28 22:38:03,981] {logging_mixin.py:115} INFO - [2025-05-28 22:38:03,981] {dagbag.py:507} INFO - Filling up the DagBag from /home/cunhaaw/Downloads/APITwitter/venv/lib/python3.9/site-packages/airflow/example_dags/example_branch_python_dop_operator_3.py
[2025-05-28 22:38:03,994] {processor.py:651} INFO - DAG(s) dict_keys(['example_branch_dop_operator_v3']) retrieved from /home/cunhaaw/Downloads/APITwitter/venv/lib/python3.9/site-packages/airflow/example_dags/example_branch_python_dop_operator_3.py
[2025-05-28 22:38:04,013] {logging_mixin.py:115} INFO - [2025-05-28 22:38:04,013] {dag.py:2379} INFO - Sync 1 DAGs
[2025-05-28 22:38:04,039] {logging_mixin.py:115} INFO - [2025-05-28 22:38:04,039] {dag.py:2927} INFO - Setting next_dagrun for example_branch_dop_operator_v3 to 2025-05-29T01:37:00+00:00, run_after=2025-05-29T01:38:00+00:00
[2025-05-28 22:38:04,056] {processor.py:161} INFO - Processing /home/cunhaaw/Downloads/APITwitter/venv/lib/python3.9/site-packages/airflow/example_dags/example_branch_python_dop_operator_3.py took 0.082 seconds
[2025-05-28 22:38:42,830] {processor.py:153} INFO - Started process (PID=7607) to work on /home/cunhaaw/Downloads/APITwitter/venv/lib/python3.9/site-packages/airflow/example_dags/example_branch_python_dop_operator_3.py
[2025-05-28 22:38:42,831] {processor.py:641} INFO - Processing file /home/cunhaaw/Downloads/APITwitter/venv/lib/python3.9/site-packages/airflow/example_dags/example_branch_python_dop_operator_3.py for tasks to queue
[2025-05-28 22:38:42,832] {logging_mixin.py:115} INFO - [2025-05-28 22:38:42,832] {dagbag.py:507} INFO - Filling up the DagBag from /home/cunhaaw/Downloads/APITwitter/venv/lib/python3.9/site-packages/airflow/example_dags/example_branch_python_dop_operator_3.py
[2025-05-28 22:38:42,846] {processor.py:651} INFO - DAG(s) dict_keys(['example_branch_dop_operator_v3']) retrieved from /home/cunhaaw/Downloads/APITwitter/venv/lib/python3.9/site-packages/airflow/example_dags/example_branch_python_dop_operator_3.py
[2025-05-28 22:38:42,866] {logging_mixin.py:115} INFO - [2025-05-28 22:38:42,866] {dag.py:2379} INFO - Sync 1 DAGs
[2025-05-28 22:38:42,890] {logging_mixin.py:115} INFO - [2025-05-28 22:38:42,890] {dag.py:2927} INFO - Setting next_dagrun for example_branch_dop_operator_v3 to 2025-05-29T01:37:00+00:00, run_after=2025-05-29T01:38:00+00:00
[2025-05-28 22:38:42,907] {processor.py:161} INFO - Processing /home/cunhaaw/Downloads/APITwitter/venv/lib/python3.9/site-packages/airflow/example_dags/example_branch_python_dop_operator_3.py took 0.086 seconds
[2025-05-28 22:39:25,131] {processor.py:153} INFO - Started process (PID=7892) to work on /home/cunhaaw/Downloads/APITwitter/venv/lib/python3.9/site-packages/airflow/example_dags/example_branch_python_dop_operator_3.py
[2025-05-28 22:39:25,132] {processor.py:641} INFO - Processing file /home/cunhaaw/Downloads/APITwitter/venv/lib/python3.9/site-packages/airflow/example_dags/example_branch_python_dop_operator_3.py for tasks to queue
[2025-05-28 22:39:25,133] {logging_mixin.py:115} INFO - [2025-05-28 22:39:25,133] {dagbag.py:507} INFO - Filling up the DagBag from /home/cunhaaw/Downloads/APITwitter/venv/lib/python3.9/site-packages/airflow/example_dags/example_branch_python_dop_operator_3.py
[2025-05-28 22:39:25,147] {processor.py:651} INFO - DAG(s) dict_keys(['example_branch_dop_operator_v3']) retrieved from /home/cunhaaw/Downloads/APITwitter/venv/lib/python3.9/site-packages/airflow/example_dags/example_branch_python_dop_operator_3.py
[2025-05-28 22:39:25,178] {logging_mixin.py:115} INFO - [2025-05-28 22:39:25,178] {dag.py:2379} INFO - Sync 1 DAGs
[2025-05-28 22:39:25,212] {logging_mixin.py:115} INFO - [2025-05-28 22:39:25,212] {dag.py:2927} INFO - Setting next_dagrun for example_branch_dop_operator_v3 to 2025-05-29T01:38:00+00:00, run_after=2025-05-29T01:39:00+00:00
[2025-05-28 22:39:25,228] {processor.py:161} INFO - Processing /home/cunhaaw/Downloads/APITwitter/venv/lib/python3.9/site-packages/airflow/example_dags/example_branch_python_dop_operator_3.py took 0.102 seconds
[2025-05-28 22:40:03,096] {processor.py:153} INFO - Started process (PID=7992) to work on /home/cunhaaw/Downloads/APITwitter/venv/lib/python3.9/site-packages/airflow/example_dags/example_branch_python_dop_operator_3.py
[2025-05-28 22:40:03,097] {processor.py:641} INFO - Processing file /home/cunhaaw/Downloads/APITwitter/venv/lib/python3.9/site-packages/airflow/example_dags/example_branch_python_dop_operator_3.py for tasks to queue
[2025-05-28 22:40:03,098] {logging_mixin.py:115} INFO - [2025-05-28 22:40:03,098] {dagbag.py:507} INFO - Filling up the DagBag from /home/cunhaaw/Downloads/APITwitter/venv/lib/python3.9/site-packages/airflow/example_dags/example_branch_python_dop_operator_3.py
[2025-05-28 22:40:03,118] {processor.py:651} INFO - DAG(s) dict_keys(['example_branch_dop_operator_v3']) retrieved from /home/cunhaaw/Downloads/APITwitter/venv/lib/python3.9/site-packages/airflow/example_dags/example_branch_python_dop_operator_3.py
[2025-05-28 22:40:03,162] {logging_mixin.py:115} INFO - [2025-05-28 22:40:03,162] {dag.py:2379} INFO - Sync 1 DAGs
[2025-05-28 22:40:03,218] {logging_mixin.py:115} INFO - [2025-05-28 22:40:03,218] {dag.py:2927} INFO - Setting next_dagrun for example_branch_dop_operator_v3 to 2025-05-29T01:39:00+00:00, run_after=2025-05-29T01:40:00+00:00
[2025-05-28 22:40:03,246] {processor.py:161} INFO - Processing /home/cunhaaw/Downloads/APITwitter/venv/lib/python3.9/site-packages/airflow/example_dags/example_branch_python_dop_operator_3.py took 0.160 seconds
[2025-05-28 22:40:41,146] {processor.py:153} INFO - Started process (PID=8245) to work on /home/cunhaaw/Downloads/APITwitter/venv/lib/python3.9/site-packages/airflow/example_dags/example_branch_python_dop_operator_3.py
[2025-05-28 22:40:41,148] {processor.py:641} INFO - Processing file /home/cunhaaw/Downloads/APITwitter/venv/lib/python3.9/site-packages/airflow/example_dags/example_branch_python_dop_operator_3.py for tasks to queue
[2025-05-28 22:40:41,149] {logging_mixin.py:115} INFO - [2025-05-28 22:40:41,149] {dagbag.py:507} INFO - Filling up the DagBag from /home/cunhaaw/Downloads/APITwitter/venv/lib/python3.9/site-packages/airflow/example_dags/example_branch_python_dop_operator_3.py
[2025-05-28 22:40:41,176] {processor.py:651} INFO - DAG(s) dict_keys(['example_branch_dop_operator_v3']) retrieved from /home/cunhaaw/Downloads/APITwitter/venv/lib/python3.9/site-packages/airflow/example_dags/example_branch_python_dop_operator_3.py
[2025-05-28 22:40:41,217] {logging_mixin.py:115} INFO - [2025-05-28 22:40:41,217] {dag.py:2379} INFO - Sync 1 DAGs
[2025-05-28 22:40:41,276] {logging_mixin.py:115} INFO - [2025-05-28 22:40:41,276] {dag.py:2927} INFO - Setting next_dagrun for example_branch_dop_operator_v3 to 2025-05-29T01:39:00+00:00, run_after=2025-05-29T01:40:00+00:00
[2025-05-28 22:40:41,304] {processor.py:161} INFO - Processing /home/cunhaaw/Downloads/APITwitter/venv/lib/python3.9/site-packages/airflow/example_dags/example_branch_python_dop_operator_3.py took 0.165 seconds
[2025-05-28 22:41:21,326] {processor.py:153} INFO - Started process (PID=8474) to work on /home/cunhaaw/Downloads/APITwitter/venv/lib/python3.9/site-packages/airflow/example_dags/example_branch_python_dop_operator_3.py
[2025-05-28 22:41:21,329] {processor.py:641} INFO - Processing file /home/cunhaaw/Downloads/APITwitter/venv/lib/python3.9/site-packages/airflow/example_dags/example_branch_python_dop_operator_3.py for tasks to queue
[2025-05-28 22:41:21,334] {logging_mixin.py:115} INFO - [2025-05-28 22:41:21,334] {dagbag.py:507} INFO - Filling up the DagBag from /home/cunhaaw/Downloads/APITwitter/venv/lib/python3.9/site-packages/airflow/example_dags/example_branch_python_dop_operator_3.py
[2025-05-28 22:41:21,367] {processor.py:651} INFO - DAG(s) dict_keys(['example_branch_dop_operator_v3']) retrieved from /home/cunhaaw/Downloads/APITwitter/venv/lib/python3.9/site-packages/airflow/example_dags/example_branch_python_dop_operator_3.py
[2025-05-28 22:41:21,410] {logging_mixin.py:115} INFO - [2025-05-28 22:41:21,409] {dag.py:2379} INFO - Sync 1 DAGs
[2025-05-28 22:41:21,483] {logging_mixin.py:115} INFO - [2025-05-28 22:41:21,482] {dag.py:2927} INFO - Setting next_dagrun for example_branch_dop_operator_v3 to 2025-05-29T01:40:00+00:00, run_after=2025-05-29T01:41:00+00:00
[2025-05-28 22:41:21,569] {processor.py:161} INFO - Processing /home/cunhaaw/Downloads/APITwitter/venv/lib/python3.9/site-packages/airflow/example_dags/example_branch_python_dop_operator_3.py took 0.249 seconds
[2025-05-28 22:42:00,648] {processor.py:153} INFO - Started process (PID=8872) to work on /home/cunhaaw/Downloads/APITwitter/venv/lib/python3.9/site-packages/airflow/example_dags/example_branch_python_dop_operator_3.py
[2025-05-28 22:42:00,650] {processor.py:641} INFO - Processing file /home/cunhaaw/Downloads/APITwitter/venv/lib/python3.9/site-packages/airflow/example_dags/example_branch_python_dop_operator_3.py for tasks to queue
[2025-05-28 22:42:00,651] {logging_mixin.py:115} INFO - [2025-05-28 22:42:00,650] {dagbag.py:507} INFO - Filling up the DagBag from /home/cunhaaw/Downloads/APITwitter/venv/lib/python3.9/site-packages/airflow/example_dags/example_branch_python_dop_operator_3.py
[2025-05-28 22:42:00,671] {processor.py:651} INFO - DAG(s) dict_keys(['example_branch_dop_operator_v3']) retrieved from /home/cunhaaw/Downloads/APITwitter/venv/lib/python3.9/site-packages/airflow/example_dags/example_branch_python_dop_operator_3.py
[2025-05-28 22:42:00,701] {logging_mixin.py:115} INFO - [2025-05-28 22:42:00,701] {dag.py:2379} INFO - Sync 1 DAGs
[2025-05-28 22:42:00,739] {logging_mixin.py:115} INFO - [2025-05-28 22:42:00,739] {dag.py:2927} INFO - Setting next_dagrun for example_branch_dop_operator_v3 to 2025-05-29T01:41:00+00:00, run_after=2025-05-29T01:42:00+00:00
[2025-05-28 22:42:00,763] {processor.py:161} INFO - Processing /home/cunhaaw/Downloads/APITwitter/venv/lib/python3.9/site-packages/airflow/example_dags/example_branch_python_dop_operator_3.py took 0.124 seconds
[2025-05-28 22:42:35,661] {processor.py:153} INFO - Started process (PID=9075) to work on /home/cunhaaw/Downloads/APITwitter/venv/lib/python3.9/site-packages/airflow/example_dags/example_branch_python_dop_operator_3.py
[2025-05-28 22:42:35,662] {processor.py:641} INFO - Processing file /home/cunhaaw/Downloads/APITwitter/venv/lib/python3.9/site-packages/airflow/example_dags/example_branch_python_dop_operator_3.py for tasks to queue
[2025-05-28 22:42:35,663] {logging_mixin.py:115} INFO - [2025-05-28 22:42:35,663] {dagbag.py:507} INFO - Filling up the DagBag from /home/cunhaaw/Downloads/APITwitter/venv/lib/python3.9/site-packages/airflow/example_dags/example_branch_python_dop_operator_3.py
[2025-05-28 22:42:35,677] {processor.py:651} INFO - DAG(s) dict_keys(['example_branch_dop_operator_v3']) retrieved from /home/cunhaaw/Downloads/APITwitter/venv/lib/python3.9/site-packages/airflow/example_dags/example_branch_python_dop_operator_3.py
[2025-05-28 22:42:35,698] {logging_mixin.py:115} INFO - [2025-05-28 22:42:35,697] {dag.py:2379} INFO - Sync 1 DAGs
[2025-05-28 22:42:35,740] {logging_mixin.py:115} INFO - [2025-05-28 22:42:35,740] {dag.py:2927} INFO - Setting next_dagrun for example_branch_dop_operator_v3 to 2025-05-29T01:41:00+00:00, run_after=2025-05-29T01:42:00+00:00
[2025-05-28 22:42:35,760] {processor.py:161} INFO - Processing /home/cunhaaw/Downloads/APITwitter/venv/lib/python3.9/site-packages/airflow/example_dags/example_branch_python_dop_operator_3.py took 0.104 seconds
[2025-05-28 22:43:13,723] {processor.py:153} INFO - Started process (PID=9297) to work on /home/cunhaaw/Downloads/APITwitter/venv/lib/python3.9/site-packages/airflow/example_dags/example_branch_python_dop_operator_3.py
[2025-05-28 22:43:13,725] {processor.py:641} INFO - Processing file /home/cunhaaw/Downloads/APITwitter/venv/lib/python3.9/site-packages/airflow/example_dags/example_branch_python_dop_operator_3.py for tasks to queue
[2025-05-28 22:43:13,725] {logging_mixin.py:115} INFO - [2025-05-28 22:43:13,725] {dagbag.py:507} INFO - Filling up the DagBag from /home/cunhaaw/Downloads/APITwitter/venv/lib/python3.9/site-packages/airflow/example_dags/example_branch_python_dop_operator_3.py
[2025-05-28 22:43:13,742] {processor.py:651} INFO - DAG(s) dict_keys(['example_branch_dop_operator_v3']) retrieved from /home/cunhaaw/Downloads/APITwitter/venv/lib/python3.9/site-packages/airflow/example_dags/example_branch_python_dop_operator_3.py
[2025-05-28 22:43:13,764] {logging_mixin.py:115} INFO - [2025-05-28 22:43:13,764] {dag.py:2379} INFO - Sync 1 DAGs
[2025-05-28 22:43:13,790] {logging_mixin.py:115} INFO - [2025-05-28 22:43:13,789] {dag.py:2927} INFO - Setting next_dagrun for example_branch_dop_operator_v3 to 2025-05-29T01:42:00+00:00, run_after=2025-05-29T01:43:00+00:00
[2025-05-28 22:43:13,804] {processor.py:161} INFO - Processing /home/cunhaaw/Downloads/APITwitter/venv/lib/python3.9/site-packages/airflow/example_dags/example_branch_python_dop_operator_3.py took 0.086 seconds
[2025-05-28 22:43:51,327] {processor.py:153} INFO - Started process (PID=9469) to work on /home/cunhaaw/Downloads/APITwitter/venv/lib/python3.9/site-packages/airflow/example_dags/example_branch_python_dop_operator_3.py
[2025-05-28 22:43:51,330] {processor.py:641} INFO - Processing file /home/cunhaaw/Downloads/APITwitter/venv/lib/python3.9/site-packages/airflow/example_dags/example_branch_python_dop_operator_3.py for tasks to queue
[2025-05-28 22:43:51,335] {logging_mixin.py:115} INFO - [2025-05-28 22:43:51,335] {dagbag.py:507} INFO - Filling up the DagBag from /home/cunhaaw/Downloads/APITwitter/venv/lib/python3.9/site-packages/airflow/example_dags/example_branch_python_dop_operator_3.py
[2025-05-28 22:43:51,357] {processor.py:651} INFO - DAG(s) dict_keys(['example_branch_dop_operator_v3']) retrieved from /home/cunhaaw/Downloads/APITwitter/venv/lib/python3.9/site-packages/airflow/example_dags/example_branch_python_dop_operator_3.py
[2025-05-28 22:43:51,393] {logging_mixin.py:115} INFO - [2025-05-28 22:43:51,393] {dag.py:2379} INFO - Sync 1 DAGs
[2025-05-28 22:43:51,447] {logging_mixin.py:115} INFO - [2025-05-28 22:43:51,447] {dag.py:2927} INFO - Setting next_dagrun for example_branch_dop_operator_v3 to 2025-05-29T01:42:00+00:00, run_after=2025-05-29T01:43:00+00:00
[2025-05-28 22:43:51,466] {processor.py:161} INFO - Processing /home/cunhaaw/Downloads/APITwitter/venv/lib/python3.9/site-packages/airflow/example_dags/example_branch_python_dop_operator_3.py took 0.145 seconds
