[2025-05-28 22:35:02,332] {processor.py:153} INFO - Started process (PID=6470) to work on /home/cunhaaw/Downloads/APITwitter/venv/lib/python3.9/site-packages/airflow/example_dags/example_latest_only.py
[2025-05-28 22:35:02,333] {processor.py:641} INFO - Processing file /home/cunhaaw/Downloads/APITwitter/venv/lib/python3.9/site-packages/airflow/example_dags/example_latest_only.py for tasks to queue
[2025-05-28 22:35:02,336] {logging_mixin.py:115} INFO - [2025-05-28 22:35:02,333] {dagbag.py:507} INFO - Filling up the DagBag from /home/cunhaaw/Downloads/APITwitter/venv/lib/python3.9/site-packages/airflow/example_dags/example_latest_only.py
[2025-05-28 22:35:02,348] {processor.py:651} INFO - DAG(s) dict_keys(['latest_only']) retrieved from /home/cunhaaw/Downloads/APITwitter/venv/lib/python3.9/site-packages/airflow/example_dags/example_latest_only.py
[2025-05-28 22:35:02,489] {logging_mixin.py:115} INFO - [2025-05-28 22:35:02,489] {manager.py:508} INFO - Created Permission View: can read on DAG:latest_only
[2025-05-28 22:35:02,507] {logging_mixin.py:115} INFO - [2025-05-28 22:35:02,507] {manager.py:508} INFO - Created Permission View: can delete on DAG:latest_only
[2025-05-28 22:35:02,521] {logging_mixin.py:115} INFO - [2025-05-28 22:35:02,521] {manager.py:508} INFO - Created Permission View: can edit on DAG:latest_only
[2025-05-28 22:35:02,521] {logging_mixin.py:115} INFO - [2025-05-28 22:35:02,521] {dag.py:2379} INFO - Sync 1 DAGs
[2025-05-28 22:35:02,533] {logging_mixin.py:115} INFO - [2025-05-28 22:35:02,533] {dag.py:2398} INFO - Creating ORM DAG for latest_only
[2025-05-28 22:35:02,551] {logging_mixin.py:115} INFO - [2025-05-28 22:35:02,551] {dag.py:2927} INFO - Setting next_dagrun for latest_only to 2025-05-28T21:35:02.550995+00:00, run_after=2025-05-29T01:35:02.550995+00:00
[2025-05-28 22:35:02,576] {processor.py:161} INFO - Processing /home/cunhaaw/Downloads/APITwitter/venv/lib/python3.9/site-packages/airflow/example_dags/example_latest_only.py took 0.251 seconds
[2025-05-28 22:35:45,019] {processor.py:153} INFO - Started process (PID=6644) to work on /home/cunhaaw/Downloads/APITwitter/venv/lib/python3.9/site-packages/airflow/example_dags/example_latest_only.py
[2025-05-28 22:35:45,020] {processor.py:641} INFO - Processing file /home/cunhaaw/Downloads/APITwitter/venv/lib/python3.9/site-packages/airflow/example_dags/example_latest_only.py for tasks to queue
[2025-05-28 22:35:45,021] {logging_mixin.py:115} INFO - [2025-05-28 22:35:45,021] {dagbag.py:507} INFO - Filling up the DagBag from /home/cunhaaw/Downloads/APITwitter/venv/lib/python3.9/site-packages/airflow/example_dags/example_latest_only.py
[2025-05-28 22:35:45,030] {processor.py:651} INFO - DAG(s) dict_keys(['latest_only']) retrieved from /home/cunhaaw/Downloads/APITwitter/venv/lib/python3.9/site-packages/airflow/example_dags/example_latest_only.py
[2025-05-28 22:35:45,053] {logging_mixin.py:115} INFO - [2025-05-28 22:35:45,053] {dag.py:2379} INFO - Sync 1 DAGs
[2025-05-28 22:35:45,081] {logging_mixin.py:115} INFO - [2025-05-28 22:35:45,081] {dag.py:2927} INFO - Setting next_dagrun for latest_only to 2025-05-28T21:35:45.081437+00:00, run_after=2025-05-29T01:35:45.081437+00:00
[2025-05-28 22:35:45,097] {processor.py:161} INFO - Processing /home/cunhaaw/Downloads/APITwitter/venv/lib/python3.9/site-packages/airflow/example_dags/example_latest_only.py took 0.084 seconds
[2025-05-28 22:36:22,901] {processor.py:153} INFO - Started process (PID=7025) to work on /home/cunhaaw/Downloads/APITwitter/venv/lib/python3.9/site-packages/airflow/example_dags/example_latest_only.py
[2025-05-28 22:36:22,903] {processor.py:641} INFO - Processing file /home/cunhaaw/Downloads/APITwitter/venv/lib/python3.9/site-packages/airflow/example_dags/example_latest_only.py for tasks to queue
[2025-05-28 22:36:22,903] {logging_mixin.py:115} INFO - [2025-05-28 22:36:22,903] {dagbag.py:507} INFO - Filling up the DagBag from /home/cunhaaw/Downloads/APITwitter/venv/lib/python3.9/site-packages/airflow/example_dags/example_latest_only.py
[2025-05-28 22:36:22,912] {processor.py:651} INFO - DAG(s) dict_keys(['latest_only']) retrieved from /home/cunhaaw/Downloads/APITwitter/venv/lib/python3.9/site-packages/airflow/example_dags/example_latest_only.py
[2025-05-28 22:36:22,942] {logging_mixin.py:115} INFO - [2025-05-28 22:36:22,941] {dag.py:2379} INFO - Sync 1 DAGs
[2025-05-28 22:36:22,975] {logging_mixin.py:115} INFO - [2025-05-28 22:36:22,975] {dag.py:2927} INFO - Setting next_dagrun for latest_only to 2025-05-28T21:36:22.975012+00:00, run_after=2025-05-29T01:36:22.975012+00:00
[2025-05-28 22:36:22,999] {processor.py:161} INFO - Processing /home/cunhaaw/Downloads/APITwitter/venv/lib/python3.9/site-packages/airflow/example_dags/example_latest_only.py took 0.103 seconds
[2025-05-28 22:36:58,930] {processor.py:153} INFO - Started process (PID=7278) to work on /home/cunhaaw/Downloads/APITwitter/venv/lib/python3.9/site-packages/airflow/example_dags/example_latest_only.py
[2025-05-28 22:36:58,931] {processor.py:641} INFO - Processing file /home/cunhaaw/Downloads/APITwitter/venv/lib/python3.9/site-packages/airflow/example_dags/example_latest_only.py for tasks to queue
[2025-05-28 22:36:58,932] {logging_mixin.py:115} INFO - [2025-05-28 22:36:58,932] {dagbag.py:507} INFO - Filling up the DagBag from /home/cunhaaw/Downloads/APITwitter/venv/lib/python3.9/site-packages/airflow/example_dags/example_latest_only.py
[2025-05-28 22:36:58,940] {processor.py:651} INFO - DAG(s) dict_keys(['latest_only']) retrieved from /home/cunhaaw/Downloads/APITwitter/venv/lib/python3.9/site-packages/airflow/example_dags/example_latest_only.py
[2025-05-28 22:36:58,961] {logging_mixin.py:115} INFO - [2025-05-28 22:36:58,961] {dag.py:2379} INFO - Sync 1 DAGs
[2025-05-28 22:36:58,982] {logging_mixin.py:115} INFO - [2025-05-28 22:36:58,982] {dag.py:2927} INFO - Setting next_dagrun for latest_only to 2025-05-28T21:36:58.982284+00:00, run_after=2025-05-29T01:36:58.982284+00:00
[2025-05-28 22:36:58,997] {processor.py:161} INFO - Processing /home/cunhaaw/Downloads/APITwitter/venv/lib/python3.9/site-packages/airflow/example_dags/example_latest_only.py took 0.074 seconds
[2025-05-28 22:37:34,228] {processor.py:153} INFO - Started process (PID=7326) to work on /home/cunhaaw/Downloads/APITwitter/venv/lib/python3.9/site-packages/airflow/example_dags/example_latest_only.py
[2025-05-28 22:37:34,229] {processor.py:641} INFO - Processing file /home/cunhaaw/Downloads/APITwitter/venv/lib/python3.9/site-packages/airflow/example_dags/example_latest_only.py for tasks to queue
[2025-05-28 22:37:34,230] {logging_mixin.py:115} INFO - [2025-05-28 22:37:34,230] {dagbag.py:507} INFO - Filling up the DagBag from /home/cunhaaw/Downloads/APITwitter/venv/lib/python3.9/site-packages/airflow/example_dags/example_latest_only.py
[2025-05-28 22:37:34,237] {processor.py:651} INFO - DAG(s) dict_keys(['latest_only']) retrieved from /home/cunhaaw/Downloads/APITwitter/venv/lib/python3.9/site-packages/airflow/example_dags/example_latest_only.py
[2025-05-28 22:37:34,258] {logging_mixin.py:115} INFO - [2025-05-28 22:37:34,258] {dag.py:2379} INFO - Sync 1 DAGs
[2025-05-28 22:37:34,280] {logging_mixin.py:115} INFO - [2025-05-28 22:37:34,280] {dag.py:2927} INFO - Setting next_dagrun for latest_only to 2025-05-28T21:37:34.280155+00:00, run_after=2025-05-29T01:37:34.280155+00:00
[2025-05-28 22:37:34,299] {processor.py:161} INFO - Processing /home/cunhaaw/Downloads/APITwitter/venv/lib/python3.9/site-packages/airflow/example_dags/example_latest_only.py took 0.076 seconds
[2025-05-28 22:38:13,623] {processor.py:153} INFO - Started process (PID=7470) to work on /home/cunhaaw/Downloads/APITwitter/venv/lib/python3.9/site-packages/airflow/example_dags/example_latest_only.py
[2025-05-28 22:38:13,625] {processor.py:641} INFO - Processing file /home/cunhaaw/Downloads/APITwitter/venv/lib/python3.9/site-packages/airflow/example_dags/example_latest_only.py for tasks to queue
[2025-05-28 22:38:13,625] {logging_mixin.py:115} INFO - [2025-05-28 22:38:13,625] {dagbag.py:507} INFO - Filling up the DagBag from /home/cunhaaw/Downloads/APITwitter/venv/lib/python3.9/site-packages/airflow/example_dags/example_latest_only.py
[2025-05-28 22:38:13,632] {processor.py:651} INFO - DAG(s) dict_keys(['latest_only']) retrieved from /home/cunhaaw/Downloads/APITwitter/venv/lib/python3.9/site-packages/airflow/example_dags/example_latest_only.py
[2025-05-28 22:38:13,654] {logging_mixin.py:115} INFO - [2025-05-28 22:38:13,654] {dag.py:2379} INFO - Sync 1 DAGs
[2025-05-28 22:38:13,675] {logging_mixin.py:115} INFO - [2025-05-28 22:38:13,674] {dag.py:2927} INFO - Setting next_dagrun for latest_only to 2025-05-28T21:38:13.674595+00:00, run_after=2025-05-29T01:38:13.674595+00:00
[2025-05-28 22:38:13,691] {processor.py:161} INFO - Processing /home/cunhaaw/Downloads/APITwitter/venv/lib/python3.9/site-packages/airflow/example_dags/example_latest_only.py took 0.072 seconds
[2025-05-28 22:38:54,774] {processor.py:153} INFO - Started process (PID=7661) to work on /home/cunhaaw/Downloads/APITwitter/venv/lib/python3.9/site-packages/airflow/example_dags/example_latest_only.py
[2025-05-28 22:38:54,776] {processor.py:641} INFO - Processing file /home/cunhaaw/Downloads/APITwitter/venv/lib/python3.9/site-packages/airflow/example_dags/example_latest_only.py for tasks to queue
[2025-05-28 22:38:54,778] {logging_mixin.py:115} INFO - [2025-05-28 22:38:54,777] {dagbag.py:507} INFO - Filling up the DagBag from /home/cunhaaw/Downloads/APITwitter/venv/lib/python3.9/site-packages/airflow/example_dags/example_latest_only.py
[2025-05-28 22:38:54,799] {processor.py:651} INFO - DAG(s) dict_keys(['latest_only']) retrieved from /home/cunhaaw/Downloads/APITwitter/venv/lib/python3.9/site-packages/airflow/example_dags/example_latest_only.py
[2025-05-28 22:38:54,868] {logging_mixin.py:115} INFO - [2025-05-28 22:38:54,867] {dag.py:2379} INFO - Sync 1 DAGs
[2025-05-28 22:38:54,930] {logging_mixin.py:115} INFO - [2025-05-28 22:38:54,930] {dag.py:2927} INFO - Setting next_dagrun for latest_only to 2025-05-28T21:38:54.928431+00:00, run_after=2025-05-29T01:38:54.928431+00:00
[2025-05-28 22:38:54,974] {processor.py:161} INFO - Processing /home/cunhaaw/Downloads/APITwitter/venv/lib/python3.9/site-packages/airflow/example_dags/example_latest_only.py took 0.212 seconds
[2025-05-28 22:39:35,368] {processor.py:153} INFO - Started process (PID=7908) to work on /home/cunhaaw/Downloads/APITwitter/venv/lib/python3.9/site-packages/airflow/example_dags/example_latest_only.py
[2025-05-28 22:39:35,372] {processor.py:641} INFO - Processing file /home/cunhaaw/Downloads/APITwitter/venv/lib/python3.9/site-packages/airflow/example_dags/example_latest_only.py for tasks to queue
[2025-05-28 22:39:35,373] {logging_mixin.py:115} INFO - [2025-05-28 22:39:35,373] {dagbag.py:507} INFO - Filling up the DagBag from /home/cunhaaw/Downloads/APITwitter/venv/lib/python3.9/site-packages/airflow/example_dags/example_latest_only.py
[2025-05-28 22:39:35,394] {processor.py:651} INFO - DAG(s) dict_keys(['latest_only']) retrieved from /home/cunhaaw/Downloads/APITwitter/venv/lib/python3.9/site-packages/airflow/example_dags/example_latest_only.py
[2025-05-28 22:39:35,440] {logging_mixin.py:115} INFO - [2025-05-28 22:39:35,440] {dag.py:2379} INFO - Sync 1 DAGs
[2025-05-28 22:39:35,500] {logging_mixin.py:115} INFO - [2025-05-28 22:39:35,500] {dag.py:2927} INFO - Setting next_dagrun for latest_only to 2025-05-28T21:39:35.499798+00:00, run_after=2025-05-29T01:39:35.499798+00:00
[2025-05-28 22:39:35,538] {processor.py:161} INFO - Processing /home/cunhaaw/Downloads/APITwitter/venv/lib/python3.9/site-packages/airflow/example_dags/example_latest_only.py took 0.178 seconds
[2025-05-28 22:40:14,156] {processor.py:153} INFO - Started process (PID=8054) to work on /home/cunhaaw/Downloads/APITwitter/venv/lib/python3.9/site-packages/airflow/example_dags/example_latest_only.py
[2025-05-28 22:40:14,157] {processor.py:641} INFO - Processing file /home/cunhaaw/Downloads/APITwitter/venv/lib/python3.9/site-packages/airflow/example_dags/example_latest_only.py for tasks to queue
[2025-05-28 22:40:14,158] {logging_mixin.py:115} INFO - [2025-05-28 22:40:14,158] {dagbag.py:507} INFO - Filling up the DagBag from /home/cunhaaw/Downloads/APITwitter/venv/lib/python3.9/site-packages/airflow/example_dags/example_latest_only.py
[2025-05-28 22:40:14,166] {processor.py:651} INFO - DAG(s) dict_keys(['latest_only']) retrieved from /home/cunhaaw/Downloads/APITwitter/venv/lib/python3.9/site-packages/airflow/example_dags/example_latest_only.py
[2025-05-28 22:40:14,186] {logging_mixin.py:115} INFO - [2025-05-28 22:40:14,186] {dag.py:2379} INFO - Sync 1 DAGs
[2025-05-28 22:40:14,207] {logging_mixin.py:115} INFO - [2025-05-28 22:40:14,207] {dag.py:2927} INFO - Setting next_dagrun for latest_only to 2025-05-28T21:40:14.207287+00:00, run_after=2025-05-29T01:40:14.207287+00:00
[2025-05-28 22:40:14,221] {processor.py:161} INFO - Processing /home/cunhaaw/Downloads/APITwitter/venv/lib/python3.9/site-packages/airflow/example_dags/example_latest_only.py took 0.071 seconds
[2025-05-28 22:40:51,416] {processor.py:153} INFO - Started process (PID=8258) to work on /home/cunhaaw/Downloads/APITwitter/venv/lib/python3.9/site-packages/airflow/example_dags/example_latest_only.py
[2025-05-28 22:40:51,417] {processor.py:641} INFO - Processing file /home/cunhaaw/Downloads/APITwitter/venv/lib/python3.9/site-packages/airflow/example_dags/example_latest_only.py for tasks to queue
[2025-05-28 22:40:51,427] {logging_mixin.py:115} INFO - [2025-05-28 22:40:51,421] {dagbag.py:507} INFO - Filling up the DagBag from /home/cunhaaw/Downloads/APITwitter/venv/lib/python3.9/site-packages/airflow/example_dags/example_latest_only.py
[2025-05-28 22:40:51,443] {processor.py:651} INFO - DAG(s) dict_keys(['latest_only']) retrieved from /home/cunhaaw/Downloads/APITwitter/venv/lib/python3.9/site-packages/airflow/example_dags/example_latest_only.py
[2025-05-28 22:40:51,493] {logging_mixin.py:115} INFO - [2025-05-28 22:40:51,493] {dag.py:2379} INFO - Sync 1 DAGs
[2025-05-28 22:40:51,560] {logging_mixin.py:115} INFO - [2025-05-28 22:40:51,559] {dag.py:2927} INFO - Setting next_dagrun for latest_only to 2025-05-28T21:40:51.559237+00:00, run_after=2025-05-29T01:40:51.559237+00:00
[2025-05-28 22:40:51,595] {processor.py:161} INFO - Processing /home/cunhaaw/Downloads/APITwitter/venv/lib/python3.9/site-packages/airflow/example_dags/example_latest_only.py took 0.190 seconds
[2025-05-28 22:41:31,838] {processor.py:153} INFO - Started process (PID=8579) to work on /home/cunhaaw/Downloads/APITwitter/venv/lib/python3.9/site-packages/airflow/example_dags/example_latest_only.py
[2025-05-28 22:41:31,840] {processor.py:641} INFO - Processing file /home/cunhaaw/Downloads/APITwitter/venv/lib/python3.9/site-packages/airflow/example_dags/example_latest_only.py for tasks to queue
[2025-05-28 22:41:31,841] {logging_mixin.py:115} INFO - [2025-05-28 22:41:31,841] {dagbag.py:507} INFO - Filling up the DagBag from /home/cunhaaw/Downloads/APITwitter/venv/lib/python3.9/site-packages/airflow/example_dags/example_latest_only.py
[2025-05-28 22:41:31,866] {processor.py:651} INFO - DAG(s) dict_keys(['latest_only']) retrieved from /home/cunhaaw/Downloads/APITwitter/venv/lib/python3.9/site-packages/airflow/example_dags/example_latest_only.py
[2025-05-28 22:41:31,909] {logging_mixin.py:115} INFO - [2025-05-28 22:41:31,909] {dag.py:2379} INFO - Sync 1 DAGs
[2025-05-28 22:41:31,948] {logging_mixin.py:115} INFO - [2025-05-28 22:41:31,947] {dag.py:2927} INFO - Setting next_dagrun for latest_only to 2025-05-28T21:41:31.946987+00:00, run_after=2025-05-29T01:41:31.946987+00:00
[2025-05-28 22:41:31,977] {processor.py:161} INFO - Processing /home/cunhaaw/Downloads/APITwitter/venv/lib/python3.9/site-packages/airflow/example_dags/example_latest_only.py took 0.148 seconds
[2025-05-28 22:42:13,540] {processor.py:153} INFO - Started process (PID=8951) to work on /home/cunhaaw/Downloads/APITwitter/venv/lib/python3.9/site-packages/airflow/example_dags/example_latest_only.py
[2025-05-28 22:42:13,542] {processor.py:641} INFO - Processing file /home/cunhaaw/Downloads/APITwitter/venv/lib/python3.9/site-packages/airflow/example_dags/example_latest_only.py for tasks to queue
[2025-05-28 22:42:13,542] {logging_mixin.py:115} INFO - [2025-05-28 22:42:13,542] {dagbag.py:507} INFO - Filling up the DagBag from /home/cunhaaw/Downloads/APITwitter/venv/lib/python3.9/site-packages/airflow/example_dags/example_latest_only.py
[2025-05-28 22:42:13,551] {processor.py:651} INFO - DAG(s) dict_keys(['latest_only']) retrieved from /home/cunhaaw/Downloads/APITwitter/venv/lib/python3.9/site-packages/airflow/example_dags/example_latest_only.py
[2025-05-28 22:42:13,571] {logging_mixin.py:115} INFO - [2025-05-28 22:42:13,571] {dag.py:2379} INFO - Sync 1 DAGs
[2025-05-28 22:42:13,605] {logging_mixin.py:115} INFO - [2025-05-28 22:42:13,605] {dag.py:2927} INFO - Setting next_dagrun for latest_only to 2025-05-28T21:42:13.605030+00:00, run_after=2025-05-29T01:42:13.605030+00:00
[2025-05-28 22:42:13,624] {processor.py:161} INFO - Processing /home/cunhaaw/Downloads/APITwitter/venv/lib/python3.9/site-packages/airflow/example_dags/example_latest_only.py took 0.090 seconds
[2025-05-28 22:42:55,594] {processor.py:153} INFO - Started process (PID=9244) to work on /home/cunhaaw/Downloads/APITwitter/venv/lib/python3.9/site-packages/airflow/example_dags/example_latest_only.py
[2025-05-28 22:42:55,596] {processor.py:641} INFO - Processing file /home/cunhaaw/Downloads/APITwitter/venv/lib/python3.9/site-packages/airflow/example_dags/example_latest_only.py for tasks to queue
[2025-05-28 22:42:55,598] {logging_mixin.py:115} INFO - [2025-05-28 22:42:55,598] {dagbag.py:507} INFO - Filling up the DagBag from /home/cunhaaw/Downloads/APITwitter/venv/lib/python3.9/site-packages/airflow/example_dags/example_latest_only.py
[2025-05-28 22:42:55,615] {processor.py:651} INFO - DAG(s) dict_keys(['latest_only']) retrieved from /home/cunhaaw/Downloads/APITwitter/venv/lib/python3.9/site-packages/airflow/example_dags/example_latest_only.py
[2025-05-28 22:42:55,667] {logging_mixin.py:115} INFO - [2025-05-28 22:42:55,667] {dag.py:2379} INFO - Sync 1 DAGs
[2025-05-28 22:42:55,719] {logging_mixin.py:115} INFO - [2025-05-28 22:42:55,718] {dag.py:2927} INFO - Setting next_dagrun for latest_only to 2025-05-28T21:42:55.718618+00:00, run_after=2025-05-29T01:42:55.718618+00:00
[2025-05-28 22:42:55,751] {processor.py:161} INFO - Processing /home/cunhaaw/Downloads/APITwitter/venv/lib/python3.9/site-packages/airflow/example_dags/example_latest_only.py took 0.167 seconds
[2025-05-28 22:43:32,207] {processor.py:153} INFO - Started process (PID=9375) to work on /home/cunhaaw/Downloads/APITwitter/venv/lib/python3.9/site-packages/airflow/example_dags/example_latest_only.py
[2025-05-28 22:43:32,208] {processor.py:641} INFO - Processing file /home/cunhaaw/Downloads/APITwitter/venv/lib/python3.9/site-packages/airflow/example_dags/example_latest_only.py for tasks to queue
[2025-05-28 22:43:32,209] {logging_mixin.py:115} INFO - [2025-05-28 22:43:32,209] {dagbag.py:507} INFO - Filling up the DagBag from /home/cunhaaw/Downloads/APITwitter/venv/lib/python3.9/site-packages/airflow/example_dags/example_latest_only.py
[2025-05-28 22:43:32,217] {processor.py:651} INFO - DAG(s) dict_keys(['latest_only']) retrieved from /home/cunhaaw/Downloads/APITwitter/venv/lib/python3.9/site-packages/airflow/example_dags/example_latest_only.py
[2025-05-28 22:43:32,238] {logging_mixin.py:115} INFO - [2025-05-28 22:43:32,237] {dag.py:2379} INFO - Sync 1 DAGs
[2025-05-28 22:43:32,258] {logging_mixin.py:115} INFO - [2025-05-28 22:43:32,258] {dag.py:2927} INFO - Setting next_dagrun for latest_only to 2025-05-28T21:43:32.258490+00:00, run_after=2025-05-29T01:43:32.258490+00:00
[2025-05-28 22:43:32,272] {processor.py:161} INFO - Processing /home/cunhaaw/Downloads/APITwitter/venv/lib/python3.9/site-packages/airflow/example_dags/example_latest_only.py took 0.072 seconds
[2025-05-28 22:44:12,498] {processor.py:153} INFO - Started process (PID=9555) to work on /home/cunhaaw/Downloads/APITwitter/venv/lib/python3.9/site-packages/airflow/example_dags/example_latest_only.py
[2025-05-28 22:44:12,499] {processor.py:641} INFO - Processing file /home/cunhaaw/Downloads/APITwitter/venv/lib/python3.9/site-packages/airflow/example_dags/example_latest_only.py for tasks to queue
[2025-05-28 22:44:12,500] {logging_mixin.py:115} INFO - [2025-05-28 22:44:12,500] {dagbag.py:507} INFO - Filling up the DagBag from /home/cunhaaw/Downloads/APITwitter/venv/lib/python3.9/site-packages/airflow/example_dags/example_latest_only.py
[2025-05-28 22:44:12,507] {processor.py:651} INFO - DAG(s) dict_keys(['latest_only']) retrieved from /home/cunhaaw/Downloads/APITwitter/venv/lib/python3.9/site-packages/airflow/example_dags/example_latest_only.py
[2025-05-28 22:44:12,527] {logging_mixin.py:115} INFO - [2025-05-28 22:44:12,527] {dag.py:2379} INFO - Sync 1 DAGs
[2025-05-28 22:44:12,549] {logging_mixin.py:115} INFO - [2025-05-28 22:44:12,549] {dag.py:2927} INFO - Setting next_dagrun for latest_only to 2025-05-28T21:44:12.548949+00:00, run_after=2025-05-29T01:44:12.548949+00:00
[2025-05-28 22:44:12,562] {processor.py:161} INFO - Processing /home/cunhaaw/Downloads/APITwitter/venv/lib/python3.9/site-packages/airflow/example_dags/example_latest_only.py took 0.072 seconds
