[2025-05-28 22:34:56,015] {processor.py:153} INFO - Started process (PID=6461) to work on /home/cunhaaw/Downloads/APITwitter/venv/lib/python3.9/site-packages/airflow/example_dags/example_nested_branch_dag.py
[2025-05-28 22:34:56,016] {processor.py:641} INFO - Processing file /home/cunhaaw/Downloads/APITwitter/venv/lib/python3.9/site-packages/airflow/example_dags/example_nested_branch_dag.py for tasks to queue
[2025-05-28 22:34:56,016] {logging_mixin.py:115} INFO - [2025-05-28 22:34:56,016] {dagbag.py:507} INFO - Filling up the DagBag from /home/cunhaaw/Downloads/APITwitter/venv/lib/python3.9/site-packages/airflow/example_dags/example_nested_branch_dag.py
[2025-05-28 22:34:56,036] {processor.py:651} INFO - DAG(s) dict_keys(['example_nested_branch_dag']) retrieved from /home/cunhaaw/Downloads/APITwitter/venv/lib/python3.9/site-packages/airflow/example_dags/example_nested_branch_dag.py
[2025-05-28 22:34:56,174] {logging_mixin.py:115} INFO - [2025-05-28 22:34:56,174] {manager.py:508} INFO - Created Permission View: can read on DAG:example_nested_branch_dag
[2025-05-28 22:34:56,196] {logging_mixin.py:115} INFO - [2025-05-28 22:34:56,196] {manager.py:508} INFO - Created Permission View: can delete on DAG:example_nested_branch_dag
[2025-05-28 22:34:56,212] {logging_mixin.py:115} INFO - [2025-05-28 22:34:56,212] {manager.py:508} INFO - Created Permission View: can edit on DAG:example_nested_branch_dag
[2025-05-28 22:34:56,212] {logging_mixin.py:115} INFO - [2025-05-28 22:34:56,212] {dag.py:2379} INFO - Sync 1 DAGs
[2025-05-28 22:34:56,232] {logging_mixin.py:115} INFO - [2025-05-28 22:34:56,232] {dag.py:2398} INFO - Creating ORM DAG for example_nested_branch_dag
[2025-05-28 22:34:56,245] {logging_mixin.py:115} INFO - [2025-05-28 22:34:56,245] {dag.py:2927} INFO - Setting next_dagrun for example_nested_branch_dag to 2025-05-28T00:00:00+00:00, run_after=2025-05-29T00:00:00+00:00
[2025-05-28 22:34:56,262] {processor.py:161} INFO - Processing /home/cunhaaw/Downloads/APITwitter/venv/lib/python3.9/site-packages/airflow/example_dags/example_nested_branch_dag.py took 0.255 seconds
[2025-05-28 22:35:36,297] {processor.py:153} INFO - Started process (PID=6612) to work on /home/cunhaaw/Downloads/APITwitter/venv/lib/python3.9/site-packages/airflow/example_dags/example_nested_branch_dag.py
[2025-05-28 22:35:36,298] {processor.py:641} INFO - Processing file /home/cunhaaw/Downloads/APITwitter/venv/lib/python3.9/site-packages/airflow/example_dags/example_nested_branch_dag.py for tasks to queue
[2025-05-28 22:35:36,299] {logging_mixin.py:115} INFO - [2025-05-28 22:35:36,299] {dagbag.py:507} INFO - Filling up the DagBag from /home/cunhaaw/Downloads/APITwitter/venv/lib/python3.9/site-packages/airflow/example_dags/example_nested_branch_dag.py
[2025-05-28 22:35:36,318] {processor.py:651} INFO - DAG(s) dict_keys(['example_nested_branch_dag']) retrieved from /home/cunhaaw/Downloads/APITwitter/venv/lib/python3.9/site-packages/airflow/example_dags/example_nested_branch_dag.py
[2025-05-28 22:35:36,344] {logging_mixin.py:115} INFO - [2025-05-28 22:35:36,344] {dag.py:2379} INFO - Sync 1 DAGs
[2025-05-28 22:35:36,369] {logging_mixin.py:115} INFO - [2025-05-28 22:35:36,369] {dag.py:2927} INFO - Setting next_dagrun for example_nested_branch_dag to 2025-05-28T00:00:00+00:00, run_after=2025-05-29T00:00:00+00:00
[2025-05-28 22:35:36,391] {processor.py:161} INFO - Processing /home/cunhaaw/Downloads/APITwitter/venv/lib/python3.9/site-packages/airflow/example_dags/example_nested_branch_dag.py took 0.100 seconds
[2025-05-28 22:36:14,039] {processor.py:153} INFO - Started process (PID=6936) to work on /home/cunhaaw/Downloads/APITwitter/venv/lib/python3.9/site-packages/airflow/example_dags/example_nested_branch_dag.py
[2025-05-28 22:36:14,045] {processor.py:641} INFO - Processing file /home/cunhaaw/Downloads/APITwitter/venv/lib/python3.9/site-packages/airflow/example_dags/example_nested_branch_dag.py for tasks to queue
[2025-05-28 22:36:14,046] {logging_mixin.py:115} INFO - [2025-05-28 22:36:14,046] {dagbag.py:507} INFO - Filling up the DagBag from /home/cunhaaw/Downloads/APITwitter/venv/lib/python3.9/site-packages/airflow/example_dags/example_nested_branch_dag.py
[2025-05-28 22:36:14,066] {processor.py:651} INFO - DAG(s) dict_keys(['example_nested_branch_dag']) retrieved from /home/cunhaaw/Downloads/APITwitter/venv/lib/python3.9/site-packages/airflow/example_dags/example_nested_branch_dag.py
[2025-05-28 22:36:14,095] {logging_mixin.py:115} INFO - [2025-05-28 22:36:14,095] {dag.py:2379} INFO - Sync 1 DAGs
[2025-05-28 22:36:14,125] {logging_mixin.py:115} INFO - [2025-05-28 22:36:14,125] {dag.py:2927} INFO - Setting next_dagrun for example_nested_branch_dag to 2025-05-28T00:00:00+00:00, run_after=2025-05-29T00:00:00+00:00
[2025-05-28 22:36:14,161] {processor.py:161} INFO - Processing /home/cunhaaw/Downloads/APITwitter/venv/lib/python3.9/site-packages/airflow/example_dags/example_nested_branch_dag.py took 0.136 seconds
[2025-05-28 22:36:51,851] {processor.py:153} INFO - Started process (PID=7215) to work on /home/cunhaaw/Downloads/APITwitter/venv/lib/python3.9/site-packages/airflow/example_dags/example_nested_branch_dag.py
[2025-05-28 22:36:51,852] {processor.py:641} INFO - Processing file /home/cunhaaw/Downloads/APITwitter/venv/lib/python3.9/site-packages/airflow/example_dags/example_nested_branch_dag.py for tasks to queue
[2025-05-28 22:36:51,853] {logging_mixin.py:115} INFO - [2025-05-28 22:36:51,853] {dagbag.py:507} INFO - Filling up the DagBag from /home/cunhaaw/Downloads/APITwitter/venv/lib/python3.9/site-packages/airflow/example_dags/example_nested_branch_dag.py
[2025-05-28 22:36:51,867] {processor.py:651} INFO - DAG(s) dict_keys(['example_nested_branch_dag']) retrieved from /home/cunhaaw/Downloads/APITwitter/venv/lib/python3.9/site-packages/airflow/example_dags/example_nested_branch_dag.py
[2025-05-28 22:36:51,893] {logging_mixin.py:115} INFO - [2025-05-28 22:36:51,893] {dag.py:2379} INFO - Sync 1 DAGs
[2025-05-28 22:36:51,918] {logging_mixin.py:115} INFO - [2025-05-28 22:36:51,918] {dag.py:2927} INFO - Setting next_dagrun for example_nested_branch_dag to 2025-05-28T00:00:00+00:00, run_after=2025-05-29T00:00:00+00:00
[2025-05-28 22:36:51,937] {processor.py:161} INFO - Processing /home/cunhaaw/Downloads/APITwitter/venv/lib/python3.9/site-packages/airflow/example_dags/example_nested_branch_dag.py took 0.091 seconds
[2025-05-28 22:37:28,078] {processor.py:153} INFO - Started process (PID=7317) to work on /home/cunhaaw/Downloads/APITwitter/venv/lib/python3.9/site-packages/airflow/example_dags/example_nested_branch_dag.py
[2025-05-28 22:37:28,079] {processor.py:641} INFO - Processing file /home/cunhaaw/Downloads/APITwitter/venv/lib/python3.9/site-packages/airflow/example_dags/example_nested_branch_dag.py for tasks to queue
[2025-05-28 22:37:28,081] {logging_mixin.py:115} INFO - [2025-05-28 22:37:28,080] {dagbag.py:507} INFO - Filling up the DagBag from /home/cunhaaw/Downloads/APITwitter/venv/lib/python3.9/site-packages/airflow/example_dags/example_nested_branch_dag.py
[2025-05-28 22:37:28,107] {processor.py:651} INFO - DAG(s) dict_keys(['example_nested_branch_dag']) retrieved from /home/cunhaaw/Downloads/APITwitter/venv/lib/python3.9/site-packages/airflow/example_dags/example_nested_branch_dag.py
[2025-05-28 22:37:28,140] {logging_mixin.py:115} INFO - [2025-05-28 22:37:28,140] {dag.py:2379} INFO - Sync 1 DAGs
[2025-05-28 22:37:28,174] {logging_mixin.py:115} INFO - [2025-05-28 22:37:28,174] {dag.py:2927} INFO - Setting next_dagrun for example_nested_branch_dag to 2025-05-28T00:00:00+00:00, run_after=2025-05-29T00:00:00+00:00
[2025-05-28 22:37:28,193] {processor.py:161} INFO - Processing /home/cunhaaw/Downloads/APITwitter/venv/lib/python3.9/site-packages/airflow/example_dags/example_nested_branch_dag.py took 0.121 seconds
[2025-05-28 22:38:05,116] {processor.py:153} INFO - Started process (PID=7461) to work on /home/cunhaaw/Downloads/APITwitter/venv/lib/python3.9/site-packages/airflow/example_dags/example_nested_branch_dag.py
[2025-05-28 22:38:05,117] {processor.py:641} INFO - Processing file /home/cunhaaw/Downloads/APITwitter/venv/lib/python3.9/site-packages/airflow/example_dags/example_nested_branch_dag.py for tasks to queue
[2025-05-28 22:38:05,118] {logging_mixin.py:115} INFO - [2025-05-28 22:38:05,118] {dagbag.py:507} INFO - Filling up the DagBag from /home/cunhaaw/Downloads/APITwitter/venv/lib/python3.9/site-packages/airflow/example_dags/example_nested_branch_dag.py
[2025-05-28 22:38:05,131] {processor.py:651} INFO - DAG(s) dict_keys(['example_nested_branch_dag']) retrieved from /home/cunhaaw/Downloads/APITwitter/venv/lib/python3.9/site-packages/airflow/example_dags/example_nested_branch_dag.py
[2025-05-28 22:38:05,155] {logging_mixin.py:115} INFO - [2025-05-28 22:38:05,155] {dag.py:2379} INFO - Sync 1 DAGs
[2025-05-28 22:38:05,183] {logging_mixin.py:115} INFO - [2025-05-28 22:38:05,183] {dag.py:2927} INFO - Setting next_dagrun for example_nested_branch_dag to 2025-05-28T00:00:00+00:00, run_after=2025-05-29T00:00:00+00:00
[2025-05-28 22:38:05,198] {processor.py:161} INFO - Processing /home/cunhaaw/Downloads/APITwitter/venv/lib/python3.9/site-packages/airflow/example_dags/example_nested_branch_dag.py took 0.087 seconds
[2025-05-28 22:38:43,245] {processor.py:153} INFO - Started process (PID=7608) to work on /home/cunhaaw/Downloads/APITwitter/venv/lib/python3.9/site-packages/airflow/example_dags/example_nested_branch_dag.py
[2025-05-28 22:38:43,247] {processor.py:641} INFO - Processing file /home/cunhaaw/Downloads/APITwitter/venv/lib/python3.9/site-packages/airflow/example_dags/example_nested_branch_dag.py for tasks to queue
[2025-05-28 22:38:43,248] {logging_mixin.py:115} INFO - [2025-05-28 22:38:43,248] {dagbag.py:507} INFO - Filling up the DagBag from /home/cunhaaw/Downloads/APITwitter/venv/lib/python3.9/site-packages/airflow/example_dags/example_nested_branch_dag.py
[2025-05-28 22:38:43,271] {processor.py:651} INFO - DAG(s) dict_keys(['example_nested_branch_dag']) retrieved from /home/cunhaaw/Downloads/APITwitter/venv/lib/python3.9/site-packages/airflow/example_dags/example_nested_branch_dag.py
[2025-05-28 22:38:43,320] {logging_mixin.py:115} INFO - [2025-05-28 22:38:43,320] {dag.py:2379} INFO - Sync 1 DAGs
[2025-05-28 22:38:43,373] {logging_mixin.py:115} INFO - [2025-05-28 22:38:43,372] {dag.py:2927} INFO - Setting next_dagrun for example_nested_branch_dag to 2025-05-28T00:00:00+00:00, run_after=2025-05-29T00:00:00+00:00
[2025-05-28 22:38:43,405] {processor.py:161} INFO - Processing /home/cunhaaw/Downloads/APITwitter/venv/lib/python3.9/site-packages/airflow/example_dags/example_nested_branch_dag.py took 0.170 seconds
[2025-05-28 22:39:25,839] {processor.py:153} INFO - Started process (PID=7893) to work on /home/cunhaaw/Downloads/APITwitter/venv/lib/python3.9/site-packages/airflow/example_dags/example_nested_branch_dag.py
[2025-05-28 22:39:25,842] {processor.py:641} INFO - Processing file /home/cunhaaw/Downloads/APITwitter/venv/lib/python3.9/site-packages/airflow/example_dags/example_nested_branch_dag.py for tasks to queue
[2025-05-28 22:39:25,843] {logging_mixin.py:115} INFO - [2025-05-28 22:39:25,843] {dagbag.py:507} INFO - Filling up the DagBag from /home/cunhaaw/Downloads/APITwitter/venv/lib/python3.9/site-packages/airflow/example_dags/example_nested_branch_dag.py
[2025-05-28 22:39:25,868] {processor.py:651} INFO - DAG(s) dict_keys(['example_nested_branch_dag']) retrieved from /home/cunhaaw/Downloads/APITwitter/venv/lib/python3.9/site-packages/airflow/example_dags/example_nested_branch_dag.py
[2025-05-28 22:39:25,893] {logging_mixin.py:115} INFO - [2025-05-28 22:39:25,893] {dag.py:2379} INFO - Sync 1 DAGs
[2025-05-28 22:39:25,917] {logging_mixin.py:115} INFO - [2025-05-28 22:39:25,917] {dag.py:2927} INFO - Setting next_dagrun for example_nested_branch_dag to 2025-05-28T00:00:00+00:00, run_after=2025-05-29T00:00:00+00:00
[2025-05-28 22:39:25,946] {processor.py:161} INFO - Processing /home/cunhaaw/Downloads/APITwitter/venv/lib/python3.9/site-packages/airflow/example_dags/example_nested_branch_dag.py took 0.118 seconds
[2025-05-28 22:40:04,368] {processor.py:153} INFO - Started process (PID=7993) to work on /home/cunhaaw/Downloads/APITwitter/venv/lib/python3.9/site-packages/airflow/example_dags/example_nested_branch_dag.py
[2025-05-28 22:40:04,369] {processor.py:641} INFO - Processing file /home/cunhaaw/Downloads/APITwitter/venv/lib/python3.9/site-packages/airflow/example_dags/example_nested_branch_dag.py for tasks to queue
[2025-05-28 22:40:04,371] {logging_mixin.py:115} INFO - [2025-05-28 22:40:04,370] {dagbag.py:507} INFO - Filling up the DagBag from /home/cunhaaw/Downloads/APITwitter/venv/lib/python3.9/site-packages/airflow/example_dags/example_nested_branch_dag.py
[2025-05-28 22:40:04,411] {processor.py:651} INFO - DAG(s) dict_keys(['example_nested_branch_dag']) retrieved from /home/cunhaaw/Downloads/APITwitter/venv/lib/python3.9/site-packages/airflow/example_dags/example_nested_branch_dag.py
[2025-05-28 22:40:04,462] {logging_mixin.py:115} INFO - [2025-05-28 22:40:04,461] {dag.py:2379} INFO - Sync 1 DAGs
[2025-05-28 22:40:04,534] {logging_mixin.py:115} INFO - [2025-05-28 22:40:04,533] {dag.py:2927} INFO - Setting next_dagrun for example_nested_branch_dag to 2025-05-28T00:00:00+00:00, run_after=2025-05-29T00:00:00+00:00
[2025-05-28 22:40:04,582] {processor.py:161} INFO - Processing /home/cunhaaw/Downloads/APITwitter/venv/lib/python3.9/site-packages/airflow/example_dags/example_nested_branch_dag.py took 0.225 seconds
[2025-05-28 22:40:42,422] {processor.py:153} INFO - Started process (PID=8246) to work on /home/cunhaaw/Downloads/APITwitter/venv/lib/python3.9/site-packages/airflow/example_dags/example_nested_branch_dag.py
[2025-05-28 22:40:42,426] {processor.py:641} INFO - Processing file /home/cunhaaw/Downloads/APITwitter/venv/lib/python3.9/site-packages/airflow/example_dags/example_nested_branch_dag.py for tasks to queue
[2025-05-28 22:40:42,428] {logging_mixin.py:115} INFO - [2025-05-28 22:40:42,428] {dagbag.py:507} INFO - Filling up the DagBag from /home/cunhaaw/Downloads/APITwitter/venv/lib/python3.9/site-packages/airflow/example_dags/example_nested_branch_dag.py
[2025-05-28 22:40:42,453] {processor.py:651} INFO - DAG(s) dict_keys(['example_nested_branch_dag']) retrieved from /home/cunhaaw/Downloads/APITwitter/venv/lib/python3.9/site-packages/airflow/example_dags/example_nested_branch_dag.py
[2025-05-28 22:40:42,529] {logging_mixin.py:115} INFO - [2025-05-28 22:40:42,529] {dag.py:2379} INFO - Sync 1 DAGs
[2025-05-28 22:40:42,595] {logging_mixin.py:115} INFO - [2025-05-28 22:40:42,591] {dag.py:2927} INFO - Setting next_dagrun for example_nested_branch_dag to 2025-05-28T00:00:00+00:00, run_after=2025-05-29T00:00:00+00:00
[2025-05-28 22:40:42,621] {processor.py:161} INFO - Processing /home/cunhaaw/Downloads/APITwitter/venv/lib/python3.9/site-packages/airflow/example_dags/example_nested_branch_dag.py took 0.208 seconds
[2025-05-28 22:41:26,680] {processor.py:153} INFO - Started process (PID=8515) to work on /home/cunhaaw/Downloads/APITwitter/venv/lib/python3.9/site-packages/airflow/example_dags/example_nested_branch_dag.py
[2025-05-28 22:41:26,682] {processor.py:641} INFO - Processing file /home/cunhaaw/Downloads/APITwitter/venv/lib/python3.9/site-packages/airflow/example_dags/example_nested_branch_dag.py for tasks to queue
[2025-05-28 22:41:26,683] {logging_mixin.py:115} INFO - [2025-05-28 22:41:26,683] {dagbag.py:507} INFO - Filling up the DagBag from /home/cunhaaw/Downloads/APITwitter/venv/lib/python3.9/site-packages/airflow/example_dags/example_nested_branch_dag.py
[2025-05-28 22:41:26,703] {processor.py:651} INFO - DAG(s) dict_keys(['example_nested_branch_dag']) retrieved from /home/cunhaaw/Downloads/APITwitter/venv/lib/python3.9/site-packages/airflow/example_dags/example_nested_branch_dag.py
[2025-05-28 22:41:26,743] {logging_mixin.py:115} INFO - [2025-05-28 22:41:26,743] {dag.py:2379} INFO - Sync 1 DAGs
[2025-05-28 22:41:26,829] {logging_mixin.py:115} INFO - [2025-05-28 22:41:26,828] {dag.py:2927} INFO - Setting next_dagrun for example_nested_branch_dag to 2025-05-28T00:00:00+00:00, run_after=2025-05-29T00:00:00+00:00
[2025-05-28 22:41:26,853] {processor.py:161} INFO - Processing /home/cunhaaw/Downloads/APITwitter/venv/lib/python3.9/site-packages/airflow/example_dags/example_nested_branch_dag.py took 0.185 seconds
[2025-05-28 22:42:03,329] {processor.py:153} INFO - Started process (PID=8907) to work on /home/cunhaaw/Downloads/APITwitter/venv/lib/python3.9/site-packages/airflow/example_dags/example_nested_branch_dag.py
[2025-05-28 22:42:03,330] {processor.py:641} INFO - Processing file /home/cunhaaw/Downloads/APITwitter/venv/lib/python3.9/site-packages/airflow/example_dags/example_nested_branch_dag.py for tasks to queue
[2025-05-28 22:42:03,330] {logging_mixin.py:115} INFO - [2025-05-28 22:42:03,330] {dagbag.py:507} INFO - Filling up the DagBag from /home/cunhaaw/Downloads/APITwitter/venv/lib/python3.9/site-packages/airflow/example_dags/example_nested_branch_dag.py
[2025-05-28 22:42:03,343] {processor.py:651} INFO - DAG(s) dict_keys(['example_nested_branch_dag']) retrieved from /home/cunhaaw/Downloads/APITwitter/venv/lib/python3.9/site-packages/airflow/example_dags/example_nested_branch_dag.py
[2025-05-28 22:42:03,363] {logging_mixin.py:115} INFO - [2025-05-28 22:42:03,363] {dag.py:2379} INFO - Sync 1 DAGs
[2025-05-28 22:42:03,385] {logging_mixin.py:115} INFO - [2025-05-28 22:42:03,385] {dag.py:2927} INFO - Setting next_dagrun for example_nested_branch_dag to 2025-05-28T00:00:00+00:00, run_after=2025-05-29T00:00:00+00:00
[2025-05-28 22:42:03,399] {processor.py:161} INFO - Processing /home/cunhaaw/Downloads/APITwitter/venv/lib/python3.9/site-packages/airflow/example_dags/example_nested_branch_dag.py took 0.077 seconds
[2025-05-28 22:42:39,519] {processor.py:153} INFO - Started process (PID=9088) to work on /home/cunhaaw/Downloads/APITwitter/venv/lib/python3.9/site-packages/airflow/example_dags/example_nested_branch_dag.py
[2025-05-28 22:42:39,520] {processor.py:641} INFO - Processing file /home/cunhaaw/Downloads/APITwitter/venv/lib/python3.9/site-packages/airflow/example_dags/example_nested_branch_dag.py for tasks to queue
[2025-05-28 22:42:39,521] {logging_mixin.py:115} INFO - [2025-05-28 22:42:39,521] {dagbag.py:507} INFO - Filling up the DagBag from /home/cunhaaw/Downloads/APITwitter/venv/lib/python3.9/site-packages/airflow/example_dags/example_nested_branch_dag.py
[2025-05-28 22:42:39,546] {processor.py:651} INFO - DAG(s) dict_keys(['example_nested_branch_dag']) retrieved from /home/cunhaaw/Downloads/APITwitter/venv/lib/python3.9/site-packages/airflow/example_dags/example_nested_branch_dag.py
[2025-05-28 22:42:39,587] {logging_mixin.py:115} INFO - [2025-05-28 22:42:39,587] {dag.py:2379} INFO - Sync 1 DAGs
[2025-05-28 22:42:39,631] {logging_mixin.py:115} INFO - [2025-05-28 22:42:39,631] {dag.py:2927} INFO - Setting next_dagrun for example_nested_branch_dag to 2025-05-28T00:00:00+00:00, run_after=2025-05-29T00:00:00+00:00
[2025-05-28 22:42:39,656] {processor.py:161} INFO - Processing /home/cunhaaw/Downloads/APITwitter/venv/lib/python3.9/site-packages/airflow/example_dags/example_nested_branch_dag.py took 0.158 seconds
[2025-05-28 22:43:16,292] {processor.py:153} INFO - Started process (PID=9312) to work on /home/cunhaaw/Downloads/APITwitter/venv/lib/python3.9/site-packages/airflow/example_dags/example_nested_branch_dag.py
[2025-05-28 22:43:16,294] {processor.py:641} INFO - Processing file /home/cunhaaw/Downloads/APITwitter/venv/lib/python3.9/site-packages/airflow/example_dags/example_nested_branch_dag.py for tasks to queue
[2025-05-28 22:43:16,294] {logging_mixin.py:115} INFO - [2025-05-28 22:43:16,294] {dagbag.py:507} INFO - Filling up the DagBag from /home/cunhaaw/Downloads/APITwitter/venv/lib/python3.9/site-packages/airflow/example_dags/example_nested_branch_dag.py
[2025-05-28 22:43:16,306] {processor.py:651} INFO - DAG(s) dict_keys(['example_nested_branch_dag']) retrieved from /home/cunhaaw/Downloads/APITwitter/venv/lib/python3.9/site-packages/airflow/example_dags/example_nested_branch_dag.py
[2025-05-28 22:43:16,328] {logging_mixin.py:115} INFO - [2025-05-28 22:43:16,328] {dag.py:2379} INFO - Sync 1 DAGs
[2025-05-28 22:43:16,350] {logging_mixin.py:115} INFO - [2025-05-28 22:43:16,350] {dag.py:2927} INFO - Setting next_dagrun for example_nested_branch_dag to 2025-05-28T00:00:00+00:00, run_after=2025-05-29T00:00:00+00:00
[2025-05-28 22:43:16,365] {processor.py:161} INFO - Processing /home/cunhaaw/Downloads/APITwitter/venv/lib/python3.9/site-packages/airflow/example_dags/example_nested_branch_dag.py took 0.077 seconds
[2025-05-28 22:43:54,675] {processor.py:153} INFO - Started process (PID=9485) to work on /home/cunhaaw/Downloads/APITwitter/venv/lib/python3.9/site-packages/airflow/example_dags/example_nested_branch_dag.py
[2025-05-28 22:43:54,678] {processor.py:641} INFO - Processing file /home/cunhaaw/Downloads/APITwitter/venv/lib/python3.9/site-packages/airflow/example_dags/example_nested_branch_dag.py for tasks to queue
[2025-05-28 22:43:54,680] {logging_mixin.py:115} INFO - [2025-05-28 22:43:54,679] {dagbag.py:507} INFO - Filling up the DagBag from /home/cunhaaw/Downloads/APITwitter/venv/lib/python3.9/site-packages/airflow/example_dags/example_nested_branch_dag.py
[2025-05-28 22:43:54,711] {processor.py:651} INFO - DAG(s) dict_keys(['example_nested_branch_dag']) retrieved from /home/cunhaaw/Downloads/APITwitter/venv/lib/python3.9/site-packages/airflow/example_dags/example_nested_branch_dag.py
[2025-05-28 22:43:54,741] {logging_mixin.py:115} INFO - [2025-05-28 22:43:54,741] {dag.py:2379} INFO - Sync 1 DAGs
[2025-05-28 22:43:54,776] {logging_mixin.py:115} INFO - [2025-05-28 22:43:54,776] {dag.py:2927} INFO - Setting next_dagrun for example_nested_branch_dag to 2025-05-28T00:00:00+00:00, run_after=2025-05-29T00:00:00+00:00
[2025-05-28 22:43:54,797] {processor.py:161} INFO - Processing /home/cunhaaw/Downloads/APITwitter/venv/lib/python3.9/site-packages/airflow/example_dags/example_nested_branch_dag.py took 0.131 seconds
