[2025-05-28 22:34:17,514] {processor.py:153} INFO - Started process (PID=6195) to work on /home/cunhaaw/Downloads/APITwitter/venv/lib/python3.9/site-packages/airflow/example_dags/example_trigger_controller_dag.py
[2025-05-28 22:34:17,516] {processor.py:641} INFO - Processing file /home/cunhaaw/Downloads/APITwitter/venv/lib/python3.9/site-packages/airflow/example_dags/example_trigger_controller_dag.py for tasks to queue
[2025-05-28 22:34:17,527] {logging_mixin.py:115} INFO - [2025-05-28 22:34:17,517] {dagbag.py:507} INFO - Filling up the DagBag from /home/cunhaaw/Downloads/APITwitter/venv/lib/python3.9/site-packages/airflow/example_dags/example_trigger_controller_dag.py
[2025-05-28 22:34:17,579] {processor.py:651} INFO - DAG(s) dict_keys(['example_trigger_controller_dag']) retrieved from /home/cunhaaw/Downloads/APITwitter/venv/lib/python3.9/site-packages/airflow/example_dags/example_trigger_controller_dag.py
[2025-05-28 22:34:18,089] {logging_mixin.py:115} INFO - [2025-05-28 22:34:18,089] {manager.py:508} INFO - Created Permission View: can read on DAG:example_trigger_controller_dag
[2025-05-28 22:34:18,121] {logging_mixin.py:115} INFO - [2025-05-28 22:34:18,121] {manager.py:508} INFO - Created Permission View: can delete on DAG:example_trigger_controller_dag
[2025-05-28 22:34:18,136] {logging_mixin.py:115} INFO - [2025-05-28 22:34:18,136] {manager.py:508} INFO - Created Permission View: can edit on DAG:example_trigger_controller_dag
[2025-05-28 22:34:18,136] {logging_mixin.py:115} INFO - [2025-05-28 22:34:18,136] {dag.py:2379} INFO - Sync 1 DAGs
[2025-05-28 22:34:18,162] {logging_mixin.py:115} INFO - [2025-05-28 22:34:18,162] {dag.py:2398} INFO - Creating ORM DAG for example_trigger_controller_dag
[2025-05-28 22:34:18,194] {logging_mixin.py:115} INFO - [2025-05-28 22:34:18,193] {dag.py:2927} INFO - Setting next_dagrun for example_trigger_controller_dag to 2021-01-01T00:00:00+00:00, run_after=2021-01-01T00:00:00+00:00
[2025-05-28 22:34:18,676] {processor.py:161} INFO - Processing /home/cunhaaw/Downloads/APITwitter/venv/lib/python3.9/site-packages/airflow/example_dags/example_trigger_controller_dag.py took 1.219 seconds
[2025-05-28 22:35:09,748] {processor.py:153} INFO - Started process (PID=6477) to work on /home/cunhaaw/Downloads/APITwitter/venv/lib/python3.9/site-packages/airflow/example_dags/example_trigger_controller_dag.py
[2025-05-28 22:35:09,750] {processor.py:641} INFO - Processing file /home/cunhaaw/Downloads/APITwitter/venv/lib/python3.9/site-packages/airflow/example_dags/example_trigger_controller_dag.py for tasks to queue
[2025-05-28 22:35:09,751] {logging_mixin.py:115} INFO - [2025-05-28 22:35:09,751] {dagbag.py:507} INFO - Filling up the DagBag from /home/cunhaaw/Downloads/APITwitter/venv/lib/python3.9/site-packages/airflow/example_dags/example_trigger_controller_dag.py
[2025-05-28 22:35:09,758] {processor.py:651} INFO - DAG(s) dict_keys(['example_trigger_controller_dag']) retrieved from /home/cunhaaw/Downloads/APITwitter/venv/lib/python3.9/site-packages/airflow/example_dags/example_trigger_controller_dag.py
[2025-05-28 22:35:09,786] {logging_mixin.py:115} INFO - [2025-05-28 22:35:09,786] {dag.py:2379} INFO - Sync 1 DAGs
[2025-05-28 22:35:09,820] {logging_mixin.py:115} INFO - [2025-05-28 22:35:09,819] {dag.py:2927} INFO - Setting next_dagrun for example_trigger_controller_dag to 2021-01-01T00:00:00+00:00, run_after=2021-01-01T00:00:00+00:00
[2025-05-28 22:35:09,850] {processor.py:161} INFO - Processing /home/cunhaaw/Downloads/APITwitter/venv/lib/python3.9/site-packages/airflow/example_dags/example_trigger_controller_dag.py took 0.106 seconds
[2025-05-28 22:35:46,725] {processor.py:153} INFO - Started process (PID=6646) to work on /home/cunhaaw/Downloads/APITwitter/venv/lib/python3.9/site-packages/airflow/example_dags/example_trigger_controller_dag.py
[2025-05-28 22:35:46,726] {processor.py:641} INFO - Processing file /home/cunhaaw/Downloads/APITwitter/venv/lib/python3.9/site-packages/airflow/example_dags/example_trigger_controller_dag.py for tasks to queue
[2025-05-28 22:35:46,726] {logging_mixin.py:115} INFO - [2025-05-28 22:35:46,726] {dagbag.py:507} INFO - Filling up the DagBag from /home/cunhaaw/Downloads/APITwitter/venv/lib/python3.9/site-packages/airflow/example_dags/example_trigger_controller_dag.py
[2025-05-28 22:35:46,731] {processor.py:651} INFO - DAG(s) dict_keys(['example_trigger_controller_dag']) retrieved from /home/cunhaaw/Downloads/APITwitter/venv/lib/python3.9/site-packages/airflow/example_dags/example_trigger_controller_dag.py
[2025-05-28 22:35:46,752] {logging_mixin.py:115} INFO - [2025-05-28 22:35:46,752] {dag.py:2379} INFO - Sync 1 DAGs
[2025-05-28 22:35:46,772] {logging_mixin.py:115} INFO - [2025-05-28 22:35:46,772] {dag.py:2927} INFO - Setting next_dagrun for example_trigger_controller_dag to 2021-01-01T00:00:00+00:00, run_after=2021-01-01T00:00:00+00:00
[2025-05-28 22:35:46,786] {processor.py:161} INFO - Processing /home/cunhaaw/Downloads/APITwitter/venv/lib/python3.9/site-packages/airflow/example_dags/example_trigger_controller_dag.py took 0.066 seconds
[2025-05-28 22:36:20,326] {processor.py:153} INFO - Started process (PID=7022) to work on /home/cunhaaw/Downloads/APITwitter/venv/lib/python3.9/site-packages/airflow/example_dags/example_trigger_controller_dag.py
[2025-05-28 22:36:20,327] {processor.py:641} INFO - Processing file /home/cunhaaw/Downloads/APITwitter/venv/lib/python3.9/site-packages/airflow/example_dags/example_trigger_controller_dag.py for tasks to queue
[2025-05-28 22:36:20,327] {logging_mixin.py:115} INFO - [2025-05-28 22:36:20,327] {dagbag.py:507} INFO - Filling up the DagBag from /home/cunhaaw/Downloads/APITwitter/venv/lib/python3.9/site-packages/airflow/example_dags/example_trigger_controller_dag.py
[2025-05-28 22:36:20,332] {processor.py:651} INFO - DAG(s) dict_keys(['example_trigger_controller_dag']) retrieved from /home/cunhaaw/Downloads/APITwitter/venv/lib/python3.9/site-packages/airflow/example_dags/example_trigger_controller_dag.py
[2025-05-28 22:36:20,352] {logging_mixin.py:115} INFO - [2025-05-28 22:36:20,352] {dag.py:2379} INFO - Sync 1 DAGs
[2025-05-28 22:36:20,371] {logging_mixin.py:115} INFO - [2025-05-28 22:36:20,371] {dag.py:2927} INFO - Setting next_dagrun for example_trigger_controller_dag to 2021-01-01T00:00:00+00:00, run_after=2021-01-01T00:00:00+00:00
[2025-05-28 22:36:20,390] {processor.py:161} INFO - Processing /home/cunhaaw/Downloads/APITwitter/venv/lib/python3.9/site-packages/airflow/example_dags/example_trigger_controller_dag.py took 0.068 seconds
[2025-05-28 22:36:55,724] {processor.py:153} INFO - Started process (PID=7268) to work on /home/cunhaaw/Downloads/APITwitter/venv/lib/python3.9/site-packages/airflow/example_dags/example_trigger_controller_dag.py
[2025-05-28 22:36:55,725] {processor.py:641} INFO - Processing file /home/cunhaaw/Downloads/APITwitter/venv/lib/python3.9/site-packages/airflow/example_dags/example_trigger_controller_dag.py for tasks to queue
[2025-05-28 22:36:55,726] {logging_mixin.py:115} INFO - [2025-05-28 22:36:55,726] {dagbag.py:507} INFO - Filling up the DagBag from /home/cunhaaw/Downloads/APITwitter/venv/lib/python3.9/site-packages/airflow/example_dags/example_trigger_controller_dag.py
[2025-05-28 22:36:55,730] {processor.py:651} INFO - DAG(s) dict_keys(['example_trigger_controller_dag']) retrieved from /home/cunhaaw/Downloads/APITwitter/venv/lib/python3.9/site-packages/airflow/example_dags/example_trigger_controller_dag.py
[2025-05-28 22:36:55,753] {logging_mixin.py:115} INFO - [2025-05-28 22:36:55,753] {dag.py:2379} INFO - Sync 1 DAGs
[2025-05-28 22:36:55,778] {logging_mixin.py:115} INFO - [2025-05-28 22:36:55,777] {dag.py:2927} INFO - Setting next_dagrun for example_trigger_controller_dag to 2021-01-01T00:00:00+00:00, run_after=2021-01-01T00:00:00+00:00
[2025-05-28 22:36:55,792] {processor.py:161} INFO - Processing /home/cunhaaw/Downloads/APITwitter/venv/lib/python3.9/site-packages/airflow/example_dags/example_trigger_controller_dag.py took 0.072 seconds
[2025-05-28 22:37:30,809] {processor.py:153} INFO - Started process (PID=7323) to work on /home/cunhaaw/Downloads/APITwitter/venv/lib/python3.9/site-packages/airflow/example_dags/example_trigger_controller_dag.py
[2025-05-28 22:37:30,810] {processor.py:641} INFO - Processing file /home/cunhaaw/Downloads/APITwitter/venv/lib/python3.9/site-packages/airflow/example_dags/example_trigger_controller_dag.py for tasks to queue
[2025-05-28 22:37:30,811] {logging_mixin.py:115} INFO - [2025-05-28 22:37:30,811] {dagbag.py:507} INFO - Filling up the DagBag from /home/cunhaaw/Downloads/APITwitter/venv/lib/python3.9/site-packages/airflow/example_dags/example_trigger_controller_dag.py
[2025-05-28 22:37:30,816] {processor.py:651} INFO - DAG(s) dict_keys(['example_trigger_controller_dag']) retrieved from /home/cunhaaw/Downloads/APITwitter/venv/lib/python3.9/site-packages/airflow/example_dags/example_trigger_controller_dag.py
[2025-05-28 22:37:30,840] {logging_mixin.py:115} INFO - [2025-05-28 22:37:30,840] {dag.py:2379} INFO - Sync 1 DAGs
[2025-05-28 22:37:30,879] {logging_mixin.py:115} INFO - [2025-05-28 22:37:30,878] {dag.py:2927} INFO - Setting next_dagrun for example_trigger_controller_dag to 2021-01-01T00:00:00+00:00, run_after=2021-01-01T00:00:00+00:00
[2025-05-28 22:37:30,893] {processor.py:161} INFO - Processing /home/cunhaaw/Downloads/APITwitter/venv/lib/python3.9/site-packages/airflow/example_dags/example_trigger_controller_dag.py took 0.089 seconds
[2025-05-28 22:38:08,307] {processor.py:153} INFO - Started process (PID=7465) to work on /home/cunhaaw/Downloads/APITwitter/venv/lib/python3.9/site-packages/airflow/example_dags/example_trigger_controller_dag.py
[2025-05-28 22:38:08,308] {processor.py:641} INFO - Processing file /home/cunhaaw/Downloads/APITwitter/venv/lib/python3.9/site-packages/airflow/example_dags/example_trigger_controller_dag.py for tasks to queue
[2025-05-28 22:38:08,309] {logging_mixin.py:115} INFO - [2025-05-28 22:38:08,309] {dagbag.py:507} INFO - Filling up the DagBag from /home/cunhaaw/Downloads/APITwitter/venv/lib/python3.9/site-packages/airflow/example_dags/example_trigger_controller_dag.py
[2025-05-28 22:38:08,313] {processor.py:651} INFO - DAG(s) dict_keys(['example_trigger_controller_dag']) retrieved from /home/cunhaaw/Downloads/APITwitter/venv/lib/python3.9/site-packages/airflow/example_dags/example_trigger_controller_dag.py
[2025-05-28 22:38:08,334] {logging_mixin.py:115} INFO - [2025-05-28 22:38:08,334] {dag.py:2379} INFO - Sync 1 DAGs
[2025-05-28 22:38:08,354] {logging_mixin.py:115} INFO - [2025-05-28 22:38:08,354] {dag.py:2927} INFO - Setting next_dagrun for example_trigger_controller_dag to 2021-01-01T00:00:00+00:00, run_after=2021-01-01T00:00:00+00:00
[2025-05-28 22:38:08,373] {processor.py:161} INFO - Processing /home/cunhaaw/Downloads/APITwitter/venv/lib/python3.9/site-packages/airflow/example_dags/example_trigger_controller_dag.py took 0.071 seconds
[2025-05-28 22:38:40,414] {processor.py:153} INFO - Started process (PID=7605) to work on /home/cunhaaw/Downloads/APITwitter/venv/lib/python3.9/site-packages/airflow/example_dags/example_trigger_controller_dag.py
[2025-05-28 22:38:40,415] {processor.py:641} INFO - Processing file /home/cunhaaw/Downloads/APITwitter/venv/lib/python3.9/site-packages/airflow/example_dags/example_trigger_controller_dag.py for tasks to queue
[2025-05-28 22:38:40,416] {logging_mixin.py:115} INFO - [2025-05-28 22:38:40,416] {dagbag.py:507} INFO - Filling up the DagBag from /home/cunhaaw/Downloads/APITwitter/venv/lib/python3.9/site-packages/airflow/example_dags/example_trigger_controller_dag.py
[2025-05-28 22:38:40,422] {processor.py:651} INFO - DAG(s) dict_keys(['example_trigger_controller_dag']) retrieved from /home/cunhaaw/Downloads/APITwitter/venv/lib/python3.9/site-packages/airflow/example_dags/example_trigger_controller_dag.py
[2025-05-28 22:38:40,453] {logging_mixin.py:115} INFO - [2025-05-28 22:38:40,453] {dag.py:2379} INFO - Sync 1 DAGs
[2025-05-28 22:38:40,474] {logging_mixin.py:115} INFO - [2025-05-28 22:38:40,474] {dag.py:2927} INFO - Setting next_dagrun for example_trigger_controller_dag to 2021-01-01T00:00:00+00:00, run_after=2021-01-01T00:00:00+00:00
[2025-05-28 22:38:40,488] {processor.py:161} INFO - Processing /home/cunhaaw/Downloads/APITwitter/venv/lib/python3.9/site-packages/airflow/example_dags/example_trigger_controller_dag.py took 0.082 seconds
[2025-05-28 22:39:19,993] {processor.py:153} INFO - Started process (PID=7887) to work on /home/cunhaaw/Downloads/APITwitter/venv/lib/python3.9/site-packages/airflow/example_dags/example_trigger_controller_dag.py
[2025-05-28 22:39:19,995] {processor.py:641} INFO - Processing file /home/cunhaaw/Downloads/APITwitter/venv/lib/python3.9/site-packages/airflow/example_dags/example_trigger_controller_dag.py for tasks to queue
[2025-05-28 22:39:19,996] {logging_mixin.py:115} INFO - [2025-05-28 22:39:19,995] {dagbag.py:507} INFO - Filling up the DagBag from /home/cunhaaw/Downloads/APITwitter/venv/lib/python3.9/site-packages/airflow/example_dags/example_trigger_controller_dag.py
[2025-05-28 22:39:20,001] {processor.py:651} INFO - DAG(s) dict_keys(['example_trigger_controller_dag']) retrieved from /home/cunhaaw/Downloads/APITwitter/venv/lib/python3.9/site-packages/airflow/example_dags/example_trigger_controller_dag.py
[2025-05-28 22:39:20,022] {logging_mixin.py:115} INFO - [2025-05-28 22:39:20,022] {dag.py:2379} INFO - Sync 1 DAGs
[2025-05-28 22:39:20,043] {logging_mixin.py:115} INFO - [2025-05-28 22:39:20,042] {dag.py:2927} INFO - Setting next_dagrun for example_trigger_controller_dag to 2021-01-01T00:00:00+00:00, run_after=2021-01-01T00:00:00+00:00
[2025-05-28 22:39:20,058] {processor.py:161} INFO - Processing /home/cunhaaw/Downloads/APITwitter/venv/lib/python3.9/site-packages/airflow/example_dags/example_trigger_controller_dag.py took 0.073 seconds
[2025-05-28 22:39:55,976] {processor.py:153} INFO - Started process (PID=7982) to work on /home/cunhaaw/Downloads/APITwitter/venv/lib/python3.9/site-packages/airflow/example_dags/example_trigger_controller_dag.py
[2025-05-28 22:39:55,977] {processor.py:641} INFO - Processing file /home/cunhaaw/Downloads/APITwitter/venv/lib/python3.9/site-packages/airflow/example_dags/example_trigger_controller_dag.py for tasks to queue
[2025-05-28 22:39:55,978] {logging_mixin.py:115} INFO - [2025-05-28 22:39:55,978] {dagbag.py:507} INFO - Filling up the DagBag from /home/cunhaaw/Downloads/APITwitter/venv/lib/python3.9/site-packages/airflow/example_dags/example_trigger_controller_dag.py
[2025-05-28 22:39:55,982] {processor.py:651} INFO - DAG(s) dict_keys(['example_trigger_controller_dag']) retrieved from /home/cunhaaw/Downloads/APITwitter/venv/lib/python3.9/site-packages/airflow/example_dags/example_trigger_controller_dag.py
[2025-05-28 22:39:56,003] {logging_mixin.py:115} INFO - [2025-05-28 22:39:56,003] {dag.py:2379} INFO - Sync 1 DAGs
[2025-05-28 22:39:56,023] {logging_mixin.py:115} INFO - [2025-05-28 22:39:56,023] {dag.py:2927} INFO - Setting next_dagrun for example_trigger_controller_dag to 2021-01-01T00:00:00+00:00, run_after=2021-01-01T00:00:00+00:00
[2025-05-28 22:39:56,037] {processor.py:161} INFO - Processing /home/cunhaaw/Downloads/APITwitter/venv/lib/python3.9/site-packages/airflow/example_dags/example_trigger_controller_dag.py took 0.065 seconds
[2025-05-28 22:40:33,426] {processor.py:153} INFO - Started process (PID=8234) to work on /home/cunhaaw/Downloads/APITwitter/venv/lib/python3.9/site-packages/airflow/example_dags/example_trigger_controller_dag.py
[2025-05-28 22:40:33,428] {processor.py:641} INFO - Processing file /home/cunhaaw/Downloads/APITwitter/venv/lib/python3.9/site-packages/airflow/example_dags/example_trigger_controller_dag.py for tasks to queue
[2025-05-28 22:40:33,429] {logging_mixin.py:115} INFO - [2025-05-28 22:40:33,429] {dagbag.py:507} INFO - Filling up the DagBag from /home/cunhaaw/Downloads/APITwitter/venv/lib/python3.9/site-packages/airflow/example_dags/example_trigger_controller_dag.py
[2025-05-28 22:40:33,436] {processor.py:651} INFO - DAG(s) dict_keys(['example_trigger_controller_dag']) retrieved from /home/cunhaaw/Downloads/APITwitter/venv/lib/python3.9/site-packages/airflow/example_dags/example_trigger_controller_dag.py
[2025-05-28 22:40:33,472] {logging_mixin.py:115} INFO - [2025-05-28 22:40:33,471] {dag.py:2379} INFO - Sync 1 DAGs
[2025-05-28 22:40:33,499] {logging_mixin.py:115} INFO - [2025-05-28 22:40:33,499] {dag.py:2927} INFO - Setting next_dagrun for example_trigger_controller_dag to 2021-01-01T00:00:00+00:00, run_after=2021-01-01T00:00:00+00:00
[2025-05-28 22:40:33,515] {processor.py:161} INFO - Processing /home/cunhaaw/Downloads/APITwitter/venv/lib/python3.9/site-packages/airflow/example_dags/example_trigger_controller_dag.py took 0.093 seconds
[2025-05-28 22:41:13,257] {processor.py:153} INFO - Started process (PID=8383) to work on /home/cunhaaw/Downloads/APITwitter/venv/lib/python3.9/site-packages/airflow/example_dags/example_trigger_controller_dag.py
[2025-05-28 22:41:13,259] {processor.py:641} INFO - Processing file /home/cunhaaw/Downloads/APITwitter/venv/lib/python3.9/site-packages/airflow/example_dags/example_trigger_controller_dag.py for tasks to queue
[2025-05-28 22:41:13,261] {logging_mixin.py:115} INFO - [2025-05-28 22:41:13,260] {dagbag.py:507} INFO - Filling up the DagBag from /home/cunhaaw/Downloads/APITwitter/venv/lib/python3.9/site-packages/airflow/example_dags/example_trigger_controller_dag.py
[2025-05-28 22:41:13,268] {processor.py:651} INFO - DAG(s) dict_keys(['example_trigger_controller_dag']) retrieved from /home/cunhaaw/Downloads/APITwitter/venv/lib/python3.9/site-packages/airflow/example_dags/example_trigger_controller_dag.py
[2025-05-28 22:41:13,319] {logging_mixin.py:115} INFO - [2025-05-28 22:41:13,319] {dag.py:2379} INFO - Sync 1 DAGs
[2025-05-28 22:41:13,367] {logging_mixin.py:115} INFO - [2025-05-28 22:41:13,367] {dag.py:2927} INFO - Setting next_dagrun for example_trigger_controller_dag to 2021-01-01T00:00:00+00:00, run_after=2021-01-01T00:00:00+00:00
[2025-05-28 22:41:13,399] {processor.py:161} INFO - Processing /home/cunhaaw/Downloads/APITwitter/venv/lib/python3.9/site-packages/airflow/example_dags/example_trigger_controller_dag.py took 0.150 seconds
[2025-05-28 22:41:44,743] {processor.py:153} INFO - Started process (PID=8727) to work on /home/cunhaaw/Downloads/APITwitter/venv/lib/python3.9/site-packages/airflow/example_dags/example_trigger_controller_dag.py
[2025-05-28 22:41:44,745] {processor.py:641} INFO - Processing file /home/cunhaaw/Downloads/APITwitter/venv/lib/python3.9/site-packages/airflow/example_dags/example_trigger_controller_dag.py for tasks to queue
[2025-05-28 22:41:44,746] {logging_mixin.py:115} INFO - [2025-05-28 22:41:44,746] {dagbag.py:507} INFO - Filling up the DagBag from /home/cunhaaw/Downloads/APITwitter/venv/lib/python3.9/site-packages/airflow/example_dags/example_trigger_controller_dag.py
[2025-05-28 22:41:44,754] {processor.py:651} INFO - DAG(s) dict_keys(['example_trigger_controller_dag']) retrieved from /home/cunhaaw/Downloads/APITwitter/venv/lib/python3.9/site-packages/airflow/example_dags/example_trigger_controller_dag.py
[2025-05-28 22:41:44,796] {logging_mixin.py:115} INFO - [2025-05-28 22:41:44,796] {dag.py:2379} INFO - Sync 1 DAGs
[2025-05-28 22:41:44,841] {logging_mixin.py:115} INFO - [2025-05-28 22:41:44,841] {dag.py:2927} INFO - Setting next_dagrun for example_trigger_controller_dag to 2021-01-01T00:00:00+00:00, run_after=2021-01-01T00:00:00+00:00
[2025-05-28 22:41:44,880] {processor.py:161} INFO - Processing /home/cunhaaw/Downloads/APITwitter/venv/lib/python3.9/site-packages/airflow/example_dags/example_trigger_controller_dag.py took 0.146 seconds
[2025-05-28 22:42:20,109] {processor.py:153} INFO - Started process (PID=8976) to work on /home/cunhaaw/Downloads/APITwitter/venv/lib/python3.9/site-packages/airflow/example_dags/example_trigger_controller_dag.py
[2025-05-28 22:42:20,110] {processor.py:641} INFO - Processing file /home/cunhaaw/Downloads/APITwitter/venv/lib/python3.9/site-packages/airflow/example_dags/example_trigger_controller_dag.py for tasks to queue
[2025-05-28 22:42:20,111] {logging_mixin.py:115} INFO - [2025-05-28 22:42:20,111] {dagbag.py:507} INFO - Filling up the DagBag from /home/cunhaaw/Downloads/APITwitter/venv/lib/python3.9/site-packages/airflow/example_dags/example_trigger_controller_dag.py
[2025-05-28 22:42:20,115] {processor.py:651} INFO - DAG(s) dict_keys(['example_trigger_controller_dag']) retrieved from /home/cunhaaw/Downloads/APITwitter/venv/lib/python3.9/site-packages/airflow/example_dags/example_trigger_controller_dag.py
[2025-05-28 22:42:20,136] {logging_mixin.py:115} INFO - [2025-05-28 22:42:20,136] {dag.py:2379} INFO - Sync 1 DAGs
[2025-05-28 22:42:20,156] {logging_mixin.py:115} INFO - [2025-05-28 22:42:20,156] {dag.py:2927} INFO - Setting next_dagrun for example_trigger_controller_dag to 2021-01-01T00:00:00+00:00, run_after=2021-01-01T00:00:00+00:00
[2025-05-28 22:42:20,169] {processor.py:161} INFO - Processing /home/cunhaaw/Downloads/APITwitter/venv/lib/python3.9/site-packages/airflow/example_dags/example_trigger_controller_dag.py took 0.064 seconds
[2025-05-28 22:42:58,138] {processor.py:153} INFO - Started process (PID=9251) to work on /home/cunhaaw/Downloads/APITwitter/venv/lib/python3.9/site-packages/airflow/example_dags/example_trigger_controller_dag.py
[2025-05-28 22:42:58,140] {processor.py:641} INFO - Processing file /home/cunhaaw/Downloads/APITwitter/venv/lib/python3.9/site-packages/airflow/example_dags/example_trigger_controller_dag.py for tasks to queue
[2025-05-28 22:42:58,140] {logging_mixin.py:115} INFO - [2025-05-28 22:42:58,140] {dagbag.py:507} INFO - Filling up the DagBag from /home/cunhaaw/Downloads/APITwitter/venv/lib/python3.9/site-packages/airflow/example_dags/example_trigger_controller_dag.py
[2025-05-28 22:42:58,157] {processor.py:651} INFO - DAG(s) dict_keys(['example_trigger_controller_dag']) retrieved from /home/cunhaaw/Downloads/APITwitter/venv/lib/python3.9/site-packages/airflow/example_dags/example_trigger_controller_dag.py
[2025-05-28 22:42:58,195] {logging_mixin.py:115} INFO - [2025-05-28 22:42:58,195] {dag.py:2379} INFO - Sync 1 DAGs
[2025-05-28 22:42:58,219] {logging_mixin.py:115} INFO - [2025-05-28 22:42:58,219] {dag.py:2927} INFO - Setting next_dagrun for example_trigger_controller_dag to 2021-01-01T00:00:00+00:00, run_after=2021-01-01T00:00:00+00:00
[2025-05-28 22:42:58,235] {processor.py:161} INFO - Processing /home/cunhaaw/Downloads/APITwitter/venv/lib/python3.9/site-packages/airflow/example_dags/example_trigger_controller_dag.py took 0.104 seconds
[2025-05-28 22:43:30,750] {processor.py:153} INFO - Started process (PID=9363) to work on /home/cunhaaw/Downloads/APITwitter/venv/lib/python3.9/site-packages/airflow/example_dags/example_trigger_controller_dag.py
[2025-05-28 22:43:30,751] {processor.py:641} INFO - Processing file /home/cunhaaw/Downloads/APITwitter/venv/lib/python3.9/site-packages/airflow/example_dags/example_trigger_controller_dag.py for tasks to queue
[2025-05-28 22:43:30,752] {logging_mixin.py:115} INFO - [2025-05-28 22:43:30,752] {dagbag.py:507} INFO - Filling up the DagBag from /home/cunhaaw/Downloads/APITwitter/venv/lib/python3.9/site-packages/airflow/example_dags/example_trigger_controller_dag.py
[2025-05-28 22:43:30,757] {processor.py:651} INFO - DAG(s) dict_keys(['example_trigger_controller_dag']) retrieved from /home/cunhaaw/Downloads/APITwitter/venv/lib/python3.9/site-packages/airflow/example_dags/example_trigger_controller_dag.py
[2025-05-28 22:43:30,783] {logging_mixin.py:115} INFO - [2025-05-28 22:43:30,783] {dag.py:2379} INFO - Sync 1 DAGs
[2025-05-28 22:43:30,804] {logging_mixin.py:115} INFO - [2025-05-28 22:43:30,804] {dag.py:2927} INFO - Setting next_dagrun for example_trigger_controller_dag to 2021-01-01T00:00:00+00:00, run_after=2021-01-01T00:00:00+00:00
[2025-05-28 22:43:30,819] {processor.py:161} INFO - Processing /home/cunhaaw/Downloads/APITwitter/venv/lib/python3.9/site-packages/airflow/example_dags/example_trigger_controller_dag.py took 0.077 seconds
[2025-05-28 22:44:06,261] {processor.py:153} INFO - Started process (PID=9499) to work on /home/cunhaaw/Downloads/APITwitter/venv/lib/python3.9/site-packages/airflow/example_dags/example_trigger_controller_dag.py
[2025-05-28 22:44:06,263] {processor.py:641} INFO - Processing file /home/cunhaaw/Downloads/APITwitter/venv/lib/python3.9/site-packages/airflow/example_dags/example_trigger_controller_dag.py for tasks to queue
[2025-05-28 22:44:06,264] {logging_mixin.py:115} INFO - [2025-05-28 22:44:06,263] {dagbag.py:507} INFO - Filling up the DagBag from /home/cunhaaw/Downloads/APITwitter/venv/lib/python3.9/site-packages/airflow/example_dags/example_trigger_controller_dag.py
[2025-05-28 22:44:06,268] {processor.py:651} INFO - DAG(s) dict_keys(['example_trigger_controller_dag']) retrieved from /home/cunhaaw/Downloads/APITwitter/venv/lib/python3.9/site-packages/airflow/example_dags/example_trigger_controller_dag.py
[2025-05-28 22:44:06,288] {logging_mixin.py:115} INFO - [2025-05-28 22:44:06,288] {dag.py:2379} INFO - Sync 1 DAGs
[2025-05-28 22:44:06,309] {logging_mixin.py:115} INFO - [2025-05-28 22:44:06,309] {dag.py:2927} INFO - Setting next_dagrun for example_trigger_controller_dag to 2021-01-01T00:00:00+00:00, run_after=2021-01-01T00:00:00+00:00
[2025-05-28 22:44:06,322] {processor.py:161} INFO - Processing /home/cunhaaw/Downloads/APITwitter/venv/lib/python3.9/site-packages/airflow/example_dags/example_trigger_controller_dag.py took 0.066 seconds
