[2025-05-28 22:34:49,267] {processor.py:153} INFO - Started process (PID=6454) to work on /home/cunhaaw/Downloads/APITwitter/venv/lib/python3.9/site-packages/airflow/example_dags/example_branch_datetime_operator.py
[2025-05-28 22:34:49,268] {processor.py:641} INFO - Processing file /home/cunhaaw/Downloads/APITwitter/venv/lib/python3.9/site-packages/airflow/example_dags/example_branch_datetime_operator.py for tasks to queue
[2025-05-28 22:34:49,269] {logging_mixin.py:115} INFO - [2025-05-28 22:34:49,269] {dagbag.py:507} INFO - Filling up the DagBag from /home/cunhaaw/Downloads/APITwitter/venv/lib/python3.9/site-packages/airflow/example_dags/example_branch_datetime_operator.py
[2025-05-28 22:34:49,280] {processor.py:651} INFO - DAG(s) dict_keys(['example_branch_datetime_operator_2']) retrieved from /home/cunhaaw/Downloads/APITwitter/venv/lib/python3.9/site-packages/airflow/example_dags/example_branch_datetime_operator.py
[2025-05-28 22:34:49,384] {logging_mixin.py:115} INFO - [2025-05-28 22:34:49,384] {manager.py:508} INFO - Created Permission View: can read on DAG:example_branch_datetime_operator_2
[2025-05-28 22:34:49,395] {logging_mixin.py:115} INFO - [2025-05-28 22:34:49,394] {manager.py:508} INFO - Created Permission View: can delete on DAG:example_branch_datetime_operator_2
[2025-05-28 22:34:49,404] {logging_mixin.py:115} INFO - [2025-05-28 22:34:49,404] {manager.py:508} INFO - Created Permission View: can edit on DAG:example_branch_datetime_operator_2
[2025-05-28 22:34:49,405] {logging_mixin.py:115} INFO - [2025-05-28 22:34:49,404] {dag.py:2379} INFO - Sync 1 DAGs
[2025-05-28 22:34:49,417] {logging_mixin.py:115} INFO - [2025-05-28 22:34:49,417] {dag.py:2398} INFO - Creating ORM DAG for example_branch_datetime_operator_2
[2025-05-28 22:34:49,431] {logging_mixin.py:115} INFO - [2025-05-28 22:34:49,431] {dag.py:2927} INFO - Setting next_dagrun for example_branch_datetime_operator_2 to 2025-05-28T00:00:00+00:00, run_after=2025-05-29T00:00:00+00:00
[2025-05-28 22:34:49,471] {processor.py:161} INFO - Processing /home/cunhaaw/Downloads/APITwitter/venv/lib/python3.9/site-packages/airflow/example_dags/example_branch_datetime_operator.py took 0.208 seconds
[2025-05-28 22:35:30,527] {processor.py:153} INFO - Started process (PID=6571) to work on /home/cunhaaw/Downloads/APITwitter/venv/lib/python3.9/site-packages/airflow/example_dags/example_branch_datetime_operator.py
[2025-05-28 22:35:30,529] {processor.py:641} INFO - Processing file /home/cunhaaw/Downloads/APITwitter/venv/lib/python3.9/site-packages/airflow/example_dags/example_branch_datetime_operator.py for tasks to queue
[2025-05-28 22:35:30,529] {logging_mixin.py:115} INFO - [2025-05-28 22:35:30,529] {dagbag.py:507} INFO - Filling up the DagBag from /home/cunhaaw/Downloads/APITwitter/venv/lib/python3.9/site-packages/airflow/example_dags/example_branch_datetime_operator.py
[2025-05-28 22:35:30,542] {processor.py:651} INFO - DAG(s) dict_keys(['example_branch_datetime_operator_2']) retrieved from /home/cunhaaw/Downloads/APITwitter/venv/lib/python3.9/site-packages/airflow/example_dags/example_branch_datetime_operator.py
[2025-05-28 22:35:30,569] {logging_mixin.py:115} INFO - [2025-05-28 22:35:30,569] {dag.py:2379} INFO - Sync 1 DAGs
[2025-05-28 22:35:30,602] {logging_mixin.py:115} INFO - [2025-05-28 22:35:30,602] {dag.py:2927} INFO - Setting next_dagrun for example_branch_datetime_operator_2 to 2025-05-28T00:00:00+00:00, run_after=2025-05-29T00:00:00+00:00
[2025-05-28 22:35:30,620] {processor.py:161} INFO - Processing /home/cunhaaw/Downloads/APITwitter/venv/lib/python3.9/site-packages/airflow/example_dags/example_branch_datetime_operator.py took 0.098 seconds
[2025-05-28 22:36:07,469] {processor.py:153} INFO - Started process (PID=6852) to work on /home/cunhaaw/Downloads/APITwitter/venv/lib/python3.9/site-packages/airflow/example_dags/example_branch_datetime_operator.py
[2025-05-28 22:36:07,471] {processor.py:641} INFO - Processing file /home/cunhaaw/Downloads/APITwitter/venv/lib/python3.9/site-packages/airflow/example_dags/example_branch_datetime_operator.py for tasks to queue
[2025-05-28 22:36:07,472] {logging_mixin.py:115} INFO - [2025-05-28 22:36:07,471] {dagbag.py:507} INFO - Filling up the DagBag from /home/cunhaaw/Downloads/APITwitter/venv/lib/python3.9/site-packages/airflow/example_dags/example_branch_datetime_operator.py
[2025-05-28 22:36:07,491] {processor.py:651} INFO - DAG(s) dict_keys(['example_branch_datetime_operator_2']) retrieved from /home/cunhaaw/Downloads/APITwitter/venv/lib/python3.9/site-packages/airflow/example_dags/example_branch_datetime_operator.py
[2025-05-28 22:36:07,538] {logging_mixin.py:115} INFO - [2025-05-28 22:36:07,538] {dag.py:2379} INFO - Sync 1 DAGs
[2025-05-28 22:36:07,579] {logging_mixin.py:115} INFO - [2025-05-28 22:36:07,579] {dag.py:2927} INFO - Setting next_dagrun for example_branch_datetime_operator_2 to 2025-05-28T00:00:00+00:00, run_after=2025-05-29T00:00:00+00:00
[2025-05-28 22:36:07,603] {processor.py:161} INFO - Processing /home/cunhaaw/Downloads/APITwitter/venv/lib/python3.9/site-packages/airflow/example_dags/example_branch_datetime_operator.py took 0.145 seconds
[2025-05-28 22:36:44,071] {processor.py:153} INFO - Started process (PID=7103) to work on /home/cunhaaw/Downloads/APITwitter/venv/lib/python3.9/site-packages/airflow/example_dags/example_branch_datetime_operator.py
[2025-05-28 22:36:44,073] {processor.py:641} INFO - Processing file /home/cunhaaw/Downloads/APITwitter/venv/lib/python3.9/site-packages/airflow/example_dags/example_branch_datetime_operator.py for tasks to queue
[2025-05-28 22:36:44,074] {logging_mixin.py:115} INFO - [2025-05-28 22:36:44,074] {dagbag.py:507} INFO - Filling up the DagBag from /home/cunhaaw/Downloads/APITwitter/venv/lib/python3.9/site-packages/airflow/example_dags/example_branch_datetime_operator.py
[2025-05-28 22:36:44,108] {processor.py:651} INFO - DAG(s) dict_keys(['example_branch_datetime_operator_2']) retrieved from /home/cunhaaw/Downloads/APITwitter/venv/lib/python3.9/site-packages/airflow/example_dags/example_branch_datetime_operator.py
[2025-05-28 22:36:44,155] {logging_mixin.py:115} INFO - [2025-05-28 22:36:44,155] {dag.py:2379} INFO - Sync 1 DAGs
[2025-05-28 22:36:44,199] {logging_mixin.py:115} INFO - [2025-05-28 22:36:44,199] {dag.py:2927} INFO - Setting next_dagrun for example_branch_datetime_operator_2 to 2025-05-28T00:00:00+00:00, run_after=2025-05-29T00:00:00+00:00
[2025-05-28 22:36:44,219] {processor.py:161} INFO - Processing /home/cunhaaw/Downloads/APITwitter/venv/lib/python3.9/site-packages/airflow/example_dags/example_branch_datetime_operator.py took 0.159 seconds
[2025-05-28 22:37:20,502] {processor.py:153} INFO - Started process (PID=7309) to work on /home/cunhaaw/Downloads/APITwitter/venv/lib/python3.9/site-packages/airflow/example_dags/example_branch_datetime_operator.py
[2025-05-28 22:37:20,503] {processor.py:641} INFO - Processing file /home/cunhaaw/Downloads/APITwitter/venv/lib/python3.9/site-packages/airflow/example_dags/example_branch_datetime_operator.py for tasks to queue
[2025-05-28 22:37:20,504] {logging_mixin.py:115} INFO - [2025-05-28 22:37:20,504] {dagbag.py:507} INFO - Filling up the DagBag from /home/cunhaaw/Downloads/APITwitter/venv/lib/python3.9/site-packages/airflow/example_dags/example_branch_datetime_operator.py
[2025-05-28 22:37:20,516] {processor.py:651} INFO - DAG(s) dict_keys(['example_branch_datetime_operator_2']) retrieved from /home/cunhaaw/Downloads/APITwitter/venv/lib/python3.9/site-packages/airflow/example_dags/example_branch_datetime_operator.py
[2025-05-28 22:37:20,537] {logging_mixin.py:115} INFO - [2025-05-28 22:37:20,537] {dag.py:2379} INFO - Sync 1 DAGs
[2025-05-28 22:37:20,564] {logging_mixin.py:115} INFO - [2025-05-28 22:37:20,564] {dag.py:2927} INFO - Setting next_dagrun for example_branch_datetime_operator_2 to 2025-05-28T00:00:00+00:00, run_after=2025-05-29T00:00:00+00:00
[2025-05-28 22:37:20,580] {processor.py:161} INFO - Processing /home/cunhaaw/Downloads/APITwitter/venv/lib/python3.9/site-packages/airflow/example_dags/example_branch_datetime_operator.py took 0.083 seconds
[2025-05-28 22:37:57,245] {processor.py:153} INFO - Started process (PID=7403) to work on /home/cunhaaw/Downloads/APITwitter/venv/lib/python3.9/site-packages/airflow/example_dags/example_branch_datetime_operator.py
[2025-05-28 22:37:57,247] {processor.py:641} INFO - Processing file /home/cunhaaw/Downloads/APITwitter/venv/lib/python3.9/site-packages/airflow/example_dags/example_branch_datetime_operator.py for tasks to queue
[2025-05-28 22:37:57,249] {logging_mixin.py:115} INFO - [2025-05-28 22:37:57,249] {dagbag.py:507} INFO - Filling up the DagBag from /home/cunhaaw/Downloads/APITwitter/venv/lib/python3.9/site-packages/airflow/example_dags/example_branch_datetime_operator.py
[2025-05-28 22:37:57,267] {processor.py:651} INFO - DAG(s) dict_keys(['example_branch_datetime_operator_2']) retrieved from /home/cunhaaw/Downloads/APITwitter/venv/lib/python3.9/site-packages/airflow/example_dags/example_branch_datetime_operator.py
[2025-05-28 22:37:57,302] {logging_mixin.py:115} INFO - [2025-05-28 22:37:57,302] {dag.py:2379} INFO - Sync 1 DAGs
[2025-05-28 22:37:57,340] {logging_mixin.py:115} INFO - [2025-05-28 22:37:57,340] {dag.py:2927} INFO - Setting next_dagrun for example_branch_datetime_operator_2 to 2025-05-28T00:00:00+00:00, run_after=2025-05-29T00:00:00+00:00
[2025-05-28 22:37:57,362] {processor.py:161} INFO - Processing /home/cunhaaw/Downloads/APITwitter/venv/lib/python3.9/site-packages/airflow/example_dags/example_branch_datetime_operator.py took 0.129 seconds
[2025-05-28 22:38:35,668] {processor.py:153} INFO - Started process (PID=7598) to work on /home/cunhaaw/Downloads/APITwitter/venv/lib/python3.9/site-packages/airflow/example_dags/example_branch_datetime_operator.py
[2025-05-28 22:38:35,670] {processor.py:641} INFO - Processing file /home/cunhaaw/Downloads/APITwitter/venv/lib/python3.9/site-packages/airflow/example_dags/example_branch_datetime_operator.py for tasks to queue
[2025-05-28 22:38:35,673] {logging_mixin.py:115} INFO - [2025-05-28 22:38:35,673] {dagbag.py:507} INFO - Filling up the DagBag from /home/cunhaaw/Downloads/APITwitter/venv/lib/python3.9/site-packages/airflow/example_dags/example_branch_datetime_operator.py
[2025-05-28 22:38:35,689] {processor.py:651} INFO - DAG(s) dict_keys(['example_branch_datetime_operator_2']) retrieved from /home/cunhaaw/Downloads/APITwitter/venv/lib/python3.9/site-packages/airflow/example_dags/example_branch_datetime_operator.py
[2025-05-28 22:38:35,722] {logging_mixin.py:115} INFO - [2025-05-28 22:38:35,722] {dag.py:2379} INFO - Sync 1 DAGs
[2025-05-28 22:38:35,763] {logging_mixin.py:115} INFO - [2025-05-28 22:38:35,763] {dag.py:2927} INFO - Setting next_dagrun for example_branch_datetime_operator_2 to 2025-05-28T00:00:00+00:00, run_after=2025-05-29T00:00:00+00:00
[2025-05-28 22:38:35,783] {processor.py:161} INFO - Processing /home/cunhaaw/Downloads/APITwitter/venv/lib/python3.9/site-packages/airflow/example_dags/example_branch_datetime_operator.py took 0.122 seconds
[2025-05-28 22:39:16,852] {processor.py:153} INFO - Started process (PID=7883) to work on /home/cunhaaw/Downloads/APITwitter/venv/lib/python3.9/site-packages/airflow/example_dags/example_branch_datetime_operator.py
[2025-05-28 22:39:16,854] {processor.py:641} INFO - Processing file /home/cunhaaw/Downloads/APITwitter/venv/lib/python3.9/site-packages/airflow/example_dags/example_branch_datetime_operator.py for tasks to queue
[2025-05-28 22:39:16,855] {logging_mixin.py:115} INFO - [2025-05-28 22:39:16,855] {dagbag.py:507} INFO - Filling up the DagBag from /home/cunhaaw/Downloads/APITwitter/venv/lib/python3.9/site-packages/airflow/example_dags/example_branch_datetime_operator.py
[2025-05-28 22:39:16,874] {processor.py:651} INFO - DAG(s) dict_keys(['example_branch_datetime_operator_2']) retrieved from /home/cunhaaw/Downloads/APITwitter/venv/lib/python3.9/site-packages/airflow/example_dags/example_branch_datetime_operator.py
[2025-05-28 22:39:16,904] {logging_mixin.py:115} INFO - [2025-05-28 22:39:16,904] {dag.py:2379} INFO - Sync 1 DAGs
[2025-05-28 22:39:16,941] {logging_mixin.py:115} INFO - [2025-05-28 22:39:16,941] {dag.py:2927} INFO - Setting next_dagrun for example_branch_datetime_operator_2 to 2025-05-28T00:00:00+00:00, run_after=2025-05-29T00:00:00+00:00
[2025-05-28 22:39:16,962] {processor.py:161} INFO - Processing /home/cunhaaw/Downloads/APITwitter/venv/lib/python3.9/site-packages/airflow/example_dags/example_branch_datetime_operator.py took 0.120 seconds
[2025-05-28 22:39:52,546] {processor.py:153} INFO - Started process (PID=7979) to work on /home/cunhaaw/Downloads/APITwitter/venv/lib/python3.9/site-packages/airflow/example_dags/example_branch_datetime_operator.py
[2025-05-28 22:39:52,548] {processor.py:641} INFO - Processing file /home/cunhaaw/Downloads/APITwitter/venv/lib/python3.9/site-packages/airflow/example_dags/example_branch_datetime_operator.py for tasks to queue
[2025-05-28 22:39:52,549] {logging_mixin.py:115} INFO - [2025-05-28 22:39:52,549] {dagbag.py:507} INFO - Filling up the DagBag from /home/cunhaaw/Downloads/APITwitter/venv/lib/python3.9/site-packages/airflow/example_dags/example_branch_datetime_operator.py
[2025-05-28 22:39:52,559] {processor.py:651} INFO - DAG(s) dict_keys(['example_branch_datetime_operator_2']) retrieved from /home/cunhaaw/Downloads/APITwitter/venv/lib/python3.9/site-packages/airflow/example_dags/example_branch_datetime_operator.py
[2025-05-28 22:39:52,580] {logging_mixin.py:115} INFO - [2025-05-28 22:39:52,579] {dag.py:2379} INFO - Sync 1 DAGs
[2025-05-28 22:39:52,602] {logging_mixin.py:115} INFO - [2025-05-28 22:39:52,602] {dag.py:2927} INFO - Setting next_dagrun for example_branch_datetime_operator_2 to 2025-05-28T00:00:00+00:00, run_after=2025-05-29T00:00:00+00:00
[2025-05-28 22:39:52,617] {processor.py:161} INFO - Processing /home/cunhaaw/Downloads/APITwitter/venv/lib/python3.9/site-packages/airflow/example_dags/example_branch_datetime_operator.py took 0.074 seconds
[2025-05-28 22:40:29,296] {processor.py:153} INFO - Started process (PID=8200) to work on /home/cunhaaw/Downloads/APITwitter/venv/lib/python3.9/site-packages/airflow/example_dags/example_branch_datetime_operator.py
[2025-05-28 22:40:29,297] {processor.py:641} INFO - Processing file /home/cunhaaw/Downloads/APITwitter/venv/lib/python3.9/site-packages/airflow/example_dags/example_branch_datetime_operator.py for tasks to queue
[2025-05-28 22:40:29,298] {logging_mixin.py:115} INFO - [2025-05-28 22:40:29,298] {dagbag.py:507} INFO - Filling up the DagBag from /home/cunhaaw/Downloads/APITwitter/venv/lib/python3.9/site-packages/airflow/example_dags/example_branch_datetime_operator.py
[2025-05-28 22:40:29,312] {processor.py:651} INFO - DAG(s) dict_keys(['example_branch_datetime_operator_2']) retrieved from /home/cunhaaw/Downloads/APITwitter/venv/lib/python3.9/site-packages/airflow/example_dags/example_branch_datetime_operator.py
[2025-05-28 22:40:29,334] {logging_mixin.py:115} INFO - [2025-05-28 22:40:29,334] {dag.py:2379} INFO - Sync 1 DAGs
[2025-05-28 22:40:29,359] {logging_mixin.py:115} INFO - [2025-05-28 22:40:29,359] {dag.py:2927} INFO - Setting next_dagrun for example_branch_datetime_operator_2 to 2025-05-28T00:00:00+00:00, run_after=2025-05-29T00:00:00+00:00
[2025-05-28 22:40:29,378] {processor.py:161} INFO - Processing /home/cunhaaw/Downloads/APITwitter/venv/lib/python3.9/site-packages/airflow/example_dags/example_branch_datetime_operator.py took 0.089 seconds
[2025-05-28 22:41:09,536] {processor.py:153} INFO - Started process (PID=8328) to work on /home/cunhaaw/Downloads/APITwitter/venv/lib/python3.9/site-packages/airflow/example_dags/example_branch_datetime_operator.py
[2025-05-28 22:41:09,537] {processor.py:641} INFO - Processing file /home/cunhaaw/Downloads/APITwitter/venv/lib/python3.9/site-packages/airflow/example_dags/example_branch_datetime_operator.py for tasks to queue
[2025-05-28 22:41:09,538] {logging_mixin.py:115} INFO - [2025-05-28 22:41:09,538] {dagbag.py:507} INFO - Filling up the DagBag from /home/cunhaaw/Downloads/APITwitter/venv/lib/python3.9/site-packages/airflow/example_dags/example_branch_datetime_operator.py
[2025-05-28 22:41:09,558] {processor.py:651} INFO - DAG(s) dict_keys(['example_branch_datetime_operator_2']) retrieved from /home/cunhaaw/Downloads/APITwitter/venv/lib/python3.9/site-packages/airflow/example_dags/example_branch_datetime_operator.py
[2025-05-28 22:41:09,606] {logging_mixin.py:115} INFO - [2025-05-28 22:41:09,606] {dag.py:2379} INFO - Sync 1 DAGs
[2025-05-28 22:41:09,661] {logging_mixin.py:115} INFO - [2025-05-28 22:41:09,661] {dag.py:2927} INFO - Setting next_dagrun for example_branch_datetime_operator_2 to 2025-05-28T00:00:00+00:00, run_after=2025-05-29T00:00:00+00:00
[2025-05-28 22:41:09,689] {processor.py:161} INFO - Processing /home/cunhaaw/Downloads/APITwitter/venv/lib/python3.9/site-packages/airflow/example_dags/example_branch_datetime_operator.py took 0.161 seconds
[2025-05-28 22:41:50,828] {processor.py:153} INFO - Started process (PID=8817) to work on /home/cunhaaw/Downloads/APITwitter/venv/lib/python3.9/site-packages/airflow/example_dags/example_branch_datetime_operator.py
[2025-05-28 22:41:50,831] {processor.py:641} INFO - Processing file /home/cunhaaw/Downloads/APITwitter/venv/lib/python3.9/site-packages/airflow/example_dags/example_branch_datetime_operator.py for tasks to queue
[2025-05-28 22:41:50,833] {logging_mixin.py:115} INFO - [2025-05-28 22:41:50,833] {dagbag.py:507} INFO - Filling up the DagBag from /home/cunhaaw/Downloads/APITwitter/venv/lib/python3.9/site-packages/airflow/example_dags/example_branch_datetime_operator.py
[2025-05-28 22:41:50,860] {processor.py:651} INFO - DAG(s) dict_keys(['example_branch_datetime_operator_2']) retrieved from /home/cunhaaw/Downloads/APITwitter/venv/lib/python3.9/site-packages/airflow/example_dags/example_branch_datetime_operator.py
[2025-05-28 22:41:50,905] {logging_mixin.py:115} INFO - [2025-05-28 22:41:50,905] {dag.py:2379} INFO - Sync 1 DAGs
[2025-05-28 22:41:50,956] {logging_mixin.py:115} INFO - [2025-05-28 22:41:50,955] {dag.py:2927} INFO - Setting next_dagrun for example_branch_datetime_operator_2 to 2025-05-28T00:00:00+00:00, run_after=2025-05-29T00:00:00+00:00
[2025-05-28 22:41:51,023] {processor.py:161} INFO - Processing /home/cunhaaw/Downloads/APITwitter/venv/lib/python3.9/site-packages/airflow/example_dags/example_branch_datetime_operator.py took 0.208 seconds
[2025-05-28 22:42:29,063] {processor.py:153} INFO - Started process (PID=9009) to work on /home/cunhaaw/Downloads/APITwitter/venv/lib/python3.9/site-packages/airflow/example_dags/example_branch_datetime_operator.py
[2025-05-28 22:42:29,066] {processor.py:641} INFO - Processing file /home/cunhaaw/Downloads/APITwitter/venv/lib/python3.9/site-packages/airflow/example_dags/example_branch_datetime_operator.py for tasks to queue
[2025-05-28 22:42:29,067] {logging_mixin.py:115} INFO - [2025-05-28 22:42:29,067] {dagbag.py:507} INFO - Filling up the DagBag from /home/cunhaaw/Downloads/APITwitter/venv/lib/python3.9/site-packages/airflow/example_dags/example_branch_datetime_operator.py
[2025-05-28 22:42:29,083] {processor.py:651} INFO - DAG(s) dict_keys(['example_branch_datetime_operator_2']) retrieved from /home/cunhaaw/Downloads/APITwitter/venv/lib/python3.9/site-packages/airflow/example_dags/example_branch_datetime_operator.py
[2025-05-28 22:42:29,132] {logging_mixin.py:115} INFO - [2025-05-28 22:42:29,130] {dag.py:2379} INFO - Sync 1 DAGs
[2025-05-28 22:42:29,187] {logging_mixin.py:115} INFO - [2025-05-28 22:42:29,187] {dag.py:2927} INFO - Setting next_dagrun for example_branch_datetime_operator_2 to 2025-05-28T00:00:00+00:00, run_after=2025-05-29T00:00:00+00:00
[2025-05-28 22:42:29,211] {processor.py:161} INFO - Processing /home/cunhaaw/Downloads/APITwitter/venv/lib/python3.9/site-packages/airflow/example_dags/example_branch_datetime_operator.py took 0.156 seconds
[2025-05-28 22:43:09,985] {processor.py:153} INFO - Started process (PID=9280) to work on /home/cunhaaw/Downloads/APITwitter/venv/lib/python3.9/site-packages/airflow/example_dags/example_branch_datetime_operator.py
[2025-05-28 22:43:09,986] {processor.py:641} INFO - Processing file /home/cunhaaw/Downloads/APITwitter/venv/lib/python3.9/site-packages/airflow/example_dags/example_branch_datetime_operator.py for tasks to queue
[2025-05-28 22:43:09,987] {logging_mixin.py:115} INFO - [2025-05-28 22:43:09,987] {dagbag.py:507} INFO - Filling up the DagBag from /home/cunhaaw/Downloads/APITwitter/venv/lib/python3.9/site-packages/airflow/example_dags/example_branch_datetime_operator.py
[2025-05-28 22:43:09,997] {processor.py:651} INFO - DAG(s) dict_keys(['example_branch_datetime_operator_2']) retrieved from /home/cunhaaw/Downloads/APITwitter/venv/lib/python3.9/site-packages/airflow/example_dags/example_branch_datetime_operator.py
[2025-05-28 22:43:10,017] {logging_mixin.py:115} INFO - [2025-05-28 22:43:10,017] {dag.py:2379} INFO - Sync 1 DAGs
[2025-05-28 22:43:10,040] {logging_mixin.py:115} INFO - [2025-05-28 22:43:10,039] {dag.py:2927} INFO - Setting next_dagrun for example_branch_datetime_operator_2 to 2025-05-28T00:00:00+00:00, run_after=2025-05-29T00:00:00+00:00
[2025-05-28 22:43:10,054] {processor.py:161} INFO - Processing /home/cunhaaw/Downloads/APITwitter/venv/lib/python3.9/site-packages/airflow/example_dags/example_branch_datetime_operator.py took 0.073 seconds
[2025-05-28 22:43:45,483] {processor.py:153} INFO - Started process (PID=9447) to work on /home/cunhaaw/Downloads/APITwitter/venv/lib/python3.9/site-packages/airflow/example_dags/example_branch_datetime_operator.py
[2025-05-28 22:43:45,484] {processor.py:641} INFO - Processing file /home/cunhaaw/Downloads/APITwitter/venv/lib/python3.9/site-packages/airflow/example_dags/example_branch_datetime_operator.py for tasks to queue
[2025-05-28 22:43:45,484] {logging_mixin.py:115} INFO - [2025-05-28 22:43:45,484] {dagbag.py:507} INFO - Filling up the DagBag from /home/cunhaaw/Downloads/APITwitter/venv/lib/python3.9/site-packages/airflow/example_dags/example_branch_datetime_operator.py
[2025-05-28 22:43:45,494] {processor.py:651} INFO - DAG(s) dict_keys(['example_branch_datetime_operator_2']) retrieved from /home/cunhaaw/Downloads/APITwitter/venv/lib/python3.9/site-packages/airflow/example_dags/example_branch_datetime_operator.py
[2025-05-28 22:43:45,515] {logging_mixin.py:115} INFO - [2025-05-28 22:43:45,515] {dag.py:2379} INFO - Sync 1 DAGs
[2025-05-28 22:43:45,538] {logging_mixin.py:115} INFO - [2025-05-28 22:43:45,537] {dag.py:2927} INFO - Setting next_dagrun for example_branch_datetime_operator_2 to 2025-05-28T00:00:00+00:00, run_after=2025-05-29T00:00:00+00:00
[2025-05-28 22:43:45,552] {processor.py:161} INFO - Processing /home/cunhaaw/Downloads/APITwitter/venv/lib/python3.9/site-packages/airflow/example_dags/example_branch_datetime_operator.py took 0.074 seconds
