[2025-05-28 22:34:30,305] {processor.py:153} INFO - Started process (PID=6335) to work on /home/cunhaaw/Downloads/APITwitter/venv/lib/python3.9/site-packages/airflow/example_dags/example_time_delta_sensor_async.py
[2025-05-28 22:34:30,306] {processor.py:641} INFO - Processing file /home/cunhaaw/Downloads/APITwitter/venv/lib/python3.9/site-packages/airflow/example_dags/example_time_delta_sensor_async.py for tasks to queue
[2025-05-28 22:34:30,306] {logging_mixin.py:115} INFO - [2025-05-28 22:34:30,306] {dagbag.py:507} INFO - Filling up the DagBag from /home/cunhaaw/Downloads/APITwitter/venv/lib/python3.9/site-packages/airflow/example_dags/example_time_delta_sensor_async.py
[2025-05-28 22:34:30,314] {processor.py:651} INFO - DAG(s) dict_keys(['example_time_delta_sensor_async']) retrieved from /home/cunhaaw/Downloads/APITwitter/venv/lib/python3.9/site-packages/airflow/example_dags/example_time_delta_sensor_async.py
[2025-05-28 22:34:30,423] {logging_mixin.py:115} INFO - [2025-05-28 22:34:30,423] {manager.py:508} INFO - Created Permission View: can read on DAG:example_time_delta_sensor_async
[2025-05-28 22:34:30,437] {logging_mixin.py:115} INFO - [2025-05-28 22:34:30,437] {manager.py:508} INFO - Created Permission View: can delete on DAG:example_time_delta_sensor_async
[2025-05-28 22:34:30,447] {logging_mixin.py:115} INFO - [2025-05-28 22:34:30,446] {manager.py:508} INFO - Created Permission View: can edit on DAG:example_time_delta_sensor_async
[2025-05-28 22:34:30,447] {logging_mixin.py:115} INFO - [2025-05-28 22:34:30,447] {dag.py:2379} INFO - Sync 1 DAGs
[2025-05-28 22:34:30,463] {logging_mixin.py:115} INFO - [2025-05-28 22:34:30,462] {dag.py:2398} INFO - Creating ORM DAG for example_time_delta_sensor_async
[2025-05-28 22:34:30,477] {logging_mixin.py:115} INFO - [2025-05-28 22:34:30,477] {dag.py:2927} INFO - Setting next_dagrun for example_time_delta_sensor_async to None, run_after=None
[2025-05-28 22:34:30,502] {processor.py:161} INFO - Processing /home/cunhaaw/Downloads/APITwitter/venv/lib/python3.9/site-packages/airflow/example_dags/example_time_delta_sensor_async.py took 0.202 seconds
[2025-05-28 22:35:15,448] {processor.py:153} INFO - Started process (PID=6483) to work on /home/cunhaaw/Downloads/APITwitter/venv/lib/python3.9/site-packages/airflow/example_dags/example_time_delta_sensor_async.py
[2025-05-28 22:35:15,450] {processor.py:641} INFO - Processing file /home/cunhaaw/Downloads/APITwitter/venv/lib/python3.9/site-packages/airflow/example_dags/example_time_delta_sensor_async.py for tasks to queue
[2025-05-28 22:35:15,452] {logging_mixin.py:115} INFO - [2025-05-28 22:35:15,451] {dagbag.py:507} INFO - Filling up the DagBag from /home/cunhaaw/Downloads/APITwitter/venv/lib/python3.9/site-packages/airflow/example_dags/example_time_delta_sensor_async.py
[2025-05-28 22:35:15,461] {processor.py:651} INFO - DAG(s) dict_keys(['example_time_delta_sensor_async']) retrieved from /home/cunhaaw/Downloads/APITwitter/venv/lib/python3.9/site-packages/airflow/example_dags/example_time_delta_sensor_async.py
[2025-05-28 22:35:15,493] {logging_mixin.py:115} INFO - [2025-05-28 22:35:15,493] {dag.py:2379} INFO - Sync 1 DAGs
[2025-05-28 22:35:15,524] {logging_mixin.py:115} INFO - [2025-05-28 22:35:15,524] {dag.py:2927} INFO - Setting next_dagrun for example_time_delta_sensor_async to None, run_after=None
[2025-05-28 22:35:15,548] {processor.py:161} INFO - Processing /home/cunhaaw/Downloads/APITwitter/venv/lib/python3.9/site-packages/airflow/example_dags/example_time_delta_sensor_async.py took 0.106 seconds
[2025-05-28 22:35:53,092] {processor.py:153} INFO - Started process (PID=6664) to work on /home/cunhaaw/Downloads/APITwitter/venv/lib/python3.9/site-packages/airflow/example_dags/example_time_delta_sensor_async.py
[2025-05-28 22:35:53,096] {processor.py:641} INFO - Processing file /home/cunhaaw/Downloads/APITwitter/venv/lib/python3.9/site-packages/airflow/example_dags/example_time_delta_sensor_async.py for tasks to queue
[2025-05-28 22:35:53,098] {logging_mixin.py:115} INFO - [2025-05-28 22:35:53,098] {dagbag.py:507} INFO - Filling up the DagBag from /home/cunhaaw/Downloads/APITwitter/venv/lib/python3.9/site-packages/airflow/example_dags/example_time_delta_sensor_async.py
[2025-05-28 22:35:53,108] {processor.py:651} INFO - DAG(s) dict_keys(['example_time_delta_sensor_async']) retrieved from /home/cunhaaw/Downloads/APITwitter/venv/lib/python3.9/site-packages/airflow/example_dags/example_time_delta_sensor_async.py
[2025-05-28 22:35:53,153] {logging_mixin.py:115} INFO - [2025-05-28 22:35:53,153] {dag.py:2379} INFO - Sync 1 DAGs
[2025-05-28 22:35:53,179] {logging_mixin.py:115} INFO - [2025-05-28 22:35:53,179] {dag.py:2927} INFO - Setting next_dagrun for example_time_delta_sensor_async to None, run_after=None
[2025-05-28 22:35:53,199] {processor.py:161} INFO - Processing /home/cunhaaw/Downloads/APITwitter/venv/lib/python3.9/site-packages/airflow/example_dags/example_time_delta_sensor_async.py took 0.117 seconds
[2025-05-28 22:36:29,613] {processor.py:153} INFO - Started process (PID=7088) to work on /home/cunhaaw/Downloads/APITwitter/venv/lib/python3.9/site-packages/airflow/example_dags/example_time_delta_sensor_async.py
[2025-05-28 22:36:29,614] {processor.py:641} INFO - Processing file /home/cunhaaw/Downloads/APITwitter/venv/lib/python3.9/site-packages/airflow/example_dags/example_time_delta_sensor_async.py for tasks to queue
[2025-05-28 22:36:29,615] {logging_mixin.py:115} INFO - [2025-05-28 22:36:29,615] {dagbag.py:507} INFO - Filling up the DagBag from /home/cunhaaw/Downloads/APITwitter/venv/lib/python3.9/site-packages/airflow/example_dags/example_time_delta_sensor_async.py
[2025-05-28 22:36:29,628] {processor.py:651} INFO - DAG(s) dict_keys(['example_time_delta_sensor_async']) retrieved from /home/cunhaaw/Downloads/APITwitter/venv/lib/python3.9/site-packages/airflow/example_dags/example_time_delta_sensor_async.py
[2025-05-28 22:36:29,665] {logging_mixin.py:115} INFO - [2025-05-28 22:36:29,665] {dag.py:2379} INFO - Sync 1 DAGs
[2025-05-28 22:36:29,690] {logging_mixin.py:115} INFO - [2025-05-28 22:36:29,690] {dag.py:2927} INFO - Setting next_dagrun for example_time_delta_sensor_async to None, run_after=None
[2025-05-28 22:36:29,724] {processor.py:161} INFO - Processing /home/cunhaaw/Downloads/APITwitter/venv/lib/python3.9/site-packages/airflow/example_dags/example_time_delta_sensor_async.py took 0.122 seconds
[2025-05-28 22:37:06,190] {processor.py:153} INFO - Started process (PID=7292) to work on /home/cunhaaw/Downloads/APITwitter/venv/lib/python3.9/site-packages/airflow/example_dags/example_time_delta_sensor_async.py
[2025-05-28 22:37:06,192] {processor.py:641} INFO - Processing file /home/cunhaaw/Downloads/APITwitter/venv/lib/python3.9/site-packages/airflow/example_dags/example_time_delta_sensor_async.py for tasks to queue
[2025-05-28 22:37:06,193] {logging_mixin.py:115} INFO - [2025-05-28 22:37:06,193] {dagbag.py:507} INFO - Filling up the DagBag from /home/cunhaaw/Downloads/APITwitter/venv/lib/python3.9/site-packages/airflow/example_dags/example_time_delta_sensor_async.py
[2025-05-28 22:37:06,203] {processor.py:651} INFO - DAG(s) dict_keys(['example_time_delta_sensor_async']) retrieved from /home/cunhaaw/Downloads/APITwitter/venv/lib/python3.9/site-packages/airflow/example_dags/example_time_delta_sensor_async.py
[2025-05-28 22:37:06,237] {logging_mixin.py:115} INFO - [2025-05-28 22:37:06,237] {dag.py:2379} INFO - Sync 1 DAGs
[2025-05-28 22:37:06,255] {logging_mixin.py:115} INFO - [2025-05-28 22:37:06,255] {dag.py:2927} INFO - Setting next_dagrun for example_time_delta_sensor_async to None, run_after=None
[2025-05-28 22:37:06,271] {processor.py:161} INFO - Processing /home/cunhaaw/Downloads/APITwitter/venv/lib/python3.9/site-packages/airflow/example_dags/example_time_delta_sensor_async.py took 0.087 seconds
[2025-05-28 22:37:41,241] {processor.py:153} INFO - Started process (PID=7333) to work on /home/cunhaaw/Downloads/APITwitter/venv/lib/python3.9/site-packages/airflow/example_dags/example_time_delta_sensor_async.py
[2025-05-28 22:37:41,242] {processor.py:641} INFO - Processing file /home/cunhaaw/Downloads/APITwitter/venv/lib/python3.9/site-packages/airflow/example_dags/example_time_delta_sensor_async.py for tasks to queue
[2025-05-28 22:37:41,243] {logging_mixin.py:115} INFO - [2025-05-28 22:37:41,243] {dagbag.py:507} INFO - Filling up the DagBag from /home/cunhaaw/Downloads/APITwitter/venv/lib/python3.9/site-packages/airflow/example_dags/example_time_delta_sensor_async.py
[2025-05-28 22:37:41,251] {processor.py:651} INFO - DAG(s) dict_keys(['example_time_delta_sensor_async']) retrieved from /home/cunhaaw/Downloads/APITwitter/venv/lib/python3.9/site-packages/airflow/example_dags/example_time_delta_sensor_async.py
[2025-05-28 22:37:41,285] {logging_mixin.py:115} INFO - [2025-05-28 22:37:41,284] {dag.py:2379} INFO - Sync 1 DAGs
[2025-05-28 22:37:41,305] {logging_mixin.py:115} INFO - [2025-05-28 22:37:41,305] {dag.py:2927} INFO - Setting next_dagrun for example_time_delta_sensor_async to None, run_after=None
[2025-05-28 22:37:41,323] {processor.py:161} INFO - Processing /home/cunhaaw/Downloads/APITwitter/venv/lib/python3.9/site-packages/airflow/example_dags/example_time_delta_sensor_async.py took 0.087 seconds
[2025-05-28 22:38:18,697] {processor.py:153} INFO - Started process (PID=7476) to work on /home/cunhaaw/Downloads/APITwitter/venv/lib/python3.9/site-packages/airflow/example_dags/example_time_delta_sensor_async.py
[2025-05-28 22:38:18,699] {processor.py:641} INFO - Processing file /home/cunhaaw/Downloads/APITwitter/venv/lib/python3.9/site-packages/airflow/example_dags/example_time_delta_sensor_async.py for tasks to queue
[2025-05-28 22:38:18,701] {logging_mixin.py:115} INFO - [2025-05-28 22:38:18,701] {dagbag.py:507} INFO - Filling up the DagBag from /home/cunhaaw/Downloads/APITwitter/venv/lib/python3.9/site-packages/airflow/example_dags/example_time_delta_sensor_async.py
[2025-05-28 22:38:18,710] {processor.py:651} INFO - DAG(s) dict_keys(['example_time_delta_sensor_async']) retrieved from /home/cunhaaw/Downloads/APITwitter/venv/lib/python3.9/site-packages/airflow/example_dags/example_time_delta_sensor_async.py
[2025-05-28 22:38:18,748] {logging_mixin.py:115} INFO - [2025-05-28 22:38:18,748] {dag.py:2379} INFO - Sync 1 DAGs
[2025-05-28 22:38:18,778] {logging_mixin.py:115} INFO - [2025-05-28 22:38:18,777] {dag.py:2927} INFO - Setting next_dagrun for example_time_delta_sensor_async to None, run_after=None
[2025-05-28 22:38:18,798] {processor.py:161} INFO - Processing /home/cunhaaw/Downloads/APITwitter/venv/lib/python3.9/site-packages/airflow/example_dags/example_time_delta_sensor_async.py took 0.108 seconds
[2025-05-28 22:38:58,788] {processor.py:153} INFO - Started process (PID=7709) to work on /home/cunhaaw/Downloads/APITwitter/venv/lib/python3.9/site-packages/airflow/example_dags/example_time_delta_sensor_async.py
[2025-05-28 22:38:58,797] {processor.py:641} INFO - Processing file /home/cunhaaw/Downloads/APITwitter/venv/lib/python3.9/site-packages/airflow/example_dags/example_time_delta_sensor_async.py for tasks to queue
[2025-05-28 22:38:58,799] {logging_mixin.py:115} INFO - [2025-05-28 22:38:58,799] {dagbag.py:507} INFO - Filling up the DagBag from /home/cunhaaw/Downloads/APITwitter/venv/lib/python3.9/site-packages/airflow/example_dags/example_time_delta_sensor_async.py
[2025-05-28 22:38:58,836] {processor.py:651} INFO - DAG(s) dict_keys(['example_time_delta_sensor_async']) retrieved from /home/cunhaaw/Downloads/APITwitter/venv/lib/python3.9/site-packages/airflow/example_dags/example_time_delta_sensor_async.py
[2025-05-28 22:38:58,944] {logging_mixin.py:115} INFO - [2025-05-28 22:38:58,944] {dag.py:2379} INFO - Sync 1 DAGs
[2025-05-28 22:38:59,020] {logging_mixin.py:115} INFO - [2025-05-28 22:38:59,020] {dag.py:2927} INFO - Setting next_dagrun for example_time_delta_sensor_async to None, run_after=None
[2025-05-28 22:38:59,064] {processor.py:161} INFO - Processing /home/cunhaaw/Downloads/APITwitter/venv/lib/python3.9/site-packages/airflow/example_dags/example_time_delta_sensor_async.py took 0.292 seconds
[2025-05-28 22:39:36,110] {processor.py:153} INFO - Started process (PID=7929) to work on /home/cunhaaw/Downloads/APITwitter/venv/lib/python3.9/site-packages/airflow/example_dags/example_time_delta_sensor_async.py
[2025-05-28 22:39:36,114] {processor.py:641} INFO - Processing file /home/cunhaaw/Downloads/APITwitter/venv/lib/python3.9/site-packages/airflow/example_dags/example_time_delta_sensor_async.py for tasks to queue
[2025-05-28 22:39:36,116] {logging_mixin.py:115} INFO - [2025-05-28 22:39:36,116] {dagbag.py:507} INFO - Filling up the DagBag from /home/cunhaaw/Downloads/APITwitter/venv/lib/python3.9/site-packages/airflow/example_dags/example_time_delta_sensor_async.py
[2025-05-28 22:39:36,141] {processor.py:651} INFO - DAG(s) dict_keys(['example_time_delta_sensor_async']) retrieved from /home/cunhaaw/Downloads/APITwitter/venv/lib/python3.9/site-packages/airflow/example_dags/example_time_delta_sensor_async.py
[2025-05-28 22:39:36,255] {logging_mixin.py:115} INFO - [2025-05-28 22:39:36,254] {dag.py:2379} INFO - Sync 1 DAGs
[2025-05-28 22:39:36,308] {logging_mixin.py:115} INFO - [2025-05-28 22:39:36,308] {dag.py:2927} INFO - Setting next_dagrun for example_time_delta_sensor_async to None, run_after=None
[2025-05-28 22:39:36,341] {processor.py:161} INFO - Processing /home/cunhaaw/Downloads/APITwitter/venv/lib/python3.9/site-packages/airflow/example_dags/example_time_delta_sensor_async.py took 0.244 seconds
[2025-05-28 22:40:10,422] {processor.py:153} INFO - Started process (PID=7999) to work on /home/cunhaaw/Downloads/APITwitter/venv/lib/python3.9/site-packages/airflow/example_dags/example_time_delta_sensor_async.py
[2025-05-28 22:40:10,423] {processor.py:641} INFO - Processing file /home/cunhaaw/Downloads/APITwitter/venv/lib/python3.9/site-packages/airflow/example_dags/example_time_delta_sensor_async.py for tasks to queue
[2025-05-28 22:40:10,424] {logging_mixin.py:115} INFO - [2025-05-28 22:40:10,424] {dagbag.py:507} INFO - Filling up the DagBag from /home/cunhaaw/Downloads/APITwitter/venv/lib/python3.9/site-packages/airflow/example_dags/example_time_delta_sensor_async.py
[2025-05-28 22:40:10,432] {processor.py:651} INFO - DAG(s) dict_keys(['example_time_delta_sensor_async']) retrieved from /home/cunhaaw/Downloads/APITwitter/venv/lib/python3.9/site-packages/airflow/example_dags/example_time_delta_sensor_async.py
[2025-05-28 22:40:10,463] {logging_mixin.py:115} INFO - [2025-05-28 22:40:10,463] {dag.py:2379} INFO - Sync 1 DAGs
[2025-05-28 22:40:10,488] {logging_mixin.py:115} INFO - [2025-05-28 22:40:10,488] {dag.py:2927} INFO - Setting next_dagrun for example_time_delta_sensor_async to None, run_after=None
[2025-05-28 22:40:10,504] {processor.py:161} INFO - Processing /home/cunhaaw/Downloads/APITwitter/venv/lib/python3.9/site-packages/airflow/example_dags/example_time_delta_sensor_async.py took 0.087 seconds
[2025-05-28 22:40:47,001] {processor.py:153} INFO - Started process (PID=8251) to work on /home/cunhaaw/Downloads/APITwitter/venv/lib/python3.9/site-packages/airflow/example_dags/example_time_delta_sensor_async.py
[2025-05-28 22:40:47,002] {processor.py:641} INFO - Processing file /home/cunhaaw/Downloads/APITwitter/venv/lib/python3.9/site-packages/airflow/example_dags/example_time_delta_sensor_async.py for tasks to queue
[2025-05-28 22:40:47,003] {logging_mixin.py:115} INFO - [2025-05-28 22:40:47,003] {dagbag.py:507} INFO - Filling up the DagBag from /home/cunhaaw/Downloads/APITwitter/venv/lib/python3.9/site-packages/airflow/example_dags/example_time_delta_sensor_async.py
[2025-05-28 22:40:47,018] {processor.py:651} INFO - DAG(s) dict_keys(['example_time_delta_sensor_async']) retrieved from /home/cunhaaw/Downloads/APITwitter/venv/lib/python3.9/site-packages/airflow/example_dags/example_time_delta_sensor_async.py
[2025-05-28 22:40:47,078] {logging_mixin.py:115} INFO - [2025-05-28 22:40:47,078] {dag.py:2379} INFO - Sync 1 DAGs
[2025-05-28 22:40:47,113] {logging_mixin.py:115} INFO - [2025-05-28 22:40:47,113] {dag.py:2927} INFO - Setting next_dagrun for example_time_delta_sensor_async to None, run_after=None
[2025-05-28 22:40:47,133] {processor.py:161} INFO - Processing /home/cunhaaw/Downloads/APITwitter/venv/lib/python3.9/site-packages/airflow/example_dags/example_time_delta_sensor_async.py took 0.139 seconds
[2025-05-28 22:41:23,983] {processor.py:153} INFO - Started process (PID=8509) to work on /home/cunhaaw/Downloads/APITwitter/venv/lib/python3.9/site-packages/airflow/example_dags/example_time_delta_sensor_async.py
[2025-05-28 22:41:23,984] {processor.py:641} INFO - Processing file /home/cunhaaw/Downloads/APITwitter/venv/lib/python3.9/site-packages/airflow/example_dags/example_time_delta_sensor_async.py for tasks to queue
[2025-05-28 22:41:23,985] {logging_mixin.py:115} INFO - [2025-05-28 22:41:23,985] {dagbag.py:507} INFO - Filling up the DagBag from /home/cunhaaw/Downloads/APITwitter/venv/lib/python3.9/site-packages/airflow/example_dags/example_time_delta_sensor_async.py
[2025-05-28 22:41:23,997] {processor.py:651} INFO - DAG(s) dict_keys(['example_time_delta_sensor_async']) retrieved from /home/cunhaaw/Downloads/APITwitter/venv/lib/python3.9/site-packages/airflow/example_dags/example_time_delta_sensor_async.py
[2025-05-28 22:41:24,036] {logging_mixin.py:115} INFO - [2025-05-28 22:41:24,036] {dag.py:2379} INFO - Sync 1 DAGs
[2025-05-28 22:41:24,072] {logging_mixin.py:115} INFO - [2025-05-28 22:41:24,072] {dag.py:2927} INFO - Setting next_dagrun for example_time_delta_sensor_async to None, run_after=None
[2025-05-28 22:41:24,099] {processor.py:161} INFO - Processing /home/cunhaaw/Downloads/APITwitter/venv/lib/python3.9/site-packages/airflow/example_dags/example_time_delta_sensor_async.py took 0.126 seconds
[2025-05-28 22:42:01,891] {processor.py:153} INFO - Started process (PID=8905) to work on /home/cunhaaw/Downloads/APITwitter/venv/lib/python3.9/site-packages/airflow/example_dags/example_time_delta_sensor_async.py
[2025-05-28 22:42:01,892] {processor.py:641} INFO - Processing file /home/cunhaaw/Downloads/APITwitter/venv/lib/python3.9/site-packages/airflow/example_dags/example_time_delta_sensor_async.py for tasks to queue
[2025-05-28 22:42:01,893] {logging_mixin.py:115} INFO - [2025-05-28 22:42:01,893] {dagbag.py:507} INFO - Filling up the DagBag from /home/cunhaaw/Downloads/APITwitter/venv/lib/python3.9/site-packages/airflow/example_dags/example_time_delta_sensor_async.py
[2025-05-28 22:42:01,904] {processor.py:651} INFO - DAG(s) dict_keys(['example_time_delta_sensor_async']) retrieved from /home/cunhaaw/Downloads/APITwitter/venv/lib/python3.9/site-packages/airflow/example_dags/example_time_delta_sensor_async.py
[2025-05-28 22:42:01,930] {logging_mixin.py:115} INFO - [2025-05-28 22:42:01,929] {dag.py:2379} INFO - Sync 1 DAGs
[2025-05-28 22:42:01,950] {logging_mixin.py:115} INFO - [2025-05-28 22:42:01,949] {dag.py:2927} INFO - Setting next_dagrun for example_time_delta_sensor_async to None, run_after=None
[2025-05-28 22:42:01,964] {processor.py:161} INFO - Processing /home/cunhaaw/Downloads/APITwitter/venv/lib/python3.9/site-packages/airflow/example_dags/example_time_delta_sensor_async.py took 0.081 seconds
[2025-05-28 22:42:36,908] {processor.py:153} INFO - Started process (PID=9076) to work on /home/cunhaaw/Downloads/APITwitter/venv/lib/python3.9/site-packages/airflow/example_dags/example_time_delta_sensor_async.py
[2025-05-28 22:42:36,912] {processor.py:641} INFO - Processing file /home/cunhaaw/Downloads/APITwitter/venv/lib/python3.9/site-packages/airflow/example_dags/example_time_delta_sensor_async.py for tasks to queue
[2025-05-28 22:42:36,913] {logging_mixin.py:115} INFO - [2025-05-28 22:42:36,913] {dagbag.py:507} INFO - Filling up the DagBag from /home/cunhaaw/Downloads/APITwitter/venv/lib/python3.9/site-packages/airflow/example_dags/example_time_delta_sensor_async.py
[2025-05-28 22:42:36,931] {processor.py:651} INFO - DAG(s) dict_keys(['example_time_delta_sensor_async']) retrieved from /home/cunhaaw/Downloads/APITwitter/venv/lib/python3.9/site-packages/airflow/example_dags/example_time_delta_sensor_async.py
[2025-05-28 22:42:36,971] {logging_mixin.py:115} INFO - [2025-05-28 22:42:36,971] {dag.py:2379} INFO - Sync 1 DAGs
[2025-05-28 22:42:37,007] {logging_mixin.py:115} INFO - [2025-05-28 22:42:37,006] {dag.py:2927} INFO - Setting next_dagrun for example_time_delta_sensor_async to None, run_after=None
[2025-05-28 22:42:37,033] {processor.py:161} INFO - Processing /home/cunhaaw/Downloads/APITwitter/venv/lib/python3.9/site-packages/airflow/example_dags/example_time_delta_sensor_async.py took 0.132 seconds
[2025-05-28 22:43:09,442] {processor.py:153} INFO - Started process (PID=9270) to work on /home/cunhaaw/Downloads/APITwitter/venv/lib/python3.9/site-packages/airflow/example_dags/example_time_delta_sensor_async.py
[2025-05-28 22:43:09,443] {processor.py:641} INFO - Processing file /home/cunhaaw/Downloads/APITwitter/venv/lib/python3.9/site-packages/airflow/example_dags/example_time_delta_sensor_async.py for tasks to queue
[2025-05-28 22:43:09,444] {logging_mixin.py:115} INFO - [2025-05-28 22:43:09,444] {dagbag.py:507} INFO - Filling up the DagBag from /home/cunhaaw/Downloads/APITwitter/venv/lib/python3.9/site-packages/airflow/example_dags/example_time_delta_sensor_async.py
[2025-05-28 22:43:09,451] {processor.py:651} INFO - DAG(s) dict_keys(['example_time_delta_sensor_async']) retrieved from /home/cunhaaw/Downloads/APITwitter/venv/lib/python3.9/site-packages/airflow/example_dags/example_time_delta_sensor_async.py
[2025-05-28 22:43:09,480] {logging_mixin.py:115} INFO - [2025-05-28 22:43:09,480] {dag.py:2379} INFO - Sync 1 DAGs
[2025-05-28 22:43:09,504] {logging_mixin.py:115} INFO - [2025-05-28 22:43:09,504] {dag.py:2927} INFO - Setting next_dagrun for example_time_delta_sensor_async to None, run_after=None
[2025-05-28 22:43:09,519] {processor.py:161} INFO - Processing /home/cunhaaw/Downloads/APITwitter/venv/lib/python3.9/site-packages/airflow/example_dags/example_time_delta_sensor_async.py took 0.084 seconds
[2025-05-28 22:43:41,966] {processor.py:153} INFO - Started process (PID=9422) to work on /home/cunhaaw/Downloads/APITwitter/venv/lib/python3.9/site-packages/airflow/example_dags/example_time_delta_sensor_async.py
[2025-05-28 22:43:41,967] {processor.py:641} INFO - Processing file /home/cunhaaw/Downloads/APITwitter/venv/lib/python3.9/site-packages/airflow/example_dags/example_time_delta_sensor_async.py for tasks to queue
[2025-05-28 22:43:41,967] {logging_mixin.py:115} INFO - [2025-05-28 22:43:41,967] {dagbag.py:507} INFO - Filling up the DagBag from /home/cunhaaw/Downloads/APITwitter/venv/lib/python3.9/site-packages/airflow/example_dags/example_time_delta_sensor_async.py
[2025-05-28 22:43:41,975] {processor.py:651} INFO - DAG(s) dict_keys(['example_time_delta_sensor_async']) retrieved from /home/cunhaaw/Downloads/APITwitter/venv/lib/python3.9/site-packages/airflow/example_dags/example_time_delta_sensor_async.py
[2025-05-28 22:43:42,004] {logging_mixin.py:115} INFO - [2025-05-28 22:43:42,003] {dag.py:2379} INFO - Sync 1 DAGs
[2025-05-28 22:43:42,024] {logging_mixin.py:115} INFO - [2025-05-28 22:43:42,024] {dag.py:2927} INFO - Setting next_dagrun for example_time_delta_sensor_async to None, run_after=None
[2025-05-28 22:43:42,040] {processor.py:161} INFO - Processing /home/cunhaaw/Downloads/APITwitter/venv/lib/python3.9/site-packages/airflow/example_dags/example_time_delta_sensor_async.py took 0.081 seconds
