[2025-05-28 22:34:47,929] {processor.py:153} INFO - Started process (PID=6453) to work on /home/cunhaaw/Downloads/APITwitter/venv/lib/python3.9/site-packages/airflow/example_dags/example_branch_operator_decorator.py
[2025-05-28 22:34:47,930] {processor.py:641} INFO - Processing file /home/cunhaaw/Downloads/APITwitter/venv/lib/python3.9/site-packages/airflow/example_dags/example_branch_operator_decorator.py for tasks to queue
[2025-05-28 22:34:47,934] {logging_mixin.py:115} INFO - [2025-05-28 22:34:47,933] {dagbag.py:507} INFO - Filling up the DagBag from /home/cunhaaw/Downloads/APITwitter/venv/lib/python3.9/site-packages/airflow/example_dags/example_branch_operator_decorator.py
[2025-05-28 22:34:47,975] {processor.py:651} INFO - DAG(s) dict_keys(['example_branch_python_operator_decorator']) retrieved from /home/cunhaaw/Downloads/APITwitter/venv/lib/python3.9/site-packages/airflow/example_dags/example_branch_operator_decorator.py
[2025-05-28 22:34:48,088] {logging_mixin.py:115} INFO - [2025-05-28 22:34:48,088] {manager.py:508} INFO - Created Permission View: can read on DAG:example_branch_python_operator_decorator
[2025-05-28 22:34:48,106] {logging_mixin.py:115} INFO - [2025-05-28 22:34:48,105] {manager.py:508} INFO - Created Permission View: can delete on DAG:example_branch_python_operator_decorator
[2025-05-28 22:34:48,123] {logging_mixin.py:115} INFO - [2025-05-28 22:34:48,123] {manager.py:508} INFO - Created Permission View: can edit on DAG:example_branch_python_operator_decorator
[2025-05-28 22:34:48,123] {logging_mixin.py:115} INFO - [2025-05-28 22:34:48,123] {dag.py:2379} INFO - Sync 1 DAGs
[2025-05-28 22:34:48,140] {logging_mixin.py:115} INFO - [2025-05-28 22:34:48,140] {dag.py:2398} INFO - Creating ORM DAG for example_branch_python_operator_decorator
[2025-05-28 22:34:48,156] {logging_mixin.py:115} INFO - [2025-05-28 22:34:48,156] {dag.py:2927} INFO - Setting next_dagrun for example_branch_python_operator_decorator to 2025-05-28T00:00:00+00:00, run_after=2025-05-29T00:00:00+00:00
[2025-05-28 22:34:48,175] {processor.py:161} INFO - Processing /home/cunhaaw/Downloads/APITwitter/venv/lib/python3.9/site-packages/airflow/example_dags/example_branch_operator_decorator.py took 0.253 seconds
[2025-05-28 22:35:29,769] {processor.py:153} INFO - Started process (PID=6566) to work on /home/cunhaaw/Downloads/APITwitter/venv/lib/python3.9/site-packages/airflow/example_dags/example_branch_operator_decorator.py
[2025-05-28 22:35:29,770] {processor.py:641} INFO - Processing file /home/cunhaaw/Downloads/APITwitter/venv/lib/python3.9/site-packages/airflow/example_dags/example_branch_operator_decorator.py for tasks to queue
[2025-05-28 22:35:29,771] {logging_mixin.py:115} INFO - [2025-05-28 22:35:29,771] {dagbag.py:507} INFO - Filling up the DagBag from /home/cunhaaw/Downloads/APITwitter/venv/lib/python3.9/site-packages/airflow/example_dags/example_branch_operator_decorator.py
[2025-05-28 22:35:29,808] {processor.py:651} INFO - DAG(s) dict_keys(['example_branch_python_operator_decorator']) retrieved from /home/cunhaaw/Downloads/APITwitter/venv/lib/python3.9/site-packages/airflow/example_dags/example_branch_operator_decorator.py
[2025-05-28 22:35:29,834] {logging_mixin.py:115} INFO - [2025-05-28 22:35:29,834] {dag.py:2379} INFO - Sync 1 DAGs
[2025-05-28 22:35:29,872] {logging_mixin.py:115} INFO - [2025-05-28 22:35:29,872] {dag.py:2927} INFO - Setting next_dagrun for example_branch_python_operator_decorator to 2025-05-28T00:00:00+00:00, run_after=2025-05-29T00:00:00+00:00
[2025-05-28 22:35:29,896] {processor.py:161} INFO - Processing /home/cunhaaw/Downloads/APITwitter/venv/lib/python3.9/site-packages/airflow/example_dags/example_branch_operator_decorator.py took 0.132 seconds
[2025-05-28 22:36:07,029] {processor.py:153} INFO - Started process (PID=6847) to work on /home/cunhaaw/Downloads/APITwitter/venv/lib/python3.9/site-packages/airflow/example_dags/example_branch_operator_decorator.py
[2025-05-28 22:36:07,031] {processor.py:641} INFO - Processing file /home/cunhaaw/Downloads/APITwitter/venv/lib/python3.9/site-packages/airflow/example_dags/example_branch_operator_decorator.py for tasks to queue
[2025-05-28 22:36:07,032] {logging_mixin.py:115} INFO - [2025-05-28 22:36:07,032] {dagbag.py:507} INFO - Filling up the DagBag from /home/cunhaaw/Downloads/APITwitter/venv/lib/python3.9/site-packages/airflow/example_dags/example_branch_operator_decorator.py
[2025-05-28 22:36:07,077] {processor.py:651} INFO - DAG(s) dict_keys(['example_branch_python_operator_decorator']) retrieved from /home/cunhaaw/Downloads/APITwitter/venv/lib/python3.9/site-packages/airflow/example_dags/example_branch_operator_decorator.py
[2025-05-28 22:36:07,115] {logging_mixin.py:115} INFO - [2025-05-28 22:36:07,115] {dag.py:2379} INFO - Sync 1 DAGs
[2025-05-28 22:36:07,149] {logging_mixin.py:115} INFO - [2025-05-28 22:36:07,149] {dag.py:2927} INFO - Setting next_dagrun for example_branch_python_operator_decorator to 2025-05-28T00:00:00+00:00, run_after=2025-05-29T00:00:00+00:00
[2025-05-28 22:36:07,181] {processor.py:161} INFO - Processing /home/cunhaaw/Downloads/APITwitter/venv/lib/python3.9/site-packages/airflow/example_dags/example_branch_operator_decorator.py took 0.160 seconds
[2025-05-28 22:36:43,345] {processor.py:153} INFO - Started process (PID=7102) to work on /home/cunhaaw/Downloads/APITwitter/venv/lib/python3.9/site-packages/airflow/example_dags/example_branch_operator_decorator.py
[2025-05-28 22:36:43,347] {processor.py:641} INFO - Processing file /home/cunhaaw/Downloads/APITwitter/venv/lib/python3.9/site-packages/airflow/example_dags/example_branch_operator_decorator.py for tasks to queue
[2025-05-28 22:36:43,350] {logging_mixin.py:115} INFO - [2025-05-28 22:36:43,350] {dagbag.py:507} INFO - Filling up the DagBag from /home/cunhaaw/Downloads/APITwitter/venv/lib/python3.9/site-packages/airflow/example_dags/example_branch_operator_decorator.py
[2025-05-28 22:36:43,394] {processor.py:651} INFO - DAG(s) dict_keys(['example_branch_python_operator_decorator']) retrieved from /home/cunhaaw/Downloads/APITwitter/venv/lib/python3.9/site-packages/airflow/example_dags/example_branch_operator_decorator.py
[2025-05-28 22:36:43,431] {logging_mixin.py:115} INFO - [2025-05-28 22:36:43,431] {dag.py:2379} INFO - Sync 1 DAGs
[2025-05-28 22:36:43,470] {logging_mixin.py:115} INFO - [2025-05-28 22:36:43,469] {dag.py:2927} INFO - Setting next_dagrun for example_branch_python_operator_decorator to 2025-05-28T00:00:00+00:00, run_after=2025-05-29T00:00:00+00:00
[2025-05-28 22:36:43,493] {processor.py:161} INFO - Processing /home/cunhaaw/Downloads/APITwitter/venv/lib/python3.9/site-packages/airflow/example_dags/example_branch_operator_decorator.py took 0.154 seconds
[2025-05-28 22:37:20,202] {processor.py:153} INFO - Started process (PID=7308) to work on /home/cunhaaw/Downloads/APITwitter/venv/lib/python3.9/site-packages/airflow/example_dags/example_branch_operator_decorator.py
[2025-05-28 22:37:20,202] {processor.py:641} INFO - Processing file /home/cunhaaw/Downloads/APITwitter/venv/lib/python3.9/site-packages/airflow/example_dags/example_branch_operator_decorator.py for tasks to queue
[2025-05-28 22:37:20,203] {logging_mixin.py:115} INFO - [2025-05-28 22:37:20,203] {dagbag.py:507} INFO - Filling up the DagBag from /home/cunhaaw/Downloads/APITwitter/venv/lib/python3.9/site-packages/airflow/example_dags/example_branch_operator_decorator.py
[2025-05-28 22:37:20,225] {processor.py:651} INFO - DAG(s) dict_keys(['example_branch_python_operator_decorator']) retrieved from /home/cunhaaw/Downloads/APITwitter/venv/lib/python3.9/site-packages/airflow/example_dags/example_branch_operator_decorator.py
[2025-05-28 22:37:20,245] {logging_mixin.py:115} INFO - [2025-05-28 22:37:20,245] {dag.py:2379} INFO - Sync 1 DAGs
[2025-05-28 22:37:20,266] {logging_mixin.py:115} INFO - [2025-05-28 22:37:20,266] {dag.py:2927} INFO - Setting next_dagrun for example_branch_python_operator_decorator to 2025-05-28T00:00:00+00:00, run_after=2025-05-29T00:00:00+00:00
[2025-05-28 22:37:20,283] {processor.py:161} INFO - Processing /home/cunhaaw/Downloads/APITwitter/venv/lib/python3.9/site-packages/airflow/example_dags/example_branch_operator_decorator.py took 0.085 seconds
[2025-05-28 22:37:56,751] {processor.py:153} INFO - Started process (PID=7402) to work on /home/cunhaaw/Downloads/APITwitter/venv/lib/python3.9/site-packages/airflow/example_dags/example_branch_operator_decorator.py
[2025-05-28 22:37:56,752] {processor.py:641} INFO - Processing file /home/cunhaaw/Downloads/APITwitter/venv/lib/python3.9/site-packages/airflow/example_dags/example_branch_operator_decorator.py for tasks to queue
[2025-05-28 22:37:56,753] {logging_mixin.py:115} INFO - [2025-05-28 22:37:56,753] {dagbag.py:507} INFO - Filling up the DagBag from /home/cunhaaw/Downloads/APITwitter/venv/lib/python3.9/site-packages/airflow/example_dags/example_branch_operator_decorator.py
[2025-05-28 22:37:56,798] {processor.py:651} INFO - DAG(s) dict_keys(['example_branch_python_operator_decorator']) retrieved from /home/cunhaaw/Downloads/APITwitter/venv/lib/python3.9/site-packages/airflow/example_dags/example_branch_operator_decorator.py
[2025-05-28 22:37:56,839] {logging_mixin.py:115} INFO - [2025-05-28 22:37:56,839] {dag.py:2379} INFO - Sync 1 DAGs
[2025-05-28 22:37:56,870] {logging_mixin.py:115} INFO - [2025-05-28 22:37:56,870] {dag.py:2927} INFO - Setting next_dagrun for example_branch_python_operator_decorator to 2025-05-28T00:00:00+00:00, run_after=2025-05-29T00:00:00+00:00
[2025-05-28 22:37:56,904] {processor.py:161} INFO - Processing /home/cunhaaw/Downloads/APITwitter/venv/lib/python3.9/site-packages/airflow/example_dags/example_branch_operator_decorator.py took 0.159 seconds
[2025-05-28 22:38:34,522] {processor.py:153} INFO - Started process (PID=7597) to work on /home/cunhaaw/Downloads/APITwitter/venv/lib/python3.9/site-packages/airflow/example_dags/example_branch_operator_decorator.py
[2025-05-28 22:38:34,528] {processor.py:641} INFO - Processing file /home/cunhaaw/Downloads/APITwitter/venv/lib/python3.9/site-packages/airflow/example_dags/example_branch_operator_decorator.py for tasks to queue
[2025-05-28 22:38:34,528] {logging_mixin.py:115} INFO - [2025-05-28 22:38:34,528] {dagbag.py:507} INFO - Filling up the DagBag from /home/cunhaaw/Downloads/APITwitter/venv/lib/python3.9/site-packages/airflow/example_dags/example_branch_operator_decorator.py
[2025-05-28 22:38:34,551] {processor.py:651} INFO - DAG(s) dict_keys(['example_branch_python_operator_decorator']) retrieved from /home/cunhaaw/Downloads/APITwitter/venv/lib/python3.9/site-packages/airflow/example_dags/example_branch_operator_decorator.py
[2025-05-28 22:38:34,571] {logging_mixin.py:115} INFO - [2025-05-28 22:38:34,571] {dag.py:2379} INFO - Sync 1 DAGs
[2025-05-28 22:38:34,592] {logging_mixin.py:115} INFO - [2025-05-28 22:38:34,592] {dag.py:2927} INFO - Setting next_dagrun for example_branch_python_operator_decorator to 2025-05-28T00:00:00+00:00, run_after=2025-05-29T00:00:00+00:00
[2025-05-28 22:38:34,609] {processor.py:161} INFO - Processing /home/cunhaaw/Downloads/APITwitter/venv/lib/python3.9/site-packages/airflow/example_dags/example_branch_operator_decorator.py took 0.092 seconds
[2025-05-28 22:39:15,547] {processor.py:153} INFO - Started process (PID=7878) to work on /home/cunhaaw/Downloads/APITwitter/venv/lib/python3.9/site-packages/airflow/example_dags/example_branch_operator_decorator.py
[2025-05-28 22:39:15,550] {processor.py:641} INFO - Processing file /home/cunhaaw/Downloads/APITwitter/venv/lib/python3.9/site-packages/airflow/example_dags/example_branch_operator_decorator.py for tasks to queue
[2025-05-28 22:39:15,551] {logging_mixin.py:115} INFO - [2025-05-28 22:39:15,551] {dagbag.py:507} INFO - Filling up the DagBag from /home/cunhaaw/Downloads/APITwitter/venv/lib/python3.9/site-packages/airflow/example_dags/example_branch_operator_decorator.py
[2025-05-28 22:39:15,589] {processor.py:651} INFO - DAG(s) dict_keys(['example_branch_python_operator_decorator']) retrieved from /home/cunhaaw/Downloads/APITwitter/venv/lib/python3.9/site-packages/airflow/example_dags/example_branch_operator_decorator.py
[2025-05-28 22:39:15,614] {logging_mixin.py:115} INFO - [2025-05-28 22:39:15,614] {dag.py:2379} INFO - Sync 1 DAGs
[2025-05-28 22:39:15,660] {logging_mixin.py:115} INFO - [2025-05-28 22:39:15,660] {dag.py:2927} INFO - Setting next_dagrun for example_branch_python_operator_decorator to 2025-05-28T00:00:00+00:00, run_after=2025-05-29T00:00:00+00:00
[2025-05-28 22:39:15,712] {processor.py:161} INFO - Processing /home/cunhaaw/Downloads/APITwitter/venv/lib/python3.9/site-packages/airflow/example_dags/example_branch_operator_decorator.py took 0.175 seconds
[2025-05-28 22:39:51,398] {processor.py:153} INFO - Started process (PID=7978) to work on /home/cunhaaw/Downloads/APITwitter/venv/lib/python3.9/site-packages/airflow/example_dags/example_branch_operator_decorator.py
[2025-05-28 22:39:51,399] {processor.py:641} INFO - Processing file /home/cunhaaw/Downloads/APITwitter/venv/lib/python3.9/site-packages/airflow/example_dags/example_branch_operator_decorator.py for tasks to queue
[2025-05-28 22:39:51,400] {logging_mixin.py:115} INFO - [2025-05-28 22:39:51,400] {dagbag.py:507} INFO - Filling up the DagBag from /home/cunhaaw/Downloads/APITwitter/venv/lib/python3.9/site-packages/airflow/example_dags/example_branch_operator_decorator.py
[2025-05-28 22:39:51,424] {processor.py:651} INFO - DAG(s) dict_keys(['example_branch_python_operator_decorator']) retrieved from /home/cunhaaw/Downloads/APITwitter/venv/lib/python3.9/site-packages/airflow/example_dags/example_branch_operator_decorator.py
[2025-05-28 22:39:51,445] {logging_mixin.py:115} INFO - [2025-05-28 22:39:51,445] {dag.py:2379} INFO - Sync 1 DAGs
[2025-05-28 22:39:51,467] {logging_mixin.py:115} INFO - [2025-05-28 22:39:51,467] {dag.py:2927} INFO - Setting next_dagrun for example_branch_python_operator_decorator to 2025-05-28T00:00:00+00:00, run_after=2025-05-29T00:00:00+00:00
[2025-05-28 22:39:51,485] {processor.py:161} INFO - Processing /home/cunhaaw/Downloads/APITwitter/venv/lib/python3.9/site-packages/airflow/example_dags/example_branch_operator_decorator.py took 0.092 seconds
[2025-05-28 22:40:28,169] {processor.py:153} INFO - Started process (PID=8177) to work on /home/cunhaaw/Downloads/APITwitter/venv/lib/python3.9/site-packages/airflow/example_dags/example_branch_operator_decorator.py
[2025-05-28 22:40:28,170] {processor.py:641} INFO - Processing file /home/cunhaaw/Downloads/APITwitter/venv/lib/python3.9/site-packages/airflow/example_dags/example_branch_operator_decorator.py for tasks to queue
[2025-05-28 22:40:28,171] {logging_mixin.py:115} INFO - [2025-05-28 22:40:28,171] {dagbag.py:507} INFO - Filling up the DagBag from /home/cunhaaw/Downloads/APITwitter/venv/lib/python3.9/site-packages/airflow/example_dags/example_branch_operator_decorator.py
[2025-05-28 22:40:28,194] {processor.py:651} INFO - DAG(s) dict_keys(['example_branch_python_operator_decorator']) retrieved from /home/cunhaaw/Downloads/APITwitter/venv/lib/python3.9/site-packages/airflow/example_dags/example_branch_operator_decorator.py
[2025-05-28 22:40:28,214] {logging_mixin.py:115} INFO - [2025-05-28 22:40:28,214] {dag.py:2379} INFO - Sync 1 DAGs
[2025-05-28 22:40:28,237] {logging_mixin.py:115} INFO - [2025-05-28 22:40:28,236] {dag.py:2927} INFO - Setting next_dagrun for example_branch_python_operator_decorator to 2025-05-28T00:00:00+00:00, run_after=2025-05-29T00:00:00+00:00
[2025-05-28 22:40:28,258] {processor.py:161} INFO - Processing /home/cunhaaw/Downloads/APITwitter/venv/lib/python3.9/site-packages/airflow/example_dags/example_branch_operator_decorator.py took 0.096 seconds
[2025-05-28 22:41:08,165] {processor.py:153} INFO - Started process (PID=8324) to work on /home/cunhaaw/Downloads/APITwitter/venv/lib/python3.9/site-packages/airflow/example_dags/example_branch_operator_decorator.py
[2025-05-28 22:41:08,167] {processor.py:641} INFO - Processing file /home/cunhaaw/Downloads/APITwitter/venv/lib/python3.9/site-packages/airflow/example_dags/example_branch_operator_decorator.py for tasks to queue
[2025-05-28 22:41:08,168] {logging_mixin.py:115} INFO - [2025-05-28 22:41:08,168] {dagbag.py:507} INFO - Filling up the DagBag from /home/cunhaaw/Downloads/APITwitter/venv/lib/python3.9/site-packages/airflow/example_dags/example_branch_operator_decorator.py
[2025-05-28 22:41:08,228] {processor.py:651} INFO - DAG(s) dict_keys(['example_branch_python_operator_decorator']) retrieved from /home/cunhaaw/Downloads/APITwitter/venv/lib/python3.9/site-packages/airflow/example_dags/example_branch_operator_decorator.py
[2025-05-28 22:41:08,267] {logging_mixin.py:115} INFO - [2025-05-28 22:41:08,267] {dag.py:2379} INFO - Sync 1 DAGs
[2025-05-28 22:41:08,321] {logging_mixin.py:115} INFO - [2025-05-28 22:41:08,320] {dag.py:2927} INFO - Setting next_dagrun for example_branch_python_operator_decorator to 2025-05-28T00:00:00+00:00, run_after=2025-05-29T00:00:00+00:00
[2025-05-28 22:41:08,365] {processor.py:161} INFO - Processing /home/cunhaaw/Downloads/APITwitter/venv/lib/python3.9/site-packages/airflow/example_dags/example_branch_operator_decorator.py took 0.208 seconds
[2025-05-28 22:41:49,490] {processor.py:153} INFO - Started process (PID=8763) to work on /home/cunhaaw/Downloads/APITwitter/venv/lib/python3.9/site-packages/airflow/example_dags/example_branch_operator_decorator.py
[2025-05-28 22:41:49,492] {processor.py:641} INFO - Processing file /home/cunhaaw/Downloads/APITwitter/venv/lib/python3.9/site-packages/airflow/example_dags/example_branch_operator_decorator.py for tasks to queue
[2025-05-28 22:41:49,493] {logging_mixin.py:115} INFO - [2025-05-28 22:41:49,493] {dagbag.py:507} INFO - Filling up the DagBag from /home/cunhaaw/Downloads/APITwitter/venv/lib/python3.9/site-packages/airflow/example_dags/example_branch_operator_decorator.py
[2025-05-28 22:41:49,546] {processor.py:651} INFO - DAG(s) dict_keys(['example_branch_python_operator_decorator']) retrieved from /home/cunhaaw/Downloads/APITwitter/venv/lib/python3.9/site-packages/airflow/example_dags/example_branch_operator_decorator.py
[2025-05-28 22:41:49,594] {logging_mixin.py:115} INFO - [2025-05-28 22:41:49,594] {dag.py:2379} INFO - Sync 1 DAGs
[2025-05-28 22:41:49,627] {logging_mixin.py:115} INFO - [2025-05-28 22:41:49,627] {dag.py:2927} INFO - Setting next_dagrun for example_branch_python_operator_decorator to 2025-05-28T00:00:00+00:00, run_after=2025-05-29T00:00:00+00:00
[2025-05-28 22:41:49,647] {processor.py:161} INFO - Processing /home/cunhaaw/Downloads/APITwitter/venv/lib/python3.9/site-packages/airflow/example_dags/example_branch_operator_decorator.py took 0.181 seconds
[2025-05-28 22:42:25,046] {processor.py:153} INFO - Started process (PID=9002) to work on /home/cunhaaw/Downloads/APITwitter/venv/lib/python3.9/site-packages/airflow/example_dags/example_branch_operator_decorator.py
[2025-05-28 22:42:25,047] {processor.py:641} INFO - Processing file /home/cunhaaw/Downloads/APITwitter/venv/lib/python3.9/site-packages/airflow/example_dags/example_branch_operator_decorator.py for tasks to queue
[2025-05-28 22:42:25,048] {logging_mixin.py:115} INFO - [2025-05-28 22:42:25,048] {dagbag.py:507} INFO - Filling up the DagBag from /home/cunhaaw/Downloads/APITwitter/venv/lib/python3.9/site-packages/airflow/example_dags/example_branch_operator_decorator.py
[2025-05-28 22:42:25,080] {processor.py:651} INFO - DAG(s) dict_keys(['example_branch_python_operator_decorator']) retrieved from /home/cunhaaw/Downloads/APITwitter/venv/lib/python3.9/site-packages/airflow/example_dags/example_branch_operator_decorator.py
[2025-05-28 22:42:25,115] {logging_mixin.py:115} INFO - [2025-05-28 22:42:25,114] {dag.py:2379} INFO - Sync 1 DAGs
[2025-05-28 22:42:25,148] {logging_mixin.py:115} INFO - [2025-05-28 22:42:25,148] {dag.py:2927} INFO - Setting next_dagrun for example_branch_python_operator_decorator to 2025-05-28T00:00:00+00:00, run_after=2025-05-29T00:00:00+00:00
[2025-05-28 22:42:25,165] {processor.py:161} INFO - Processing /home/cunhaaw/Downloads/APITwitter/venv/lib/python3.9/site-packages/airflow/example_dags/example_branch_operator_decorator.py took 0.125 seconds
[2025-05-28 22:43:05,986] {processor.py:153} INFO - Started process (PID=9264) to work on /home/cunhaaw/Downloads/APITwitter/venv/lib/python3.9/site-packages/airflow/example_dags/example_branch_operator_decorator.py
[2025-05-28 22:43:05,987] {processor.py:641} INFO - Processing file /home/cunhaaw/Downloads/APITwitter/venv/lib/python3.9/site-packages/airflow/example_dags/example_branch_operator_decorator.py for tasks to queue
[2025-05-28 22:43:05,987] {logging_mixin.py:115} INFO - [2025-05-28 22:43:05,987] {dagbag.py:507} INFO - Filling up the DagBag from /home/cunhaaw/Downloads/APITwitter/venv/lib/python3.9/site-packages/airflow/example_dags/example_branch_operator_decorator.py
[2025-05-28 22:43:06,012] {processor.py:651} INFO - DAG(s) dict_keys(['example_branch_python_operator_decorator']) retrieved from /home/cunhaaw/Downloads/APITwitter/venv/lib/python3.9/site-packages/airflow/example_dags/example_branch_operator_decorator.py
[2025-05-28 22:43:06,033] {logging_mixin.py:115} INFO - [2025-05-28 22:43:06,033] {dag.py:2379} INFO - Sync 1 DAGs
[2025-05-28 22:43:06,054] {logging_mixin.py:115} INFO - [2025-05-28 22:43:06,054] {dag.py:2927} INFO - Setting next_dagrun for example_branch_python_operator_decorator to 2025-05-28T00:00:00+00:00, run_after=2025-05-29T00:00:00+00:00
[2025-05-28 22:43:06,071] {processor.py:161} INFO - Processing /home/cunhaaw/Downloads/APITwitter/venv/lib/python3.9/site-packages/airflow/example_dags/example_branch_operator_decorator.py took 0.090 seconds
[2025-05-28 22:43:44,349] {processor.py:153} INFO - Started process (PID=9437) to work on /home/cunhaaw/Downloads/APITwitter/venv/lib/python3.9/site-packages/airflow/example_dags/example_branch_operator_decorator.py
[2025-05-28 22:43:44,350] {processor.py:641} INFO - Processing file /home/cunhaaw/Downloads/APITwitter/venv/lib/python3.9/site-packages/airflow/example_dags/example_branch_operator_decorator.py for tasks to queue
[2025-05-28 22:43:44,350] {logging_mixin.py:115} INFO - [2025-05-28 22:43:44,350] {dagbag.py:507} INFO - Filling up the DagBag from /home/cunhaaw/Downloads/APITwitter/venv/lib/python3.9/site-packages/airflow/example_dags/example_branch_operator_decorator.py
[2025-05-28 22:43:44,372] {processor.py:651} INFO - DAG(s) dict_keys(['example_branch_python_operator_decorator']) retrieved from /home/cunhaaw/Downloads/APITwitter/venv/lib/python3.9/site-packages/airflow/example_dags/example_branch_operator_decorator.py
[2025-05-28 22:43:44,392] {logging_mixin.py:115} INFO - [2025-05-28 22:43:44,392] {dag.py:2379} INFO - Sync 1 DAGs
[2025-05-28 22:43:44,414] {logging_mixin.py:115} INFO - [2025-05-28 22:43:44,414] {dag.py:2927} INFO - Setting next_dagrun for example_branch_python_operator_decorator to 2025-05-28T00:00:00+00:00, run_after=2025-05-29T00:00:00+00:00
[2025-05-28 22:43:44,432] {processor.py:161} INFO - Processing /home/cunhaaw/Downloads/APITwitter/venv/lib/python3.9/site-packages/airflow/example_dags/example_branch_operator_decorator.py took 0.088 seconds
