[2025-05-28 22:34:45,522] {processor.py:153} INFO - Started process (PID=6450) to work on /home/cunhaaw/Downloads/APITwitter/venv/lib/python3.9/site-packages/airflow/example_dags/example_local_kubernetes_executor.py
[2025-05-28 22:34:45,523] {processor.py:641} INFO - Processing file /home/cunhaaw/Downloads/APITwitter/venv/lib/python3.9/site-packages/airflow/example_dags/example_local_kubernetes_executor.py for tasks to queue
[2025-05-28 22:34:45,524] {logging_mixin.py:115} INFO - [2025-05-28 22:34:45,524] {dagbag.py:507} INFO - Filling up the DagBag from /home/cunhaaw/Downloads/APITwitter/venv/lib/python3.9/site-packages/airflow/example_dags/example_local_kubernetes_executor.py
[2025-05-28 22:34:45,557] {logging_mixin.py:115} INFO - [2025-05-28 22:34:45,556] {example_local_kubernetes_executor.py:37} WARNING - Could not import DAGs in example_local_kubernetes_executor.py
Traceback (most recent call last):
  File "/home/cunhaaw/Downloads/APITwitter/venv/lib/python3.9/site-packages/airflow/example_dags/example_local_kubernetes_executor.py", line 35, in <module>
    from kubernetes.client import models as k8s
ModuleNotFoundError: No module named 'kubernetes'
[2025-05-28 22:34:45,557] {logging_mixin.py:115} INFO - [2025-05-28 22:34:45,557] {example_local_kubernetes_executor.py:38} WARNING - Install Kubernetes dependencies with: pip install apache-airflow[cncf.kubernetes]
[2025-05-28 22:34:45,558] {processor.py:653} WARNING - No viable dags retrieved from /home/cunhaaw/Downloads/APITwitter/venv/lib/python3.9/site-packages/airflow/example_dags/example_local_kubernetes_executor.py
[2025-05-28 22:34:45,581] {processor.py:161} INFO - Processing /home/cunhaaw/Downloads/APITwitter/venv/lib/python3.9/site-packages/airflow/example_dags/example_local_kubernetes_executor.py took 0.064 seconds
[2025-05-28 22:35:27,228] {processor.py:153} INFO - Started process (PID=6545) to work on /home/cunhaaw/Downloads/APITwitter/venv/lib/python3.9/site-packages/airflow/example_dags/example_local_kubernetes_executor.py
[2025-05-28 22:35:27,230] {processor.py:641} INFO - Processing file /home/cunhaaw/Downloads/APITwitter/venv/lib/python3.9/site-packages/airflow/example_dags/example_local_kubernetes_executor.py for tasks to queue
[2025-05-28 22:35:27,230] {logging_mixin.py:115} INFO - [2025-05-28 22:35:27,230] {dagbag.py:507} INFO - Filling up the DagBag from /home/cunhaaw/Downloads/APITwitter/venv/lib/python3.9/site-packages/airflow/example_dags/example_local_kubernetes_executor.py
[2025-05-28 22:35:27,252] {logging_mixin.py:115} INFO - [2025-05-28 22:35:27,251] {example_local_kubernetes_executor.py:37} WARNING - Could not import DAGs in example_local_kubernetes_executor.py
Traceback (most recent call last):
  File "/home/cunhaaw/Downloads/APITwitter/venv/lib/python3.9/site-packages/airflow/example_dags/example_local_kubernetes_executor.py", line 35, in <module>
    from kubernetes.client import models as k8s
ModuleNotFoundError: No module named 'kubernetes'
[2025-05-28 22:35:27,252] {logging_mixin.py:115} INFO - [2025-05-28 22:35:27,252] {example_local_kubernetes_executor.py:38} WARNING - Install Kubernetes dependencies with: pip install apache-airflow[cncf.kubernetes]
[2025-05-28 22:35:27,252] {processor.py:653} WARNING - No viable dags retrieved from /home/cunhaaw/Downloads/APITwitter/venv/lib/python3.9/site-packages/airflow/example_dags/example_local_kubernetes_executor.py
[2025-05-28 22:35:27,267] {processor.py:161} INFO - Processing /home/cunhaaw/Downloads/APITwitter/venv/lib/python3.9/site-packages/airflow/example_dags/example_local_kubernetes_executor.py took 0.045 seconds
[2025-05-28 22:36:04,615] {processor.py:153} INFO - Started process (PID=6840) to work on /home/cunhaaw/Downloads/APITwitter/venv/lib/python3.9/site-packages/airflow/example_dags/example_local_kubernetes_executor.py
[2025-05-28 22:36:04,618] {processor.py:641} INFO - Processing file /home/cunhaaw/Downloads/APITwitter/venv/lib/python3.9/site-packages/airflow/example_dags/example_local_kubernetes_executor.py for tasks to queue
[2025-05-28 22:36:04,619] {logging_mixin.py:115} INFO - [2025-05-28 22:36:04,619] {dagbag.py:507} INFO - Filling up the DagBag from /home/cunhaaw/Downloads/APITwitter/venv/lib/python3.9/site-packages/airflow/example_dags/example_local_kubernetes_executor.py
[2025-05-28 22:36:04,653] {logging_mixin.py:115} INFO - [2025-05-28 22:36:04,653] {example_local_kubernetes_executor.py:37} WARNING - Could not import DAGs in example_local_kubernetes_executor.py
Traceback (most recent call last):
  File "/home/cunhaaw/Downloads/APITwitter/venv/lib/python3.9/site-packages/airflow/example_dags/example_local_kubernetes_executor.py", line 35, in <module>
    from kubernetes.client import models as k8s
ModuleNotFoundError: No module named 'kubernetes'
[2025-05-28 22:36:04,654] {logging_mixin.py:115} INFO - [2025-05-28 22:36:04,653] {example_local_kubernetes_executor.py:38} WARNING - Install Kubernetes dependencies with: pip install apache-airflow[cncf.kubernetes]
[2025-05-28 22:36:04,654] {processor.py:653} WARNING - No viable dags retrieved from /home/cunhaaw/Downloads/APITwitter/venv/lib/python3.9/site-packages/airflow/example_dags/example_local_kubernetes_executor.py
[2025-05-28 22:36:04,678] {processor.py:161} INFO - Processing /home/cunhaaw/Downloads/APITwitter/venv/lib/python3.9/site-packages/airflow/example_dags/example_local_kubernetes_executor.py took 0.072 seconds
[2025-05-28 22:36:40,062] {processor.py:153} INFO - Started process (PID=7099) to work on /home/cunhaaw/Downloads/APITwitter/venv/lib/python3.9/site-packages/airflow/example_dags/example_local_kubernetes_executor.py
[2025-05-28 22:36:40,063] {processor.py:641} INFO - Processing file /home/cunhaaw/Downloads/APITwitter/venv/lib/python3.9/site-packages/airflow/example_dags/example_local_kubernetes_executor.py for tasks to queue
[2025-05-28 22:36:40,063] {logging_mixin.py:115} INFO - [2025-05-28 22:36:40,063] {dagbag.py:507} INFO - Filling up the DagBag from /home/cunhaaw/Downloads/APITwitter/venv/lib/python3.9/site-packages/airflow/example_dags/example_local_kubernetes_executor.py
[2025-05-28 22:36:40,084] {logging_mixin.py:115} INFO - [2025-05-28 22:36:40,083] {example_local_kubernetes_executor.py:37} WARNING - Could not import DAGs in example_local_kubernetes_executor.py
Traceback (most recent call last):
  File "/home/cunhaaw/Downloads/APITwitter/venv/lib/python3.9/site-packages/airflow/example_dags/example_local_kubernetes_executor.py", line 35, in <module>
    from kubernetes.client import models as k8s
ModuleNotFoundError: No module named 'kubernetes'
[2025-05-28 22:36:40,084] {logging_mixin.py:115} INFO - [2025-05-28 22:36:40,084] {example_local_kubernetes_executor.py:38} WARNING - Install Kubernetes dependencies with: pip install apache-airflow[cncf.kubernetes]
[2025-05-28 22:36:40,084] {processor.py:653} WARNING - No viable dags retrieved from /home/cunhaaw/Downloads/APITwitter/venv/lib/python3.9/site-packages/airflow/example_dags/example_local_kubernetes_executor.py
[2025-05-28 22:36:40,099] {processor.py:161} INFO - Processing /home/cunhaaw/Downloads/APITwitter/venv/lib/python3.9/site-packages/airflow/example_dags/example_local_kubernetes_executor.py took 0.045 seconds
[2025-05-28 22:37:16,515] {processor.py:153} INFO - Started process (PID=7303) to work on /home/cunhaaw/Downloads/APITwitter/venv/lib/python3.9/site-packages/airflow/example_dags/example_local_kubernetes_executor.py
[2025-05-28 22:37:16,516] {processor.py:641} INFO - Processing file /home/cunhaaw/Downloads/APITwitter/venv/lib/python3.9/site-packages/airflow/example_dags/example_local_kubernetes_executor.py for tasks to queue
[2025-05-28 22:37:16,517] {logging_mixin.py:115} INFO - [2025-05-28 22:37:16,517] {dagbag.py:507} INFO - Filling up the DagBag from /home/cunhaaw/Downloads/APITwitter/venv/lib/python3.9/site-packages/airflow/example_dags/example_local_kubernetes_executor.py
[2025-05-28 22:37:16,535] {logging_mixin.py:115} INFO - [2025-05-28 22:37:16,534] {example_local_kubernetes_executor.py:37} WARNING - Could not import DAGs in example_local_kubernetes_executor.py
Traceback (most recent call last):
  File "/home/cunhaaw/Downloads/APITwitter/venv/lib/python3.9/site-packages/airflow/example_dags/example_local_kubernetes_executor.py", line 35, in <module>
    from kubernetes.client import models as k8s
ModuleNotFoundError: No module named 'kubernetes'
[2025-05-28 22:37:16,535] {logging_mixin.py:115} INFO - [2025-05-28 22:37:16,535] {example_local_kubernetes_executor.py:38} WARNING - Install Kubernetes dependencies with: pip install apache-airflow[cncf.kubernetes]
[2025-05-28 22:37:16,535] {processor.py:653} WARNING - No viable dags retrieved from /home/cunhaaw/Downloads/APITwitter/venv/lib/python3.9/site-packages/airflow/example_dags/example_local_kubernetes_executor.py
[2025-05-28 22:37:16,549] {processor.py:161} INFO - Processing /home/cunhaaw/Downloads/APITwitter/venv/lib/python3.9/site-packages/airflow/example_dags/example_local_kubernetes_executor.py took 0.041 seconds
[2025-05-28 22:37:54,980] {processor.py:153} INFO - Started process (PID=7399) to work on /home/cunhaaw/Downloads/APITwitter/venv/lib/python3.9/site-packages/airflow/example_dags/example_local_kubernetes_executor.py
[2025-05-28 22:37:54,981] {processor.py:641} INFO - Processing file /home/cunhaaw/Downloads/APITwitter/venv/lib/python3.9/site-packages/airflow/example_dags/example_local_kubernetes_executor.py for tasks to queue
[2025-05-28 22:37:54,982] {logging_mixin.py:115} INFO - [2025-05-28 22:37:54,982] {dagbag.py:507} INFO - Filling up the DagBag from /home/cunhaaw/Downloads/APITwitter/venv/lib/python3.9/site-packages/airflow/example_dags/example_local_kubernetes_executor.py
[2025-05-28 22:37:55,013] {logging_mixin.py:115} INFO - [2025-05-28 22:37:55,013] {example_local_kubernetes_executor.py:37} WARNING - Could not import DAGs in example_local_kubernetes_executor.py
Traceback (most recent call last):
  File "/home/cunhaaw/Downloads/APITwitter/venv/lib/python3.9/site-packages/airflow/example_dags/example_local_kubernetes_executor.py", line 35, in <module>
    from kubernetes.client import models as k8s
ModuleNotFoundError: No module named 'kubernetes'
[2025-05-28 22:37:55,013] {logging_mixin.py:115} INFO - [2025-05-28 22:37:55,013] {example_local_kubernetes_executor.py:38} WARNING - Install Kubernetes dependencies with: pip install apache-airflow[cncf.kubernetes]
[2025-05-28 22:37:55,013] {processor.py:653} WARNING - No viable dags retrieved from /home/cunhaaw/Downloads/APITwitter/venv/lib/python3.9/site-packages/airflow/example_dags/example_local_kubernetes_executor.py
[2025-05-28 22:37:55,030] {processor.py:161} INFO - Processing /home/cunhaaw/Downloads/APITwitter/venv/lib/python3.9/site-packages/airflow/example_dags/example_local_kubernetes_executor.py took 0.057 seconds
[2025-05-28 22:38:32,899] {processor.py:153} INFO - Started process (PID=7595) to work on /home/cunhaaw/Downloads/APITwitter/venv/lib/python3.9/site-packages/airflow/example_dags/example_local_kubernetes_executor.py
[2025-05-28 22:38:32,900] {processor.py:641} INFO - Processing file /home/cunhaaw/Downloads/APITwitter/venv/lib/python3.9/site-packages/airflow/example_dags/example_local_kubernetes_executor.py for tasks to queue
[2025-05-28 22:38:32,901] {logging_mixin.py:115} INFO - [2025-05-28 22:38:32,900] {dagbag.py:507} INFO - Filling up the DagBag from /home/cunhaaw/Downloads/APITwitter/venv/lib/python3.9/site-packages/airflow/example_dags/example_local_kubernetes_executor.py
[2025-05-28 22:38:32,936] {logging_mixin.py:115} INFO - [2025-05-28 22:38:32,936] {example_local_kubernetes_executor.py:37} WARNING - Could not import DAGs in example_local_kubernetes_executor.py
Traceback (most recent call last):
  File "/home/cunhaaw/Downloads/APITwitter/venv/lib/python3.9/site-packages/airflow/example_dags/example_local_kubernetes_executor.py", line 35, in <module>
    from kubernetes.client import models as k8s
ModuleNotFoundError: No module named 'kubernetes'
[2025-05-28 22:38:32,937] {logging_mixin.py:115} INFO - [2025-05-28 22:38:32,937] {example_local_kubernetes_executor.py:38} WARNING - Install Kubernetes dependencies with: pip install apache-airflow[cncf.kubernetes]
[2025-05-28 22:38:32,938] {processor.py:653} WARNING - No viable dags retrieved from /home/cunhaaw/Downloads/APITwitter/venv/lib/python3.9/site-packages/airflow/example_dags/example_local_kubernetes_executor.py
[2025-05-28 22:38:32,960] {processor.py:161} INFO - Processing /home/cunhaaw/Downloads/APITwitter/venv/lib/python3.9/site-packages/airflow/example_dags/example_local_kubernetes_executor.py took 0.071 seconds
[2025-05-28 22:39:13,408] {processor.py:153} INFO - Started process (PID=7872) to work on /home/cunhaaw/Downloads/APITwitter/venv/lib/python3.9/site-packages/airflow/example_dags/example_local_kubernetes_executor.py
[2025-05-28 22:39:13,409] {processor.py:641} INFO - Processing file /home/cunhaaw/Downloads/APITwitter/venv/lib/python3.9/site-packages/airflow/example_dags/example_local_kubernetes_executor.py for tasks to queue
[2025-05-28 22:39:13,410] {logging_mixin.py:115} INFO - [2025-05-28 22:39:13,410] {dagbag.py:507} INFO - Filling up the DagBag from /home/cunhaaw/Downloads/APITwitter/venv/lib/python3.9/site-packages/airflow/example_dags/example_local_kubernetes_executor.py
[2025-05-28 22:39:13,445] {logging_mixin.py:115} INFO - [2025-05-28 22:39:13,444] {example_local_kubernetes_executor.py:37} WARNING - Could not import DAGs in example_local_kubernetes_executor.py
Traceback (most recent call last):
  File "/home/cunhaaw/Downloads/APITwitter/venv/lib/python3.9/site-packages/airflow/example_dags/example_local_kubernetes_executor.py", line 35, in <module>
    from kubernetes.client import models as k8s
ModuleNotFoundError: No module named 'kubernetes'
[2025-05-28 22:39:13,445] {logging_mixin.py:115} INFO - [2025-05-28 22:39:13,445] {example_local_kubernetes_executor.py:38} WARNING - Install Kubernetes dependencies with: pip install apache-airflow[cncf.kubernetes]
[2025-05-28 22:39:13,446] {processor.py:653} WARNING - No viable dags retrieved from /home/cunhaaw/Downloads/APITwitter/venv/lib/python3.9/site-packages/airflow/example_dags/example_local_kubernetes_executor.py
[2025-05-28 22:39:13,473] {processor.py:161} INFO - Processing /home/cunhaaw/Downloads/APITwitter/venv/lib/python3.9/site-packages/airflow/example_dags/example_local_kubernetes_executor.py took 0.074 seconds
[2025-05-28 22:39:49,011] {processor.py:153} INFO - Started process (PID=7976) to work on /home/cunhaaw/Downloads/APITwitter/venv/lib/python3.9/site-packages/airflow/example_dags/example_local_kubernetes_executor.py
[2025-05-28 22:39:49,012] {processor.py:641} INFO - Processing file /home/cunhaaw/Downloads/APITwitter/venv/lib/python3.9/site-packages/airflow/example_dags/example_local_kubernetes_executor.py for tasks to queue
[2025-05-28 22:39:49,012] {logging_mixin.py:115} INFO - [2025-05-28 22:39:49,012] {dagbag.py:507} INFO - Filling up the DagBag from /home/cunhaaw/Downloads/APITwitter/venv/lib/python3.9/site-packages/airflow/example_dags/example_local_kubernetes_executor.py
[2025-05-28 22:39:49,037] {logging_mixin.py:115} INFO - [2025-05-28 22:39:49,037] {example_local_kubernetes_executor.py:37} WARNING - Could not import DAGs in example_local_kubernetes_executor.py
Traceback (most recent call last):
  File "/home/cunhaaw/Downloads/APITwitter/venv/lib/python3.9/site-packages/airflow/example_dags/example_local_kubernetes_executor.py", line 35, in <module>
    from kubernetes.client import models as k8s
ModuleNotFoundError: No module named 'kubernetes'
[2025-05-28 22:39:49,038] {logging_mixin.py:115} INFO - [2025-05-28 22:39:49,038] {example_local_kubernetes_executor.py:38} WARNING - Install Kubernetes dependencies with: pip install apache-airflow[cncf.kubernetes]
[2025-05-28 22:39:49,038] {processor.py:653} WARNING - No viable dags retrieved from /home/cunhaaw/Downloads/APITwitter/venv/lib/python3.9/site-packages/airflow/example_dags/example_local_kubernetes_executor.py
[2025-05-28 22:39:49,054] {processor.py:161} INFO - Processing /home/cunhaaw/Downloads/APITwitter/venv/lib/python3.9/site-packages/airflow/example_dags/example_local_kubernetes_executor.py took 0.051 seconds
[2025-05-28 22:40:26,596] {processor.py:153} INFO - Started process (PID=8175) to work on /home/cunhaaw/Downloads/APITwitter/venv/lib/python3.9/site-packages/airflow/example_dags/example_local_kubernetes_executor.py
[2025-05-28 22:40:26,598] {processor.py:641} INFO - Processing file /home/cunhaaw/Downloads/APITwitter/venv/lib/python3.9/site-packages/airflow/example_dags/example_local_kubernetes_executor.py for tasks to queue
[2025-05-28 22:40:26,599] {logging_mixin.py:115} INFO - [2025-05-28 22:40:26,598] {dagbag.py:507} INFO - Filling up the DagBag from /home/cunhaaw/Downloads/APITwitter/venv/lib/python3.9/site-packages/airflow/example_dags/example_local_kubernetes_executor.py
[2025-05-28 22:40:26,650] {logging_mixin.py:115} INFO - [2025-05-28 22:40:26,650] {example_local_kubernetes_executor.py:37} WARNING - Could not import DAGs in example_local_kubernetes_executor.py
Traceback (most recent call last):
  File "/home/cunhaaw/Downloads/APITwitter/venv/lib/python3.9/site-packages/airflow/example_dags/example_local_kubernetes_executor.py", line 35, in <module>
    from kubernetes.client import models as k8s
ModuleNotFoundError: No module named 'kubernetes'
[2025-05-28 22:40:26,651] {logging_mixin.py:115} INFO - [2025-05-28 22:40:26,651] {example_local_kubernetes_executor.py:38} WARNING - Install Kubernetes dependencies with: pip install apache-airflow[cncf.kubernetes]
[2025-05-28 22:40:26,651] {processor.py:653} WARNING - No viable dags retrieved from /home/cunhaaw/Downloads/APITwitter/venv/lib/python3.9/site-packages/airflow/example_dags/example_local_kubernetes_executor.py
[2025-05-28 22:40:26,690] {processor.py:161} INFO - Processing /home/cunhaaw/Downloads/APITwitter/venv/lib/python3.9/site-packages/airflow/example_dags/example_local_kubernetes_executor.py took 0.101 seconds
[2025-05-28 22:41:05,719] {processor.py:153} INFO - Started process (PID=8271) to work on /home/cunhaaw/Downloads/APITwitter/venv/lib/python3.9/site-packages/airflow/example_dags/example_local_kubernetes_executor.py
[2025-05-28 22:41:05,723] {processor.py:641} INFO - Processing file /home/cunhaaw/Downloads/APITwitter/venv/lib/python3.9/site-packages/airflow/example_dags/example_local_kubernetes_executor.py for tasks to queue
[2025-05-28 22:41:05,725] {logging_mixin.py:115} INFO - [2025-05-28 22:41:05,725] {dagbag.py:507} INFO - Filling up the DagBag from /home/cunhaaw/Downloads/APITwitter/venv/lib/python3.9/site-packages/airflow/example_dags/example_local_kubernetes_executor.py
[2025-05-28 22:41:05,767] {logging_mixin.py:115} INFO - [2025-05-28 22:41:05,766] {example_local_kubernetes_executor.py:37} WARNING - Could not import DAGs in example_local_kubernetes_executor.py
Traceback (most recent call last):
  File "/home/cunhaaw/Downloads/APITwitter/venv/lib/python3.9/site-packages/airflow/example_dags/example_local_kubernetes_executor.py", line 35, in <module>
    from kubernetes.client import models as k8s
ModuleNotFoundError: No module named 'kubernetes'
[2025-05-28 22:41:05,767] {logging_mixin.py:115} INFO - [2025-05-28 22:41:05,767] {example_local_kubernetes_executor.py:38} WARNING - Install Kubernetes dependencies with: pip install apache-airflow[cncf.kubernetes]
[2025-05-28 22:41:05,767] {processor.py:653} WARNING - No viable dags retrieved from /home/cunhaaw/Downloads/APITwitter/venv/lib/python3.9/site-packages/airflow/example_dags/example_local_kubernetes_executor.py
[2025-05-28 22:41:05,797] {processor.py:161} INFO - Processing /home/cunhaaw/Downloads/APITwitter/venv/lib/python3.9/site-packages/airflow/example_dags/example_local_kubernetes_executor.py took 0.082 seconds
[2025-05-28 22:41:47,638] {processor.py:153} INFO - Started process (PID=8759) to work on /home/cunhaaw/Downloads/APITwitter/venv/lib/python3.9/site-packages/airflow/example_dags/example_local_kubernetes_executor.py
[2025-05-28 22:41:47,640] {processor.py:641} INFO - Processing file /home/cunhaaw/Downloads/APITwitter/venv/lib/python3.9/site-packages/airflow/example_dags/example_local_kubernetes_executor.py for tasks to queue
[2025-05-28 22:41:47,642] {logging_mixin.py:115} INFO - [2025-05-28 22:41:47,641] {dagbag.py:507} INFO - Filling up the DagBag from /home/cunhaaw/Downloads/APITwitter/venv/lib/python3.9/site-packages/airflow/example_dags/example_local_kubernetes_executor.py
[2025-05-28 22:41:47,667] {logging_mixin.py:115} INFO - [2025-05-28 22:41:47,667] {example_local_kubernetes_executor.py:37} WARNING - Could not import DAGs in example_local_kubernetes_executor.py
Traceback (most recent call last):
  File "/home/cunhaaw/Downloads/APITwitter/venv/lib/python3.9/site-packages/airflow/example_dags/example_local_kubernetes_executor.py", line 35, in <module>
    from kubernetes.client import models as k8s
ModuleNotFoundError: No module named 'kubernetes'
[2025-05-28 22:41:47,667] {logging_mixin.py:115} INFO - [2025-05-28 22:41:47,667] {example_local_kubernetes_executor.py:38} WARNING - Install Kubernetes dependencies with: pip install apache-airflow[cncf.kubernetes]
[2025-05-28 22:41:47,668] {processor.py:653} WARNING - No viable dags retrieved from /home/cunhaaw/Downloads/APITwitter/venv/lib/python3.9/site-packages/airflow/example_dags/example_local_kubernetes_executor.py
[2025-05-28 22:41:47,687] {processor.py:161} INFO - Processing /home/cunhaaw/Downloads/APITwitter/venv/lib/python3.9/site-packages/airflow/example_dags/example_local_kubernetes_executor.py took 0.058 seconds
[2025-05-28 22:42:22,737] {processor.py:153} INFO - Started process (PID=8991) to work on /home/cunhaaw/Downloads/APITwitter/venv/lib/python3.9/site-packages/airflow/example_dags/example_local_kubernetes_executor.py
[2025-05-28 22:42:22,738] {processor.py:641} INFO - Processing file /home/cunhaaw/Downloads/APITwitter/venv/lib/python3.9/site-packages/airflow/example_dags/example_local_kubernetes_executor.py for tasks to queue
[2025-05-28 22:42:22,740] {logging_mixin.py:115} INFO - [2025-05-28 22:42:22,739] {dagbag.py:507} INFO - Filling up the DagBag from /home/cunhaaw/Downloads/APITwitter/venv/lib/python3.9/site-packages/airflow/example_dags/example_local_kubernetes_executor.py
[2025-05-28 22:42:22,769] {logging_mixin.py:115} INFO - [2025-05-28 22:42:22,769] {example_local_kubernetes_executor.py:37} WARNING - Could not import DAGs in example_local_kubernetes_executor.py
Traceback (most recent call last):
  File "/home/cunhaaw/Downloads/APITwitter/venv/lib/python3.9/site-packages/airflow/example_dags/example_local_kubernetes_executor.py", line 35, in <module>
    from kubernetes.client import models as k8s
ModuleNotFoundError: No module named 'kubernetes'
[2025-05-28 22:42:22,769] {logging_mixin.py:115} INFO - [2025-05-28 22:42:22,769] {example_local_kubernetes_executor.py:38} WARNING - Install Kubernetes dependencies with: pip install apache-airflow[cncf.kubernetes]
[2025-05-28 22:42:22,769] {processor.py:653} WARNING - No viable dags retrieved from /home/cunhaaw/Downloads/APITwitter/venv/lib/python3.9/site-packages/airflow/example_dags/example_local_kubernetes_executor.py
[2025-05-28 22:42:22,785] {processor.py:161} INFO - Processing /home/cunhaaw/Downloads/APITwitter/venv/lib/python3.9/site-packages/airflow/example_dags/example_local_kubernetes_executor.py took 0.056 seconds
[2025-05-28 22:43:04,215] {processor.py:153} INFO - Started process (PID=9262) to work on /home/cunhaaw/Downloads/APITwitter/venv/lib/python3.9/site-packages/airflow/example_dags/example_local_kubernetes_executor.py
[2025-05-28 22:43:04,217] {processor.py:641} INFO - Processing file /home/cunhaaw/Downloads/APITwitter/venv/lib/python3.9/site-packages/airflow/example_dags/example_local_kubernetes_executor.py for tasks to queue
[2025-05-28 22:43:04,219] {logging_mixin.py:115} INFO - [2025-05-28 22:43:04,219] {dagbag.py:507} INFO - Filling up the DagBag from /home/cunhaaw/Downloads/APITwitter/venv/lib/python3.9/site-packages/airflow/example_dags/example_local_kubernetes_executor.py
[2025-05-28 22:43:04,257] {logging_mixin.py:115} INFO - [2025-05-28 22:43:04,253] {example_local_kubernetes_executor.py:37} WARNING - Could not import DAGs in example_local_kubernetes_executor.py
Traceback (most recent call last):
  File "/home/cunhaaw/Downloads/APITwitter/venv/lib/python3.9/site-packages/airflow/example_dags/example_local_kubernetes_executor.py", line 35, in <module>
    from kubernetes.client import models as k8s
ModuleNotFoundError: No module named 'kubernetes'
[2025-05-28 22:43:04,257] {logging_mixin.py:115} INFO - [2025-05-28 22:43:04,257] {example_local_kubernetes_executor.py:38} WARNING - Install Kubernetes dependencies with: pip install apache-airflow[cncf.kubernetes]
[2025-05-28 22:43:04,258] {processor.py:653} WARNING - No viable dags retrieved from /home/cunhaaw/Downloads/APITwitter/venv/lib/python3.9/site-packages/airflow/example_dags/example_local_kubernetes_executor.py
[2025-05-28 22:43:04,280] {processor.py:161} INFO - Processing /home/cunhaaw/Downloads/APITwitter/venv/lib/python3.9/site-packages/airflow/example_dags/example_local_kubernetes_executor.py took 0.072 seconds
[2025-05-28 22:43:39,424] {processor.py:153} INFO - Started process (PID=9419) to work on /home/cunhaaw/Downloads/APITwitter/venv/lib/python3.9/site-packages/airflow/example_dags/example_local_kubernetes_executor.py
[2025-05-28 22:43:39,425] {processor.py:641} INFO - Processing file /home/cunhaaw/Downloads/APITwitter/venv/lib/python3.9/site-packages/airflow/example_dags/example_local_kubernetes_executor.py for tasks to queue
[2025-05-28 22:43:39,425] {logging_mixin.py:115} INFO - [2025-05-28 22:43:39,425] {dagbag.py:507} INFO - Filling up the DagBag from /home/cunhaaw/Downloads/APITwitter/venv/lib/python3.9/site-packages/airflow/example_dags/example_local_kubernetes_executor.py
[2025-05-28 22:43:39,443] {logging_mixin.py:115} INFO - [2025-05-28 22:43:39,443] {example_local_kubernetes_executor.py:37} WARNING - Could not import DAGs in example_local_kubernetes_executor.py
Traceback (most recent call last):
  File "/home/cunhaaw/Downloads/APITwitter/venv/lib/python3.9/site-packages/airflow/example_dags/example_local_kubernetes_executor.py", line 35, in <module>
    from kubernetes.client import models as k8s
ModuleNotFoundError: No module named 'kubernetes'
[2025-05-28 22:43:39,443] {logging_mixin.py:115} INFO - [2025-05-28 22:43:39,443] {example_local_kubernetes_executor.py:38} WARNING - Install Kubernetes dependencies with: pip install apache-airflow[cncf.kubernetes]
[2025-05-28 22:43:39,444] {processor.py:653} WARNING - No viable dags retrieved from /home/cunhaaw/Downloads/APITwitter/venv/lib/python3.9/site-packages/airflow/example_dags/example_local_kubernetes_executor.py
[2025-05-28 22:43:39,457] {processor.py:161} INFO - Processing /home/cunhaaw/Downloads/APITwitter/venv/lib/python3.9/site-packages/airflow/example_dags/example_local_kubernetes_executor.py took 0.039 seconds
