[2025-05-28 22:34:43,273] {processor.py:153} INFO - Started process (PID=6447) to work on /home/cunhaaw/Downloads/APITwitter/venv/lib/python3.9/site-packages/airflow/example_dags/example_short_circuit_operator.py
[2025-05-28 22:34:43,274] {processor.py:641} INFO - Processing file /home/cunhaaw/Downloads/APITwitter/venv/lib/python3.9/site-packages/airflow/example_dags/example_short_circuit_operator.py for tasks to queue
[2025-05-28 22:34:43,275] {logging_mixin.py:115} INFO - [2025-05-28 22:34:43,274] {dagbag.py:507} INFO - Filling up the DagBag from /home/cunhaaw/Downloads/APITwitter/venv/lib/python3.9/site-packages/airflow/example_dags/example_short_circuit_operator.py
[2025-05-28 22:34:43,287] {processor.py:651} INFO - DAG(s) dict_keys(['example_short_circuit_operator']) retrieved from /home/cunhaaw/Downloads/APITwitter/venv/lib/python3.9/site-packages/airflow/example_dags/example_short_circuit_operator.py
[2025-05-28 22:34:43,371] {logging_mixin.py:115} INFO - [2025-05-28 22:34:43,371] {manager.py:508} INFO - Created Permission View: can read on DAG:example_short_circuit_operator
[2025-05-28 22:34:43,382] {logging_mixin.py:115} INFO - [2025-05-28 22:34:43,382] {manager.py:508} INFO - Created Permission View: can delete on DAG:example_short_circuit_operator
[2025-05-28 22:34:43,399] {logging_mixin.py:115} INFO - [2025-05-28 22:34:43,399] {manager.py:508} INFO - Created Permission View: can edit on DAG:example_short_circuit_operator
[2025-05-28 22:34:43,400] {logging_mixin.py:115} INFO - [2025-05-28 22:34:43,400] {dag.py:2379} INFO - Sync 1 DAGs
[2025-05-28 22:34:43,410] {logging_mixin.py:115} INFO - [2025-05-28 22:34:43,410] {dag.py:2398} INFO - Creating ORM DAG for example_short_circuit_operator
[2025-05-28 22:34:43,422] {logging_mixin.py:115} INFO - [2025-05-28 22:34:43,422] {dag.py:2927} INFO - Setting next_dagrun for example_short_circuit_operator to 2025-05-28T01:34:43.421818+00:00, run_after=2025-05-29T01:34:43.421818+00:00
[2025-05-28 22:34:43,442] {processor.py:161} INFO - Processing /home/cunhaaw/Downloads/APITwitter/venv/lib/python3.9/site-packages/airflow/example_dags/example_short_circuit_operator.py took 0.173 seconds
[2025-05-28 22:35:25,038] {processor.py:153} INFO - Started process (PID=6491) to work on /home/cunhaaw/Downloads/APITwitter/venv/lib/python3.9/site-packages/airflow/example_dags/example_short_circuit_operator.py
[2025-05-28 22:35:25,040] {processor.py:641} INFO - Processing file /home/cunhaaw/Downloads/APITwitter/venv/lib/python3.9/site-packages/airflow/example_dags/example_short_circuit_operator.py for tasks to queue
[2025-05-28 22:35:25,040] {logging_mixin.py:115} INFO - [2025-05-28 22:35:25,040] {dagbag.py:507} INFO - Filling up the DagBag from /home/cunhaaw/Downloads/APITwitter/venv/lib/python3.9/site-packages/airflow/example_dags/example_short_circuit_operator.py
[2025-05-28 22:35:25,057] {processor.py:651} INFO - DAG(s) dict_keys(['example_short_circuit_operator']) retrieved from /home/cunhaaw/Downloads/APITwitter/venv/lib/python3.9/site-packages/airflow/example_dags/example_short_circuit_operator.py
[2025-05-28 22:35:25,084] {logging_mixin.py:115} INFO - [2025-05-28 22:35:25,084] {dag.py:2379} INFO - Sync 1 DAGs
[2025-05-28 22:35:25,115] {logging_mixin.py:115} INFO - [2025-05-28 22:35:25,115] {dag.py:2927} INFO - Setting next_dagrun for example_short_circuit_operator to 2025-05-28T01:35:25.115296+00:00, run_after=2025-05-29T01:35:25.115296+00:00
[2025-05-28 22:35:25,135] {processor.py:161} INFO - Processing /home/cunhaaw/Downloads/APITwitter/venv/lib/python3.9/site-packages/airflow/example_dags/example_short_circuit_operator.py took 0.101 seconds
[2025-05-28 22:36:02,294] {processor.py:153} INFO - Started process (PID=6804) to work on /home/cunhaaw/Downloads/APITwitter/venv/lib/python3.9/site-packages/airflow/example_dags/example_short_circuit_operator.py
[2025-05-28 22:36:02,296] {processor.py:641} INFO - Processing file /home/cunhaaw/Downloads/APITwitter/venv/lib/python3.9/site-packages/airflow/example_dags/example_short_circuit_operator.py for tasks to queue
[2025-05-28 22:36:02,297] {logging_mixin.py:115} INFO - [2025-05-28 22:36:02,297] {dagbag.py:507} INFO - Filling up the DagBag from /home/cunhaaw/Downloads/APITwitter/venv/lib/python3.9/site-packages/airflow/example_dags/example_short_circuit_operator.py
[2025-05-28 22:36:02,307] {processor.py:651} INFO - DAG(s) dict_keys(['example_short_circuit_operator']) retrieved from /home/cunhaaw/Downloads/APITwitter/venv/lib/python3.9/site-packages/airflow/example_dags/example_short_circuit_operator.py
[2025-05-28 22:36:02,328] {logging_mixin.py:115} INFO - [2025-05-28 22:36:02,328] {dag.py:2379} INFO - Sync 1 DAGs
[2025-05-28 22:36:02,354] {logging_mixin.py:115} INFO - [2025-05-28 22:36:02,354] {dag.py:2927} INFO - Setting next_dagrun for example_short_circuit_operator to 2025-05-28T01:36:02.353629+00:00, run_after=2025-05-29T01:36:02.353629+00:00
[2025-05-28 22:36:02,369] {processor.py:161} INFO - Processing /home/cunhaaw/Downloads/APITwitter/venv/lib/python3.9/site-packages/airflow/example_dags/example_short_circuit_operator.py took 0.079 seconds
[2025-05-28 22:36:38,608] {processor.py:153} INFO - Started process (PID=7097) to work on /home/cunhaaw/Downloads/APITwitter/venv/lib/python3.9/site-packages/airflow/example_dags/example_short_circuit_operator.py
[2025-05-28 22:36:38,610] {processor.py:641} INFO - Processing file /home/cunhaaw/Downloads/APITwitter/venv/lib/python3.9/site-packages/airflow/example_dags/example_short_circuit_operator.py for tasks to queue
[2025-05-28 22:36:38,611] {logging_mixin.py:115} INFO - [2025-05-28 22:36:38,611] {dagbag.py:507} INFO - Filling up the DagBag from /home/cunhaaw/Downloads/APITwitter/venv/lib/python3.9/site-packages/airflow/example_dags/example_short_circuit_operator.py
[2025-05-28 22:36:38,624] {processor.py:651} INFO - DAG(s) dict_keys(['example_short_circuit_operator']) retrieved from /home/cunhaaw/Downloads/APITwitter/venv/lib/python3.9/site-packages/airflow/example_dags/example_short_circuit_operator.py
[2025-05-28 22:36:38,646] {logging_mixin.py:115} INFO - [2025-05-28 22:36:38,646] {dag.py:2379} INFO - Sync 1 DAGs
[2025-05-28 22:36:38,667] {logging_mixin.py:115} INFO - [2025-05-28 22:36:38,667] {dag.py:2927} INFO - Setting next_dagrun for example_short_circuit_operator to 2025-05-28T01:36:38.667099+00:00, run_after=2025-05-29T01:36:38.667099+00:00
[2025-05-28 22:36:38,682] {processor.py:161} INFO - Processing /home/cunhaaw/Downloads/APITwitter/venv/lib/python3.9/site-packages/airflow/example_dags/example_short_circuit_operator.py took 0.082 seconds
[2025-05-28 22:37:15,189] {processor.py:153} INFO - Started process (PID=7301) to work on /home/cunhaaw/Downloads/APITwitter/venv/lib/python3.9/site-packages/airflow/example_dags/example_short_circuit_operator.py
[2025-05-28 22:37:15,190] {processor.py:641} INFO - Processing file /home/cunhaaw/Downloads/APITwitter/venv/lib/python3.9/site-packages/airflow/example_dags/example_short_circuit_operator.py for tasks to queue
[2025-05-28 22:37:15,191] {logging_mixin.py:115} INFO - [2025-05-28 22:37:15,190] {dagbag.py:507} INFO - Filling up the DagBag from /home/cunhaaw/Downloads/APITwitter/venv/lib/python3.9/site-packages/airflow/example_dags/example_short_circuit_operator.py
[2025-05-28 22:37:15,201] {processor.py:651} INFO - DAG(s) dict_keys(['example_short_circuit_operator']) retrieved from /home/cunhaaw/Downloads/APITwitter/venv/lib/python3.9/site-packages/airflow/example_dags/example_short_circuit_operator.py
[2025-05-28 22:37:15,221] {logging_mixin.py:115} INFO - [2025-05-28 22:37:15,221] {dag.py:2379} INFO - Sync 1 DAGs
[2025-05-28 22:37:15,241] {logging_mixin.py:115} INFO - [2025-05-28 22:37:15,241] {dag.py:2927} INFO - Setting next_dagrun for example_short_circuit_operator to 2025-05-28T01:37:15.240705+00:00, run_after=2025-05-29T01:37:15.240705+00:00
[2025-05-28 22:37:15,254] {processor.py:161} INFO - Processing /home/cunhaaw/Downloads/APITwitter/venv/lib/python3.9/site-packages/airflow/example_dags/example_short_circuit_operator.py took 0.071 seconds
[2025-05-28 22:37:51,471] {processor.py:153} INFO - Started process (PID=7345) to work on /home/cunhaaw/Downloads/APITwitter/venv/lib/python3.9/site-packages/airflow/example_dags/example_short_circuit_operator.py
[2025-05-28 22:37:51,474] {processor.py:641} INFO - Processing file /home/cunhaaw/Downloads/APITwitter/venv/lib/python3.9/site-packages/airflow/example_dags/example_short_circuit_operator.py for tasks to queue
[2025-05-28 22:37:51,477] {logging_mixin.py:115} INFO - [2025-05-28 22:37:51,476] {dagbag.py:507} INFO - Filling up the DagBag from /home/cunhaaw/Downloads/APITwitter/venv/lib/python3.9/site-packages/airflow/example_dags/example_short_circuit_operator.py
[2025-05-28 22:37:51,499] {processor.py:651} INFO - DAG(s) dict_keys(['example_short_circuit_operator']) retrieved from /home/cunhaaw/Downloads/APITwitter/venv/lib/python3.9/site-packages/airflow/example_dags/example_short_circuit_operator.py
[2025-05-28 22:37:51,538] {logging_mixin.py:115} INFO - [2025-05-28 22:37:51,538] {dag.py:2379} INFO - Sync 1 DAGs
[2025-05-28 22:37:51,584] {logging_mixin.py:115} INFO - [2025-05-28 22:37:51,584] {dag.py:2927} INFO - Setting next_dagrun for example_short_circuit_operator to 2025-05-28T01:37:51.583362+00:00, run_after=2025-05-29T01:37:51.583362+00:00
[2025-05-28 22:37:51,616] {processor.py:161} INFO - Processing /home/cunhaaw/Downloads/APITwitter/venv/lib/python3.9/site-packages/airflow/example_dags/example_short_circuit_operator.py took 0.152 seconds
[2025-05-28 22:38:28,905] {processor.py:153} INFO - Started process (PID=7539) to work on /home/cunhaaw/Downloads/APITwitter/venv/lib/python3.9/site-packages/airflow/example_dags/example_short_circuit_operator.py
[2025-05-28 22:38:28,906] {processor.py:641} INFO - Processing file /home/cunhaaw/Downloads/APITwitter/venv/lib/python3.9/site-packages/airflow/example_dags/example_short_circuit_operator.py for tasks to queue
[2025-05-28 22:38:28,907] {logging_mixin.py:115} INFO - [2025-05-28 22:38:28,907] {dagbag.py:507} INFO - Filling up the DagBag from /home/cunhaaw/Downloads/APITwitter/venv/lib/python3.9/site-packages/airflow/example_dags/example_short_circuit_operator.py
[2025-05-28 22:38:28,917] {processor.py:651} INFO - DAG(s) dict_keys(['example_short_circuit_operator']) retrieved from /home/cunhaaw/Downloads/APITwitter/venv/lib/python3.9/site-packages/airflow/example_dags/example_short_circuit_operator.py
[2025-05-28 22:38:28,939] {logging_mixin.py:115} INFO - [2025-05-28 22:38:28,939] {dag.py:2379} INFO - Sync 1 DAGs
[2025-05-28 22:38:28,960] {logging_mixin.py:115} INFO - [2025-05-28 22:38:28,959] {dag.py:2927} INFO - Setting next_dagrun for example_short_circuit_operator to 2025-05-28T01:38:28.959677+00:00, run_after=2025-05-29T01:38:28.959677+00:00
[2025-05-28 22:38:28,975] {processor.py:161} INFO - Processing /home/cunhaaw/Downloads/APITwitter/venv/lib/python3.9/site-packages/airflow/example_dags/example_short_circuit_operator.py took 0.076 seconds
[2025-05-28 22:39:10,981] {processor.py:153} INFO - Started process (PID=7841) to work on /home/cunhaaw/Downloads/APITwitter/venv/lib/python3.9/site-packages/airflow/example_dags/example_short_circuit_operator.py
[2025-05-28 22:39:10,983] {processor.py:641} INFO - Processing file /home/cunhaaw/Downloads/APITwitter/venv/lib/python3.9/site-packages/airflow/example_dags/example_short_circuit_operator.py for tasks to queue
[2025-05-28 22:39:10,985] {logging_mixin.py:115} INFO - [2025-05-28 22:39:10,984] {dagbag.py:507} INFO - Filling up the DagBag from /home/cunhaaw/Downloads/APITwitter/venv/lib/python3.9/site-packages/airflow/example_dags/example_short_circuit_operator.py
[2025-05-28 22:39:11,009] {processor.py:651} INFO - DAG(s) dict_keys(['example_short_circuit_operator']) retrieved from /home/cunhaaw/Downloads/APITwitter/venv/lib/python3.9/site-packages/airflow/example_dags/example_short_circuit_operator.py
[2025-05-28 22:39:11,054] {logging_mixin.py:115} INFO - [2025-05-28 22:39:11,054] {dag.py:2379} INFO - Sync 1 DAGs
[2025-05-28 22:39:11,106] {logging_mixin.py:115} INFO - [2025-05-28 22:39:11,106] {dag.py:2927} INFO - Setting next_dagrun for example_short_circuit_operator to 2025-05-28T01:39:11.105306+00:00, run_after=2025-05-29T01:39:11.105306+00:00
[2025-05-28 22:39:11,142] {processor.py:161} INFO - Processing /home/cunhaaw/Downloads/APITwitter/venv/lib/python3.9/site-packages/airflow/example_dags/example_short_circuit_operator.py took 0.171 seconds
[2025-05-28 22:39:46,494] {processor.py:153} INFO - Started process (PID=7974) to work on /home/cunhaaw/Downloads/APITwitter/venv/lib/python3.9/site-packages/airflow/example_dags/example_short_circuit_operator.py
[2025-05-28 22:39:46,497] {processor.py:641} INFO - Processing file /home/cunhaaw/Downloads/APITwitter/venv/lib/python3.9/site-packages/airflow/example_dags/example_short_circuit_operator.py for tasks to queue
[2025-05-28 22:39:46,498] {logging_mixin.py:115} INFO - [2025-05-28 22:39:46,498] {dagbag.py:507} INFO - Filling up the DagBag from /home/cunhaaw/Downloads/APITwitter/venv/lib/python3.9/site-packages/airflow/example_dags/example_short_circuit_operator.py
[2025-05-28 22:39:46,512] {processor.py:651} INFO - DAG(s) dict_keys(['example_short_circuit_operator']) retrieved from /home/cunhaaw/Downloads/APITwitter/venv/lib/python3.9/site-packages/airflow/example_dags/example_short_circuit_operator.py
[2025-05-28 22:39:46,534] {logging_mixin.py:115} INFO - [2025-05-28 22:39:46,534] {dag.py:2379} INFO - Sync 1 DAGs
[2025-05-28 22:39:46,556] {logging_mixin.py:115} INFO - [2025-05-28 22:39:46,556] {dag.py:2927} INFO - Setting next_dagrun for example_short_circuit_operator to 2025-05-28T01:39:46.556426+00:00, run_after=2025-05-29T01:39:46.556426+00:00
[2025-05-28 22:39:46,594] {processor.py:161} INFO - Processing /home/cunhaaw/Downloads/APITwitter/venv/lib/python3.9/site-packages/airflow/example_dags/example_short_circuit_operator.py took 0.112 seconds
[2025-05-28 22:40:24,165] {processor.py:153} INFO - Started process (PID=8143) to work on /home/cunhaaw/Downloads/APITwitter/venv/lib/python3.9/site-packages/airflow/example_dags/example_short_circuit_operator.py
[2025-05-28 22:40:24,167] {processor.py:641} INFO - Processing file /home/cunhaaw/Downloads/APITwitter/venv/lib/python3.9/site-packages/airflow/example_dags/example_short_circuit_operator.py for tasks to queue
[2025-05-28 22:40:24,168] {logging_mixin.py:115} INFO - [2025-05-28 22:40:24,168] {dagbag.py:507} INFO - Filling up the DagBag from /home/cunhaaw/Downloads/APITwitter/venv/lib/python3.9/site-packages/airflow/example_dags/example_short_circuit_operator.py
[2025-05-28 22:40:24,189] {processor.py:651} INFO - DAG(s) dict_keys(['example_short_circuit_operator']) retrieved from /home/cunhaaw/Downloads/APITwitter/venv/lib/python3.9/site-packages/airflow/example_dags/example_short_circuit_operator.py
[2025-05-28 22:40:24,225] {logging_mixin.py:115} INFO - [2025-05-28 22:40:24,225] {dag.py:2379} INFO - Sync 1 DAGs
[2025-05-28 22:40:24,250] {logging_mixin.py:115} INFO - [2025-05-28 22:40:24,250] {dag.py:2927} INFO - Setting next_dagrun for example_short_circuit_operator to 2025-05-28T01:40:24.250213+00:00, run_after=2025-05-29T01:40:24.250213+00:00
[2025-05-28 22:40:24,273] {processor.py:161} INFO - Processing /home/cunhaaw/Downloads/APITwitter/venv/lib/python3.9/site-packages/airflow/example_dags/example_short_circuit_operator.py took 0.114 seconds
[2025-05-28 22:41:03,404] {processor.py:153} INFO - Started process (PID=8269) to work on /home/cunhaaw/Downloads/APITwitter/venv/lib/python3.9/site-packages/airflow/example_dags/example_short_circuit_operator.py
[2025-05-28 22:41:03,405] {processor.py:641} INFO - Processing file /home/cunhaaw/Downloads/APITwitter/venv/lib/python3.9/site-packages/airflow/example_dags/example_short_circuit_operator.py for tasks to queue
[2025-05-28 22:41:03,406] {logging_mixin.py:115} INFO - [2025-05-28 22:41:03,406] {dagbag.py:507} INFO - Filling up the DagBag from /home/cunhaaw/Downloads/APITwitter/venv/lib/python3.9/site-packages/airflow/example_dags/example_short_circuit_operator.py
[2025-05-28 22:41:03,429] {processor.py:651} INFO - DAG(s) dict_keys(['example_short_circuit_operator']) retrieved from /home/cunhaaw/Downloads/APITwitter/venv/lib/python3.9/site-packages/airflow/example_dags/example_short_circuit_operator.py
[2025-05-28 22:41:03,482] {logging_mixin.py:115} INFO - [2025-05-28 22:41:03,482] {dag.py:2379} INFO - Sync 1 DAGs
[2025-05-28 22:41:03,534] {logging_mixin.py:115} INFO - [2025-05-28 22:41:03,534] {dag.py:2927} INFO - Setting next_dagrun for example_short_circuit_operator to 2025-05-28T01:41:03.533388+00:00, run_after=2025-05-29T01:41:03.533388+00:00
[2025-05-28 22:41:03,569] {processor.py:161} INFO - Processing /home/cunhaaw/Downloads/APITwitter/venv/lib/python3.9/site-packages/airflow/example_dags/example_short_circuit_operator.py took 0.173 seconds
[2025-05-28 22:41:45,339] {processor.py:153} INFO - Started process (PID=8728) to work on /home/cunhaaw/Downloads/APITwitter/venv/lib/python3.9/site-packages/airflow/example_dags/example_short_circuit_operator.py
[2025-05-28 22:41:45,349] {processor.py:641} INFO - Processing file /home/cunhaaw/Downloads/APITwitter/venv/lib/python3.9/site-packages/airflow/example_dags/example_short_circuit_operator.py for tasks to queue
[2025-05-28 22:41:45,351] {logging_mixin.py:115} INFO - [2025-05-28 22:41:45,351] {dagbag.py:507} INFO - Filling up the DagBag from /home/cunhaaw/Downloads/APITwitter/venv/lib/python3.9/site-packages/airflow/example_dags/example_short_circuit_operator.py
[2025-05-28 22:41:45,374] {processor.py:651} INFO - DAG(s) dict_keys(['example_short_circuit_operator']) retrieved from /home/cunhaaw/Downloads/APITwitter/venv/lib/python3.9/site-packages/airflow/example_dags/example_short_circuit_operator.py
[2025-05-28 22:41:45,413] {logging_mixin.py:115} INFO - [2025-05-28 22:41:45,413] {dag.py:2379} INFO - Sync 1 DAGs
[2025-05-28 22:41:45,470] {logging_mixin.py:115} INFO - [2025-05-28 22:41:45,470] {dag.py:2927} INFO - Setting next_dagrun for example_short_circuit_operator to 2025-05-28T01:41:45.469762+00:00, run_after=2025-05-29T01:41:45.469762+00:00
[2025-05-28 22:41:45,503] {processor.py:161} INFO - Processing /home/cunhaaw/Downloads/APITwitter/venv/lib/python3.9/site-packages/airflow/example_dags/example_short_circuit_operator.py took 0.171 seconds
[2025-05-28 22:42:21,253] {processor.py:153} INFO - Started process (PID=8977) to work on /home/cunhaaw/Downloads/APITwitter/venv/lib/python3.9/site-packages/airflow/example_dags/example_short_circuit_operator.py
[2025-05-28 22:42:21,255] {processor.py:641} INFO - Processing file /home/cunhaaw/Downloads/APITwitter/venv/lib/python3.9/site-packages/airflow/example_dags/example_short_circuit_operator.py for tasks to queue
[2025-05-28 22:42:21,256] {logging_mixin.py:115} INFO - [2025-05-28 22:42:21,256] {dagbag.py:507} INFO - Filling up the DagBag from /home/cunhaaw/Downloads/APITwitter/venv/lib/python3.9/site-packages/airflow/example_dags/example_short_circuit_operator.py
[2025-05-28 22:42:21,268] {processor.py:651} INFO - DAG(s) dict_keys(['example_short_circuit_operator']) retrieved from /home/cunhaaw/Downloads/APITwitter/venv/lib/python3.9/site-packages/airflow/example_dags/example_short_circuit_operator.py
[2025-05-28 22:42:21,294] {logging_mixin.py:115} INFO - [2025-05-28 22:42:21,294] {dag.py:2379} INFO - Sync 1 DAGs
[2025-05-28 22:42:21,319] {logging_mixin.py:115} INFO - [2025-05-28 22:42:21,318] {dag.py:2927} INFO - Setting next_dagrun for example_short_circuit_operator to 2025-05-28T01:42:21.318505+00:00, run_after=2025-05-29T01:42:21.318505+00:00
[2025-05-28 22:42:21,337] {processor.py:161} INFO - Processing /home/cunhaaw/Downloads/APITwitter/venv/lib/python3.9/site-packages/airflow/example_dags/example_short_circuit_operator.py took 0.089 seconds
[2025-05-28 22:43:01,771] {processor.py:153} INFO - Started process (PID=9259) to work on /home/cunhaaw/Downloads/APITwitter/venv/lib/python3.9/site-packages/airflow/example_dags/example_short_circuit_operator.py
[2025-05-28 22:43:01,772] {processor.py:641} INFO - Processing file /home/cunhaaw/Downloads/APITwitter/venv/lib/python3.9/site-packages/airflow/example_dags/example_short_circuit_operator.py for tasks to queue
[2025-05-28 22:43:01,773] {logging_mixin.py:115} INFO - [2025-05-28 22:43:01,773] {dagbag.py:507} INFO - Filling up the DagBag from /home/cunhaaw/Downloads/APITwitter/venv/lib/python3.9/site-packages/airflow/example_dags/example_short_circuit_operator.py
[2025-05-28 22:43:01,794] {processor.py:651} INFO - DAG(s) dict_keys(['example_short_circuit_operator']) retrieved from /home/cunhaaw/Downloads/APITwitter/venv/lib/python3.9/site-packages/airflow/example_dags/example_short_circuit_operator.py
[2025-05-28 22:43:01,830] {logging_mixin.py:115} INFO - [2025-05-28 22:43:01,829] {dag.py:2379} INFO - Sync 1 DAGs
[2025-05-28 22:43:01,873] {logging_mixin.py:115} INFO - [2025-05-28 22:43:01,873] {dag.py:2927} INFO - Setting next_dagrun for example_short_circuit_operator to 2025-05-28T01:43:01.872689+00:00, run_after=2025-05-29T01:43:01.872689+00:00
[2025-05-28 22:43:01,902] {processor.py:161} INFO - Processing /home/cunhaaw/Downloads/APITwitter/venv/lib/python3.9/site-packages/airflow/example_dags/example_short_circuit_operator.py took 0.139 seconds
[2025-05-28 22:43:37,018] {processor.py:153} INFO - Started process (PID=9400) to work on /home/cunhaaw/Downloads/APITwitter/venv/lib/python3.9/site-packages/airflow/example_dags/example_short_circuit_operator.py
[2025-05-28 22:43:37,019] {processor.py:641} INFO - Processing file /home/cunhaaw/Downloads/APITwitter/venv/lib/python3.9/site-packages/airflow/example_dags/example_short_circuit_operator.py for tasks to queue
[2025-05-28 22:43:37,019] {logging_mixin.py:115} INFO - [2025-05-28 22:43:37,019] {dagbag.py:507} INFO - Filling up the DagBag from /home/cunhaaw/Downloads/APITwitter/venv/lib/python3.9/site-packages/airflow/example_dags/example_short_circuit_operator.py
[2025-05-28 22:43:37,038] {processor.py:651} INFO - DAG(s) dict_keys(['example_short_circuit_operator']) retrieved from /home/cunhaaw/Downloads/APITwitter/venv/lib/python3.9/site-packages/airflow/example_dags/example_short_circuit_operator.py
[2025-05-28 22:43:37,072] {logging_mixin.py:115} INFO - [2025-05-28 22:43:37,072] {dag.py:2379} INFO - Sync 1 DAGs
[2025-05-28 22:43:37,109] {logging_mixin.py:115} INFO - [2025-05-28 22:43:37,109] {dag.py:2927} INFO - Setting next_dagrun for example_short_circuit_operator to 2025-05-28T01:43:37.109243+00:00, run_after=2025-05-29T01:43:37.109243+00:00
[2025-05-28 22:43:37,132] {processor.py:161} INFO - Processing /home/cunhaaw/Downloads/APITwitter/venv/lib/python3.9/site-packages/airflow/example_dags/example_short_circuit_operator.py took 0.119 seconds
