[2025-05-28 22:34:53,361] {processor.py:153} INFO - Started process (PID=6457) to work on /home/cunhaaw/Downloads/APITwitter/venv/lib/python3.9/site-packages/airflow/example_dags/example_external_task_marker_dag.py
[2025-05-28 22:34:53,362] {processor.py:641} INFO - Processing file /home/cunhaaw/Downloads/APITwitter/venv/lib/python3.9/site-packages/airflow/example_dags/example_external_task_marker_dag.py for tasks to queue
[2025-05-28 22:34:53,362] {logging_mixin.py:115} INFO - [2025-05-28 22:34:53,362] {dagbag.py:507} INFO - Filling up the DagBag from /home/cunhaaw/Downloads/APITwitter/venv/lib/python3.9/site-packages/airflow/example_dags/example_external_task_marker_dag.py
[2025-05-28 22:34:53,368] {processor.py:651} INFO - DAG(s) dict_keys(['example_external_task_marker_parent', 'example_external_task_marker_child']) retrieved from /home/cunhaaw/Downloads/APITwitter/venv/lib/python3.9/site-packages/airflow/example_dags/example_external_task_marker_dag.py
[2025-05-28 22:34:53,445] {logging_mixin.py:115} INFO - [2025-05-28 22:34:53,445] {manager.py:508} INFO - Created Permission View: can read on DAG:example_external_task_marker_parent
[2025-05-28 22:34:53,455] {logging_mixin.py:115} INFO - [2025-05-28 22:34:53,455] {manager.py:508} INFO - Created Permission View: can delete on DAG:example_external_task_marker_parent
[2025-05-28 22:34:53,462] {logging_mixin.py:115} INFO - [2025-05-28 22:34:53,462] {manager.py:508} INFO - Created Permission View: can edit on DAG:example_external_task_marker_parent
[2025-05-28 22:34:53,489] {logging_mixin.py:115} INFO - [2025-05-28 22:34:53,489] {manager.py:508} INFO - Created Permission View: can read on DAG:example_external_task_marker_child
[2025-05-28 22:34:53,497] {logging_mixin.py:115} INFO - [2025-05-28 22:34:53,496] {manager.py:508} INFO - Created Permission View: can delete on DAG:example_external_task_marker_child
[2025-05-28 22:34:53,505] {logging_mixin.py:115} INFO - [2025-05-28 22:34:53,505] {manager.py:508} INFO - Created Permission View: can edit on DAG:example_external_task_marker_child
[2025-05-28 22:34:53,505] {logging_mixin.py:115} INFO - [2025-05-28 22:34:53,505] {dag.py:2379} INFO - Sync 2 DAGs
[2025-05-28 22:34:53,515] {logging_mixin.py:115} INFO - [2025-05-28 22:34:53,515] {dag.py:2398} INFO - Creating ORM DAG for example_external_task_marker_parent
[2025-05-28 22:34:53,516] {logging_mixin.py:115} INFO - [2025-05-28 22:34:53,516] {dag.py:2398} INFO - Creating ORM DAG for example_external_task_marker_child
[2025-05-28 22:34:53,531] {logging_mixin.py:115} INFO - [2025-05-28 22:34:53,531] {dag.py:2927} INFO - Setting next_dagrun for example_external_task_marker_child to None, run_after=None
[2025-05-28 22:34:53,532] {logging_mixin.py:115} INFO - [2025-05-28 22:34:53,532] {dag.py:2927} INFO - Setting next_dagrun for example_external_task_marker_parent to None, run_after=None
[2025-05-28 22:34:53,550] {processor.py:161} INFO - Processing /home/cunhaaw/Downloads/APITwitter/venv/lib/python3.9/site-packages/airflow/example_dags/example_external_task_marker_dag.py took 0.193 seconds
[2025-05-28 22:35:33,756] {processor.py:153} INFO - Started process (PID=6607) to work on /home/cunhaaw/Downloads/APITwitter/venv/lib/python3.9/site-packages/airflow/example_dags/example_external_task_marker_dag.py
[2025-05-28 22:35:33,759] {processor.py:641} INFO - Processing file /home/cunhaaw/Downloads/APITwitter/venv/lib/python3.9/site-packages/airflow/example_dags/example_external_task_marker_dag.py for tasks to queue
[2025-05-28 22:35:33,760] {logging_mixin.py:115} INFO - [2025-05-28 22:35:33,760] {dagbag.py:507} INFO - Filling up the DagBag from /home/cunhaaw/Downloads/APITwitter/venv/lib/python3.9/site-packages/airflow/example_dags/example_external_task_marker_dag.py
[2025-05-28 22:35:33,772] {processor.py:651} INFO - DAG(s) dict_keys(['example_external_task_marker_parent', 'example_external_task_marker_child']) retrieved from /home/cunhaaw/Downloads/APITwitter/venv/lib/python3.9/site-packages/airflow/example_dags/example_external_task_marker_dag.py
[2025-05-28 22:35:33,834] {logging_mixin.py:115} INFO - [2025-05-28 22:35:33,834] {dag.py:2379} INFO - Sync 2 DAGs
[2025-05-28 22:35:33,884] {logging_mixin.py:115} INFO - [2025-05-28 22:35:33,884] {dag.py:2927} INFO - Setting next_dagrun for example_external_task_marker_child to None, run_after=None
[2025-05-28 22:35:33,884] {logging_mixin.py:115} INFO - [2025-05-28 22:35:33,884] {dag.py:2927} INFO - Setting next_dagrun for example_external_task_marker_parent to None, run_after=None
[2025-05-28 22:35:33,907] {processor.py:161} INFO - Processing /home/cunhaaw/Downloads/APITwitter/venv/lib/python3.9/site-packages/airflow/example_dags/example_external_task_marker_dag.py took 0.159 seconds
[2025-05-28 22:36:11,484] {processor.py:153} INFO - Started process (PID=6912) to work on /home/cunhaaw/Downloads/APITwitter/venv/lib/python3.9/site-packages/airflow/example_dags/example_external_task_marker_dag.py
[2025-05-28 22:36:11,485] {processor.py:641} INFO - Processing file /home/cunhaaw/Downloads/APITwitter/venv/lib/python3.9/site-packages/airflow/example_dags/example_external_task_marker_dag.py for tasks to queue
[2025-05-28 22:36:11,486] {logging_mixin.py:115} INFO - [2025-05-28 22:36:11,486] {dagbag.py:507} INFO - Filling up the DagBag from /home/cunhaaw/Downloads/APITwitter/venv/lib/python3.9/site-packages/airflow/example_dags/example_external_task_marker_dag.py
[2025-05-28 22:36:11,491] {processor.py:651} INFO - DAG(s) dict_keys(['example_external_task_marker_parent', 'example_external_task_marker_child']) retrieved from /home/cunhaaw/Downloads/APITwitter/venv/lib/python3.9/site-packages/airflow/example_dags/example_external_task_marker_dag.py
[2025-05-28 22:36:11,539] {logging_mixin.py:115} INFO - [2025-05-28 22:36:11,538] {dag.py:2379} INFO - Sync 2 DAGs
[2025-05-28 22:36:11,598] {logging_mixin.py:115} INFO - [2025-05-28 22:36:11,597] {dag.py:2927} INFO - Setting next_dagrun for example_external_task_marker_child to None, run_after=None
[2025-05-28 22:36:11,598] {logging_mixin.py:115} INFO - [2025-05-28 22:36:11,598] {dag.py:2927} INFO - Setting next_dagrun for example_external_task_marker_parent to None, run_after=None
[2025-05-28 22:36:11,653] {processor.py:161} INFO - Processing /home/cunhaaw/Downloads/APITwitter/venv/lib/python3.9/site-packages/airflow/example_dags/example_external_task_marker_dag.py took 0.173 seconds
[2025-05-28 22:36:47,650] {processor.py:153} INFO - Started process (PID=7159) to work on /home/cunhaaw/Downloads/APITwitter/venv/lib/python3.9/site-packages/airflow/example_dags/example_external_task_marker_dag.py
[2025-05-28 22:36:47,652] {processor.py:641} INFO - Processing file /home/cunhaaw/Downloads/APITwitter/venv/lib/python3.9/site-packages/airflow/example_dags/example_external_task_marker_dag.py for tasks to queue
[2025-05-28 22:36:47,652] {logging_mixin.py:115} INFO - [2025-05-28 22:36:47,652] {dagbag.py:507} INFO - Filling up the DagBag from /home/cunhaaw/Downloads/APITwitter/venv/lib/python3.9/site-packages/airflow/example_dags/example_external_task_marker_dag.py
[2025-05-28 22:36:47,658] {processor.py:651} INFO - DAG(s) dict_keys(['example_external_task_marker_parent', 'example_external_task_marker_child']) retrieved from /home/cunhaaw/Downloads/APITwitter/venv/lib/python3.9/site-packages/airflow/example_dags/example_external_task_marker_dag.py
[2025-05-28 22:36:47,690] {logging_mixin.py:115} INFO - [2025-05-28 22:36:47,690] {dag.py:2379} INFO - Sync 2 DAGs
[2025-05-28 22:36:47,716] {logging_mixin.py:115} INFO - [2025-05-28 22:36:47,716] {dag.py:2927} INFO - Setting next_dagrun for example_external_task_marker_child to None, run_after=None
[2025-05-28 22:36:47,716] {logging_mixin.py:115} INFO - [2025-05-28 22:36:47,716] {dag.py:2927} INFO - Setting next_dagrun for example_external_task_marker_parent to None, run_after=None
[2025-05-28 22:36:47,732] {processor.py:161} INFO - Processing /home/cunhaaw/Downloads/APITwitter/venv/lib/python3.9/site-packages/airflow/example_dags/example_external_task_marker_dag.py took 0.087 seconds
[2025-05-28 22:37:24,093] {processor.py:153} INFO - Started process (PID=7312) to work on /home/cunhaaw/Downloads/APITwitter/venv/lib/python3.9/site-packages/airflow/example_dags/example_external_task_marker_dag.py
[2025-05-28 22:37:24,095] {processor.py:641} INFO - Processing file /home/cunhaaw/Downloads/APITwitter/venv/lib/python3.9/site-packages/airflow/example_dags/example_external_task_marker_dag.py for tasks to queue
[2025-05-28 22:37:24,096] {logging_mixin.py:115} INFO - [2025-05-28 22:37:24,096] {dagbag.py:507} INFO - Filling up the DagBag from /home/cunhaaw/Downloads/APITwitter/venv/lib/python3.9/site-packages/airflow/example_dags/example_external_task_marker_dag.py
[2025-05-28 22:37:24,103] {processor.py:651} INFO - DAG(s) dict_keys(['example_external_task_marker_parent', 'example_external_task_marker_child']) retrieved from /home/cunhaaw/Downloads/APITwitter/venv/lib/python3.9/site-packages/airflow/example_dags/example_external_task_marker_dag.py
[2025-05-28 22:37:24,138] {logging_mixin.py:115} INFO - [2025-05-28 22:37:24,138] {dag.py:2379} INFO - Sync 2 DAGs
[2025-05-28 22:37:24,162] {logging_mixin.py:115} INFO - [2025-05-28 22:37:24,161] {dag.py:2927} INFO - Setting next_dagrun for example_external_task_marker_child to None, run_after=None
[2025-05-28 22:37:24,162] {logging_mixin.py:115} INFO - [2025-05-28 22:37:24,162] {dag.py:2927} INFO - Setting next_dagrun for example_external_task_marker_parent to None, run_after=None
[2025-05-28 22:37:24,192] {processor.py:161} INFO - Processing /home/cunhaaw/Downloads/APITwitter/venv/lib/python3.9/site-packages/airflow/example_dags/example_external_task_marker_dag.py took 0.106 seconds
[2025-05-28 22:38:03,137] {processor.py:153} INFO - Started process (PID=7459) to work on /home/cunhaaw/Downloads/APITwitter/venv/lib/python3.9/site-packages/airflow/example_dags/example_external_task_marker_dag.py
[2025-05-28 22:38:03,138] {processor.py:641} INFO - Processing file /home/cunhaaw/Downloads/APITwitter/venv/lib/python3.9/site-packages/airflow/example_dags/example_external_task_marker_dag.py for tasks to queue
[2025-05-28 22:38:03,139] {logging_mixin.py:115} INFO - [2025-05-28 22:38:03,138] {dagbag.py:507} INFO - Filling up the DagBag from /home/cunhaaw/Downloads/APITwitter/venv/lib/python3.9/site-packages/airflow/example_dags/example_external_task_marker_dag.py
[2025-05-28 22:38:03,144] {processor.py:651} INFO - DAG(s) dict_keys(['example_external_task_marker_parent', 'example_external_task_marker_child']) retrieved from /home/cunhaaw/Downloads/APITwitter/venv/lib/python3.9/site-packages/airflow/example_dags/example_external_task_marker_dag.py
[2025-05-28 22:38:03,185] {logging_mixin.py:115} INFO - [2025-05-28 22:38:03,185] {dag.py:2379} INFO - Sync 2 DAGs
[2025-05-28 22:38:03,207] {logging_mixin.py:115} INFO - [2025-05-28 22:38:03,207] {dag.py:2927} INFO - Setting next_dagrun for example_external_task_marker_child to None, run_after=None
[2025-05-28 22:38:03,207] {logging_mixin.py:115} INFO - [2025-05-28 22:38:03,207] {dag.py:2927} INFO - Setting next_dagrun for example_external_task_marker_parent to None, run_after=None
[2025-05-28 22:38:03,222] {processor.py:161} INFO - Processing /home/cunhaaw/Downloads/APITwitter/venv/lib/python3.9/site-packages/airflow/example_dags/example_external_task_marker_dag.py took 0.091 seconds
[2025-05-28 22:38:41,556] {processor.py:153} INFO - Started process (PID=7606) to work on /home/cunhaaw/Downloads/APITwitter/venv/lib/python3.9/site-packages/airflow/example_dags/example_external_task_marker_dag.py
[2025-05-28 22:38:41,557] {processor.py:641} INFO - Processing file /home/cunhaaw/Downloads/APITwitter/venv/lib/python3.9/site-packages/airflow/example_dags/example_external_task_marker_dag.py for tasks to queue
[2025-05-28 22:38:41,558] {logging_mixin.py:115} INFO - [2025-05-28 22:38:41,557] {dagbag.py:507} INFO - Filling up the DagBag from /home/cunhaaw/Downloads/APITwitter/venv/lib/python3.9/site-packages/airflow/example_dags/example_external_task_marker_dag.py
[2025-05-28 22:38:41,567] {processor.py:651} INFO - DAG(s) dict_keys(['example_external_task_marker_parent', 'example_external_task_marker_child']) retrieved from /home/cunhaaw/Downloads/APITwitter/venv/lib/python3.9/site-packages/airflow/example_dags/example_external_task_marker_dag.py
[2025-05-28 22:38:41,656] {logging_mixin.py:115} INFO - [2025-05-28 22:38:41,656] {dag.py:2379} INFO - Sync 2 DAGs
[2025-05-28 22:38:41,707] {logging_mixin.py:115} INFO - [2025-05-28 22:38:41,707] {dag.py:2927} INFO - Setting next_dagrun for example_external_task_marker_child to None, run_after=None
[2025-05-28 22:38:41,707] {logging_mixin.py:115} INFO - [2025-05-28 22:38:41,707] {dag.py:2927} INFO - Setting next_dagrun for example_external_task_marker_parent to None, run_after=None
[2025-05-28 22:38:41,727] {processor.py:161} INFO - Processing /home/cunhaaw/Downloads/APITwitter/venv/lib/python3.9/site-packages/airflow/example_dags/example_external_task_marker_dag.py took 0.176 seconds
[2025-05-28 22:39:24,746] {processor.py:153} INFO - Started process (PID=7891) to work on /home/cunhaaw/Downloads/APITwitter/venv/lib/python3.9/site-packages/airflow/example_dags/example_external_task_marker_dag.py
[2025-05-28 22:39:24,747] {processor.py:641} INFO - Processing file /home/cunhaaw/Downloads/APITwitter/venv/lib/python3.9/site-packages/airflow/example_dags/example_external_task_marker_dag.py for tasks to queue
[2025-05-28 22:39:24,748] {logging_mixin.py:115} INFO - [2025-05-28 22:39:24,748] {dagbag.py:507} INFO - Filling up the DagBag from /home/cunhaaw/Downloads/APITwitter/venv/lib/python3.9/site-packages/airflow/example_dags/example_external_task_marker_dag.py
[2025-05-28 22:39:24,756] {processor.py:651} INFO - DAG(s) dict_keys(['example_external_task_marker_parent', 'example_external_task_marker_child']) retrieved from /home/cunhaaw/Downloads/APITwitter/venv/lib/python3.9/site-packages/airflow/example_dags/example_external_task_marker_dag.py
[2025-05-28 22:39:24,803] {logging_mixin.py:115} INFO - [2025-05-28 22:39:24,801] {dag.py:2379} INFO - Sync 2 DAGs
[2025-05-28 22:39:24,831] {logging_mixin.py:115} INFO - [2025-05-28 22:39:24,831] {dag.py:2927} INFO - Setting next_dagrun for example_external_task_marker_child to None, run_after=None
[2025-05-28 22:39:24,832] {logging_mixin.py:115} INFO - [2025-05-28 22:39:24,832] {dag.py:2927} INFO - Setting next_dagrun for example_external_task_marker_parent to None, run_after=None
[2025-05-28 22:39:24,860] {processor.py:161} INFO - Processing /home/cunhaaw/Downloads/APITwitter/venv/lib/python3.9/site-packages/airflow/example_dags/example_external_task_marker_dag.py took 0.118 seconds
[2025-05-28 22:40:01,932] {processor.py:153} INFO - Started process (PID=7991) to work on /home/cunhaaw/Downloads/APITwitter/venv/lib/python3.9/site-packages/airflow/example_dags/example_external_task_marker_dag.py
[2025-05-28 22:40:01,933] {processor.py:641} INFO - Processing file /home/cunhaaw/Downloads/APITwitter/venv/lib/python3.9/site-packages/airflow/example_dags/example_external_task_marker_dag.py for tasks to queue
[2025-05-28 22:40:01,934] {logging_mixin.py:115} INFO - [2025-05-28 22:40:01,934] {dagbag.py:507} INFO - Filling up the DagBag from /home/cunhaaw/Downloads/APITwitter/venv/lib/python3.9/site-packages/airflow/example_dags/example_external_task_marker_dag.py
[2025-05-28 22:40:01,940] {processor.py:651} INFO - DAG(s) dict_keys(['example_external_task_marker_parent', 'example_external_task_marker_child']) retrieved from /home/cunhaaw/Downloads/APITwitter/venv/lib/python3.9/site-packages/airflow/example_dags/example_external_task_marker_dag.py
[2025-05-28 22:40:01,972] {logging_mixin.py:115} INFO - [2025-05-28 22:40:01,972] {dag.py:2379} INFO - Sync 2 DAGs
[2025-05-28 22:40:01,997] {logging_mixin.py:115} INFO - [2025-05-28 22:40:01,997] {dag.py:2927} INFO - Setting next_dagrun for example_external_task_marker_child to None, run_after=None
[2025-05-28 22:40:01,997] {logging_mixin.py:115} INFO - [2025-05-28 22:40:01,997] {dag.py:2927} INFO - Setting next_dagrun for example_external_task_marker_parent to None, run_after=None
[2025-05-28 22:40:02,014] {processor.py:161} INFO - Processing /home/cunhaaw/Downloads/APITwitter/venv/lib/python3.9/site-packages/airflow/example_dags/example_external_task_marker_dag.py took 0.085 seconds
[2025-05-28 22:40:39,874] {processor.py:153} INFO - Started process (PID=8242) to work on /home/cunhaaw/Downloads/APITwitter/venv/lib/python3.9/site-packages/airflow/example_dags/example_external_task_marker_dag.py
[2025-05-28 22:40:39,876] {processor.py:641} INFO - Processing file /home/cunhaaw/Downloads/APITwitter/venv/lib/python3.9/site-packages/airflow/example_dags/example_external_task_marker_dag.py for tasks to queue
[2025-05-28 22:40:39,876] {logging_mixin.py:115} INFO - [2025-05-28 22:40:39,876] {dagbag.py:507} INFO - Filling up the DagBag from /home/cunhaaw/Downloads/APITwitter/venv/lib/python3.9/site-packages/airflow/example_dags/example_external_task_marker_dag.py
[2025-05-28 22:40:39,888] {processor.py:651} INFO - DAG(s) dict_keys(['example_external_task_marker_parent', 'example_external_task_marker_child']) retrieved from /home/cunhaaw/Downloads/APITwitter/venv/lib/python3.9/site-packages/airflow/example_dags/example_external_task_marker_dag.py
[2025-05-28 22:40:39,961] {logging_mixin.py:115} INFO - [2025-05-28 22:40:39,961] {dag.py:2379} INFO - Sync 2 DAGs
[2025-05-28 22:40:40,016] {logging_mixin.py:115} INFO - [2025-05-28 22:40:40,016] {dag.py:2927} INFO - Setting next_dagrun for example_external_task_marker_child to None, run_after=None
[2025-05-28 22:40:40,017] {logging_mixin.py:115} INFO - [2025-05-28 22:40:40,017] {dag.py:2927} INFO - Setting next_dagrun for example_external_task_marker_parent to None, run_after=None
[2025-05-28 22:40:40,049] {processor.py:161} INFO - Processing /home/cunhaaw/Downloads/APITwitter/venv/lib/python3.9/site-packages/airflow/example_dags/example_external_task_marker_dag.py took 0.182 seconds
[2025-05-28 22:41:19,930] {processor.py:153} INFO - Started process (PID=8446) to work on /home/cunhaaw/Downloads/APITwitter/venv/lib/python3.9/site-packages/airflow/example_dags/example_external_task_marker_dag.py
[2025-05-28 22:41:19,933] {processor.py:641} INFO - Processing file /home/cunhaaw/Downloads/APITwitter/venv/lib/python3.9/site-packages/airflow/example_dags/example_external_task_marker_dag.py for tasks to queue
[2025-05-28 22:41:19,934] {logging_mixin.py:115} INFO - [2025-05-28 22:41:19,934] {dagbag.py:507} INFO - Filling up the DagBag from /home/cunhaaw/Downloads/APITwitter/venv/lib/python3.9/site-packages/airflow/example_dags/example_external_task_marker_dag.py
[2025-05-28 22:41:19,955] {processor.py:651} INFO - DAG(s) dict_keys(['example_external_task_marker_parent', 'example_external_task_marker_child']) retrieved from /home/cunhaaw/Downloads/APITwitter/venv/lib/python3.9/site-packages/airflow/example_dags/example_external_task_marker_dag.py
[2025-05-28 22:41:20,050] {logging_mixin.py:115} INFO - [2025-05-28 22:41:20,050] {dag.py:2379} INFO - Sync 2 DAGs
[2025-05-28 22:41:20,109] {logging_mixin.py:115} INFO - [2025-05-28 22:41:20,108] {dag.py:2927} INFO - Setting next_dagrun for example_external_task_marker_child to None, run_after=None
[2025-05-28 22:41:20,109] {logging_mixin.py:115} INFO - [2025-05-28 22:41:20,109] {dag.py:2927} INFO - Setting next_dagrun for example_external_task_marker_parent to None, run_after=None
[2025-05-28 22:41:20,155] {processor.py:161} INFO - Processing /home/cunhaaw/Downloads/APITwitter/venv/lib/python3.9/site-packages/airflow/example_dags/example_external_task_marker_dag.py took 0.236 seconds
[2025-05-28 22:41:59,818] {processor.py:153} INFO - Started process (PID=8871) to work on /home/cunhaaw/Downloads/APITwitter/venv/lib/python3.9/site-packages/airflow/example_dags/example_external_task_marker_dag.py
[2025-05-28 22:41:59,820] {processor.py:641} INFO - Processing file /home/cunhaaw/Downloads/APITwitter/venv/lib/python3.9/site-packages/airflow/example_dags/example_external_task_marker_dag.py for tasks to queue
[2025-05-28 22:41:59,820] {logging_mixin.py:115} INFO - [2025-05-28 22:41:59,820] {dagbag.py:507} INFO - Filling up the DagBag from /home/cunhaaw/Downloads/APITwitter/venv/lib/python3.9/site-packages/airflow/example_dags/example_external_task_marker_dag.py
[2025-05-28 22:41:59,828] {processor.py:651} INFO - DAG(s) dict_keys(['example_external_task_marker_parent', 'example_external_task_marker_child']) retrieved from /home/cunhaaw/Downloads/APITwitter/venv/lib/python3.9/site-packages/airflow/example_dags/example_external_task_marker_dag.py
[2025-05-28 22:41:59,861] {logging_mixin.py:115} INFO - [2025-05-28 22:41:59,860] {dag.py:2379} INFO - Sync 2 DAGs
[2025-05-28 22:41:59,881] {logging_mixin.py:115} INFO - [2025-05-28 22:41:59,880] {dag.py:2927} INFO - Setting next_dagrun for example_external_task_marker_child to None, run_after=None
[2025-05-28 22:41:59,881] {logging_mixin.py:115} INFO - [2025-05-28 22:41:59,881] {dag.py:2927} INFO - Setting next_dagrun for example_external_task_marker_parent to None, run_after=None
[2025-05-28 22:41:59,894] {processor.py:161} INFO - Processing /home/cunhaaw/Downloads/APITwitter/venv/lib/python3.9/site-packages/airflow/example_dags/example_external_task_marker_dag.py took 0.080 seconds
[2025-05-28 22:42:34,350] {processor.py:153} INFO - Started process (PID=9072) to work on /home/cunhaaw/Downloads/APITwitter/venv/lib/python3.9/site-packages/airflow/example_dags/example_external_task_marker_dag.py
[2025-05-28 22:42:34,351] {processor.py:641} INFO - Processing file /home/cunhaaw/Downloads/APITwitter/venv/lib/python3.9/site-packages/airflow/example_dags/example_external_task_marker_dag.py for tasks to queue
[2025-05-28 22:42:34,356] {logging_mixin.py:115} INFO - [2025-05-28 22:42:34,352] {dagbag.py:507} INFO - Filling up the DagBag from /home/cunhaaw/Downloads/APITwitter/venv/lib/python3.9/site-packages/airflow/example_dags/example_external_task_marker_dag.py
[2025-05-28 22:42:34,366] {processor.py:651} INFO - DAG(s) dict_keys(['example_external_task_marker_parent', 'example_external_task_marker_child']) retrieved from /home/cunhaaw/Downloads/APITwitter/venv/lib/python3.9/site-packages/airflow/example_dags/example_external_task_marker_dag.py
[2025-05-28 22:42:34,417] {logging_mixin.py:115} INFO - [2025-05-28 22:42:34,417] {dag.py:2379} INFO - Sync 2 DAGs
[2025-05-28 22:42:34,459] {logging_mixin.py:115} INFO - [2025-05-28 22:42:34,459] {dag.py:2927} INFO - Setting next_dagrun for example_external_task_marker_child to None, run_after=None
[2025-05-28 22:42:34,459] {logging_mixin.py:115} INFO - [2025-05-28 22:42:34,459] {dag.py:2927} INFO - Setting next_dagrun for example_external_task_marker_parent to None, run_after=None
[2025-05-28 22:42:34,478] {processor.py:161} INFO - Processing /home/cunhaaw/Downloads/APITwitter/venv/lib/python3.9/site-packages/airflow/example_dags/example_external_task_marker_dag.py took 0.135 seconds
[2025-05-28 22:43:12,585] {processor.py:153} INFO - Started process (PID=9287) to work on /home/cunhaaw/Downloads/APITwitter/venv/lib/python3.9/site-packages/airflow/example_dags/example_external_task_marker_dag.py
[2025-05-28 22:43:12,586] {processor.py:641} INFO - Processing file /home/cunhaaw/Downloads/APITwitter/venv/lib/python3.9/site-packages/airflow/example_dags/example_external_task_marker_dag.py for tasks to queue
[2025-05-28 22:43:12,587] {logging_mixin.py:115} INFO - [2025-05-28 22:43:12,587] {dagbag.py:507} INFO - Filling up the DagBag from /home/cunhaaw/Downloads/APITwitter/venv/lib/python3.9/site-packages/airflow/example_dags/example_external_task_marker_dag.py
[2025-05-28 22:43:12,593] {processor.py:651} INFO - DAG(s) dict_keys(['example_external_task_marker_parent', 'example_external_task_marker_child']) retrieved from /home/cunhaaw/Downloads/APITwitter/venv/lib/python3.9/site-packages/airflow/example_dags/example_external_task_marker_dag.py
[2025-05-28 22:43:12,621] {logging_mixin.py:115} INFO - [2025-05-28 22:43:12,621] {dag.py:2379} INFO - Sync 2 DAGs
[2025-05-28 22:43:12,642] {logging_mixin.py:115} INFO - [2025-05-28 22:43:12,641] {dag.py:2927} INFO - Setting next_dagrun for example_external_task_marker_child to None, run_after=None
[2025-05-28 22:43:12,642] {logging_mixin.py:115} INFO - [2025-05-28 22:43:12,642] {dag.py:2927} INFO - Setting next_dagrun for example_external_task_marker_parent to None, run_after=None
[2025-05-28 22:43:12,656] {processor.py:161} INFO - Processing /home/cunhaaw/Downloads/APITwitter/venv/lib/python3.9/site-packages/airflow/example_dags/example_external_task_marker_dag.py took 0.075 seconds
[2025-05-28 22:43:50,930] {processor.py:153} INFO - Started process (PID=9468) to work on /home/cunhaaw/Downloads/APITwitter/venv/lib/python3.9/site-packages/airflow/example_dags/example_external_task_marker_dag.py
[2025-05-28 22:43:50,932] {processor.py:641} INFO - Processing file /home/cunhaaw/Downloads/APITwitter/venv/lib/python3.9/site-packages/airflow/example_dags/example_external_task_marker_dag.py for tasks to queue
[2025-05-28 22:43:50,933] {logging_mixin.py:115} INFO - [2025-05-28 22:43:50,933] {dagbag.py:507} INFO - Filling up the DagBag from /home/cunhaaw/Downloads/APITwitter/venv/lib/python3.9/site-packages/airflow/example_dags/example_external_task_marker_dag.py
[2025-05-28 22:43:50,943] {processor.py:651} INFO - DAG(s) dict_keys(['example_external_task_marker_parent', 'example_external_task_marker_child']) retrieved from /home/cunhaaw/Downloads/APITwitter/venv/lib/python3.9/site-packages/airflow/example_dags/example_external_task_marker_dag.py
[2025-05-28 22:43:50,995] {logging_mixin.py:115} INFO - [2025-05-28 22:43:50,995] {dag.py:2379} INFO - Sync 2 DAGs
[2025-05-28 22:43:51,034] {logging_mixin.py:115} INFO - [2025-05-28 22:43:51,034] {dag.py:2927} INFO - Setting next_dagrun for example_external_task_marker_child to None, run_after=None
[2025-05-28 22:43:51,034] {logging_mixin.py:115} INFO - [2025-05-28 22:43:51,034] {dag.py:2927} INFO - Setting next_dagrun for example_external_task_marker_parent to None, run_after=None
[2025-05-28 22:43:51,056] {processor.py:161} INFO - Processing /home/cunhaaw/Downloads/APITwitter/venv/lib/python3.9/site-packages/airflow/example_dags/example_external_task_marker_dag.py took 0.132 seconds
