[2025-05-28 22:34:57,388] {processor.py:153} INFO - Started process (PID=6462) to work on /home/cunhaaw/Downloads/APITwitter/venv/lib/python3.9/site-packages/airflow/example_dags/example_kubernetes_executor.py
[2025-05-28 22:34:57,389] {processor.py:641} INFO - Processing file /home/cunhaaw/Downloads/APITwitter/venv/lib/python3.9/site-packages/airflow/example_dags/example_kubernetes_executor.py for tasks to queue
[2025-05-28 22:34:57,390] {logging_mixin.py:115} INFO - [2025-05-28 22:34:57,390] {dagbag.py:507} INFO - Filling up the DagBag from /home/cunhaaw/Downloads/APITwitter/venv/lib/python3.9/site-packages/airflow/example_dags/example_kubernetes_executor.py
[2025-05-28 22:34:57,425] {logging_mixin.py:115} INFO - [2025-05-28 22:34:57,425] {example_kubernetes_executor.py:39} WARNING - The example_kubernetes_executor example DAG requires the kubernetes provider. Please install it with: pip install apache-airflow[cncf.kubernetes]
[2025-05-28 22:34:57,425] {processor.py:653} WARNING - No viable dags retrieved from /home/cunhaaw/Downloads/APITwitter/venv/lib/python3.9/site-packages/airflow/example_dags/example_kubernetes_executor.py
[2025-05-28 22:34:57,447] {processor.py:161} INFO - Processing /home/cunhaaw/Downloads/APITwitter/venv/lib/python3.9/site-packages/airflow/example_dags/example_kubernetes_executor.py took 0.066 seconds
[2025-05-28 22:35:37,553] {processor.py:153} INFO - Started process (PID=6635) to work on /home/cunhaaw/Downloads/APITwitter/venv/lib/python3.9/site-packages/airflow/example_dags/example_kubernetes_executor.py
[2025-05-28 22:35:37,554] {processor.py:641} INFO - Processing file /home/cunhaaw/Downloads/APITwitter/venv/lib/python3.9/site-packages/airflow/example_dags/example_kubernetes_executor.py for tasks to queue
[2025-05-28 22:35:37,555] {logging_mixin.py:115} INFO - [2025-05-28 22:35:37,555] {dagbag.py:507} INFO - Filling up the DagBag from /home/cunhaaw/Downloads/APITwitter/venv/lib/python3.9/site-packages/airflow/example_dags/example_kubernetes_executor.py
[2025-05-28 22:35:37,589] {logging_mixin.py:115} INFO - [2025-05-28 22:35:37,589] {example_kubernetes_executor.py:39} WARNING - The example_kubernetes_executor example DAG requires the kubernetes provider. Please install it with: pip install apache-airflow[cncf.kubernetes]
[2025-05-28 22:35:37,589] {processor.py:653} WARNING - No viable dags retrieved from /home/cunhaaw/Downloads/APITwitter/venv/lib/python3.9/site-packages/airflow/example_dags/example_kubernetes_executor.py
[2025-05-28 22:35:37,618] {processor.py:161} INFO - Processing /home/cunhaaw/Downloads/APITwitter/venv/lib/python3.9/site-packages/airflow/example_dags/example_kubernetes_executor.py took 0.070 seconds
[2025-05-28 22:36:15,295] {processor.py:153} INFO - Started process (PID=6966) to work on /home/cunhaaw/Downloads/APITwitter/venv/lib/python3.9/site-packages/airflow/example_dags/example_kubernetes_executor.py
[2025-05-28 22:36:15,297] {processor.py:641} INFO - Processing file /home/cunhaaw/Downloads/APITwitter/venv/lib/python3.9/site-packages/airflow/example_dags/example_kubernetes_executor.py for tasks to queue
[2025-05-28 22:36:15,297] {logging_mixin.py:115} INFO - [2025-05-28 22:36:15,297] {dagbag.py:507} INFO - Filling up the DagBag from /home/cunhaaw/Downloads/APITwitter/venv/lib/python3.9/site-packages/airflow/example_dags/example_kubernetes_executor.py
[2025-05-28 22:36:15,316] {logging_mixin.py:115} INFO - [2025-05-28 22:36:15,316] {example_kubernetes_executor.py:39} WARNING - The example_kubernetes_executor example DAG requires the kubernetes provider. Please install it with: pip install apache-airflow[cncf.kubernetes]
[2025-05-28 22:36:15,317] {processor.py:653} WARNING - No viable dags retrieved from /home/cunhaaw/Downloads/APITwitter/venv/lib/python3.9/site-packages/airflow/example_dags/example_kubernetes_executor.py
[2025-05-28 22:36:15,332] {processor.py:161} INFO - Processing /home/cunhaaw/Downloads/APITwitter/venv/lib/python3.9/site-packages/airflow/example_dags/example_kubernetes_executor.py took 0.041 seconds
[2025-05-28 22:36:52,379] {processor.py:153} INFO - Started process (PID=7216) to work on /home/cunhaaw/Downloads/APITwitter/venv/lib/python3.9/site-packages/airflow/example_dags/example_kubernetes_executor.py
[2025-05-28 22:36:52,381] {processor.py:641} INFO - Processing file /home/cunhaaw/Downloads/APITwitter/venv/lib/python3.9/site-packages/airflow/example_dags/example_kubernetes_executor.py for tasks to queue
[2025-05-28 22:36:52,382] {logging_mixin.py:115} INFO - [2025-05-28 22:36:52,382] {dagbag.py:507} INFO - Filling up the DagBag from /home/cunhaaw/Downloads/APITwitter/venv/lib/python3.9/site-packages/airflow/example_dags/example_kubernetes_executor.py
[2025-05-28 22:36:52,413] {logging_mixin.py:115} INFO - [2025-05-28 22:36:52,413] {example_kubernetes_executor.py:39} WARNING - The example_kubernetes_executor example DAG requires the kubernetes provider. Please install it with: pip install apache-airflow[cncf.kubernetes]
[2025-05-28 22:36:52,413] {processor.py:653} WARNING - No viable dags retrieved from /home/cunhaaw/Downloads/APITwitter/venv/lib/python3.9/site-packages/airflow/example_dags/example_kubernetes_executor.py
[2025-05-28 22:36:52,435] {processor.py:161} INFO - Processing /home/cunhaaw/Downloads/APITwitter/venv/lib/python3.9/site-packages/airflow/example_dags/example_kubernetes_executor.py took 0.062 seconds
[2025-05-28 22:37:29,321] {processor.py:153} INFO - Started process (PID=7318) to work on /home/cunhaaw/Downloads/APITwitter/venv/lib/python3.9/site-packages/airflow/example_dags/example_kubernetes_executor.py
[2025-05-28 22:37:29,322] {processor.py:641} INFO - Processing file /home/cunhaaw/Downloads/APITwitter/venv/lib/python3.9/site-packages/airflow/example_dags/example_kubernetes_executor.py for tasks to queue
[2025-05-28 22:37:29,323] {logging_mixin.py:115} INFO - [2025-05-28 22:37:29,323] {dagbag.py:507} INFO - Filling up the DagBag from /home/cunhaaw/Downloads/APITwitter/venv/lib/python3.9/site-packages/airflow/example_dags/example_kubernetes_executor.py
[2025-05-28 22:37:29,344] {logging_mixin.py:115} INFO - [2025-05-28 22:37:29,344] {example_kubernetes_executor.py:39} WARNING - The example_kubernetes_executor example DAG requires the kubernetes provider. Please install it with: pip install apache-airflow[cncf.kubernetes]
[2025-05-28 22:37:29,344] {processor.py:653} WARNING - No viable dags retrieved from /home/cunhaaw/Downloads/APITwitter/venv/lib/python3.9/site-packages/airflow/example_dags/example_kubernetes_executor.py
[2025-05-28 22:37:29,359] {processor.py:161} INFO - Processing /home/cunhaaw/Downloads/APITwitter/venv/lib/python3.9/site-packages/airflow/example_dags/example_kubernetes_executor.py took 0.042 seconds
[2025-05-28 22:38:06,254] {processor.py:153} INFO - Started process (PID=7463) to work on /home/cunhaaw/Downloads/APITwitter/venv/lib/python3.9/site-packages/airflow/example_dags/example_kubernetes_executor.py
[2025-05-28 22:38:06,255] {processor.py:641} INFO - Processing file /home/cunhaaw/Downloads/APITwitter/venv/lib/python3.9/site-packages/airflow/example_dags/example_kubernetes_executor.py for tasks to queue
[2025-05-28 22:38:06,256] {logging_mixin.py:115} INFO - [2025-05-28 22:38:06,255] {dagbag.py:507} INFO - Filling up the DagBag from /home/cunhaaw/Downloads/APITwitter/venv/lib/python3.9/site-packages/airflow/example_dags/example_kubernetes_executor.py
[2025-05-28 22:38:06,275] {logging_mixin.py:115} INFO - [2025-05-28 22:38:06,275] {example_kubernetes_executor.py:39} WARNING - The example_kubernetes_executor example DAG requires the kubernetes provider. Please install it with: pip install apache-airflow[cncf.kubernetes]
[2025-05-28 22:38:06,275] {processor.py:653} WARNING - No viable dags retrieved from /home/cunhaaw/Downloads/APITwitter/venv/lib/python3.9/site-packages/airflow/example_dags/example_kubernetes_executor.py
[2025-05-28 22:38:06,289] {processor.py:161} INFO - Processing /home/cunhaaw/Downloads/APITwitter/venv/lib/python3.9/site-packages/airflow/example_dags/example_kubernetes_executor.py took 0.042 seconds
[2025-05-28 22:38:44,564] {processor.py:153} INFO - Started process (PID=7610) to work on /home/cunhaaw/Downloads/APITwitter/venv/lib/python3.9/site-packages/airflow/example_dags/example_kubernetes_executor.py
[2025-05-28 22:38:44,565] {processor.py:641} INFO - Processing file /home/cunhaaw/Downloads/APITwitter/venv/lib/python3.9/site-packages/airflow/example_dags/example_kubernetes_executor.py for tasks to queue
[2025-05-28 22:38:44,566] {logging_mixin.py:115} INFO - [2025-05-28 22:38:44,566] {dagbag.py:507} INFO - Filling up the DagBag from /home/cunhaaw/Downloads/APITwitter/venv/lib/python3.9/site-packages/airflow/example_dags/example_kubernetes_executor.py
[2025-05-28 22:38:44,589] {logging_mixin.py:115} INFO - [2025-05-28 22:38:44,589] {example_kubernetes_executor.py:39} WARNING - The example_kubernetes_executor example DAG requires the kubernetes provider. Please install it with: pip install apache-airflow[cncf.kubernetes]
[2025-05-28 22:38:44,589] {processor.py:653} WARNING - No viable dags retrieved from /home/cunhaaw/Downloads/APITwitter/venv/lib/python3.9/site-packages/airflow/example_dags/example_kubernetes_executor.py
[2025-05-28 22:38:44,617] {processor.py:161} INFO - Processing /home/cunhaaw/Downloads/APITwitter/venv/lib/python3.9/site-packages/airflow/example_dags/example_kubernetes_executor.py took 0.059 seconds
[2025-05-28 22:39:27,101] {processor.py:153} INFO - Started process (PID=7894) to work on /home/cunhaaw/Downloads/APITwitter/venv/lib/python3.9/site-packages/airflow/example_dags/example_kubernetes_executor.py
[2025-05-28 22:39:27,102] {processor.py:641} INFO - Processing file /home/cunhaaw/Downloads/APITwitter/venv/lib/python3.9/site-packages/airflow/example_dags/example_kubernetes_executor.py for tasks to queue
[2025-05-28 22:39:27,103] {logging_mixin.py:115} INFO - [2025-05-28 22:39:27,103] {dagbag.py:507} INFO - Filling up the DagBag from /home/cunhaaw/Downloads/APITwitter/venv/lib/python3.9/site-packages/airflow/example_dags/example_kubernetes_executor.py
[2025-05-28 22:39:27,123] {logging_mixin.py:115} INFO - [2025-05-28 22:39:27,123] {example_kubernetes_executor.py:39} WARNING - The example_kubernetes_executor example DAG requires the kubernetes provider. Please install it with: pip install apache-airflow[cncf.kubernetes]
[2025-05-28 22:39:27,123] {processor.py:653} WARNING - No viable dags retrieved from /home/cunhaaw/Downloads/APITwitter/venv/lib/python3.9/site-packages/airflow/example_dags/example_kubernetes_executor.py
[2025-05-28 22:39:27,137] {processor.py:161} INFO - Processing /home/cunhaaw/Downloads/APITwitter/venv/lib/python3.9/site-packages/airflow/example_dags/example_kubernetes_executor.py took 0.043 seconds
[2025-05-28 22:40:05,737] {processor.py:153} INFO - Started process (PID=7994) to work on /home/cunhaaw/Downloads/APITwitter/venv/lib/python3.9/site-packages/airflow/example_dags/example_kubernetes_executor.py
[2025-05-28 22:40:05,739] {processor.py:641} INFO - Processing file /home/cunhaaw/Downloads/APITwitter/venv/lib/python3.9/site-packages/airflow/example_dags/example_kubernetes_executor.py for tasks to queue
[2025-05-28 22:40:05,740] {logging_mixin.py:115} INFO - [2025-05-28 22:40:05,740] {dagbag.py:507} INFO - Filling up the DagBag from /home/cunhaaw/Downloads/APITwitter/venv/lib/python3.9/site-packages/airflow/example_dags/example_kubernetes_executor.py
[2025-05-28 22:40:05,765] {logging_mixin.py:115} INFO - [2025-05-28 22:40:05,765] {example_kubernetes_executor.py:39} WARNING - The example_kubernetes_executor example DAG requires the kubernetes provider. Please install it with: pip install apache-airflow[cncf.kubernetes]
[2025-05-28 22:40:05,765] {processor.py:653} WARNING - No viable dags retrieved from /home/cunhaaw/Downloads/APITwitter/venv/lib/python3.9/site-packages/airflow/example_dags/example_kubernetes_executor.py
[2025-05-28 22:40:05,778] {processor.py:161} INFO - Processing /home/cunhaaw/Downloads/APITwitter/venv/lib/python3.9/site-packages/airflow/example_dags/example_kubernetes_executor.py took 0.051 seconds
[2025-05-28 22:40:43,793] {processor.py:153} INFO - Started process (PID=8247) to work on /home/cunhaaw/Downloads/APITwitter/venv/lib/python3.9/site-packages/airflow/example_dags/example_kubernetes_executor.py
[2025-05-28 22:40:43,795] {processor.py:641} INFO - Processing file /home/cunhaaw/Downloads/APITwitter/venv/lib/python3.9/site-packages/airflow/example_dags/example_kubernetes_executor.py for tasks to queue
[2025-05-28 22:40:43,796] {logging_mixin.py:115} INFO - [2025-05-28 22:40:43,795] {dagbag.py:507} INFO - Filling up the DagBag from /home/cunhaaw/Downloads/APITwitter/venv/lib/python3.9/site-packages/airflow/example_dags/example_kubernetes_executor.py
[2025-05-28 22:40:43,839] {logging_mixin.py:115} INFO - [2025-05-28 22:40:43,838] {example_kubernetes_executor.py:39} WARNING - The example_kubernetes_executor example DAG requires the kubernetes provider. Please install it with: pip install apache-airflow[cncf.kubernetes]
[2025-05-28 22:40:43,839] {processor.py:653} WARNING - No viable dags retrieved from /home/cunhaaw/Downloads/APITwitter/venv/lib/python3.9/site-packages/airflow/example_dags/example_kubernetes_executor.py
[2025-05-28 22:40:43,862] {processor.py:161} INFO - Processing /home/cunhaaw/Downloads/APITwitter/venv/lib/python3.9/site-packages/airflow/example_dags/example_kubernetes_executor.py took 0.079 seconds
[2025-05-28 22:41:27,937] {processor.py:153} INFO - Started process (PID=8516) to work on /home/cunhaaw/Downloads/APITwitter/venv/lib/python3.9/site-packages/airflow/example_dags/example_kubernetes_executor.py
[2025-05-28 22:41:27,938] {processor.py:641} INFO - Processing file /home/cunhaaw/Downloads/APITwitter/venv/lib/python3.9/site-packages/airflow/example_dags/example_kubernetes_executor.py for tasks to queue
[2025-05-28 22:41:27,939] {logging_mixin.py:115} INFO - [2025-05-28 22:41:27,939] {dagbag.py:507} INFO - Filling up the DagBag from /home/cunhaaw/Downloads/APITwitter/venv/lib/python3.9/site-packages/airflow/example_dags/example_kubernetes_executor.py
[2025-05-28 22:41:27,970] {logging_mixin.py:115} INFO - [2025-05-28 22:41:27,970] {example_kubernetes_executor.py:39} WARNING - The example_kubernetes_executor example DAG requires the kubernetes provider. Please install it with: pip install apache-airflow[cncf.kubernetes]
[2025-05-28 22:41:27,970] {processor.py:653} WARNING - No viable dags retrieved from /home/cunhaaw/Downloads/APITwitter/venv/lib/python3.9/site-packages/airflow/example_dags/example_kubernetes_executor.py
[2025-05-28 22:41:27,992] {processor.py:161} INFO - Processing /home/cunhaaw/Downloads/APITwitter/venv/lib/python3.9/site-packages/airflow/example_dags/example_kubernetes_executor.py took 0.064 seconds
[2025-05-28 22:42:04,483] {processor.py:153} INFO - Started process (PID=8908) to work on /home/cunhaaw/Downloads/APITwitter/venv/lib/python3.9/site-packages/airflow/example_dags/example_kubernetes_executor.py
[2025-05-28 22:42:04,486] {processor.py:641} INFO - Processing file /home/cunhaaw/Downloads/APITwitter/venv/lib/python3.9/site-packages/airflow/example_dags/example_kubernetes_executor.py for tasks to queue
[2025-05-28 22:42:04,487] {logging_mixin.py:115} INFO - [2025-05-28 22:42:04,486] {dagbag.py:507} INFO - Filling up the DagBag from /home/cunhaaw/Downloads/APITwitter/venv/lib/python3.9/site-packages/airflow/example_dags/example_kubernetes_executor.py
[2025-05-28 22:42:04,520] {logging_mixin.py:115} INFO - [2025-05-28 22:42:04,520] {example_kubernetes_executor.py:39} WARNING - The example_kubernetes_executor example DAG requires the kubernetes provider. Please install it with: pip install apache-airflow[cncf.kubernetes]
[2025-05-28 22:42:04,520] {processor.py:653} WARNING - No viable dags retrieved from /home/cunhaaw/Downloads/APITwitter/venv/lib/python3.9/site-packages/airflow/example_dags/example_kubernetes_executor.py
[2025-05-28 22:42:04,542] {processor.py:161} INFO - Processing /home/cunhaaw/Downloads/APITwitter/venv/lib/python3.9/site-packages/airflow/example_dags/example_kubernetes_executor.py took 0.064 seconds
[2025-05-28 22:42:40,580] {processor.py:153} INFO - Started process (PID=9127) to work on /home/cunhaaw/Downloads/APITwitter/venv/lib/python3.9/site-packages/airflow/example_dags/example_kubernetes_executor.py
[2025-05-28 22:42:40,608] {processor.py:641} INFO - Processing file /home/cunhaaw/Downloads/APITwitter/venv/lib/python3.9/site-packages/airflow/example_dags/example_kubernetes_executor.py for tasks to queue
[2025-05-28 22:42:40,614] {logging_mixin.py:115} INFO - [2025-05-28 22:42:40,613] {dagbag.py:507} INFO - Filling up the DagBag from /home/cunhaaw/Downloads/APITwitter/venv/lib/python3.9/site-packages/airflow/example_dags/example_kubernetes_executor.py
[2025-05-28 22:42:40,665] {logging_mixin.py:115} INFO - [2025-05-28 22:42:40,665] {example_kubernetes_executor.py:39} WARNING - The example_kubernetes_executor example DAG requires the kubernetes provider. Please install it with: pip install apache-airflow[cncf.kubernetes]
[2025-05-28 22:42:40,666] {processor.py:653} WARNING - No viable dags retrieved from /home/cunhaaw/Downloads/APITwitter/venv/lib/python3.9/site-packages/airflow/example_dags/example_kubernetes_executor.py
[2025-05-28 22:42:40,689] {processor.py:161} INFO - Processing /home/cunhaaw/Downloads/APITwitter/venv/lib/python3.9/site-packages/airflow/example_dags/example_kubernetes_executor.py took 0.116 seconds
[2025-05-28 22:43:17,055] {processor.py:153} INFO - Started process (PID=9316) to work on /home/cunhaaw/Downloads/APITwitter/venv/lib/python3.9/site-packages/airflow/example_dags/example_kubernetes_executor.py
[2025-05-28 22:43:17,056] {processor.py:641} INFO - Processing file /home/cunhaaw/Downloads/APITwitter/venv/lib/python3.9/site-packages/airflow/example_dags/example_kubernetes_executor.py for tasks to queue
[2025-05-28 22:43:17,056] {logging_mixin.py:115} INFO - [2025-05-28 22:43:17,056] {dagbag.py:507} INFO - Filling up the DagBag from /home/cunhaaw/Downloads/APITwitter/venv/lib/python3.9/site-packages/airflow/example_dags/example_kubernetes_executor.py
[2025-05-28 22:43:17,074] {logging_mixin.py:115} INFO - [2025-05-28 22:43:17,074] {example_kubernetes_executor.py:39} WARNING - The example_kubernetes_executor example DAG requires the kubernetes provider. Please install it with: pip install apache-airflow[cncf.kubernetes]
[2025-05-28 22:43:17,074] {processor.py:653} WARNING - No viable dags retrieved from /home/cunhaaw/Downloads/APITwitter/venv/lib/python3.9/site-packages/airflow/example_dags/example_kubernetes_executor.py
[2025-05-28 22:43:17,087] {processor.py:161} INFO - Processing /home/cunhaaw/Downloads/APITwitter/venv/lib/python3.9/site-packages/airflow/example_dags/example_kubernetes_executor.py took 0.037 seconds
[2025-05-28 22:43:55,915] {processor.py:153} INFO - Started process (PID=9486) to work on /home/cunhaaw/Downloads/APITwitter/venv/lib/python3.9/site-packages/airflow/example_dags/example_kubernetes_executor.py
[2025-05-28 22:43:55,917] {processor.py:641} INFO - Processing file /home/cunhaaw/Downloads/APITwitter/venv/lib/python3.9/site-packages/airflow/example_dags/example_kubernetes_executor.py for tasks to queue
[2025-05-28 22:43:55,918] {logging_mixin.py:115} INFO - [2025-05-28 22:43:55,918] {dagbag.py:507} INFO - Filling up the DagBag from /home/cunhaaw/Downloads/APITwitter/venv/lib/python3.9/site-packages/airflow/example_dags/example_kubernetes_executor.py
[2025-05-28 22:43:55,939] {logging_mixin.py:115} INFO - [2025-05-28 22:43:55,939] {example_kubernetes_executor.py:39} WARNING - The example_kubernetes_executor example DAG requires the kubernetes provider. Please install it with: pip install apache-airflow[cncf.kubernetes]
[2025-05-28 22:43:55,939] {processor.py:653} WARNING - No viable dags retrieved from /home/cunhaaw/Downloads/APITwitter/venv/lib/python3.9/site-packages/airflow/example_dags/example_kubernetes_executor.py
[2025-05-28 22:43:55,954] {processor.py:161} INFO - Processing /home/cunhaaw/Downloads/APITwitter/venv/lib/python3.9/site-packages/airflow/example_dags/example_kubernetes_executor.py took 0.043 seconds
