[2025-05-28 22:35:01,097] {processor.py:153} INFO - Started process (PID=6468) to work on /home/cunhaaw/Downloads/APITwitter/venv/lib/python3.9/site-packages/airflow/example_dags/example_branch_day_of_week_operator.py
[2025-05-28 22:35:01,098] {processor.py:641} INFO - Processing file /home/cunhaaw/Downloads/APITwitter/venv/lib/python3.9/site-packages/airflow/example_dags/example_branch_day_of_week_operator.py for tasks to queue
[2025-05-28 22:35:01,099] {logging_mixin.py:115} INFO - [2025-05-28 22:35:01,098] {dagbag.py:507} INFO - Filling up the DagBag from /home/cunhaaw/Downloads/APITwitter/venv/lib/python3.9/site-packages/airflow/example_dags/example_branch_day_of_week_operator.py
[2025-05-28 22:35:01,112] {processor.py:651} INFO - DAG(s) dict_keys(['example_weekday_branch_operator']) retrieved from /home/cunhaaw/Downloads/APITwitter/venv/lib/python3.9/site-packages/airflow/example_dags/example_branch_day_of_week_operator.py
[2025-05-28 22:35:01,194] {logging_mixin.py:115} INFO - [2025-05-28 22:35:01,193] {manager.py:508} INFO - Created Permission View: can read on DAG:example_weekday_branch_operator
[2025-05-28 22:35:01,205] {logging_mixin.py:115} INFO - [2025-05-28 22:35:01,205] {manager.py:508} INFO - Created Permission View: can delete on DAG:example_weekday_branch_operator
[2025-05-28 22:35:01,214] {logging_mixin.py:115} INFO - [2025-05-28 22:35:01,213] {manager.py:508} INFO - Created Permission View: can edit on DAG:example_weekday_branch_operator
[2025-05-28 22:35:01,214] {logging_mixin.py:115} INFO - [2025-05-28 22:35:01,214] {dag.py:2379} INFO - Sync 1 DAGs
[2025-05-28 22:35:01,225] {logging_mixin.py:115} INFO - [2025-05-28 22:35:01,225] {dag.py:2398} INFO - Creating ORM DAG for example_weekday_branch_operator
[2025-05-28 22:35:01,239] {logging_mixin.py:115} INFO - [2025-05-28 22:35:01,238] {dag.py:2927} INFO - Setting next_dagrun for example_weekday_branch_operator to 2025-05-28T00:00:00+00:00, run_after=2025-05-29T00:00:00+00:00
[2025-05-28 22:35:01,258] {processor.py:161} INFO - Processing /home/cunhaaw/Downloads/APITwitter/venv/lib/python3.9/site-packages/airflow/example_dags/example_branch_day_of_week_operator.py took 0.169 seconds
[2025-05-28 22:35:43,881] {processor.py:153} INFO - Started process (PID=6642) to work on /home/cunhaaw/Downloads/APITwitter/venv/lib/python3.9/site-packages/airflow/example_dags/example_branch_day_of_week_operator.py
[2025-05-28 22:35:43,884] {processor.py:641} INFO - Processing file /home/cunhaaw/Downloads/APITwitter/venv/lib/python3.9/site-packages/airflow/example_dags/example_branch_day_of_week_operator.py for tasks to queue
[2025-05-28 22:35:43,885] {logging_mixin.py:115} INFO - [2025-05-28 22:35:43,885] {dagbag.py:507} INFO - Filling up the DagBag from /home/cunhaaw/Downloads/APITwitter/venv/lib/python3.9/site-packages/airflow/example_dags/example_branch_day_of_week_operator.py
[2025-05-28 22:35:43,896] {processor.py:651} INFO - DAG(s) dict_keys(['example_weekday_branch_operator']) retrieved from /home/cunhaaw/Downloads/APITwitter/venv/lib/python3.9/site-packages/airflow/example_dags/example_branch_day_of_week_operator.py
[2025-05-28 22:35:43,920] {logging_mixin.py:115} INFO - [2025-05-28 22:35:43,919] {dag.py:2379} INFO - Sync 1 DAGs
[2025-05-28 22:35:43,943] {logging_mixin.py:115} INFO - [2025-05-28 22:35:43,943] {dag.py:2927} INFO - Setting next_dagrun for example_weekday_branch_operator to 2025-05-28T00:00:00+00:00, run_after=2025-05-29T00:00:00+00:00
[2025-05-28 22:35:43,957] {processor.py:161} INFO - Processing /home/cunhaaw/Downloads/APITwitter/venv/lib/python3.9/site-packages/airflow/example_dags/example_branch_day_of_week_operator.py took 0.083 seconds
[2025-05-28 22:36:21,760] {processor.py:153} INFO - Started process (PID=7024) to work on /home/cunhaaw/Downloads/APITwitter/venv/lib/python3.9/site-packages/airflow/example_dags/example_branch_day_of_week_operator.py
[2025-05-28 22:36:21,761] {processor.py:641} INFO - Processing file /home/cunhaaw/Downloads/APITwitter/venv/lib/python3.9/site-packages/airflow/example_dags/example_branch_day_of_week_operator.py for tasks to queue
[2025-05-28 22:36:21,762] {logging_mixin.py:115} INFO - [2025-05-28 22:36:21,762] {dagbag.py:507} INFO - Filling up the DagBag from /home/cunhaaw/Downloads/APITwitter/venv/lib/python3.9/site-packages/airflow/example_dags/example_branch_day_of_week_operator.py
[2025-05-28 22:36:21,775] {processor.py:651} INFO - DAG(s) dict_keys(['example_weekday_branch_operator']) retrieved from /home/cunhaaw/Downloads/APITwitter/venv/lib/python3.9/site-packages/airflow/example_dags/example_branch_day_of_week_operator.py
[2025-05-28 22:36:21,795] {logging_mixin.py:115} INFO - [2025-05-28 22:36:21,795] {dag.py:2379} INFO - Sync 1 DAGs
[2025-05-28 22:36:21,815] {logging_mixin.py:115} INFO - [2025-05-28 22:36:21,815] {dag.py:2927} INFO - Setting next_dagrun for example_weekday_branch_operator to 2025-05-28T00:00:00+00:00, run_after=2025-05-29T00:00:00+00:00
[2025-05-28 22:36:21,829] {processor.py:161} INFO - Processing /home/cunhaaw/Downloads/APITwitter/venv/lib/python3.9/site-packages/airflow/example_dags/example_branch_day_of_week_operator.py took 0.073 seconds
[2025-05-28 22:36:57,730] {processor.py:153} INFO - Started process (PID=7273) to work on /home/cunhaaw/Downloads/APITwitter/venv/lib/python3.9/site-packages/airflow/example_dags/example_branch_day_of_week_operator.py
[2025-05-28 22:36:57,731] {processor.py:641} INFO - Processing file /home/cunhaaw/Downloads/APITwitter/venv/lib/python3.9/site-packages/airflow/example_dags/example_branch_day_of_week_operator.py for tasks to queue
[2025-05-28 22:36:57,732] {logging_mixin.py:115} INFO - [2025-05-28 22:36:57,732] {dagbag.py:507} INFO - Filling up the DagBag from /home/cunhaaw/Downloads/APITwitter/venv/lib/python3.9/site-packages/airflow/example_dags/example_branch_day_of_week_operator.py
[2025-05-28 22:36:57,742] {processor.py:651} INFO - DAG(s) dict_keys(['example_weekday_branch_operator']) retrieved from /home/cunhaaw/Downloads/APITwitter/venv/lib/python3.9/site-packages/airflow/example_dags/example_branch_day_of_week_operator.py
[2025-05-28 22:36:57,764] {logging_mixin.py:115} INFO - [2025-05-28 22:36:57,764] {dag.py:2379} INFO - Sync 1 DAGs
[2025-05-28 22:36:57,786] {logging_mixin.py:115} INFO - [2025-05-28 22:36:57,786] {dag.py:2927} INFO - Setting next_dagrun for example_weekday_branch_operator to 2025-05-28T00:00:00+00:00, run_after=2025-05-29T00:00:00+00:00
[2025-05-28 22:36:57,801] {processor.py:161} INFO - Processing /home/cunhaaw/Downloads/APITwitter/venv/lib/python3.9/site-packages/airflow/example_dags/example_branch_day_of_week_operator.py took 0.074 seconds
[2025-05-28 22:37:33,067] {processor.py:153} INFO - Started process (PID=7325) to work on /home/cunhaaw/Downloads/APITwitter/venv/lib/python3.9/site-packages/airflow/example_dags/example_branch_day_of_week_operator.py
[2025-05-28 22:37:33,068] {processor.py:641} INFO - Processing file /home/cunhaaw/Downloads/APITwitter/venv/lib/python3.9/site-packages/airflow/example_dags/example_branch_day_of_week_operator.py for tasks to queue
[2025-05-28 22:37:33,069] {logging_mixin.py:115} INFO - [2025-05-28 22:37:33,069] {dagbag.py:507} INFO - Filling up the DagBag from /home/cunhaaw/Downloads/APITwitter/venv/lib/python3.9/site-packages/airflow/example_dags/example_branch_day_of_week_operator.py
[2025-05-28 22:37:33,080] {processor.py:651} INFO - DAG(s) dict_keys(['example_weekday_branch_operator']) retrieved from /home/cunhaaw/Downloads/APITwitter/venv/lib/python3.9/site-packages/airflow/example_dags/example_branch_day_of_week_operator.py
[2025-05-28 22:37:33,101] {logging_mixin.py:115} INFO - [2025-05-28 22:37:33,101] {dag.py:2379} INFO - Sync 1 DAGs
[2025-05-28 22:37:33,122] {logging_mixin.py:115} INFO - [2025-05-28 22:37:33,122] {dag.py:2927} INFO - Setting next_dagrun for example_weekday_branch_operator to 2025-05-28T00:00:00+00:00, run_after=2025-05-29T00:00:00+00:00
[2025-05-28 22:37:33,137] {processor.py:161} INFO - Processing /home/cunhaaw/Downloads/APITwitter/venv/lib/python3.9/site-packages/airflow/example_dags/example_branch_day_of_week_operator.py took 0.074 seconds
[2025-05-28 22:38:12,289] {processor.py:153} INFO - Started process (PID=7469) to work on /home/cunhaaw/Downloads/APITwitter/venv/lib/python3.9/site-packages/airflow/example_dags/example_branch_day_of_week_operator.py
[2025-05-28 22:38:12,291] {processor.py:641} INFO - Processing file /home/cunhaaw/Downloads/APITwitter/venv/lib/python3.9/site-packages/airflow/example_dags/example_branch_day_of_week_operator.py for tasks to queue
[2025-05-28 22:38:12,291] {logging_mixin.py:115} INFO - [2025-05-28 22:38:12,291] {dagbag.py:507} INFO - Filling up the DagBag from /home/cunhaaw/Downloads/APITwitter/venv/lib/python3.9/site-packages/airflow/example_dags/example_branch_day_of_week_operator.py
[2025-05-28 22:38:12,306] {processor.py:651} INFO - DAG(s) dict_keys(['example_weekday_branch_operator']) retrieved from /home/cunhaaw/Downloads/APITwitter/venv/lib/python3.9/site-packages/airflow/example_dags/example_branch_day_of_week_operator.py
[2025-05-28 22:38:12,334] {logging_mixin.py:115} INFO - [2025-05-28 22:38:12,333] {dag.py:2379} INFO - Sync 1 DAGs
[2025-05-28 22:38:12,370] {logging_mixin.py:115} INFO - [2025-05-28 22:38:12,370] {dag.py:2927} INFO - Setting next_dagrun for example_weekday_branch_operator to 2025-05-28T00:00:00+00:00, run_after=2025-05-29T00:00:00+00:00
[2025-05-28 22:38:12,400] {processor.py:161} INFO - Processing /home/cunhaaw/Downloads/APITwitter/venv/lib/python3.9/site-packages/airflow/example_dags/example_branch_day_of_week_operator.py took 0.119 seconds
[2025-05-28 22:38:53,487] {processor.py:153} INFO - Started process (PID=7649) to work on /home/cunhaaw/Downloads/APITwitter/venv/lib/python3.9/site-packages/airflow/example_dags/example_branch_day_of_week_operator.py
[2025-05-28 22:38:53,488] {processor.py:641} INFO - Processing file /home/cunhaaw/Downloads/APITwitter/venv/lib/python3.9/site-packages/airflow/example_dags/example_branch_day_of_week_operator.py for tasks to queue
[2025-05-28 22:38:53,489] {logging_mixin.py:115} INFO - [2025-05-28 22:38:53,489] {dagbag.py:507} INFO - Filling up the DagBag from /home/cunhaaw/Downloads/APITwitter/venv/lib/python3.9/site-packages/airflow/example_dags/example_branch_day_of_week_operator.py
[2025-05-28 22:38:53,518] {processor.py:651} INFO - DAG(s) dict_keys(['example_weekday_branch_operator']) retrieved from /home/cunhaaw/Downloads/APITwitter/venv/lib/python3.9/site-packages/airflow/example_dags/example_branch_day_of_week_operator.py
[2025-05-28 22:38:53,570] {logging_mixin.py:115} INFO - [2025-05-28 22:38:53,569] {dag.py:2379} INFO - Sync 1 DAGs
[2025-05-28 22:38:53,610] {logging_mixin.py:115} INFO - [2025-05-28 22:38:53,610] {dag.py:2927} INFO - Setting next_dagrun for example_weekday_branch_operator to 2025-05-28T00:00:00+00:00, run_after=2025-05-29T00:00:00+00:00
[2025-05-28 22:38:53,647] {processor.py:161} INFO - Processing /home/cunhaaw/Downloads/APITwitter/venv/lib/python3.9/site-packages/airflow/example_dags/example_branch_day_of_week_operator.py took 0.172 seconds
[2025-05-28 22:39:34,092] {processor.py:153} INFO - Started process (PID=7904) to work on /home/cunhaaw/Downloads/APITwitter/venv/lib/python3.9/site-packages/airflow/example_dags/example_branch_day_of_week_operator.py
[2025-05-28 22:39:34,094] {processor.py:641} INFO - Processing file /home/cunhaaw/Downloads/APITwitter/venv/lib/python3.9/site-packages/airflow/example_dags/example_branch_day_of_week_operator.py for tasks to queue
[2025-05-28 22:39:34,097] {logging_mixin.py:115} INFO - [2025-05-28 22:39:34,096] {dagbag.py:507} INFO - Filling up the DagBag from /home/cunhaaw/Downloads/APITwitter/venv/lib/python3.9/site-packages/airflow/example_dags/example_branch_day_of_week_operator.py
[2025-05-28 22:39:34,121] {processor.py:651} INFO - DAG(s) dict_keys(['example_weekday_branch_operator']) retrieved from /home/cunhaaw/Downloads/APITwitter/venv/lib/python3.9/site-packages/airflow/example_dags/example_branch_day_of_week_operator.py
[2025-05-28 22:39:34,167] {logging_mixin.py:115} INFO - [2025-05-28 22:39:34,167] {dag.py:2379} INFO - Sync 1 DAGs
[2025-05-28 22:39:34,225] {logging_mixin.py:115} INFO - [2025-05-28 22:39:34,225] {dag.py:2927} INFO - Setting next_dagrun for example_weekday_branch_operator to 2025-05-28T00:00:00+00:00, run_after=2025-05-29T00:00:00+00:00
[2025-05-28 22:39:34,269] {processor.py:161} INFO - Processing /home/cunhaaw/Downloads/APITwitter/venv/lib/python3.9/site-packages/airflow/example_dags/example_branch_day_of_week_operator.py took 0.185 seconds
[2025-05-28 22:40:13,525] {processor.py:153} INFO - Started process (PID=8024) to work on /home/cunhaaw/Downloads/APITwitter/venv/lib/python3.9/site-packages/airflow/example_dags/example_branch_day_of_week_operator.py
[2025-05-28 22:40:13,526] {processor.py:641} INFO - Processing file /home/cunhaaw/Downloads/APITwitter/venv/lib/python3.9/site-packages/airflow/example_dags/example_branch_day_of_week_operator.py for tasks to queue
[2025-05-28 22:40:13,527] {logging_mixin.py:115} INFO - [2025-05-28 22:40:13,527] {dagbag.py:507} INFO - Filling up the DagBag from /home/cunhaaw/Downloads/APITwitter/venv/lib/python3.9/site-packages/airflow/example_dags/example_branch_day_of_week_operator.py
[2025-05-28 22:40:13,539] {processor.py:651} INFO - DAG(s) dict_keys(['example_weekday_branch_operator']) retrieved from /home/cunhaaw/Downloads/APITwitter/venv/lib/python3.9/site-packages/airflow/example_dags/example_branch_day_of_week_operator.py
[2025-05-28 22:40:13,564] {logging_mixin.py:115} INFO - [2025-05-28 22:40:13,564] {dag.py:2379} INFO - Sync 1 DAGs
[2025-05-28 22:40:13,598] {logging_mixin.py:115} INFO - [2025-05-28 22:40:13,598] {dag.py:2927} INFO - Setting next_dagrun for example_weekday_branch_operator to 2025-05-28T00:00:00+00:00, run_after=2025-05-29T00:00:00+00:00
[2025-05-28 22:40:13,615] {processor.py:161} INFO - Processing /home/cunhaaw/Downloads/APITwitter/venv/lib/python3.9/site-packages/airflow/example_dags/example_branch_day_of_week_operator.py took 0.094 seconds
[2025-05-28 22:40:50,163] {processor.py:153} INFO - Started process (PID=8254) to work on /home/cunhaaw/Downloads/APITwitter/venv/lib/python3.9/site-packages/airflow/example_dags/example_branch_day_of_week_operator.py
[2025-05-28 22:40:50,164] {processor.py:641} INFO - Processing file /home/cunhaaw/Downloads/APITwitter/venv/lib/python3.9/site-packages/airflow/example_dags/example_branch_day_of_week_operator.py for tasks to queue
[2025-05-28 22:40:50,167] {logging_mixin.py:115} INFO - [2025-05-28 22:40:50,165] {dagbag.py:507} INFO - Filling up the DagBag from /home/cunhaaw/Downloads/APITwitter/venv/lib/python3.9/site-packages/airflow/example_dags/example_branch_day_of_week_operator.py
[2025-05-28 22:40:50,191] {processor.py:651} INFO - DAG(s) dict_keys(['example_weekday_branch_operator']) retrieved from /home/cunhaaw/Downloads/APITwitter/venv/lib/python3.9/site-packages/airflow/example_dags/example_branch_day_of_week_operator.py
[2025-05-28 22:40:50,229] {logging_mixin.py:115} INFO - [2025-05-28 22:40:50,229] {dag.py:2379} INFO - Sync 1 DAGs
[2025-05-28 22:40:50,272] {logging_mixin.py:115} INFO - [2025-05-28 22:40:50,271] {dag.py:2927} INFO - Setting next_dagrun for example_weekday_branch_operator to 2025-05-28T00:00:00+00:00, run_after=2025-05-29T00:00:00+00:00
[2025-05-28 22:40:50,302] {processor.py:161} INFO - Processing /home/cunhaaw/Downloads/APITwitter/venv/lib/python3.9/site-packages/airflow/example_dags/example_branch_day_of_week_operator.py took 0.148 seconds
[2025-05-28 22:41:30,668] {processor.py:153} INFO - Started process (PID=8578) to work on /home/cunhaaw/Downloads/APITwitter/venv/lib/python3.9/site-packages/airflow/example_dags/example_branch_day_of_week_operator.py
[2025-05-28 22:41:30,669] {processor.py:641} INFO - Processing file /home/cunhaaw/Downloads/APITwitter/venv/lib/python3.9/site-packages/airflow/example_dags/example_branch_day_of_week_operator.py for tasks to queue
[2025-05-28 22:41:30,670] {logging_mixin.py:115} INFO - [2025-05-28 22:41:30,670] {dagbag.py:507} INFO - Filling up the DagBag from /home/cunhaaw/Downloads/APITwitter/venv/lib/python3.9/site-packages/airflow/example_dags/example_branch_day_of_week_operator.py
[2025-05-28 22:41:30,682] {processor.py:651} INFO - DAG(s) dict_keys(['example_weekday_branch_operator']) retrieved from /home/cunhaaw/Downloads/APITwitter/venv/lib/python3.9/site-packages/airflow/example_dags/example_branch_day_of_week_operator.py
[2025-05-28 22:41:30,707] {logging_mixin.py:115} INFO - [2025-05-28 22:41:30,706] {dag.py:2379} INFO - Sync 1 DAGs
[2025-05-28 22:41:30,740] {logging_mixin.py:115} INFO - [2025-05-28 22:41:30,740] {dag.py:2927} INFO - Setting next_dagrun for example_weekday_branch_operator to 2025-05-28T00:00:00+00:00, run_after=2025-05-29T00:00:00+00:00
[2025-05-28 22:41:30,758] {processor.py:161} INFO - Processing /home/cunhaaw/Downloads/APITwitter/venv/lib/python3.9/site-packages/airflow/example_dags/example_branch_day_of_week_operator.py took 0.095 seconds
[2025-05-28 22:42:07,305] {processor.py:153} INFO - Started process (PID=8923) to work on /home/cunhaaw/Downloads/APITwitter/venv/lib/python3.9/site-packages/airflow/example_dags/example_branch_day_of_week_operator.py
[2025-05-28 22:42:07,306] {processor.py:641} INFO - Processing file /home/cunhaaw/Downloads/APITwitter/venv/lib/python3.9/site-packages/airflow/example_dags/example_branch_day_of_week_operator.py for tasks to queue
[2025-05-28 22:42:07,307] {logging_mixin.py:115} INFO - [2025-05-28 22:42:07,307] {dagbag.py:507} INFO - Filling up the DagBag from /home/cunhaaw/Downloads/APITwitter/venv/lib/python3.9/site-packages/airflow/example_dags/example_branch_day_of_week_operator.py
[2025-05-28 22:42:07,316] {processor.py:651} INFO - DAG(s) dict_keys(['example_weekday_branch_operator']) retrieved from /home/cunhaaw/Downloads/APITwitter/venv/lib/python3.9/site-packages/airflow/example_dags/example_branch_day_of_week_operator.py
[2025-05-28 22:42:07,337] {logging_mixin.py:115} INFO - [2025-05-28 22:42:07,337] {dag.py:2379} INFO - Sync 1 DAGs
[2025-05-28 22:42:07,372] {logging_mixin.py:115} INFO - [2025-05-28 22:42:07,372] {dag.py:2927} INFO - Setting next_dagrun for example_weekday_branch_operator to 2025-05-28T00:00:00+00:00, run_after=2025-05-29T00:00:00+00:00
[2025-05-28 22:42:07,391] {processor.py:161} INFO - Processing /home/cunhaaw/Downloads/APITwitter/venv/lib/python3.9/site-packages/airflow/example_dags/example_branch_day_of_week_operator.py took 0.089 seconds
[2025-05-28 22:42:48,800] {processor.py:153} INFO - Started process (PID=9191) to work on /home/cunhaaw/Downloads/APITwitter/venv/lib/python3.9/site-packages/airflow/example_dags/example_branch_day_of_week_operator.py
[2025-05-28 22:42:48,802] {processor.py:641} INFO - Processing file /home/cunhaaw/Downloads/APITwitter/venv/lib/python3.9/site-packages/airflow/example_dags/example_branch_day_of_week_operator.py for tasks to queue
[2025-05-28 22:42:48,803] {logging_mixin.py:115} INFO - [2025-05-28 22:42:48,803] {dagbag.py:507} INFO - Filling up the DagBag from /home/cunhaaw/Downloads/APITwitter/venv/lib/python3.9/site-packages/airflow/example_dags/example_branch_day_of_week_operator.py
[2025-05-28 22:42:48,844] {processor.py:651} INFO - DAG(s) dict_keys(['example_weekday_branch_operator']) retrieved from /home/cunhaaw/Downloads/APITwitter/venv/lib/python3.9/site-packages/airflow/example_dags/example_branch_day_of_week_operator.py
[2025-05-28 22:42:48,907] {logging_mixin.py:115} INFO - [2025-05-28 22:42:48,907] {dag.py:2379} INFO - Sync 1 DAGs
[2025-05-28 22:42:48,977] {logging_mixin.py:115} INFO - [2025-05-28 22:42:48,977] {dag.py:2927} INFO - Setting next_dagrun for example_weekday_branch_operator to 2025-05-28T00:00:00+00:00, run_after=2025-05-29T00:00:00+00:00
[2025-05-28 22:42:49,003] {processor.py:161} INFO - Processing /home/cunhaaw/Downloads/APITwitter/venv/lib/python3.9/site-packages/airflow/example_dags/example_branch_day_of_week_operator.py took 0.216 seconds
[2025-05-28 22:43:25,109] {processor.py:153} INFO - Started process (PID=9345) to work on /home/cunhaaw/Downloads/APITwitter/venv/lib/python3.9/site-packages/airflow/example_dags/example_branch_day_of_week_operator.py
[2025-05-28 22:43:25,110] {processor.py:641} INFO - Processing file /home/cunhaaw/Downloads/APITwitter/venv/lib/python3.9/site-packages/airflow/example_dags/example_branch_day_of_week_operator.py for tasks to queue
[2025-05-28 22:43:25,111] {logging_mixin.py:115} INFO - [2025-05-28 22:43:25,111] {dagbag.py:507} INFO - Filling up the DagBag from /home/cunhaaw/Downloads/APITwitter/venv/lib/python3.9/site-packages/airflow/example_dags/example_branch_day_of_week_operator.py
[2025-05-28 22:43:25,122] {processor.py:651} INFO - DAG(s) dict_keys(['example_weekday_branch_operator']) retrieved from /home/cunhaaw/Downloads/APITwitter/venv/lib/python3.9/site-packages/airflow/example_dags/example_branch_day_of_week_operator.py
[2025-05-28 22:43:25,147] {logging_mixin.py:115} INFO - [2025-05-28 22:43:25,147] {dag.py:2379} INFO - Sync 1 DAGs
[2025-05-28 22:43:25,169] {logging_mixin.py:115} INFO - [2025-05-28 22:43:25,168] {dag.py:2927} INFO - Setting next_dagrun for example_weekday_branch_operator to 2025-05-28T00:00:00+00:00, run_after=2025-05-29T00:00:00+00:00
[2025-05-28 22:43:25,182] {processor.py:161} INFO - Processing /home/cunhaaw/Downloads/APITwitter/venv/lib/python3.9/site-packages/airflow/example_dags/example_branch_day_of_week_operator.py took 0.079 seconds
[2025-05-28 22:44:03,740] {processor.py:153} INFO - Started process (PID=9496) to work on /home/cunhaaw/Downloads/APITwitter/venv/lib/python3.9/site-packages/airflow/example_dags/example_branch_day_of_week_operator.py
[2025-05-28 22:44:03,744] {processor.py:641} INFO - Processing file /home/cunhaaw/Downloads/APITwitter/venv/lib/python3.9/site-packages/airflow/example_dags/example_branch_day_of_week_operator.py for tasks to queue
[2025-05-28 22:44:03,746] {logging_mixin.py:115} INFO - [2025-05-28 22:44:03,745] {dagbag.py:507} INFO - Filling up the DagBag from /home/cunhaaw/Downloads/APITwitter/venv/lib/python3.9/site-packages/airflow/example_dags/example_branch_day_of_week_operator.py
[2025-05-28 22:44:03,766] {processor.py:651} INFO - DAG(s) dict_keys(['example_weekday_branch_operator']) retrieved from /home/cunhaaw/Downloads/APITwitter/venv/lib/python3.9/site-packages/airflow/example_dags/example_branch_day_of_week_operator.py
[2025-05-28 22:44:03,808] {logging_mixin.py:115} INFO - [2025-05-28 22:44:03,807] {dag.py:2379} INFO - Sync 1 DAGs
[2025-05-28 22:44:03,862] {logging_mixin.py:115} INFO - [2025-05-28 22:44:03,862] {dag.py:2927} INFO - Setting next_dagrun for example_weekday_branch_operator to 2025-05-28T00:00:00+00:00, run_after=2025-05-29T00:00:00+00:00
[2025-05-28 22:44:03,887] {processor.py:161} INFO - Processing /home/cunhaaw/Downloads/APITwitter/venv/lib/python3.9/site-packages/airflow/example_dags/example_branch_day_of_week_operator.py took 0.152 seconds
