[2025-05-28 22:34:58,547] {processor.py:153} INFO - Started process (PID=6463) to work on /home/cunhaaw/Downloads/APITwitter/venv/lib/python3.9/site-packages/airflow/example_dags/example_latest_only_with_trigger.py
[2025-05-28 22:34:58,548] {processor.py:641} INFO - Processing file /home/cunhaaw/Downloads/APITwitter/venv/lib/python3.9/site-packages/airflow/example_dags/example_latest_only_with_trigger.py for tasks to queue
[2025-05-28 22:34:58,549] {logging_mixin.py:115} INFO - [2025-05-28 22:34:58,549] {dagbag.py:507} INFO - Filling up the DagBag from /home/cunhaaw/Downloads/APITwitter/venv/lib/python3.9/site-packages/airflow/example_dags/example_latest_only_with_trigger.py
[2025-05-28 22:34:58,557] {processor.py:651} INFO - DAG(s) dict_keys(['latest_only_with_trigger']) retrieved from /home/cunhaaw/Downloads/APITwitter/venv/lib/python3.9/site-packages/airflow/example_dags/example_latest_only_with_trigger.py
[2025-05-28 22:34:58,644] {logging_mixin.py:115} INFO - [2025-05-28 22:34:58,644] {manager.py:508} INFO - Created Permission View: can read on DAG:latest_only_with_trigger
[2025-05-28 22:34:58,654] {logging_mixin.py:115} INFO - [2025-05-28 22:34:58,654] {manager.py:508} INFO - Created Permission View: can delete on DAG:latest_only_with_trigger
[2025-05-28 22:34:58,663] {logging_mixin.py:115} INFO - [2025-05-28 22:34:58,663] {manager.py:508} INFO - Created Permission View: can edit on DAG:latest_only_with_trigger
[2025-05-28 22:34:58,663] {logging_mixin.py:115} INFO - [2025-05-28 22:34:58,663] {dag.py:2379} INFO - Sync 1 DAGs
[2025-05-28 22:34:58,673] {logging_mixin.py:115} INFO - [2025-05-28 22:34:58,673] {dag.py:2398} INFO - Creating ORM DAG for latest_only_with_trigger
[2025-05-28 22:34:58,688] {logging_mixin.py:115} INFO - [2025-05-28 22:34:58,688] {dag.py:2927} INFO - Setting next_dagrun for latest_only_with_trigger to 2025-05-28T21:34:58.688258+00:00, run_after=2025-05-29T01:34:58.688258+00:00
[2025-05-28 22:34:58,705] {processor.py:161} INFO - Processing /home/cunhaaw/Downloads/APITwitter/venv/lib/python3.9/site-packages/airflow/example_dags/example_latest_only_with_trigger.py took 0.163 seconds
[2025-05-28 22:35:38,701] {processor.py:153} INFO - Started process (PID=6636) to work on /home/cunhaaw/Downloads/APITwitter/venv/lib/python3.9/site-packages/airflow/example_dags/example_latest_only_with_trigger.py
[2025-05-28 22:35:38,703] {processor.py:641} INFO - Processing file /home/cunhaaw/Downloads/APITwitter/venv/lib/python3.9/site-packages/airflow/example_dags/example_latest_only_with_trigger.py for tasks to queue
[2025-05-28 22:35:38,705] {logging_mixin.py:115} INFO - [2025-05-28 22:35:38,705] {dagbag.py:507} INFO - Filling up the DagBag from /home/cunhaaw/Downloads/APITwitter/venv/lib/python3.9/site-packages/airflow/example_dags/example_latest_only_with_trigger.py
[2025-05-28 22:35:38,720] {processor.py:651} INFO - DAG(s) dict_keys(['latest_only_with_trigger']) retrieved from /home/cunhaaw/Downloads/APITwitter/venv/lib/python3.9/site-packages/airflow/example_dags/example_latest_only_with_trigger.py
[2025-05-28 22:35:38,751] {logging_mixin.py:115} INFO - [2025-05-28 22:35:38,750] {dag.py:2379} INFO - Sync 1 DAGs
[2025-05-28 22:35:38,788] {logging_mixin.py:115} INFO - [2025-05-28 22:35:38,788] {dag.py:2927} INFO - Setting next_dagrun for latest_only_with_trigger to 2025-05-28T21:35:38.787754+00:00, run_after=2025-05-29T01:35:38.787754+00:00
[2025-05-28 22:35:38,811] {processor.py:161} INFO - Processing /home/cunhaaw/Downloads/APITwitter/venv/lib/python3.9/site-packages/airflow/example_dags/example_latest_only_with_trigger.py took 0.117 seconds
[2025-05-28 22:36:16,436] {processor.py:153} INFO - Started process (PID=6967) to work on /home/cunhaaw/Downloads/APITwitter/venv/lib/python3.9/site-packages/airflow/example_dags/example_latest_only_with_trigger.py
[2025-05-28 22:36:16,437] {processor.py:641} INFO - Processing file /home/cunhaaw/Downloads/APITwitter/venv/lib/python3.9/site-packages/airflow/example_dags/example_latest_only_with_trigger.py for tasks to queue
[2025-05-28 22:36:16,438] {logging_mixin.py:115} INFO - [2025-05-28 22:36:16,438] {dagbag.py:507} INFO - Filling up the DagBag from /home/cunhaaw/Downloads/APITwitter/venv/lib/python3.9/site-packages/airflow/example_dags/example_latest_only_with_trigger.py
[2025-05-28 22:36:16,446] {processor.py:651} INFO - DAG(s) dict_keys(['latest_only_with_trigger']) retrieved from /home/cunhaaw/Downloads/APITwitter/venv/lib/python3.9/site-packages/airflow/example_dags/example_latest_only_with_trigger.py
[2025-05-28 22:36:16,483] {logging_mixin.py:115} INFO - [2025-05-28 22:36:16,483] {dag.py:2379} INFO - Sync 1 DAGs
[2025-05-28 22:36:16,514] {logging_mixin.py:115} INFO - [2025-05-28 22:36:16,514] {dag.py:2927} INFO - Setting next_dagrun for latest_only_with_trigger to 2025-05-28T21:36:16.514072+00:00, run_after=2025-05-29T01:36:16.514072+00:00
[2025-05-28 22:36:16,545] {processor.py:161} INFO - Processing /home/cunhaaw/Downloads/APITwitter/venv/lib/python3.9/site-packages/airflow/example_dags/example_latest_only_with_trigger.py took 0.115 seconds
[2025-05-28 22:36:53,527] {processor.py:153} INFO - Started process (PID=7217) to work on /home/cunhaaw/Downloads/APITwitter/venv/lib/python3.9/site-packages/airflow/example_dags/example_latest_only_with_trigger.py
[2025-05-28 22:36:53,529] {processor.py:641} INFO - Processing file /home/cunhaaw/Downloads/APITwitter/venv/lib/python3.9/site-packages/airflow/example_dags/example_latest_only_with_trigger.py for tasks to queue
[2025-05-28 22:36:53,530] {logging_mixin.py:115} INFO - [2025-05-28 22:36:53,530] {dagbag.py:507} INFO - Filling up the DagBag from /home/cunhaaw/Downloads/APITwitter/venv/lib/python3.9/site-packages/airflow/example_dags/example_latest_only_with_trigger.py
[2025-05-28 22:36:53,544] {processor.py:651} INFO - DAG(s) dict_keys(['latest_only_with_trigger']) retrieved from /home/cunhaaw/Downloads/APITwitter/venv/lib/python3.9/site-packages/airflow/example_dags/example_latest_only_with_trigger.py
[2025-05-28 22:36:53,572] {logging_mixin.py:115} INFO - [2025-05-28 22:36:53,572] {dag.py:2379} INFO - Sync 1 DAGs
[2025-05-28 22:36:53,594] {logging_mixin.py:115} INFO - [2025-05-28 22:36:53,594] {dag.py:2927} INFO - Setting next_dagrun for latest_only_with_trigger to 2025-05-28T21:36:53.593749+00:00, run_after=2025-05-29T01:36:53.593749+00:00
[2025-05-28 22:36:53,609] {processor.py:161} INFO - Processing /home/cunhaaw/Downloads/APITwitter/venv/lib/python3.9/site-packages/airflow/example_dags/example_latest_only_with_trigger.py took 0.086 seconds
[2025-05-28 22:37:30,495] {processor.py:153} INFO - Started process (PID=7321) to work on /home/cunhaaw/Downloads/APITwitter/venv/lib/python3.9/site-packages/airflow/example_dags/example_latest_only_with_trigger.py
[2025-05-28 22:37:30,498] {processor.py:641} INFO - Processing file /home/cunhaaw/Downloads/APITwitter/venv/lib/python3.9/site-packages/airflow/example_dags/example_latest_only_with_trigger.py for tasks to queue
[2025-05-28 22:37:30,499] {logging_mixin.py:115} INFO - [2025-05-28 22:37:30,499] {dagbag.py:507} INFO - Filling up the DagBag from /home/cunhaaw/Downloads/APITwitter/venv/lib/python3.9/site-packages/airflow/example_dags/example_latest_only_with_trigger.py
[2025-05-28 22:37:30,514] {processor.py:651} INFO - DAG(s) dict_keys(['latest_only_with_trigger']) retrieved from /home/cunhaaw/Downloads/APITwitter/venv/lib/python3.9/site-packages/airflow/example_dags/example_latest_only_with_trigger.py
[2025-05-28 22:37:30,548] {logging_mixin.py:115} INFO - [2025-05-28 22:37:30,548] {dag.py:2379} INFO - Sync 1 DAGs
[2025-05-28 22:37:30,585] {logging_mixin.py:115} INFO - [2025-05-28 22:37:30,585] {dag.py:2927} INFO - Setting next_dagrun for latest_only_with_trigger to 2025-05-28T21:37:30.584912+00:00, run_after=2025-05-29T01:37:30.584912+00:00
[2025-05-28 22:37:30,609] {processor.py:161} INFO - Processing /home/cunhaaw/Downloads/APITwitter/venv/lib/python3.9/site-packages/airflow/example_dags/example_latest_only_with_trigger.py took 0.123 seconds
[2025-05-28 22:38:07,136] {processor.py:153} INFO - Started process (PID=7464) to work on /home/cunhaaw/Downloads/APITwitter/venv/lib/python3.9/site-packages/airflow/example_dags/example_latest_only_with_trigger.py
[2025-05-28 22:38:07,138] {processor.py:641} INFO - Processing file /home/cunhaaw/Downloads/APITwitter/venv/lib/python3.9/site-packages/airflow/example_dags/example_latest_only_with_trigger.py for tasks to queue
[2025-05-28 22:38:07,138] {logging_mixin.py:115} INFO - [2025-05-28 22:38:07,138] {dagbag.py:507} INFO - Filling up the DagBag from /home/cunhaaw/Downloads/APITwitter/venv/lib/python3.9/site-packages/airflow/example_dags/example_latest_only_with_trigger.py
[2025-05-28 22:38:07,146] {processor.py:651} INFO - DAG(s) dict_keys(['latest_only_with_trigger']) retrieved from /home/cunhaaw/Downloads/APITwitter/venv/lib/python3.9/site-packages/airflow/example_dags/example_latest_only_with_trigger.py
[2025-05-28 22:38:07,171] {logging_mixin.py:115} INFO - [2025-05-28 22:38:07,171] {dag.py:2379} INFO - Sync 1 DAGs
[2025-05-28 22:38:07,195] {logging_mixin.py:115} INFO - [2025-05-28 22:38:07,195] {dag.py:2927} INFO - Setting next_dagrun for latest_only_with_trigger to 2025-05-28T21:38:07.194771+00:00, run_after=2025-05-29T01:38:07.194771+00:00
[2025-05-28 22:38:07,211] {processor.py:161} INFO - Processing /home/cunhaaw/Downloads/APITwitter/venv/lib/python3.9/site-packages/airflow/example_dags/example_latest_only_with_trigger.py took 0.080 seconds
[2025-05-28 22:38:45,771] {processor.py:153} INFO - Started process (PID=7620) to work on /home/cunhaaw/Downloads/APITwitter/venv/lib/python3.9/site-packages/airflow/example_dags/example_latest_only_with_trigger.py
[2025-05-28 22:38:45,772] {processor.py:641} INFO - Processing file /home/cunhaaw/Downloads/APITwitter/venv/lib/python3.9/site-packages/airflow/example_dags/example_latest_only_with_trigger.py for tasks to queue
[2025-05-28 22:38:45,773] {logging_mixin.py:115} INFO - [2025-05-28 22:38:45,773] {dagbag.py:507} INFO - Filling up the DagBag from /home/cunhaaw/Downloads/APITwitter/venv/lib/python3.9/site-packages/airflow/example_dags/example_latest_only_with_trigger.py
[2025-05-28 22:38:45,784] {processor.py:651} INFO - DAG(s) dict_keys(['latest_only_with_trigger']) retrieved from /home/cunhaaw/Downloads/APITwitter/venv/lib/python3.9/site-packages/airflow/example_dags/example_latest_only_with_trigger.py
[2025-05-28 22:38:45,815] {logging_mixin.py:115} INFO - [2025-05-28 22:38:45,815] {dag.py:2379} INFO - Sync 1 DAGs
[2025-05-28 22:38:45,840] {logging_mixin.py:115} INFO - [2025-05-28 22:38:45,840] {dag.py:2927} INFO - Setting next_dagrun for latest_only_with_trigger to 2025-05-28T21:38:45.840065+00:00, run_after=2025-05-29T01:38:45.840065+00:00
[2025-05-28 22:38:45,857] {processor.py:161} INFO - Processing /home/cunhaaw/Downloads/APITwitter/venv/lib/python3.9/site-packages/airflow/example_dags/example_latest_only_with_trigger.py took 0.091 seconds
[2025-05-28 22:39:28,249] {processor.py:153} INFO - Started process (PID=7895) to work on /home/cunhaaw/Downloads/APITwitter/venv/lib/python3.9/site-packages/airflow/example_dags/example_latest_only_with_trigger.py
[2025-05-28 22:39:28,251] {processor.py:641} INFO - Processing file /home/cunhaaw/Downloads/APITwitter/venv/lib/python3.9/site-packages/airflow/example_dags/example_latest_only_with_trigger.py for tasks to queue
[2025-05-28 22:39:28,252] {logging_mixin.py:115} INFO - [2025-05-28 22:39:28,251] {dagbag.py:507} INFO - Filling up the DagBag from /home/cunhaaw/Downloads/APITwitter/venv/lib/python3.9/site-packages/airflow/example_dags/example_latest_only_with_trigger.py
[2025-05-28 22:39:28,263] {processor.py:651} INFO - DAG(s) dict_keys(['latest_only_with_trigger']) retrieved from /home/cunhaaw/Downloads/APITwitter/venv/lib/python3.9/site-packages/airflow/example_dags/example_latest_only_with_trigger.py
[2025-05-28 22:39:28,284] {logging_mixin.py:115} INFO - [2025-05-28 22:39:28,284] {dag.py:2379} INFO - Sync 1 DAGs
[2025-05-28 22:39:28,306] {logging_mixin.py:115} INFO - [2025-05-28 22:39:28,306] {dag.py:2927} INFO - Setting next_dagrun for latest_only_with_trigger to 2025-05-28T21:39:28.306082+00:00, run_after=2025-05-29T01:39:28.306082+00:00
[2025-05-28 22:39:28,321] {processor.py:161} INFO - Processing /home/cunhaaw/Downloads/APITwitter/venv/lib/python3.9/site-packages/airflow/example_dags/example_latest_only_with_trigger.py took 0.080 seconds
[2025-05-28 22:40:06,865] {processor.py:153} INFO - Started process (PID=7995) to work on /home/cunhaaw/Downloads/APITwitter/venv/lib/python3.9/site-packages/airflow/example_dags/example_latest_only_with_trigger.py
[2025-05-28 22:40:06,867] {processor.py:641} INFO - Processing file /home/cunhaaw/Downloads/APITwitter/venv/lib/python3.9/site-packages/airflow/example_dags/example_latest_only_with_trigger.py for tasks to queue
[2025-05-28 22:40:06,868] {logging_mixin.py:115} INFO - [2025-05-28 22:40:06,868] {dagbag.py:507} INFO - Filling up the DagBag from /home/cunhaaw/Downloads/APITwitter/venv/lib/python3.9/site-packages/airflow/example_dags/example_latest_only_with_trigger.py
[2025-05-28 22:40:06,882] {processor.py:651} INFO - DAG(s) dict_keys(['latest_only_with_trigger']) retrieved from /home/cunhaaw/Downloads/APITwitter/venv/lib/python3.9/site-packages/airflow/example_dags/example_latest_only_with_trigger.py
[2025-05-28 22:40:06,916] {logging_mixin.py:115} INFO - [2025-05-28 22:40:06,916] {dag.py:2379} INFO - Sync 1 DAGs
[2025-05-28 22:40:06,943] {logging_mixin.py:115} INFO - [2025-05-28 22:40:06,943] {dag.py:2927} INFO - Setting next_dagrun for latest_only_with_trigger to 2025-05-28T21:40:06.942547+00:00, run_after=2025-05-29T01:40:06.942547+00:00
[2025-05-28 22:40:06,961] {processor.py:161} INFO - Processing /home/cunhaaw/Downloads/APITwitter/venv/lib/python3.9/site-packages/airflow/example_dags/example_latest_only_with_trigger.py took 0.106 seconds
[2025-05-28 22:40:44,453] {processor.py:153} INFO - Started process (PID=8249) to work on /home/cunhaaw/Downloads/APITwitter/venv/lib/python3.9/site-packages/airflow/example_dags/example_latest_only_with_trigger.py
[2025-05-28 22:40:44,455] {processor.py:641} INFO - Processing file /home/cunhaaw/Downloads/APITwitter/venv/lib/python3.9/site-packages/airflow/example_dags/example_latest_only_with_trigger.py for tasks to queue
[2025-05-28 22:40:44,456] {logging_mixin.py:115} INFO - [2025-05-28 22:40:44,456] {dagbag.py:507} INFO - Filling up the DagBag from /home/cunhaaw/Downloads/APITwitter/venv/lib/python3.9/site-packages/airflow/example_dags/example_latest_only_with_trigger.py
[2025-05-28 22:40:44,473] {processor.py:651} INFO - DAG(s) dict_keys(['latest_only_with_trigger']) retrieved from /home/cunhaaw/Downloads/APITwitter/venv/lib/python3.9/site-packages/airflow/example_dags/example_latest_only_with_trigger.py
[2025-05-28 22:40:44,515] {logging_mixin.py:115} INFO - [2025-05-28 22:40:44,515] {dag.py:2379} INFO - Sync 1 DAGs
[2025-05-28 22:40:44,579] {logging_mixin.py:115} INFO - [2025-05-28 22:40:44,578] {dag.py:2927} INFO - Setting next_dagrun for latest_only_with_trigger to 2025-05-28T21:40:44.578186+00:00, run_after=2025-05-29T01:40:44.578186+00:00
[2025-05-28 22:40:44,605] {processor.py:161} INFO - Processing /home/cunhaaw/Downloads/APITwitter/venv/lib/python3.9/site-packages/airflow/example_dags/example_latest_only_with_trigger.py took 0.158 seconds
[2025-05-28 22:41:28,930] {processor.py:153} INFO - Started process (PID=8525) to work on /home/cunhaaw/Downloads/APITwitter/venv/lib/python3.9/site-packages/airflow/example_dags/example_latest_only_with_trigger.py
[2025-05-28 22:41:28,932] {processor.py:641} INFO - Processing file /home/cunhaaw/Downloads/APITwitter/venv/lib/python3.9/site-packages/airflow/example_dags/example_latest_only_with_trigger.py for tasks to queue
[2025-05-28 22:41:28,932] {logging_mixin.py:115} INFO - [2025-05-28 22:41:28,932] {dagbag.py:507} INFO - Filling up the DagBag from /home/cunhaaw/Downloads/APITwitter/venv/lib/python3.9/site-packages/airflow/example_dags/example_latest_only_with_trigger.py
[2025-05-28 22:41:28,951] {processor.py:651} INFO - DAG(s) dict_keys(['latest_only_with_trigger']) retrieved from /home/cunhaaw/Downloads/APITwitter/venv/lib/python3.9/site-packages/airflow/example_dags/example_latest_only_with_trigger.py
[2025-05-28 22:41:28,986] {logging_mixin.py:115} INFO - [2025-05-28 22:41:28,986] {dag.py:2379} INFO - Sync 1 DAGs
[2025-05-28 22:41:29,023] {logging_mixin.py:115} INFO - [2025-05-28 22:41:29,022] {dag.py:2927} INFO - Setting next_dagrun for latest_only_with_trigger to 2025-05-28T21:41:29.022054+00:00, run_after=2025-05-29T01:41:29.022054+00:00
[2025-05-28 22:41:29,041] {processor.py:161} INFO - Processing /home/cunhaaw/Downloads/APITwitter/venv/lib/python3.9/site-packages/airflow/example_dags/example_latest_only_with_trigger.py took 0.116 seconds
[2025-05-28 22:42:05,634] {processor.py:153} INFO - Started process (PID=8909) to work on /home/cunhaaw/Downloads/APITwitter/venv/lib/python3.9/site-packages/airflow/example_dags/example_latest_only_with_trigger.py
[2025-05-28 22:42:05,635] {processor.py:641} INFO - Processing file /home/cunhaaw/Downloads/APITwitter/venv/lib/python3.9/site-packages/airflow/example_dags/example_latest_only_with_trigger.py for tasks to queue
[2025-05-28 22:42:05,636] {logging_mixin.py:115} INFO - [2025-05-28 22:42:05,636] {dagbag.py:507} INFO - Filling up the DagBag from /home/cunhaaw/Downloads/APITwitter/venv/lib/python3.9/site-packages/airflow/example_dags/example_latest_only_with_trigger.py
[2025-05-28 22:42:05,644] {processor.py:651} INFO - DAG(s) dict_keys(['latest_only_with_trigger']) retrieved from /home/cunhaaw/Downloads/APITwitter/venv/lib/python3.9/site-packages/airflow/example_dags/example_latest_only_with_trigger.py
[2025-05-28 22:42:05,664] {logging_mixin.py:115} INFO - [2025-05-28 22:42:05,664] {dag.py:2379} INFO - Sync 1 DAGs
[2025-05-28 22:42:05,684] {logging_mixin.py:115} INFO - [2025-05-28 22:42:05,684] {dag.py:2927} INFO - Setting next_dagrun for latest_only_with_trigger to 2025-05-28T21:42:05.683949+00:00, run_after=2025-05-29T01:42:05.683949+00:00
[2025-05-28 22:42:05,697] {processor.py:161} INFO - Processing /home/cunhaaw/Downloads/APITwitter/venv/lib/python3.9/site-packages/airflow/example_dags/example_latest_only_with_trigger.py took 0.069 seconds
[2025-05-28 22:42:41,791] {processor.py:153} INFO - Started process (PID=9129) to work on /home/cunhaaw/Downloads/APITwitter/venv/lib/python3.9/site-packages/airflow/example_dags/example_latest_only_with_trigger.py
[2025-05-28 22:42:41,794] {processor.py:641} INFO - Processing file /home/cunhaaw/Downloads/APITwitter/venv/lib/python3.9/site-packages/airflow/example_dags/example_latest_only_with_trigger.py for tasks to queue
[2025-05-28 22:42:41,795] {logging_mixin.py:115} INFO - [2025-05-28 22:42:41,795] {dagbag.py:507} INFO - Filling up the DagBag from /home/cunhaaw/Downloads/APITwitter/venv/lib/python3.9/site-packages/airflow/example_dags/example_latest_only_with_trigger.py
[2025-05-28 22:42:41,813] {processor.py:651} INFO - DAG(s) dict_keys(['latest_only_with_trigger']) retrieved from /home/cunhaaw/Downloads/APITwitter/venv/lib/python3.9/site-packages/airflow/example_dags/example_latest_only_with_trigger.py
[2025-05-28 22:42:41,871] {logging_mixin.py:115} INFO - [2025-05-28 22:42:41,871] {dag.py:2379} INFO - Sync 1 DAGs
[2025-05-28 22:42:41,938] {logging_mixin.py:115} INFO - [2025-05-28 22:42:41,937] {dag.py:2927} INFO - Setting next_dagrun for latest_only_with_trigger to 2025-05-28T21:42:41.936203+00:00, run_after=2025-05-29T01:42:41.936203+00:00
[2025-05-28 22:42:41,972] {processor.py:161} INFO - Processing /home/cunhaaw/Downloads/APITwitter/venv/lib/python3.9/site-packages/airflow/example_dags/example_latest_only_with_trigger.py took 0.194 seconds
[2025-05-28 22:43:18,219] {processor.py:153} INFO - Started process (PID=9318) to work on /home/cunhaaw/Downloads/APITwitter/venv/lib/python3.9/site-packages/airflow/example_dags/example_latest_only_with_trigger.py
[2025-05-28 22:43:18,220] {processor.py:641} INFO - Processing file /home/cunhaaw/Downloads/APITwitter/venv/lib/python3.9/site-packages/airflow/example_dags/example_latest_only_with_trigger.py for tasks to queue
[2025-05-28 22:43:18,221] {logging_mixin.py:115} INFO - [2025-05-28 22:43:18,221] {dagbag.py:507} INFO - Filling up the DagBag from /home/cunhaaw/Downloads/APITwitter/venv/lib/python3.9/site-packages/airflow/example_dags/example_latest_only_with_trigger.py
[2025-05-28 22:43:18,233] {processor.py:651} INFO - DAG(s) dict_keys(['latest_only_with_trigger']) retrieved from /home/cunhaaw/Downloads/APITwitter/venv/lib/python3.9/site-packages/airflow/example_dags/example_latest_only_with_trigger.py
[2025-05-28 22:43:18,258] {logging_mixin.py:115} INFO - [2025-05-28 22:43:18,258] {dag.py:2379} INFO - Sync 1 DAGs
[2025-05-28 22:43:18,296] {logging_mixin.py:115} INFO - [2025-05-28 22:43:18,296] {dag.py:2927} INFO - Setting next_dagrun for latest_only_with_trigger to 2025-05-28T21:43:18.295824+00:00, run_after=2025-05-29T01:43:18.295824+00:00
[2025-05-28 22:43:18,320] {processor.py:161} INFO - Processing /home/cunhaaw/Downloads/APITwitter/venv/lib/python3.9/site-packages/airflow/example_dags/example_latest_only_with_trigger.py took 0.112 seconds
[2025-05-28 22:43:56,610] {processor.py:153} INFO - Started process (PID=9487) to work on /home/cunhaaw/Downloads/APITwitter/venv/lib/python3.9/site-packages/airflow/example_dags/example_latest_only_with_trigger.py
[2025-05-28 22:43:56,611] {processor.py:641} INFO - Processing file /home/cunhaaw/Downloads/APITwitter/venv/lib/python3.9/site-packages/airflow/example_dags/example_latest_only_with_trigger.py for tasks to queue
[2025-05-28 22:43:56,612] {logging_mixin.py:115} INFO - [2025-05-28 22:43:56,612] {dagbag.py:507} INFO - Filling up the DagBag from /home/cunhaaw/Downloads/APITwitter/venv/lib/python3.9/site-packages/airflow/example_dags/example_latest_only_with_trigger.py
[2025-05-28 22:43:56,626] {processor.py:651} INFO - DAG(s) dict_keys(['latest_only_with_trigger']) retrieved from /home/cunhaaw/Downloads/APITwitter/venv/lib/python3.9/site-packages/airflow/example_dags/example_latest_only_with_trigger.py
[2025-05-28 22:43:56,659] {logging_mixin.py:115} INFO - [2025-05-28 22:43:56,659] {dag.py:2379} INFO - Sync 1 DAGs
[2025-05-28 22:43:56,704] {logging_mixin.py:115} INFO - [2025-05-28 22:43:56,703] {dag.py:2927} INFO - Setting next_dagrun for latest_only_with_trigger to 2025-05-28T21:43:56.702936+00:00, run_after=2025-05-29T01:43:56.702936+00:00
[2025-05-28 22:43:56,733] {processor.py:161} INFO - Processing /home/cunhaaw/Downloads/APITwitter/venv/lib/python3.9/site-packages/airflow/example_dags/example_latest_only_with_trigger.py took 0.130 seconds
