[2025-05-28 22:34:40,684] {processor.py:153} INFO - Started process (PID=6445) to work on /home/cunhaaw/Downloads/APITwitter/venv/lib/python3.9/site-packages/airflow/example_dags/example_skip_dag.py
[2025-05-28 22:34:40,685] {processor.py:641} INFO - Processing file /home/cunhaaw/Downloads/APITwitter/venv/lib/python3.9/site-packages/airflow/example_dags/example_skip_dag.py for tasks to queue
[2025-05-28 22:34:40,686] {logging_mixin.py:115} INFO - [2025-05-28 22:34:40,686] {dagbag.py:507} INFO - Filling up the DagBag from /home/cunhaaw/Downloads/APITwitter/venv/lib/python3.9/site-packages/airflow/example_dags/example_skip_dag.py
[2025-05-28 22:34:40,696] {processor.py:651} INFO - DAG(s) dict_keys(['example_skip_dag']) retrieved from /home/cunhaaw/Downloads/APITwitter/venv/lib/python3.9/site-packages/airflow/example_dags/example_skip_dag.py
[2025-05-28 22:34:40,792] {logging_mixin.py:115} INFO - [2025-05-28 22:34:40,792] {manager.py:508} INFO - Created Permission View: can read on DAG:example_skip_dag
[2025-05-28 22:34:40,807] {logging_mixin.py:115} INFO - [2025-05-28 22:34:40,807] {manager.py:508} INFO - Created Permission View: can delete on DAG:example_skip_dag
[2025-05-28 22:34:40,817] {logging_mixin.py:115} INFO - [2025-05-28 22:34:40,817] {manager.py:508} INFO - Created Permission View: can edit on DAG:example_skip_dag
[2025-05-28 22:34:40,817] {logging_mixin.py:115} INFO - [2025-05-28 22:34:40,817] {dag.py:2379} INFO - Sync 1 DAGs
[2025-05-28 22:34:40,826] {logging_mixin.py:115} INFO - [2025-05-28 22:34:40,826] {dag.py:2398} INFO - Creating ORM DAG for example_skip_dag
[2025-05-28 22:34:40,842] {logging_mixin.py:115} INFO - [2025-05-28 22:34:40,842] {dag.py:2927} INFO - Setting next_dagrun for example_skip_dag to 2025-05-28T01:34:40.841878+00:00, run_after=2025-05-29T01:34:40.841878+00:00
[2025-05-28 22:34:40,874] {processor.py:161} INFO - Processing /home/cunhaaw/Downloads/APITwitter/venv/lib/python3.9/site-packages/airflow/example_dags/example_skip_dag.py took 0.198 seconds
[2025-05-28 22:35:21,985] {processor.py:153} INFO - Started process (PID=6489) to work on /home/cunhaaw/Downloads/APITwitter/venv/lib/python3.9/site-packages/airflow/example_dags/example_skip_dag.py
[2025-05-28 22:35:21,988] {processor.py:641} INFO - Processing file /home/cunhaaw/Downloads/APITwitter/venv/lib/python3.9/site-packages/airflow/example_dags/example_skip_dag.py for tasks to queue
[2025-05-28 22:35:21,990] {logging_mixin.py:115} INFO - [2025-05-28 22:35:21,989] {dagbag.py:507} INFO - Filling up the DagBag from /home/cunhaaw/Downloads/APITwitter/venv/lib/python3.9/site-packages/airflow/example_dags/example_skip_dag.py
[2025-05-28 22:35:22,013] {processor.py:651} INFO - DAG(s) dict_keys(['example_skip_dag']) retrieved from /home/cunhaaw/Downloads/APITwitter/venv/lib/python3.9/site-packages/airflow/example_dags/example_skip_dag.py
[2025-05-28 22:35:22,049] {logging_mixin.py:115} INFO - [2025-05-28 22:35:22,049] {dag.py:2379} INFO - Sync 1 DAGs
[2025-05-28 22:35:22,071] {logging_mixin.py:115} INFO - [2025-05-28 22:35:22,071] {dag.py:2927} INFO - Setting next_dagrun for example_skip_dag to 2025-05-28T01:35:22.070927+00:00, run_after=2025-05-29T01:35:22.070927+00:00
[2025-05-28 22:35:22,086] {processor.py:161} INFO - Processing /home/cunhaaw/Downloads/APITwitter/venv/lib/python3.9/site-packages/airflow/example_dags/example_skip_dag.py took 0.113 seconds
[2025-05-28 22:36:00,850] {processor.py:153} INFO - Started process (PID=6780) to work on /home/cunhaaw/Downloads/APITwitter/venv/lib/python3.9/site-packages/airflow/example_dags/example_skip_dag.py
[2025-05-28 22:36:00,851] {processor.py:641} INFO - Processing file /home/cunhaaw/Downloads/APITwitter/venv/lib/python3.9/site-packages/airflow/example_dags/example_skip_dag.py for tasks to queue
[2025-05-28 22:36:00,852] {logging_mixin.py:115} INFO - [2025-05-28 22:36:00,852] {dagbag.py:507} INFO - Filling up the DagBag from /home/cunhaaw/Downloads/APITwitter/venv/lib/python3.9/site-packages/airflow/example_dags/example_skip_dag.py
[2025-05-28 22:36:00,858] {processor.py:651} INFO - DAG(s) dict_keys(['example_skip_dag']) retrieved from /home/cunhaaw/Downloads/APITwitter/venv/lib/python3.9/site-packages/airflow/example_dags/example_skip_dag.py
[2025-05-28 22:36:00,880] {logging_mixin.py:115} INFO - [2025-05-28 22:36:00,880] {dag.py:2379} INFO - Sync 1 DAGs
[2025-05-28 22:36:00,904] {logging_mixin.py:115} INFO - [2025-05-28 22:36:00,903] {dag.py:2927} INFO - Setting next_dagrun for example_skip_dag to 2025-05-28T01:36:00.903469+00:00, run_after=2025-05-29T01:36:00.903469+00:00
[2025-05-28 22:36:00,918] {processor.py:161} INFO - Processing /home/cunhaaw/Downloads/APITwitter/venv/lib/python3.9/site-packages/airflow/example_dags/example_skip_dag.py took 0.074 seconds
[2025-05-28 22:36:36,163] {processor.py:153} INFO - Started process (PID=7095) to work on /home/cunhaaw/Downloads/APITwitter/venv/lib/python3.9/site-packages/airflow/example_dags/example_skip_dag.py
[2025-05-28 22:36:36,164] {processor.py:641} INFO - Processing file /home/cunhaaw/Downloads/APITwitter/venv/lib/python3.9/site-packages/airflow/example_dags/example_skip_dag.py for tasks to queue
[2025-05-28 22:36:36,165] {logging_mixin.py:115} INFO - [2025-05-28 22:36:36,165] {dagbag.py:507} INFO - Filling up the DagBag from /home/cunhaaw/Downloads/APITwitter/venv/lib/python3.9/site-packages/airflow/example_dags/example_skip_dag.py
[2025-05-28 22:36:36,172] {processor.py:651} INFO - DAG(s) dict_keys(['example_skip_dag']) retrieved from /home/cunhaaw/Downloads/APITwitter/venv/lib/python3.9/site-packages/airflow/example_dags/example_skip_dag.py
[2025-05-28 22:36:36,192] {logging_mixin.py:115} INFO - [2025-05-28 22:36:36,192] {dag.py:2379} INFO - Sync 1 DAGs
[2025-05-28 22:36:36,213] {logging_mixin.py:115} INFO - [2025-05-28 22:36:36,213] {dag.py:2927} INFO - Setting next_dagrun for example_skip_dag to 2025-05-28T01:36:36.212894+00:00, run_after=2025-05-29T01:36:36.212894+00:00
[2025-05-28 22:36:36,230] {processor.py:161} INFO - Processing /home/cunhaaw/Downloads/APITwitter/venv/lib/python3.9/site-packages/airflow/example_dags/example_skip_dag.py took 0.073 seconds
[2025-05-28 22:37:11,753] {processor.py:153} INFO - Started process (PID=7298) to work on /home/cunhaaw/Downloads/APITwitter/venv/lib/python3.9/site-packages/airflow/example_dags/example_skip_dag.py
[2025-05-28 22:37:11,754] {processor.py:641} INFO - Processing file /home/cunhaaw/Downloads/APITwitter/venv/lib/python3.9/site-packages/airflow/example_dags/example_skip_dag.py for tasks to queue
[2025-05-28 22:37:11,755] {logging_mixin.py:115} INFO - [2025-05-28 22:37:11,755] {dagbag.py:507} INFO - Filling up the DagBag from /home/cunhaaw/Downloads/APITwitter/venv/lib/python3.9/site-packages/airflow/example_dags/example_skip_dag.py
[2025-05-28 22:37:11,762] {processor.py:651} INFO - DAG(s) dict_keys(['example_skip_dag']) retrieved from /home/cunhaaw/Downloads/APITwitter/venv/lib/python3.9/site-packages/airflow/example_dags/example_skip_dag.py
[2025-05-28 22:37:11,783] {logging_mixin.py:115} INFO - [2025-05-28 22:37:11,782] {dag.py:2379} INFO - Sync 1 DAGs
[2025-05-28 22:37:11,802] {logging_mixin.py:115} INFO - [2025-05-28 22:37:11,802] {dag.py:2927} INFO - Setting next_dagrun for example_skip_dag to 2025-05-28T01:37:11.802228+00:00, run_after=2025-05-29T01:37:11.802228+00:00
[2025-05-28 22:37:11,816] {processor.py:161} INFO - Processing /home/cunhaaw/Downloads/APITwitter/venv/lib/python3.9/site-packages/airflow/example_dags/example_skip_dag.py took 0.069 seconds
[2025-05-28 22:37:48,805] {processor.py:153} INFO - Started process (PID=7342) to work on /home/cunhaaw/Downloads/APITwitter/venv/lib/python3.9/site-packages/airflow/example_dags/example_skip_dag.py
[2025-05-28 22:37:48,807] {processor.py:641} INFO - Processing file /home/cunhaaw/Downloads/APITwitter/venv/lib/python3.9/site-packages/airflow/example_dags/example_skip_dag.py for tasks to queue
[2025-05-28 22:37:48,810] {logging_mixin.py:115} INFO - [2025-05-28 22:37:48,810] {dagbag.py:507} INFO - Filling up the DagBag from /home/cunhaaw/Downloads/APITwitter/venv/lib/python3.9/site-packages/airflow/example_dags/example_skip_dag.py
[2025-05-28 22:37:48,827] {processor.py:651} INFO - DAG(s) dict_keys(['example_skip_dag']) retrieved from /home/cunhaaw/Downloads/APITwitter/venv/lib/python3.9/site-packages/airflow/example_dags/example_skip_dag.py
[2025-05-28 22:37:48,864] {logging_mixin.py:115} INFO - [2025-05-28 22:37:48,863] {dag.py:2379} INFO - Sync 1 DAGs
[2025-05-28 22:37:48,888] {logging_mixin.py:115} INFO - [2025-05-28 22:37:48,888] {dag.py:2927} INFO - Setting next_dagrun for example_skip_dag to 2025-05-28T01:37:48.888442+00:00, run_after=2025-05-29T01:37:48.888442+00:00
[2025-05-28 22:37:48,905] {processor.py:161} INFO - Processing /home/cunhaaw/Downloads/APITwitter/venv/lib/python3.9/site-packages/airflow/example_dags/example_skip_dag.py took 0.105 seconds
[2025-05-28 22:38:26,800] {processor.py:153} INFO - Started process (PID=7537) to work on /home/cunhaaw/Downloads/APITwitter/venv/lib/python3.9/site-packages/airflow/example_dags/example_skip_dag.py
[2025-05-28 22:38:26,801] {processor.py:641} INFO - Processing file /home/cunhaaw/Downloads/APITwitter/venv/lib/python3.9/site-packages/airflow/example_dags/example_skip_dag.py for tasks to queue
[2025-05-28 22:38:26,802] {logging_mixin.py:115} INFO - [2025-05-28 22:38:26,801] {dagbag.py:507} INFO - Filling up the DagBag from /home/cunhaaw/Downloads/APITwitter/venv/lib/python3.9/site-packages/airflow/example_dags/example_skip_dag.py
[2025-05-28 22:38:26,808] {processor.py:651} INFO - DAG(s) dict_keys(['example_skip_dag']) retrieved from /home/cunhaaw/Downloads/APITwitter/venv/lib/python3.9/site-packages/airflow/example_dags/example_skip_dag.py
[2025-05-28 22:38:26,831] {logging_mixin.py:115} INFO - [2025-05-28 22:38:26,831] {dag.py:2379} INFO - Sync 1 DAGs
[2025-05-28 22:38:26,853] {logging_mixin.py:115} INFO - [2025-05-28 22:38:26,853] {dag.py:2927} INFO - Setting next_dagrun for example_skip_dag to 2025-05-28T01:38:26.853210+00:00, run_after=2025-05-29T01:38:26.853210+00:00
[2025-05-28 22:38:26,869] {processor.py:161} INFO - Processing /home/cunhaaw/Downloads/APITwitter/venv/lib/python3.9/site-packages/airflow/example_dags/example_skip_dag.py took 0.075 seconds
[2025-05-28 22:39:06,546] {processor.py:153} INFO - Started process (PID=7776) to work on /home/cunhaaw/Downloads/APITwitter/venv/lib/python3.9/site-packages/airflow/example_dags/example_skip_dag.py
[2025-05-28 22:39:06,549] {processor.py:641} INFO - Processing file /home/cunhaaw/Downloads/APITwitter/venv/lib/python3.9/site-packages/airflow/example_dags/example_skip_dag.py for tasks to queue
[2025-05-28 22:39:06,553] {logging_mixin.py:115} INFO - [2025-05-28 22:39:06,553] {dagbag.py:507} INFO - Filling up the DagBag from /home/cunhaaw/Downloads/APITwitter/venv/lib/python3.9/site-packages/airflow/example_dags/example_skip_dag.py
[2025-05-28 22:39:06,577] {processor.py:651} INFO - DAG(s) dict_keys(['example_skip_dag']) retrieved from /home/cunhaaw/Downloads/APITwitter/venv/lib/python3.9/site-packages/airflow/example_dags/example_skip_dag.py
[2025-05-28 22:39:06,621] {logging_mixin.py:115} INFO - [2025-05-28 22:39:06,621] {dag.py:2379} INFO - Sync 1 DAGs
[2025-05-28 22:39:06,669] {logging_mixin.py:115} INFO - [2025-05-28 22:39:06,669] {dag.py:2927} INFO - Setting next_dagrun for example_skip_dag to 2025-05-28T01:39:06.668505+00:00, run_after=2025-05-29T01:39:06.668505+00:00
[2025-05-28 22:39:06,706] {processor.py:161} INFO - Processing /home/cunhaaw/Downloads/APITwitter/venv/lib/python3.9/site-packages/airflow/example_dags/example_skip_dag.py took 0.169 seconds
[2025-05-28 22:39:44,911] {processor.py:153} INFO - Started process (PID=7972) to work on /home/cunhaaw/Downloads/APITwitter/venv/lib/python3.9/site-packages/airflow/example_dags/example_skip_dag.py
[2025-05-28 22:39:44,913] {processor.py:641} INFO - Processing file /home/cunhaaw/Downloads/APITwitter/venv/lib/python3.9/site-packages/airflow/example_dags/example_skip_dag.py for tasks to queue
[2025-05-28 22:39:44,914] {logging_mixin.py:115} INFO - [2025-05-28 22:39:44,914] {dagbag.py:507} INFO - Filling up the DagBag from /home/cunhaaw/Downloads/APITwitter/venv/lib/python3.9/site-packages/airflow/example_dags/example_skip_dag.py
[2025-05-28 22:39:44,924] {processor.py:651} INFO - DAG(s) dict_keys(['example_skip_dag']) retrieved from /home/cunhaaw/Downloads/APITwitter/venv/lib/python3.9/site-packages/airflow/example_dags/example_skip_dag.py
[2025-05-28 22:39:44,946] {logging_mixin.py:115} INFO - [2025-05-28 22:39:44,946] {dag.py:2379} INFO - Sync 1 DAGs
[2025-05-28 22:39:44,967] {logging_mixin.py:115} INFO - [2025-05-28 22:39:44,967] {dag.py:2927} INFO - Setting next_dagrun for example_skip_dag to 2025-05-28T01:39:44.967494+00:00, run_after=2025-05-29T01:39:44.967494+00:00
[2025-05-28 22:39:44,982] {processor.py:161} INFO - Processing /home/cunhaaw/Downloads/APITwitter/venv/lib/python3.9/site-packages/airflow/example_dags/example_skip_dag.py took 0.082 seconds
[2025-05-28 22:40:22,495] {processor.py:153} INFO - Started process (PID=8115) to work on /home/cunhaaw/Downloads/APITwitter/venv/lib/python3.9/site-packages/airflow/example_dags/example_skip_dag.py
[2025-05-28 22:40:22,497] {processor.py:641} INFO - Processing file /home/cunhaaw/Downloads/APITwitter/venv/lib/python3.9/site-packages/airflow/example_dags/example_skip_dag.py for tasks to queue
[2025-05-28 22:40:22,498] {logging_mixin.py:115} INFO - [2025-05-28 22:40:22,498] {dagbag.py:507} INFO - Filling up the DagBag from /home/cunhaaw/Downloads/APITwitter/venv/lib/python3.9/site-packages/airflow/example_dags/example_skip_dag.py
[2025-05-28 22:40:22,521] {processor.py:651} INFO - DAG(s) dict_keys(['example_skip_dag']) retrieved from /home/cunhaaw/Downloads/APITwitter/venv/lib/python3.9/site-packages/airflow/example_dags/example_skip_dag.py
[2025-05-28 22:40:22,565] {logging_mixin.py:115} INFO - [2025-05-28 22:40:22,565] {dag.py:2379} INFO - Sync 1 DAGs
[2025-05-28 22:40:22,622] {logging_mixin.py:115} INFO - [2025-05-28 22:40:22,621] {dag.py:2927} INFO - Setting next_dagrun for example_skip_dag to 2025-05-28T01:40:22.621324+00:00, run_after=2025-05-29T01:40:22.621324+00:00
[2025-05-28 22:40:22,657] {processor.py:161} INFO - Processing /home/cunhaaw/Downloads/APITwitter/venv/lib/python3.9/site-packages/airflow/example_dags/example_skip_dag.py took 0.168 seconds
[2025-05-28 22:40:59,713] {processor.py:153} INFO - Started process (PID=8266) to work on /home/cunhaaw/Downloads/APITwitter/venv/lib/python3.9/site-packages/airflow/example_dags/example_skip_dag.py
[2025-05-28 22:40:59,714] {processor.py:641} INFO - Processing file /home/cunhaaw/Downloads/APITwitter/venv/lib/python3.9/site-packages/airflow/example_dags/example_skip_dag.py for tasks to queue
[2025-05-28 22:40:59,714] {logging_mixin.py:115} INFO - [2025-05-28 22:40:59,714] {dagbag.py:507} INFO - Filling up the DagBag from /home/cunhaaw/Downloads/APITwitter/venv/lib/python3.9/site-packages/airflow/example_dags/example_skip_dag.py
[2025-05-28 22:40:59,724] {processor.py:651} INFO - DAG(s) dict_keys(['example_skip_dag']) retrieved from /home/cunhaaw/Downloads/APITwitter/venv/lib/python3.9/site-packages/airflow/example_dags/example_skip_dag.py
[2025-05-28 22:40:59,755] {logging_mixin.py:115} INFO - [2025-05-28 22:40:59,755] {dag.py:2379} INFO - Sync 1 DAGs
[2025-05-28 22:40:59,788] {logging_mixin.py:115} INFO - [2025-05-28 22:40:59,788] {dag.py:2927} INFO - Setting next_dagrun for example_skip_dag to 2025-05-28T01:40:59.788386+00:00, run_after=2025-05-29T01:40:59.788386+00:00
[2025-05-28 22:40:59,808] {processor.py:161} INFO - Processing /home/cunhaaw/Downloads/APITwitter/venv/lib/python3.9/site-packages/airflow/example_dags/example_skip_dag.py took 0.102 seconds
[2025-05-28 22:41:40,454] {processor.py:153} INFO - Started process (PID=8667) to work on /home/cunhaaw/Downloads/APITwitter/venv/lib/python3.9/site-packages/airflow/example_dags/example_skip_dag.py
[2025-05-28 22:41:40,456] {processor.py:641} INFO - Processing file /home/cunhaaw/Downloads/APITwitter/venv/lib/python3.9/site-packages/airflow/example_dags/example_skip_dag.py for tasks to queue
[2025-05-28 22:41:40,456] {logging_mixin.py:115} INFO - [2025-05-28 22:41:40,456] {dagbag.py:507} INFO - Filling up the DagBag from /home/cunhaaw/Downloads/APITwitter/venv/lib/python3.9/site-packages/airflow/example_dags/example_skip_dag.py
[2025-05-28 22:41:40,465] {processor.py:651} INFO - DAG(s) dict_keys(['example_skip_dag']) retrieved from /home/cunhaaw/Downloads/APITwitter/venv/lib/python3.9/site-packages/airflow/example_dags/example_skip_dag.py
[2025-05-28 22:41:40,494] {logging_mixin.py:115} INFO - [2025-05-28 22:41:40,494] {dag.py:2379} INFO - Sync 1 DAGs
[2025-05-28 22:41:40,517] {logging_mixin.py:115} INFO - [2025-05-28 22:41:40,517] {dag.py:2927} INFO - Setting next_dagrun for example_skip_dag to 2025-05-28T01:41:40.517266+00:00, run_after=2025-05-29T01:41:40.517266+00:00
[2025-05-28 22:41:40,533] {processor.py:161} INFO - Processing /home/cunhaaw/Downloads/APITwitter/venv/lib/python3.9/site-packages/airflow/example_dags/example_skip_dag.py took 0.086 seconds
[2025-05-28 22:42:17,557] {processor.py:153} INFO - Started process (PID=8960) to work on /home/cunhaaw/Downloads/APITwitter/venv/lib/python3.9/site-packages/airflow/example_dags/example_skip_dag.py
[2025-05-28 22:42:17,559] {processor.py:641} INFO - Processing file /home/cunhaaw/Downloads/APITwitter/venv/lib/python3.9/site-packages/airflow/example_dags/example_skip_dag.py for tasks to queue
[2025-05-28 22:42:17,560] {logging_mixin.py:115} INFO - [2025-05-28 22:42:17,559] {dagbag.py:507} INFO - Filling up the DagBag from /home/cunhaaw/Downloads/APITwitter/venv/lib/python3.9/site-packages/airflow/example_dags/example_skip_dag.py
[2025-05-28 22:42:17,567] {processor.py:651} INFO - DAG(s) dict_keys(['example_skip_dag']) retrieved from /home/cunhaaw/Downloads/APITwitter/venv/lib/python3.9/site-packages/airflow/example_dags/example_skip_dag.py
[2025-05-28 22:42:17,587] {logging_mixin.py:115} INFO - [2025-05-28 22:42:17,587] {dag.py:2379} INFO - Sync 1 DAGs
[2025-05-28 22:42:17,608] {logging_mixin.py:115} INFO - [2025-05-28 22:42:17,608] {dag.py:2927} INFO - Setting next_dagrun for example_skip_dag to 2025-05-28T01:42:17.608418+00:00, run_after=2025-05-29T01:42:17.608418+00:00
[2025-05-28 22:42:17,625] {processor.py:161} INFO - Processing /home/cunhaaw/Downloads/APITwitter/venv/lib/python3.9/site-packages/airflow/example_dags/example_skip_dag.py took 0.073 seconds
[2025-05-28 22:42:53,723] {processor.py:153} INFO - Started process (PID=9242) to work on /home/cunhaaw/Downloads/APITwitter/venv/lib/python3.9/site-packages/airflow/example_dags/example_skip_dag.py
[2025-05-28 22:42:53,724] {processor.py:641} INFO - Processing file /home/cunhaaw/Downloads/APITwitter/venv/lib/python3.9/site-packages/airflow/example_dags/example_skip_dag.py for tasks to queue
[2025-05-28 22:42:53,729] {logging_mixin.py:115} INFO - [2025-05-28 22:42:53,728] {dagbag.py:507} INFO - Filling up the DagBag from /home/cunhaaw/Downloads/APITwitter/venv/lib/python3.9/site-packages/airflow/example_dags/example_skip_dag.py
[2025-05-28 22:42:53,747] {processor.py:651} INFO - DAG(s) dict_keys(['example_skip_dag']) retrieved from /home/cunhaaw/Downloads/APITwitter/venv/lib/python3.9/site-packages/airflow/example_dags/example_skip_dag.py
[2025-05-28 22:42:53,800] {logging_mixin.py:115} INFO - [2025-05-28 22:42:53,800] {dag.py:2379} INFO - Sync 1 DAGs
[2025-05-28 22:42:53,851] {logging_mixin.py:115} INFO - [2025-05-28 22:42:53,851] {dag.py:2927} INFO - Setting next_dagrun for example_skip_dag to 2025-05-28T01:42:53.850486+00:00, run_after=2025-05-29T01:42:53.850486+00:00
[2025-05-28 22:42:53,888] {processor.py:161} INFO - Processing /home/cunhaaw/Downloads/APITwitter/venv/lib/python3.9/site-packages/airflow/example_dags/example_skip_dag.py took 0.180 seconds
[2025-05-28 22:43:29,120] {processor.py:153} INFO - Started process (PID=9361) to work on /home/cunhaaw/Downloads/APITwitter/venv/lib/python3.9/site-packages/airflow/example_dags/example_skip_dag.py
[2025-05-28 22:43:29,121] {processor.py:641} INFO - Processing file /home/cunhaaw/Downloads/APITwitter/venv/lib/python3.9/site-packages/airflow/example_dags/example_skip_dag.py for tasks to queue
[2025-05-28 22:43:29,122] {logging_mixin.py:115} INFO - [2025-05-28 22:43:29,122] {dagbag.py:507} INFO - Filling up the DagBag from /home/cunhaaw/Downloads/APITwitter/venv/lib/python3.9/site-packages/airflow/example_dags/example_skip_dag.py
[2025-05-28 22:43:29,130] {processor.py:651} INFO - DAG(s) dict_keys(['example_skip_dag']) retrieved from /home/cunhaaw/Downloads/APITwitter/venv/lib/python3.9/site-packages/airflow/example_dags/example_skip_dag.py
[2025-05-28 22:43:29,150] {logging_mixin.py:115} INFO - [2025-05-28 22:43:29,150] {dag.py:2379} INFO - Sync 1 DAGs
[2025-05-28 22:43:29,173] {logging_mixin.py:115} INFO - [2025-05-28 22:43:29,173] {dag.py:2927} INFO - Setting next_dagrun for example_skip_dag to 2025-05-28T01:43:29.173170+00:00, run_after=2025-05-29T01:43:29.173170+00:00
[2025-05-28 22:43:29,197] {processor.py:161} INFO - Processing /home/cunhaaw/Downloads/APITwitter/venv/lib/python3.9/site-packages/airflow/example_dags/example_skip_dag.py took 0.082 seconds
[2025-05-28 22:44:10,104] {processor.py:153} INFO - Started process (PID=9502) to work on /home/cunhaaw/Downloads/APITwitter/venv/lib/python3.9/site-packages/airflow/example_dags/example_skip_dag.py
[2025-05-28 22:44:10,105] {processor.py:641} INFO - Processing file /home/cunhaaw/Downloads/APITwitter/venv/lib/python3.9/site-packages/airflow/example_dags/example_skip_dag.py for tasks to queue
[2025-05-28 22:44:10,106] {logging_mixin.py:115} INFO - [2025-05-28 22:44:10,106] {dagbag.py:507} INFO - Filling up the DagBag from /home/cunhaaw/Downloads/APITwitter/venv/lib/python3.9/site-packages/airflow/example_dags/example_skip_dag.py
[2025-05-28 22:44:10,112] {processor.py:651} INFO - DAG(s) dict_keys(['example_skip_dag']) retrieved from /home/cunhaaw/Downloads/APITwitter/venv/lib/python3.9/site-packages/airflow/example_dags/example_skip_dag.py
[2025-05-28 22:44:10,133] {logging_mixin.py:115} INFO - [2025-05-28 22:44:10,133] {dag.py:2379} INFO - Sync 1 DAGs
[2025-05-28 22:44:10,154] {logging_mixin.py:115} INFO - [2025-05-28 22:44:10,153] {dag.py:2927} INFO - Setting next_dagrun for example_skip_dag to 2025-05-28T01:44:10.153654+00:00, run_after=2025-05-29T01:44:10.153654+00:00
[2025-05-28 22:44:10,170] {processor.py:161} INFO - Processing /home/cunhaaw/Downloads/APITwitter/venv/lib/python3.9/site-packages/airflow/example_dags/example_skip_dag.py took 0.070 seconds
