[2025-05-28 22:34:27,123] {processor.py:153} INFO - Started process (PID=6313) to work on /home/cunhaaw/Downloads/APITwitter/venv/lib/python3.9/site-packages/airflow/example_dags/example_trigger_target_dag.py
[2025-05-28 22:34:27,126] {processor.py:641} INFO - Processing file /home/cunhaaw/Downloads/APITwitter/venv/lib/python3.9/site-packages/airflow/example_dags/example_trigger_target_dag.py for tasks to queue
[2025-05-28 22:34:27,126] {logging_mixin.py:115} INFO - [2025-05-28 22:34:27,126] {dagbag.py:507} INFO - Filling up the DagBag from /home/cunhaaw/Downloads/APITwitter/venv/lib/python3.9/site-packages/airflow/example_dags/example_trigger_target_dag.py
[2025-05-28 22:34:27,275] {processor.py:651} INFO - DAG(s) dict_keys(['example_trigger_target_dag']) retrieved from /home/cunhaaw/Downloads/APITwitter/venv/lib/python3.9/site-packages/airflow/example_dags/example_trigger_target_dag.py
[2025-05-28 22:34:27,681] {logging_mixin.py:115} INFO - [2025-05-28 22:34:27,680] {manager.py:508} INFO - Created Permission View: can read on DAG:example_trigger_target_dag
[2025-05-28 22:34:27,722] {logging_mixin.py:115} INFO - [2025-05-28 22:34:27,722] {manager.py:508} INFO - Created Permission View: can delete on DAG:example_trigger_target_dag
[2025-05-28 22:34:27,740] {logging_mixin.py:115} INFO - [2025-05-28 22:34:27,740] {manager.py:508} INFO - Created Permission View: can edit on DAG:example_trigger_target_dag
[2025-05-28 22:34:27,740] {logging_mixin.py:115} INFO - [2025-05-28 22:34:27,740] {dag.py:2379} INFO - Sync 1 DAGs
[2025-05-28 22:34:27,762] {logging_mixin.py:115} INFO - [2025-05-28 22:34:27,762] {dag.py:2398} INFO - Creating ORM DAG for example_trigger_target_dag
[2025-05-28 22:34:27,786] {logging_mixin.py:115} INFO - [2025-05-28 22:34:27,786] {dag.py:2927} INFO - Setting next_dagrun for example_trigger_target_dag to None, run_after=None
[2025-05-28 22:34:27,833] {processor.py:161} INFO - Processing /home/cunhaaw/Downloads/APITwitter/venv/lib/python3.9/site-packages/airflow/example_dags/example_trigger_target_dag.py took 0.716 seconds
[2025-05-28 22:35:13,853] {processor.py:153} INFO - Started process (PID=6481) to work on /home/cunhaaw/Downloads/APITwitter/venv/lib/python3.9/site-packages/airflow/example_dags/example_trigger_target_dag.py
[2025-05-28 22:35:13,859] {processor.py:641} INFO - Processing file /home/cunhaaw/Downloads/APITwitter/venv/lib/python3.9/site-packages/airflow/example_dags/example_trigger_target_dag.py for tasks to queue
[2025-05-28 22:35:13,859] {logging_mixin.py:115} INFO - [2025-05-28 22:35:13,859] {dagbag.py:507} INFO - Filling up the DagBag from /home/cunhaaw/Downloads/APITwitter/venv/lib/python3.9/site-packages/airflow/example_dags/example_trigger_target_dag.py
[2025-05-28 22:35:13,878] {processor.py:651} INFO - DAG(s) dict_keys(['example_trigger_target_dag']) retrieved from /home/cunhaaw/Downloads/APITwitter/venv/lib/python3.9/site-packages/airflow/example_dags/example_trigger_target_dag.py
[2025-05-28 22:35:13,898] {logging_mixin.py:115} INFO - [2025-05-28 22:35:13,898] {dag.py:2379} INFO - Sync 1 DAGs
[2025-05-28 22:35:13,919] {logging_mixin.py:115} INFO - [2025-05-28 22:35:13,919] {dag.py:2927} INFO - Setting next_dagrun for example_trigger_target_dag to None, run_after=None
[2025-05-28 22:35:13,934] {processor.py:161} INFO - Processing /home/cunhaaw/Downloads/APITwitter/venv/lib/python3.9/site-packages/airflow/example_dags/example_trigger_target_dag.py took 0.086 seconds
[2025-05-28 22:35:50,958] {processor.py:153} INFO - Started process (PID=6651) to work on /home/cunhaaw/Downloads/APITwitter/venv/lib/python3.9/site-packages/airflow/example_dags/example_trigger_target_dag.py
[2025-05-28 22:35:50,959] {processor.py:641} INFO - Processing file /home/cunhaaw/Downloads/APITwitter/venv/lib/python3.9/site-packages/airflow/example_dags/example_trigger_target_dag.py for tasks to queue
[2025-05-28 22:35:50,960] {logging_mixin.py:115} INFO - [2025-05-28 22:35:50,960] {dagbag.py:507} INFO - Filling up the DagBag from /home/cunhaaw/Downloads/APITwitter/venv/lib/python3.9/site-packages/airflow/example_dags/example_trigger_target_dag.py
[2025-05-28 22:35:50,997] {processor.py:651} INFO - DAG(s) dict_keys(['example_trigger_target_dag']) retrieved from /home/cunhaaw/Downloads/APITwitter/venv/lib/python3.9/site-packages/airflow/example_dags/example_trigger_target_dag.py
[2025-05-28 22:35:51,035] {logging_mixin.py:115} INFO - [2025-05-28 22:35:51,035] {dag.py:2379} INFO - Sync 1 DAGs
[2025-05-28 22:35:51,072] {logging_mixin.py:115} INFO - [2025-05-28 22:35:51,072] {dag.py:2927} INFO - Setting next_dagrun for example_trigger_target_dag to None, run_after=None
[2025-05-28 22:35:51,097] {processor.py:161} INFO - Processing /home/cunhaaw/Downloads/APITwitter/venv/lib/python3.9/site-packages/airflow/example_dags/example_trigger_target_dag.py took 0.147 seconds
[2025-05-28 22:36:27,560] {processor.py:153} INFO - Started process (PID=7033) to work on /home/cunhaaw/Downloads/APITwitter/venv/lib/python3.9/site-packages/airflow/example_dags/example_trigger_target_dag.py
[2025-05-28 22:36:27,562] {processor.py:641} INFO - Processing file /home/cunhaaw/Downloads/APITwitter/venv/lib/python3.9/site-packages/airflow/example_dags/example_trigger_target_dag.py for tasks to queue
[2025-05-28 22:36:27,563] {logging_mixin.py:115} INFO - [2025-05-28 22:36:27,563] {dagbag.py:507} INFO - Filling up the DagBag from /home/cunhaaw/Downloads/APITwitter/venv/lib/python3.9/site-packages/airflow/example_dags/example_trigger_target_dag.py
[2025-05-28 22:36:27,600] {processor.py:651} INFO - DAG(s) dict_keys(['example_trigger_target_dag']) retrieved from /home/cunhaaw/Downloads/APITwitter/venv/lib/python3.9/site-packages/airflow/example_dags/example_trigger_target_dag.py
[2025-05-28 22:36:27,628] {logging_mixin.py:115} INFO - [2025-05-28 22:36:27,628] {dag.py:2379} INFO - Sync 1 DAGs
[2025-05-28 22:36:27,659] {logging_mixin.py:115} INFO - [2025-05-28 22:36:27,658] {dag.py:2927} INFO - Setting next_dagrun for example_trigger_target_dag to None, run_after=None
[2025-05-28 22:36:27,674] {processor.py:161} INFO - Processing /home/cunhaaw/Downloads/APITwitter/venv/lib/python3.9/site-packages/airflow/example_dags/example_trigger_target_dag.py took 0.121 seconds
[2025-05-28 22:37:03,813] {processor.py:153} INFO - Started process (PID=7287) to work on /home/cunhaaw/Downloads/APITwitter/venv/lib/python3.9/site-packages/airflow/example_dags/example_trigger_target_dag.py
[2025-05-28 22:37:03,815] {processor.py:641} INFO - Processing file /home/cunhaaw/Downloads/APITwitter/venv/lib/python3.9/site-packages/airflow/example_dags/example_trigger_target_dag.py for tasks to queue
[2025-05-28 22:37:03,816] {logging_mixin.py:115} INFO - [2025-05-28 22:37:03,815] {dagbag.py:507} INFO - Filling up the DagBag from /home/cunhaaw/Downloads/APITwitter/venv/lib/python3.9/site-packages/airflow/example_dags/example_trigger_target_dag.py
[2025-05-28 22:37:03,838] {processor.py:651} INFO - DAG(s) dict_keys(['example_trigger_target_dag']) retrieved from /home/cunhaaw/Downloads/APITwitter/venv/lib/python3.9/site-packages/airflow/example_dags/example_trigger_target_dag.py
[2025-05-28 22:37:03,858] {logging_mixin.py:115} INFO - [2025-05-28 22:37:03,858] {dag.py:2379} INFO - Sync 1 DAGs
[2025-05-28 22:37:03,878] {logging_mixin.py:115} INFO - [2025-05-28 22:37:03,878] {dag.py:2927} INFO - Setting next_dagrun for example_trigger_target_dag to None, run_after=None
[2025-05-28 22:37:03,896] {processor.py:161} INFO - Processing /home/cunhaaw/Downloads/APITwitter/venv/lib/python3.9/site-packages/airflow/example_dags/example_trigger_target_dag.py took 0.089 seconds
[2025-05-28 22:37:39,766] {processor.py:153} INFO - Started process (PID=7331) to work on /home/cunhaaw/Downloads/APITwitter/venv/lib/python3.9/site-packages/airflow/example_dags/example_trigger_target_dag.py
[2025-05-28 22:37:39,768] {processor.py:641} INFO - Processing file /home/cunhaaw/Downloads/APITwitter/venv/lib/python3.9/site-packages/airflow/example_dags/example_trigger_target_dag.py for tasks to queue
[2025-05-28 22:37:39,769] {logging_mixin.py:115} INFO - [2025-05-28 22:37:39,769] {dagbag.py:507} INFO - Filling up the DagBag from /home/cunhaaw/Downloads/APITwitter/venv/lib/python3.9/site-packages/airflow/example_dags/example_trigger_target_dag.py
[2025-05-28 22:37:39,794] {processor.py:651} INFO - DAG(s) dict_keys(['example_trigger_target_dag']) retrieved from /home/cunhaaw/Downloads/APITwitter/venv/lib/python3.9/site-packages/airflow/example_dags/example_trigger_target_dag.py
[2025-05-28 22:37:39,814] {logging_mixin.py:115} INFO - [2025-05-28 22:37:39,813] {dag.py:2379} INFO - Sync 1 DAGs
[2025-05-28 22:37:39,836] {logging_mixin.py:115} INFO - [2025-05-28 22:37:39,836] {dag.py:2927} INFO - Setting next_dagrun for example_trigger_target_dag to None, run_after=None
[2025-05-28 22:37:39,851] {processor.py:161} INFO - Processing /home/cunhaaw/Downloads/APITwitter/venv/lib/python3.9/site-packages/airflow/example_dags/example_trigger_target_dag.py took 0.091 seconds
[2025-05-28 22:38:16,411] {processor.py:153} INFO - Started process (PID=7473) to work on /home/cunhaaw/Downloads/APITwitter/venv/lib/python3.9/site-packages/airflow/example_dags/example_trigger_target_dag.py
[2025-05-28 22:38:16,412] {processor.py:641} INFO - Processing file /home/cunhaaw/Downloads/APITwitter/venv/lib/python3.9/site-packages/airflow/example_dags/example_trigger_target_dag.py for tasks to queue
[2025-05-28 22:38:16,412] {logging_mixin.py:115} INFO - [2025-05-28 22:38:16,412] {dagbag.py:507} INFO - Filling up the DagBag from /home/cunhaaw/Downloads/APITwitter/venv/lib/python3.9/site-packages/airflow/example_dags/example_trigger_target_dag.py
[2025-05-28 22:38:16,432] {processor.py:651} INFO - DAG(s) dict_keys(['example_trigger_target_dag']) retrieved from /home/cunhaaw/Downloads/APITwitter/venv/lib/python3.9/site-packages/airflow/example_dags/example_trigger_target_dag.py
[2025-05-28 22:38:16,451] {logging_mixin.py:115} INFO - [2025-05-28 22:38:16,451] {dag.py:2379} INFO - Sync 1 DAGs
[2025-05-28 22:38:16,471] {logging_mixin.py:115} INFO - [2025-05-28 22:38:16,471] {dag.py:2927} INFO - Setting next_dagrun for example_trigger_target_dag to None, run_after=None
[2025-05-28 22:38:16,487] {processor.py:161} INFO - Processing /home/cunhaaw/Downloads/APITwitter/venv/lib/python3.9/site-packages/airflow/example_dags/example_trigger_target_dag.py took 0.081 seconds
[2025-05-28 22:38:50,943] {processor.py:153} INFO - Started process (PID=7645) to work on /home/cunhaaw/Downloads/APITwitter/venv/lib/python3.9/site-packages/airflow/example_dags/example_trigger_target_dag.py
[2025-05-28 22:38:50,945] {processor.py:641} INFO - Processing file /home/cunhaaw/Downloads/APITwitter/venv/lib/python3.9/site-packages/airflow/example_dags/example_trigger_target_dag.py for tasks to queue
[2025-05-28 22:38:50,946] {logging_mixin.py:115} INFO - [2025-05-28 22:38:50,946] {dagbag.py:507} INFO - Filling up the DagBag from /home/cunhaaw/Downloads/APITwitter/venv/lib/python3.9/site-packages/airflow/example_dags/example_trigger_target_dag.py
[2025-05-28 22:38:50,978] {processor.py:651} INFO - DAG(s) dict_keys(['example_trigger_target_dag']) retrieved from /home/cunhaaw/Downloads/APITwitter/venv/lib/python3.9/site-packages/airflow/example_dags/example_trigger_target_dag.py
[2025-05-28 22:38:51,006] {logging_mixin.py:115} INFO - [2025-05-28 22:38:51,006] {dag.py:2379} INFO - Sync 1 DAGs
[2025-05-28 22:38:51,057] {logging_mixin.py:115} INFO - [2025-05-28 22:38:51,056] {dag.py:2927} INFO - Setting next_dagrun for example_trigger_target_dag to None, run_after=None
[2025-05-28 22:38:51,082] {processor.py:161} INFO - Processing /home/cunhaaw/Downloads/APITwitter/venv/lib/python3.9/site-packages/airflow/example_dags/example_trigger_target_dag.py took 0.145 seconds
[2025-05-28 22:39:30,400] {processor.py:153} INFO - Started process (PID=7898) to work on /home/cunhaaw/Downloads/APITwitter/venv/lib/python3.9/site-packages/airflow/example_dags/example_trigger_target_dag.py
[2025-05-28 22:39:30,403] {processor.py:641} INFO - Processing file /home/cunhaaw/Downloads/APITwitter/venv/lib/python3.9/site-packages/airflow/example_dags/example_trigger_target_dag.py for tasks to queue
[2025-05-28 22:39:30,405] {logging_mixin.py:115} INFO - [2025-05-28 22:39:30,405] {dagbag.py:507} INFO - Filling up the DagBag from /home/cunhaaw/Downloads/APITwitter/venv/lib/python3.9/site-packages/airflow/example_dags/example_trigger_target_dag.py
[2025-05-28 22:39:30,430] {processor.py:651} INFO - DAG(s) dict_keys(['example_trigger_target_dag']) retrieved from /home/cunhaaw/Downloads/APITwitter/venv/lib/python3.9/site-packages/airflow/example_dags/example_trigger_target_dag.py
[2025-05-28 22:39:30,455] {logging_mixin.py:115} INFO - [2025-05-28 22:39:30,455] {dag.py:2379} INFO - Sync 1 DAGs
[2025-05-28 22:39:30,476] {logging_mixin.py:115} INFO - [2025-05-28 22:39:30,475] {dag.py:2927} INFO - Setting next_dagrun for example_trigger_target_dag to None, run_after=None
[2025-05-28 22:39:30,495] {processor.py:161} INFO - Processing /home/cunhaaw/Downloads/APITwitter/venv/lib/python3.9/site-packages/airflow/example_dags/example_trigger_target_dag.py took 0.102 seconds
[2025-05-28 22:40:08,155] {processor.py:153} INFO - Started process (PID=7996) to work on /home/cunhaaw/Downloads/APITwitter/venv/lib/python3.9/site-packages/airflow/example_dags/example_trigger_target_dag.py
[2025-05-28 22:40:08,157] {processor.py:641} INFO - Processing file /home/cunhaaw/Downloads/APITwitter/venv/lib/python3.9/site-packages/airflow/example_dags/example_trigger_target_dag.py for tasks to queue
[2025-05-28 22:40:08,158] {logging_mixin.py:115} INFO - [2025-05-28 22:40:08,158] {dagbag.py:507} INFO - Filling up the DagBag from /home/cunhaaw/Downloads/APITwitter/venv/lib/python3.9/site-packages/airflow/example_dags/example_trigger_target_dag.py
[2025-05-28 22:40:08,178] {processor.py:651} INFO - DAG(s) dict_keys(['example_trigger_target_dag']) retrieved from /home/cunhaaw/Downloads/APITwitter/venv/lib/python3.9/site-packages/airflow/example_dags/example_trigger_target_dag.py
[2025-05-28 22:40:08,197] {logging_mixin.py:115} INFO - [2025-05-28 22:40:08,197] {dag.py:2379} INFO - Sync 1 DAGs
[2025-05-28 22:40:08,216] {logging_mixin.py:115} INFO - [2025-05-28 22:40:08,215] {dag.py:2927} INFO - Setting next_dagrun for example_trigger_target_dag to None, run_after=None
[2025-05-28 22:40:08,231] {processor.py:161} INFO - Processing /home/cunhaaw/Downloads/APITwitter/venv/lib/python3.9/site-packages/airflow/example_dags/example_trigger_target_dag.py took 0.083 seconds
[2025-05-28 22:40:38,601] {processor.py:153} INFO - Started process (PID=8240) to work on /home/cunhaaw/Downloads/APITwitter/venv/lib/python3.9/site-packages/airflow/example_dags/example_trigger_target_dag.py
[2025-05-28 22:40:38,602] {processor.py:641} INFO - Processing file /home/cunhaaw/Downloads/APITwitter/venv/lib/python3.9/site-packages/airflow/example_dags/example_trigger_target_dag.py for tasks to queue
[2025-05-28 22:40:38,603] {logging_mixin.py:115} INFO - [2025-05-28 22:40:38,603] {dagbag.py:507} INFO - Filling up the DagBag from /home/cunhaaw/Downloads/APITwitter/venv/lib/python3.9/site-packages/airflow/example_dags/example_trigger_target_dag.py
[2025-05-28 22:40:38,625] {processor.py:651} INFO - DAG(s) dict_keys(['example_trigger_target_dag']) retrieved from /home/cunhaaw/Downloads/APITwitter/venv/lib/python3.9/site-packages/airflow/example_dags/example_trigger_target_dag.py
[2025-05-28 22:40:38,650] {logging_mixin.py:115} INFO - [2025-05-28 22:40:38,649] {dag.py:2379} INFO - Sync 1 DAGs
[2025-05-28 22:40:38,675] {logging_mixin.py:115} INFO - [2025-05-28 22:40:38,675] {dag.py:2927} INFO - Setting next_dagrun for example_trigger_target_dag to None, run_after=None
[2025-05-28 22:40:38,697] {processor.py:161} INFO - Processing /home/cunhaaw/Downloads/APITwitter/venv/lib/python3.9/site-packages/airflow/example_dags/example_trigger_target_dag.py took 0.101 seconds
[2025-05-28 22:41:17,499] {processor.py:153} INFO - Started process (PID=8442) to work on /home/cunhaaw/Downloads/APITwitter/venv/lib/python3.9/site-packages/airflow/example_dags/example_trigger_target_dag.py
[2025-05-28 22:41:17,503] {processor.py:641} INFO - Processing file /home/cunhaaw/Downloads/APITwitter/venv/lib/python3.9/site-packages/airflow/example_dags/example_trigger_target_dag.py for tasks to queue
[2025-05-28 22:41:17,505] {logging_mixin.py:115} INFO - [2025-05-28 22:41:17,504] {dagbag.py:507} INFO - Filling up the DagBag from /home/cunhaaw/Downloads/APITwitter/venv/lib/python3.9/site-packages/airflow/example_dags/example_trigger_target_dag.py
[2025-05-28 22:41:17,570] {processor.py:651} INFO - DAG(s) dict_keys(['example_trigger_target_dag']) retrieved from /home/cunhaaw/Downloads/APITwitter/venv/lib/python3.9/site-packages/airflow/example_dags/example_trigger_target_dag.py
[2025-05-28 22:41:17,623] {logging_mixin.py:115} INFO - [2025-05-28 22:41:17,623] {dag.py:2379} INFO - Sync 1 DAGs
[2025-05-28 22:41:17,696] {logging_mixin.py:115} INFO - [2025-05-28 22:41:17,695] {dag.py:2927} INFO - Setting next_dagrun for example_trigger_target_dag to None, run_after=None
[2025-05-28 22:41:17,751] {processor.py:161} INFO - Processing /home/cunhaaw/Downloads/APITwitter/venv/lib/python3.9/site-packages/airflow/example_dags/example_trigger_target_dag.py took 0.262 seconds
[2025-05-28 22:41:56,725] {processor.py:153} INFO - Started process (PID=8822) to work on /home/cunhaaw/Downloads/APITwitter/venv/lib/python3.9/site-packages/airflow/example_dags/example_trigger_target_dag.py
[2025-05-28 22:41:56,726] {processor.py:641} INFO - Processing file /home/cunhaaw/Downloads/APITwitter/venv/lib/python3.9/site-packages/airflow/example_dags/example_trigger_target_dag.py for tasks to queue
[2025-05-28 22:41:56,727] {logging_mixin.py:115} INFO - [2025-05-28 22:41:56,727] {dagbag.py:507} INFO - Filling up the DagBag from /home/cunhaaw/Downloads/APITwitter/venv/lib/python3.9/site-packages/airflow/example_dags/example_trigger_target_dag.py
[2025-05-28 22:41:56,749] {processor.py:651} INFO - DAG(s) dict_keys(['example_trigger_target_dag']) retrieved from /home/cunhaaw/Downloads/APITwitter/venv/lib/python3.9/site-packages/airflow/example_dags/example_trigger_target_dag.py
[2025-05-28 22:41:56,774] {logging_mixin.py:115} INFO - [2025-05-28 22:41:56,773] {dag.py:2379} INFO - Sync 1 DAGs
[2025-05-28 22:41:56,818] {logging_mixin.py:115} INFO - [2025-05-28 22:41:56,818] {dag.py:2927} INFO - Setting next_dagrun for example_trigger_target_dag to None, run_after=None
[2025-05-28 22:41:56,845] {processor.py:161} INFO - Processing /home/cunhaaw/Downloads/APITwitter/venv/lib/python3.9/site-packages/airflow/example_dags/example_trigger_target_dag.py took 0.126 seconds
[2025-05-28 22:42:31,138] {processor.py:153} INFO - Started process (PID=9063) to work on /home/cunhaaw/Downloads/APITwitter/venv/lib/python3.9/site-packages/airflow/example_dags/example_trigger_target_dag.py
[2025-05-28 22:42:31,139] {processor.py:641} INFO - Processing file /home/cunhaaw/Downloads/APITwitter/venv/lib/python3.9/site-packages/airflow/example_dags/example_trigger_target_dag.py for tasks to queue
[2025-05-28 22:42:31,140] {logging_mixin.py:115} INFO - [2025-05-28 22:42:31,140] {dagbag.py:507} INFO - Filling up the DagBag from /home/cunhaaw/Downloads/APITwitter/venv/lib/python3.9/site-packages/airflow/example_dags/example_trigger_target_dag.py
[2025-05-28 22:42:31,182] {processor.py:651} INFO - DAG(s) dict_keys(['example_trigger_target_dag']) retrieved from /home/cunhaaw/Downloads/APITwitter/venv/lib/python3.9/site-packages/airflow/example_dags/example_trigger_target_dag.py
[2025-05-28 22:42:31,236] {logging_mixin.py:115} INFO - [2025-05-28 22:42:31,236] {dag.py:2379} INFO - Sync 1 DAGs
[2025-05-28 22:42:31,284] {logging_mixin.py:115} INFO - [2025-05-28 22:42:31,284] {dag.py:2927} INFO - Setting next_dagrun for example_trigger_target_dag to None, run_after=None
[2025-05-28 22:42:31,326] {processor.py:161} INFO - Processing /home/cunhaaw/Downloads/APITwitter/venv/lib/python3.9/site-packages/airflow/example_dags/example_trigger_target_dag.py took 0.196 seconds
[2025-05-28 22:43:07,128] {processor.py:153} INFO - Started process (PID=9265) to work on /home/cunhaaw/Downloads/APITwitter/venv/lib/python3.9/site-packages/airflow/example_dags/example_trigger_target_dag.py
[2025-05-28 22:43:07,130] {processor.py:641} INFO - Processing file /home/cunhaaw/Downloads/APITwitter/venv/lib/python3.9/site-packages/airflow/example_dags/example_trigger_target_dag.py for tasks to queue
[2025-05-28 22:43:07,132] {logging_mixin.py:115} INFO - [2025-05-28 22:43:07,131] {dagbag.py:507} INFO - Filling up the DagBag from /home/cunhaaw/Downloads/APITwitter/venv/lib/python3.9/site-packages/airflow/example_dags/example_trigger_target_dag.py
[2025-05-28 22:43:07,157] {processor.py:651} INFO - DAG(s) dict_keys(['example_trigger_target_dag']) retrieved from /home/cunhaaw/Downloads/APITwitter/venv/lib/python3.9/site-packages/airflow/example_dags/example_trigger_target_dag.py
[2025-05-28 22:43:07,178] {logging_mixin.py:115} INFO - [2025-05-28 22:43:07,178] {dag.py:2379} INFO - Sync 1 DAGs
[2025-05-28 22:43:07,198] {logging_mixin.py:115} INFO - [2025-05-28 22:43:07,198] {dag.py:2927} INFO - Setting next_dagrun for example_trigger_target_dag to None, run_after=None
[2025-05-28 22:43:07,217] {processor.py:161} INFO - Processing /home/cunhaaw/Downloads/APITwitter/venv/lib/python3.9/site-packages/airflow/example_dags/example_trigger_target_dag.py took 0.095 seconds
[2025-05-28 22:43:40,569] {processor.py:153} INFO - Started process (PID=9420) to work on /home/cunhaaw/Downloads/APITwitter/venv/lib/python3.9/site-packages/airflow/example_dags/example_trigger_target_dag.py
[2025-05-28 22:43:40,570] {processor.py:641} INFO - Processing file /home/cunhaaw/Downloads/APITwitter/venv/lib/python3.9/site-packages/airflow/example_dags/example_trigger_target_dag.py for tasks to queue
[2025-05-28 22:43:40,570] {logging_mixin.py:115} INFO - [2025-05-28 22:43:40,570] {dagbag.py:507} INFO - Filling up the DagBag from /home/cunhaaw/Downloads/APITwitter/venv/lib/python3.9/site-packages/airflow/example_dags/example_trigger_target_dag.py
[2025-05-28 22:43:40,602] {processor.py:651} INFO - DAG(s) dict_keys(['example_trigger_target_dag']) retrieved from /home/cunhaaw/Downloads/APITwitter/venv/lib/python3.9/site-packages/airflow/example_dags/example_trigger_target_dag.py
[2025-05-28 22:43:40,630] {logging_mixin.py:115} INFO - [2025-05-28 22:43:40,630] {dag.py:2379} INFO - Sync 1 DAGs
[2025-05-28 22:43:40,654] {logging_mixin.py:115} INFO - [2025-05-28 22:43:40,654] {dag.py:2927} INFO - Setting next_dagrun for example_trigger_target_dag to None, run_after=None
[2025-05-28 22:43:40,673] {processor.py:161} INFO - Processing /home/cunhaaw/Downloads/APITwitter/venv/lib/python3.9/site-packages/airflow/example_dags/example_trigger_target_dag.py took 0.108 seconds
