[2025-05-28 22:34:37,270] {processor.py:153} INFO - Started process (PID=6417) to work on /home/cunhaaw/Downloads/APITwitter/venv/lib/python3.9/site-packages/airflow/example_dags/example_python_operator.py
[2025-05-28 22:34:37,272] {processor.py:641} INFO - Processing file /home/cunhaaw/Downloads/APITwitter/venv/lib/python3.9/site-packages/airflow/example_dags/example_python_operator.py for tasks to queue
[2025-05-28 22:34:37,272] {logging_mixin.py:115} INFO - [2025-05-28 22:34:37,272] {dagbag.py:507} INFO - Filling up the DagBag from /home/cunhaaw/Downloads/APITwitter/venv/lib/python3.9/site-packages/airflow/example_dags/example_python_operator.py
[2025-05-28 22:34:37,333] {logging_mixin.py:115} INFO - [2025-05-28 22:34:37,333] {example_python_operator.py:68} WARNING - The virtalenv_python example task requires virtualenv, please install it.
[2025-05-28 22:34:37,334] {processor.py:651} INFO - DAG(s) dict_keys(['example_python_operator']) retrieved from /home/cunhaaw/Downloads/APITwitter/venv/lib/python3.9/site-packages/airflow/example_dags/example_python_operator.py
[2025-05-28 22:34:37,538] {logging_mixin.py:115} INFO - [2025-05-28 22:34:37,538] {manager.py:508} INFO - Created Permission View: can read on DAG:example_python_operator
[2025-05-28 22:34:37,554] {logging_mixin.py:115} INFO - [2025-05-28 22:34:37,554] {manager.py:508} INFO - Created Permission View: can delete on DAG:example_python_operator
[2025-05-28 22:34:37,564] {logging_mixin.py:115} INFO - [2025-05-28 22:34:37,564] {manager.py:508} INFO - Created Permission View: can edit on DAG:example_python_operator
[2025-05-28 22:34:37,564] {logging_mixin.py:115} INFO - [2025-05-28 22:34:37,564] {dag.py:2379} INFO - Sync 1 DAGs
[2025-05-28 22:34:37,573] {logging_mixin.py:115} INFO - [2025-05-28 22:34:37,573] {dag.py:2398} INFO - Creating ORM DAG for example_python_operator
[2025-05-28 22:34:37,583] {logging_mixin.py:115} INFO - [2025-05-28 22:34:37,582] {dag.py:2927} INFO - Setting next_dagrun for example_python_operator to None, run_after=None
[2025-05-28 22:34:37,621] {processor.py:161} INFO - Processing /home/cunhaaw/Downloads/APITwitter/venv/lib/python3.9/site-packages/airflow/example_dags/example_python_operator.py took 0.356 seconds
[2025-05-28 22:35:19,237] {processor.py:153} INFO - Started process (PID=6486) to work on /home/cunhaaw/Downloads/APITwitter/venv/lib/python3.9/site-packages/airflow/example_dags/example_python_operator.py
[2025-05-28 22:35:19,238] {processor.py:641} INFO - Processing file /home/cunhaaw/Downloads/APITwitter/venv/lib/python3.9/site-packages/airflow/example_dags/example_python_operator.py for tasks to queue
[2025-05-28 22:35:19,239] {logging_mixin.py:115} INFO - [2025-05-28 22:35:19,239] {dagbag.py:507} INFO - Filling up the DagBag from /home/cunhaaw/Downloads/APITwitter/venv/lib/python3.9/site-packages/airflow/example_dags/example_python_operator.py
[2025-05-28 22:35:19,260] {logging_mixin.py:115} INFO - [2025-05-28 22:35:19,260] {example_python_operator.py:68} WARNING - The virtalenv_python example task requires virtualenv, please install it.
[2025-05-28 22:35:19,260] {processor.py:651} INFO - DAG(s) dict_keys(['example_python_operator']) retrieved from /home/cunhaaw/Downloads/APITwitter/venv/lib/python3.9/site-packages/airflow/example_dags/example_python_operator.py
[2025-05-28 22:35:19,281] {logging_mixin.py:115} INFO - [2025-05-28 22:35:19,280] {dag.py:2379} INFO - Sync 1 DAGs
[2025-05-28 22:35:19,301] {logging_mixin.py:115} INFO - [2025-05-28 22:35:19,301] {dag.py:2927} INFO - Setting next_dagrun for example_python_operator to None, run_after=None
[2025-05-28 22:35:19,315] {processor.py:161} INFO - Processing /home/cunhaaw/Downloads/APITwitter/venv/lib/python3.9/site-packages/airflow/example_dags/example_python_operator.py took 0.082 seconds
[2025-05-28 22:35:56,874] {processor.py:153} INFO - Started process (PID=6710) to work on /home/cunhaaw/Downloads/APITwitter/venv/lib/python3.9/site-packages/airflow/example_dags/example_python_operator.py
[2025-05-28 22:35:56,876] {processor.py:641} INFO - Processing file /home/cunhaaw/Downloads/APITwitter/venv/lib/python3.9/site-packages/airflow/example_dags/example_python_operator.py for tasks to queue
[2025-05-28 22:35:56,877] {logging_mixin.py:115} INFO - [2025-05-28 22:35:56,876] {dagbag.py:507} INFO - Filling up the DagBag from /home/cunhaaw/Downloads/APITwitter/venv/lib/python3.9/site-packages/airflow/example_dags/example_python_operator.py
[2025-05-28 22:35:56,919] {logging_mixin.py:115} INFO - [2025-05-28 22:35:56,919] {example_python_operator.py:68} WARNING - The virtalenv_python example task requires virtualenv, please install it.
[2025-05-28 22:35:56,920] {processor.py:651} INFO - DAG(s) dict_keys(['example_python_operator']) retrieved from /home/cunhaaw/Downloads/APITwitter/venv/lib/python3.9/site-packages/airflow/example_dags/example_python_operator.py
[2025-05-28 22:35:57,029] {logging_mixin.py:115} INFO - [2025-05-28 22:35:57,029] {dag.py:2379} INFO - Sync 1 DAGs
[2025-05-28 22:35:57,099] {logging_mixin.py:115} INFO - [2025-05-28 22:35:57,098] {dag.py:2927} INFO - Setting next_dagrun for example_python_operator to None, run_after=None
[2025-05-28 22:35:57,140] {processor.py:161} INFO - Processing /home/cunhaaw/Downloads/APITwitter/venv/lib/python3.9/site-packages/airflow/example_dags/example_python_operator.py took 0.275 seconds
[2025-05-28 22:36:33,203] {processor.py:153} INFO - Started process (PID=7092) to work on /home/cunhaaw/Downloads/APITwitter/venv/lib/python3.9/site-packages/airflow/example_dags/example_python_operator.py
[2025-05-28 22:36:33,205] {processor.py:641} INFO - Processing file /home/cunhaaw/Downloads/APITwitter/venv/lib/python3.9/site-packages/airflow/example_dags/example_python_operator.py for tasks to queue
[2025-05-28 22:36:33,206] {logging_mixin.py:115} INFO - [2025-05-28 22:36:33,205] {dagbag.py:507} INFO - Filling up the DagBag from /home/cunhaaw/Downloads/APITwitter/venv/lib/python3.9/site-packages/airflow/example_dags/example_python_operator.py
[2025-05-28 22:36:33,256] {logging_mixin.py:115} INFO - [2025-05-28 22:36:33,256] {example_python_operator.py:68} WARNING - The virtalenv_python example task requires virtualenv, please install it.
[2025-05-28 22:36:33,256] {processor.py:651} INFO - DAG(s) dict_keys(['example_python_operator']) retrieved from /home/cunhaaw/Downloads/APITwitter/venv/lib/python3.9/site-packages/airflow/example_dags/example_python_operator.py
[2025-05-28 22:36:33,290] {logging_mixin.py:115} INFO - [2025-05-28 22:36:33,289] {dag.py:2379} INFO - Sync 1 DAGs
[2025-05-28 22:36:33,315] {logging_mixin.py:115} INFO - [2025-05-28 22:36:33,315] {dag.py:2927} INFO - Setting next_dagrun for example_python_operator to None, run_after=None
[2025-05-28 22:36:33,329] {processor.py:161} INFO - Processing /home/cunhaaw/Downloads/APITwitter/venv/lib/python3.9/site-packages/airflow/example_dags/example_python_operator.py took 0.135 seconds
[2025-05-28 22:37:09,823] {processor.py:153} INFO - Started process (PID=7295) to work on /home/cunhaaw/Downloads/APITwitter/venv/lib/python3.9/site-packages/airflow/example_dags/example_python_operator.py
[2025-05-28 22:37:09,824] {processor.py:641} INFO - Processing file /home/cunhaaw/Downloads/APITwitter/venv/lib/python3.9/site-packages/airflow/example_dags/example_python_operator.py for tasks to queue
[2025-05-28 22:37:09,825] {logging_mixin.py:115} INFO - [2025-05-28 22:37:09,825] {dagbag.py:507} INFO - Filling up the DagBag from /home/cunhaaw/Downloads/APITwitter/venv/lib/python3.9/site-packages/airflow/example_dags/example_python_operator.py
[2025-05-28 22:37:09,847] {logging_mixin.py:115} INFO - [2025-05-28 22:37:09,847] {example_python_operator.py:68} WARNING - The virtalenv_python example task requires virtualenv, please install it.
[2025-05-28 22:37:09,847] {processor.py:651} INFO - DAG(s) dict_keys(['example_python_operator']) retrieved from /home/cunhaaw/Downloads/APITwitter/venv/lib/python3.9/site-packages/airflow/example_dags/example_python_operator.py
[2025-05-28 22:37:09,866] {logging_mixin.py:115} INFO - [2025-05-28 22:37:09,866] {dag.py:2379} INFO - Sync 1 DAGs
[2025-05-28 22:37:09,886] {logging_mixin.py:115} INFO - [2025-05-28 22:37:09,886] {dag.py:2927} INFO - Setting next_dagrun for example_python_operator to None, run_after=None
[2025-05-28 22:37:09,899] {processor.py:161} INFO - Processing /home/cunhaaw/Downloads/APITwitter/venv/lib/python3.9/site-packages/airflow/example_dags/example_python_operator.py took 0.081 seconds
[2025-05-28 22:37:44,505] {processor.py:153} INFO - Started process (PID=7337) to work on /home/cunhaaw/Downloads/APITwitter/venv/lib/python3.9/site-packages/airflow/example_dags/example_python_operator.py
[2025-05-28 22:37:44,506] {processor.py:641} INFO - Processing file /home/cunhaaw/Downloads/APITwitter/venv/lib/python3.9/site-packages/airflow/example_dags/example_python_operator.py for tasks to queue
[2025-05-28 22:37:44,506] {logging_mixin.py:115} INFO - [2025-05-28 22:37:44,506] {dagbag.py:507} INFO - Filling up the DagBag from /home/cunhaaw/Downloads/APITwitter/venv/lib/python3.9/site-packages/airflow/example_dags/example_python_operator.py
[2025-05-28 22:37:44,528] {logging_mixin.py:115} INFO - [2025-05-28 22:37:44,528] {example_python_operator.py:68} WARNING - The virtalenv_python example task requires virtualenv, please install it.
[2025-05-28 22:37:44,528] {processor.py:651} INFO - DAG(s) dict_keys(['example_python_operator']) retrieved from /home/cunhaaw/Downloads/APITwitter/venv/lib/python3.9/site-packages/airflow/example_dags/example_python_operator.py
[2025-05-28 22:37:44,547] {logging_mixin.py:115} INFO - [2025-05-28 22:37:44,547] {dag.py:2379} INFO - Sync 1 DAGs
[2025-05-28 22:37:44,566] {logging_mixin.py:115} INFO - [2025-05-28 22:37:44,566] {dag.py:2927} INFO - Setting next_dagrun for example_python_operator to None, run_after=None
[2025-05-28 22:37:44,580] {processor.py:161} INFO - Processing /home/cunhaaw/Downloads/APITwitter/venv/lib/python3.9/site-packages/airflow/example_dags/example_python_operator.py took 0.079 seconds
[2025-05-28 22:38:22,493] {processor.py:153} INFO - Started process (PID=7479) to work on /home/cunhaaw/Downloads/APITwitter/venv/lib/python3.9/site-packages/airflow/example_dags/example_python_operator.py
[2025-05-28 22:38:22,495] {processor.py:641} INFO - Processing file /home/cunhaaw/Downloads/APITwitter/venv/lib/python3.9/site-packages/airflow/example_dags/example_python_operator.py for tasks to queue
[2025-05-28 22:38:22,495] {logging_mixin.py:115} INFO - [2025-05-28 22:38:22,495] {dagbag.py:507} INFO - Filling up the DagBag from /home/cunhaaw/Downloads/APITwitter/venv/lib/python3.9/site-packages/airflow/example_dags/example_python_operator.py
[2025-05-28 22:38:22,520] {logging_mixin.py:115} INFO - [2025-05-28 22:38:22,520] {example_python_operator.py:68} WARNING - The virtalenv_python example task requires virtualenv, please install it.
[2025-05-28 22:38:22,521] {processor.py:651} INFO - DAG(s) dict_keys(['example_python_operator']) retrieved from /home/cunhaaw/Downloads/APITwitter/venv/lib/python3.9/site-packages/airflow/example_dags/example_python_operator.py
[2025-05-28 22:38:22,540] {logging_mixin.py:115} INFO - [2025-05-28 22:38:22,540] {dag.py:2379} INFO - Sync 1 DAGs
[2025-05-28 22:38:22,559] {logging_mixin.py:115} INFO - [2025-05-28 22:38:22,559] {dag.py:2927} INFO - Setting next_dagrun for example_python_operator to None, run_after=None
[2025-05-28 22:38:22,573] {processor.py:161} INFO - Processing /home/cunhaaw/Downloads/APITwitter/venv/lib/python3.9/site-packages/airflow/example_dags/example_python_operator.py took 0.087 seconds
[2025-05-28 22:39:02,929] {processor.py:153} INFO - Started process (PID=7761) to work on /home/cunhaaw/Downloads/APITwitter/venv/lib/python3.9/site-packages/airflow/example_dags/example_python_operator.py
[2025-05-28 22:39:02,930] {processor.py:641} INFO - Processing file /home/cunhaaw/Downloads/APITwitter/venv/lib/python3.9/site-packages/airflow/example_dags/example_python_operator.py for tasks to queue
[2025-05-28 22:39:02,931] {logging_mixin.py:115} INFO - [2025-05-28 22:39:02,931] {dagbag.py:507} INFO - Filling up the DagBag from /home/cunhaaw/Downloads/APITwitter/venv/lib/python3.9/site-packages/airflow/example_dags/example_python_operator.py
[2025-05-28 22:39:02,972] {logging_mixin.py:115} INFO - [2025-05-28 22:39:02,972] {example_python_operator.py:68} WARNING - The virtalenv_python example task requires virtualenv, please install it.
[2025-05-28 22:39:02,973] {processor.py:651} INFO - DAG(s) dict_keys(['example_python_operator']) retrieved from /home/cunhaaw/Downloads/APITwitter/venv/lib/python3.9/site-packages/airflow/example_dags/example_python_operator.py
[2025-05-28 22:39:03,005] {logging_mixin.py:115} INFO - [2025-05-28 22:39:03,004] {dag.py:2379} INFO - Sync 1 DAGs
[2025-05-28 22:39:03,034] {logging_mixin.py:115} INFO - [2025-05-28 22:39:03,034] {dag.py:2927} INFO - Setting next_dagrun for example_python_operator to None, run_after=None
[2025-05-28 22:39:03,053] {processor.py:161} INFO - Processing /home/cunhaaw/Downloads/APITwitter/venv/lib/python3.9/site-packages/airflow/example_dags/example_python_operator.py took 0.136 seconds
[2025-05-28 22:39:40,026] {processor.py:153} INFO - Started process (PID=7959) to work on /home/cunhaaw/Downloads/APITwitter/venv/lib/python3.9/site-packages/airflow/example_dags/example_python_operator.py
[2025-05-28 22:39:40,028] {processor.py:641} INFO - Processing file /home/cunhaaw/Downloads/APITwitter/venv/lib/python3.9/site-packages/airflow/example_dags/example_python_operator.py for tasks to queue
[2025-05-28 22:39:40,029] {logging_mixin.py:115} INFO - [2025-05-28 22:39:40,029] {dagbag.py:507} INFO - Filling up the DagBag from /home/cunhaaw/Downloads/APITwitter/venv/lib/python3.9/site-packages/airflow/example_dags/example_python_operator.py
[2025-05-28 22:39:40,061] {logging_mixin.py:115} INFO - [2025-05-28 22:39:40,061] {example_python_operator.py:68} WARNING - The virtalenv_python example task requires virtualenv, please install it.
[2025-05-28 22:39:40,061] {processor.py:651} INFO - DAG(s) dict_keys(['example_python_operator']) retrieved from /home/cunhaaw/Downloads/APITwitter/venv/lib/python3.9/site-packages/airflow/example_dags/example_python_operator.py
[2025-05-28 22:39:40,091] {logging_mixin.py:115} INFO - [2025-05-28 22:39:40,090] {dag.py:2379} INFO - Sync 1 DAGs
[2025-05-28 22:39:40,120] {logging_mixin.py:115} INFO - [2025-05-28 22:39:40,120] {dag.py:2927} INFO - Setting next_dagrun for example_python_operator to None, run_after=None
[2025-05-28 22:39:40,143] {processor.py:161} INFO - Processing /home/cunhaaw/Downloads/APITwitter/venv/lib/python3.9/site-packages/airflow/example_dags/example_python_operator.py took 0.124 seconds
[2025-05-28 22:40:18,796] {processor.py:153} INFO - Started process (PID=8112) to work on /home/cunhaaw/Downloads/APITwitter/venv/lib/python3.9/site-packages/airflow/example_dags/example_python_operator.py
[2025-05-28 22:40:18,798] {processor.py:641} INFO - Processing file /home/cunhaaw/Downloads/APITwitter/venv/lib/python3.9/site-packages/airflow/example_dags/example_python_operator.py for tasks to queue
[2025-05-28 22:40:18,798] {logging_mixin.py:115} INFO - [2025-05-28 22:40:18,798] {dagbag.py:507} INFO - Filling up the DagBag from /home/cunhaaw/Downloads/APITwitter/venv/lib/python3.9/site-packages/airflow/example_dags/example_python_operator.py
[2025-05-28 22:40:18,826] {logging_mixin.py:115} INFO - [2025-05-28 22:40:18,826] {example_python_operator.py:68} WARNING - The virtalenv_python example task requires virtualenv, please install it.
[2025-05-28 22:40:18,826] {processor.py:651} INFO - DAG(s) dict_keys(['example_python_operator']) retrieved from /home/cunhaaw/Downloads/APITwitter/venv/lib/python3.9/site-packages/airflow/example_dags/example_python_operator.py
[2025-05-28 22:40:18,858] {logging_mixin.py:115} INFO - [2025-05-28 22:40:18,858] {dag.py:2379} INFO - Sync 1 DAGs
[2025-05-28 22:40:18,883] {logging_mixin.py:115} INFO - [2025-05-28 22:40:18,883] {dag.py:2927} INFO - Setting next_dagrun for example_python_operator to None, run_after=None
[2025-05-28 22:40:18,900] {processor.py:161} INFO - Processing /home/cunhaaw/Downloads/APITwitter/venv/lib/python3.9/site-packages/airflow/example_dags/example_python_operator.py took 0.110 seconds
[2025-05-28 22:40:57,559] {processor.py:153} INFO - Started process (PID=8263) to work on /home/cunhaaw/Downloads/APITwitter/venv/lib/python3.9/site-packages/airflow/example_dags/example_python_operator.py
[2025-05-28 22:40:57,560] {processor.py:641} INFO - Processing file /home/cunhaaw/Downloads/APITwitter/venv/lib/python3.9/site-packages/airflow/example_dags/example_python_operator.py for tasks to queue
[2025-05-28 22:40:57,561] {logging_mixin.py:115} INFO - [2025-05-28 22:40:57,561] {dagbag.py:507} INFO - Filling up the DagBag from /home/cunhaaw/Downloads/APITwitter/venv/lib/python3.9/site-packages/airflow/example_dags/example_python_operator.py
[2025-05-28 22:40:57,585] {logging_mixin.py:115} INFO - [2025-05-28 22:40:57,585] {example_python_operator.py:68} WARNING - The virtalenv_python example task requires virtualenv, please install it.
[2025-05-28 22:40:57,586] {processor.py:651} INFO - DAG(s) dict_keys(['example_python_operator']) retrieved from /home/cunhaaw/Downloads/APITwitter/venv/lib/python3.9/site-packages/airflow/example_dags/example_python_operator.py
[2025-05-28 22:40:57,622] {logging_mixin.py:115} INFO - [2025-05-28 22:40:57,621] {dag.py:2379} INFO - Sync 1 DAGs
[2025-05-28 22:40:57,648] {logging_mixin.py:115} INFO - [2025-05-28 22:40:57,648] {dag.py:2927} INFO - Setting next_dagrun for example_python_operator to None, run_after=None
[2025-05-28 22:40:57,665] {processor.py:161} INFO - Processing /home/cunhaaw/Downloads/APITwitter/venv/lib/python3.9/site-packages/airflow/example_dags/example_python_operator.py took 0.112 seconds
[2025-05-28 22:41:37,085] {processor.py:153} INFO - Started process (PID=8638) to work on /home/cunhaaw/Downloads/APITwitter/venv/lib/python3.9/site-packages/airflow/example_dags/example_python_operator.py
[2025-05-28 22:41:37,086] {processor.py:641} INFO - Processing file /home/cunhaaw/Downloads/APITwitter/venv/lib/python3.9/site-packages/airflow/example_dags/example_python_operator.py for tasks to queue
[2025-05-28 22:41:37,087] {logging_mixin.py:115} INFO - [2025-05-28 22:41:37,087] {dagbag.py:507} INFO - Filling up the DagBag from /home/cunhaaw/Downloads/APITwitter/venv/lib/python3.9/site-packages/airflow/example_dags/example_python_operator.py
[2025-05-28 22:41:37,112] {logging_mixin.py:115} INFO - [2025-05-28 22:41:37,112] {example_python_operator.py:68} WARNING - The virtalenv_python example task requires virtualenv, please install it.
[2025-05-28 22:41:37,113] {processor.py:651} INFO - DAG(s) dict_keys(['example_python_operator']) retrieved from /home/cunhaaw/Downloads/APITwitter/venv/lib/python3.9/site-packages/airflow/example_dags/example_python_operator.py
[2025-05-28 22:41:37,135] {logging_mixin.py:115} INFO - [2025-05-28 22:41:37,135] {dag.py:2379} INFO - Sync 1 DAGs
[2025-05-28 22:41:37,160] {logging_mixin.py:115} INFO - [2025-05-28 22:41:37,160] {dag.py:2927} INFO - Setting next_dagrun for example_python_operator to None, run_after=None
[2025-05-28 22:41:37,181] {processor.py:161} INFO - Processing /home/cunhaaw/Downloads/APITwitter/venv/lib/python3.9/site-packages/airflow/example_dags/example_python_operator.py took 0.101 seconds
[2025-05-28 22:42:12,394] {processor.py:153} INFO - Started process (PID=8938) to work on /home/cunhaaw/Downloads/APITwitter/venv/lib/python3.9/site-packages/airflow/example_dags/example_python_operator.py
[2025-05-28 22:42:12,394] {processor.py:641} INFO - Processing file /home/cunhaaw/Downloads/APITwitter/venv/lib/python3.9/site-packages/airflow/example_dags/example_python_operator.py for tasks to queue
[2025-05-28 22:42:12,395] {logging_mixin.py:115} INFO - [2025-05-28 22:42:12,395] {dagbag.py:507} INFO - Filling up the DagBag from /home/cunhaaw/Downloads/APITwitter/venv/lib/python3.9/site-packages/airflow/example_dags/example_python_operator.py
[2025-05-28 22:42:12,414] {logging_mixin.py:115} INFO - [2025-05-28 22:42:12,414] {example_python_operator.py:68} WARNING - The virtalenv_python example task requires virtualenv, please install it.
[2025-05-28 22:42:12,415] {processor.py:651} INFO - DAG(s) dict_keys(['example_python_operator']) retrieved from /home/cunhaaw/Downloads/APITwitter/venv/lib/python3.9/site-packages/airflow/example_dags/example_python_operator.py
[2025-05-28 22:42:12,433] {logging_mixin.py:115} INFO - [2025-05-28 22:42:12,432] {dag.py:2379} INFO - Sync 1 DAGs
[2025-05-28 22:42:12,452] {logging_mixin.py:115} INFO - [2025-05-28 22:42:12,452] {dag.py:2927} INFO - Setting next_dagrun for example_python_operator to None, run_after=None
[2025-05-28 22:42:12,465] {processor.py:161} INFO - Processing /home/cunhaaw/Downloads/APITwitter/venv/lib/python3.9/site-packages/airflow/example_dags/example_python_operator.py took 0.076 seconds
[2025-05-28 22:42:47,776] {processor.py:153} INFO - Started process (PID=9189) to work on /home/cunhaaw/Downloads/APITwitter/venv/lib/python3.9/site-packages/airflow/example_dags/example_python_operator.py
[2025-05-28 22:42:47,777] {processor.py:641} INFO - Processing file /home/cunhaaw/Downloads/APITwitter/venv/lib/python3.9/site-packages/airflow/example_dags/example_python_operator.py for tasks to queue
[2025-05-28 22:42:47,778] {logging_mixin.py:115} INFO - [2025-05-28 22:42:47,778] {dagbag.py:507} INFO - Filling up the DagBag from /home/cunhaaw/Downloads/APITwitter/venv/lib/python3.9/site-packages/airflow/example_dags/example_python_operator.py
[2025-05-28 22:42:47,831] {logging_mixin.py:115} INFO - [2025-05-28 22:42:47,831] {example_python_operator.py:68} WARNING - The virtalenv_python example task requires virtualenv, please install it.
[2025-05-28 22:42:47,834] {processor.py:651} INFO - DAG(s) dict_keys(['example_python_operator']) retrieved from /home/cunhaaw/Downloads/APITwitter/venv/lib/python3.9/site-packages/airflow/example_dags/example_python_operator.py
[2025-05-28 22:42:47,877] {logging_mixin.py:115} INFO - [2025-05-28 22:42:47,876] {dag.py:2379} INFO - Sync 1 DAGs
[2025-05-28 22:42:47,919] {logging_mixin.py:115} INFO - [2025-05-28 22:42:47,919] {dag.py:2927} INFO - Setting next_dagrun for example_python_operator to None, run_after=None
[2025-05-28 22:42:47,945] {processor.py:161} INFO - Processing /home/cunhaaw/Downloads/APITwitter/venv/lib/python3.9/site-packages/airflow/example_dags/example_python_operator.py took 0.178 seconds
[2025-05-28 22:43:23,959] {processor.py:153} INFO - Started process (PID=9340) to work on /home/cunhaaw/Downloads/APITwitter/venv/lib/python3.9/site-packages/airflow/example_dags/example_python_operator.py
[2025-05-28 22:43:23,961] {processor.py:641} INFO - Processing file /home/cunhaaw/Downloads/APITwitter/venv/lib/python3.9/site-packages/airflow/example_dags/example_python_operator.py for tasks to queue
[2025-05-28 22:43:23,962] {logging_mixin.py:115} INFO - [2025-05-28 22:43:23,961] {dagbag.py:507} INFO - Filling up the DagBag from /home/cunhaaw/Downloads/APITwitter/venv/lib/python3.9/site-packages/airflow/example_dags/example_python_operator.py
[2025-05-28 22:43:23,985] {logging_mixin.py:115} INFO - [2025-05-28 22:43:23,985] {example_python_operator.py:68} WARNING - The virtalenv_python example task requires virtualenv, please install it.
[2025-05-28 22:43:23,985] {processor.py:651} INFO - DAG(s) dict_keys(['example_python_operator']) retrieved from /home/cunhaaw/Downloads/APITwitter/venv/lib/python3.9/site-packages/airflow/example_dags/example_python_operator.py
[2025-05-28 22:43:24,005] {logging_mixin.py:115} INFO - [2025-05-28 22:43:24,004] {dag.py:2379} INFO - Sync 1 DAGs
[2025-05-28 22:43:24,024] {logging_mixin.py:115} INFO - [2025-05-28 22:43:24,024] {dag.py:2927} INFO - Setting next_dagrun for example_python_operator to None, run_after=None
[2025-05-28 22:43:24,038] {processor.py:161} INFO - Processing /home/cunhaaw/Downloads/APITwitter/venv/lib/python3.9/site-packages/airflow/example_dags/example_python_operator.py took 0.084 seconds
[2025-05-28 22:44:01,498] {processor.py:153} INFO - Started process (PID=9492) to work on /home/cunhaaw/Downloads/APITwitter/venv/lib/python3.9/site-packages/airflow/example_dags/example_python_operator.py
[2025-05-28 22:44:01,500] {processor.py:641} INFO - Processing file /home/cunhaaw/Downloads/APITwitter/venv/lib/python3.9/site-packages/airflow/example_dags/example_python_operator.py for tasks to queue
[2025-05-28 22:44:01,501] {logging_mixin.py:115} INFO - [2025-05-28 22:44:01,501] {dagbag.py:507} INFO - Filling up the DagBag from /home/cunhaaw/Downloads/APITwitter/venv/lib/python3.9/site-packages/airflow/example_dags/example_python_operator.py
[2025-05-28 22:44:01,534] {logging_mixin.py:115} INFO - [2025-05-28 22:44:01,534] {example_python_operator.py:68} WARNING - The virtalenv_python example task requires virtualenv, please install it.
[2025-05-28 22:44:01,535] {processor.py:651} INFO - DAG(s) dict_keys(['example_python_operator']) retrieved from /home/cunhaaw/Downloads/APITwitter/venv/lib/python3.9/site-packages/airflow/example_dags/example_python_operator.py
[2025-05-28 22:44:01,558] {logging_mixin.py:115} INFO - [2025-05-28 22:44:01,558] {dag.py:2379} INFO - Sync 1 DAGs
[2025-05-28 22:44:01,582] {logging_mixin.py:115} INFO - [2025-05-28 22:44:01,582] {dag.py:2927} INFO - Setting next_dagrun for example_python_operator to None, run_after=None
[2025-05-28 22:44:01,600] {processor.py:161} INFO - Processing /home/cunhaaw/Downloads/APITwitter/venv/lib/python3.9/site-packages/airflow/example_dags/example_python_operator.py took 0.116 seconds
