[2025-05-28 22:34:42,038] {processor.py:153} INFO - Started process (PID=6446) to work on /home/cunhaaw/Downloads/APITwitter/venv/lib/python3.9/site-packages/airflow/example_dags/example_task_group_decorator.py
[2025-05-28 22:34:42,039] {processor.py:641} INFO - Processing file /home/cunhaaw/Downloads/APITwitter/venv/lib/python3.9/site-packages/airflow/example_dags/example_task_group_decorator.py for tasks to queue
[2025-05-28 22:34:42,040] {logging_mixin.py:115} INFO - [2025-05-28 22:34:42,040] {dagbag.py:507} INFO - Filling up the DagBag from /home/cunhaaw/Downloads/APITwitter/venv/lib/python3.9/site-packages/airflow/example_dags/example_task_group_decorator.py
[2025-05-28 22:34:42,069] {processor.py:651} INFO - DAG(s) dict_keys(['example_task_group_decorator']) retrieved from /home/cunhaaw/Downloads/APITwitter/venv/lib/python3.9/site-packages/airflow/example_dags/example_task_group_decorator.py
[2025-05-28 22:34:42,144] {logging_mixin.py:115} INFO - [2025-05-28 22:34:42,144] {manager.py:508} INFO - Created Permission View: can read on DAG:example_task_group_decorator
[2025-05-28 22:34:42,155] {logging_mixin.py:115} INFO - [2025-05-28 22:34:42,155] {manager.py:508} INFO - Created Permission View: can delete on DAG:example_task_group_decorator
[2025-05-28 22:34:42,165] {logging_mixin.py:115} INFO - [2025-05-28 22:34:42,165] {manager.py:508} INFO - Created Permission View: can edit on DAG:example_task_group_decorator
[2025-05-28 22:34:42,166] {logging_mixin.py:115} INFO - [2025-05-28 22:34:42,166] {dag.py:2379} INFO - Sync 1 DAGs
[2025-05-28 22:34:42,176] {logging_mixin.py:115} INFO - [2025-05-28 22:34:42,176] {dag.py:2398} INFO - Creating ORM DAG for example_task_group_decorator
[2025-05-28 22:34:42,186] {logging_mixin.py:115} INFO - [2025-05-28 22:34:42,186] {dag.py:2927} INFO - Setting next_dagrun for example_task_group_decorator to 2025-05-28T01:34:42.186293+00:00, run_after=2025-05-29T01:34:42.186293+00:00
[2025-05-28 22:34:42,204] {processor.py:161} INFO - Processing /home/cunhaaw/Downloads/APITwitter/venv/lib/python3.9/site-packages/airflow/example_dags/example_task_group_decorator.py took 0.173 seconds
[2025-05-28 22:35:23,226] {processor.py:153} INFO - Started process (PID=6490) to work on /home/cunhaaw/Downloads/APITwitter/venv/lib/python3.9/site-packages/airflow/example_dags/example_task_group_decorator.py
[2025-05-28 22:35:23,227] {processor.py:641} INFO - Processing file /home/cunhaaw/Downloads/APITwitter/venv/lib/python3.9/site-packages/airflow/example_dags/example_task_group_decorator.py for tasks to queue
[2025-05-28 22:35:23,228] {logging_mixin.py:115} INFO - [2025-05-28 22:35:23,228] {dagbag.py:507} INFO - Filling up the DagBag from /home/cunhaaw/Downloads/APITwitter/venv/lib/python3.9/site-packages/airflow/example_dags/example_task_group_decorator.py
[2025-05-28 22:35:23,280] {processor.py:651} INFO - DAG(s) dict_keys(['example_task_group_decorator']) retrieved from /home/cunhaaw/Downloads/APITwitter/venv/lib/python3.9/site-packages/airflow/example_dags/example_task_group_decorator.py
[2025-05-28 22:35:23,358] {logging_mixin.py:115} INFO - [2025-05-28 22:35:23,358] {dag.py:2379} INFO - Sync 1 DAGs
[2025-05-28 22:35:23,376] {logging_mixin.py:115} INFO - [2025-05-28 22:35:23,376] {dag.py:2927} INFO - Setting next_dagrun for example_task_group_decorator to 2025-05-28T01:35:23.376158+00:00, run_after=2025-05-29T01:35:23.376158+00:00
[2025-05-28 22:35:23,620] {processor.py:161} INFO - Processing /home/cunhaaw/Downloads/APITwitter/venv/lib/python3.9/site-packages/airflow/example_dags/example_task_group_decorator.py took 0.400 seconds
[2025-05-28 22:36:01,247] {processor.py:153} INFO - Started process (PID=6781) to work on /home/cunhaaw/Downloads/APITwitter/venv/lib/python3.9/site-packages/airflow/example_dags/example_task_group_decorator.py
[2025-05-28 22:36:01,248] {processor.py:641} INFO - Processing file /home/cunhaaw/Downloads/APITwitter/venv/lib/python3.9/site-packages/airflow/example_dags/example_task_group_decorator.py for tasks to queue
[2025-05-28 22:36:01,249] {logging_mixin.py:115} INFO - [2025-05-28 22:36:01,249] {dagbag.py:507} INFO - Filling up the DagBag from /home/cunhaaw/Downloads/APITwitter/venv/lib/python3.9/site-packages/airflow/example_dags/example_task_group_decorator.py
[2025-05-28 22:36:01,277] {processor.py:651} INFO - DAG(s) dict_keys(['example_task_group_decorator']) retrieved from /home/cunhaaw/Downloads/APITwitter/venv/lib/python3.9/site-packages/airflow/example_dags/example_task_group_decorator.py
[2025-05-28 22:36:01,305] {logging_mixin.py:115} INFO - [2025-05-28 22:36:01,305] {dag.py:2379} INFO - Sync 1 DAGs
[2025-05-28 22:36:01,331] {logging_mixin.py:115} INFO - [2025-05-28 22:36:01,331] {dag.py:2927} INFO - Setting next_dagrun for example_task_group_decorator to 2025-05-28T01:36:01.331514+00:00, run_after=2025-05-29T01:36:01.331514+00:00
[2025-05-28 22:36:01,349] {processor.py:161} INFO - Processing /home/cunhaaw/Downloads/APITwitter/venv/lib/python3.9/site-packages/airflow/example_dags/example_task_group_decorator.py took 0.108 seconds
[2025-05-28 22:36:37,310] {processor.py:153} INFO - Started process (PID=7096) to work on /home/cunhaaw/Downloads/APITwitter/venv/lib/python3.9/site-packages/airflow/example_dags/example_task_group_decorator.py
[2025-05-28 22:36:37,311] {processor.py:641} INFO - Processing file /home/cunhaaw/Downloads/APITwitter/venv/lib/python3.9/site-packages/airflow/example_dags/example_task_group_decorator.py for tasks to queue
[2025-05-28 22:36:37,312] {logging_mixin.py:115} INFO - [2025-05-28 22:36:37,312] {dagbag.py:507} INFO - Filling up the DagBag from /home/cunhaaw/Downloads/APITwitter/venv/lib/python3.9/site-packages/airflow/example_dags/example_task_group_decorator.py
[2025-05-28 22:36:37,348] {processor.py:651} INFO - DAG(s) dict_keys(['example_task_group_decorator']) retrieved from /home/cunhaaw/Downloads/APITwitter/venv/lib/python3.9/site-packages/airflow/example_dags/example_task_group_decorator.py
[2025-05-28 22:36:37,412] {logging_mixin.py:115} INFO - [2025-05-28 22:36:37,412] {dag.py:2379} INFO - Sync 1 DAGs
[2025-05-28 22:36:37,431] {logging_mixin.py:115} INFO - [2025-05-28 22:36:37,430] {dag.py:2927} INFO - Setting next_dagrun for example_task_group_decorator to 2025-05-28T01:36:37.430631+00:00, run_after=2025-05-29T01:36:37.430631+00:00
[2025-05-28 22:36:37,449] {processor.py:161} INFO - Processing /home/cunhaaw/Downloads/APITwitter/venv/lib/python3.9/site-packages/airflow/example_dags/example_task_group_decorator.py took 0.145 seconds
[2025-05-28 22:37:13,939] {processor.py:153} INFO - Started process (PID=7300) to work on /home/cunhaaw/Downloads/APITwitter/venv/lib/python3.9/site-packages/airflow/example_dags/example_task_group_decorator.py
[2025-05-28 22:37:13,940] {processor.py:641} INFO - Processing file /home/cunhaaw/Downloads/APITwitter/venv/lib/python3.9/site-packages/airflow/example_dags/example_task_group_decorator.py for tasks to queue
[2025-05-28 22:37:13,941] {logging_mixin.py:115} INFO - [2025-05-28 22:37:13,941] {dagbag.py:507} INFO - Filling up the DagBag from /home/cunhaaw/Downloads/APITwitter/venv/lib/python3.9/site-packages/airflow/example_dags/example_task_group_decorator.py
[2025-05-28 22:37:13,972] {processor.py:651} INFO - DAG(s) dict_keys(['example_task_group_decorator']) retrieved from /home/cunhaaw/Downloads/APITwitter/venv/lib/python3.9/site-packages/airflow/example_dags/example_task_group_decorator.py
[2025-05-28 22:37:14,034] {logging_mixin.py:115} INFO - [2025-05-28 22:37:14,034] {dag.py:2379} INFO - Sync 1 DAGs
[2025-05-28 22:37:14,054] {logging_mixin.py:115} INFO - [2025-05-28 22:37:14,054] {dag.py:2927} INFO - Setting next_dagrun for example_task_group_decorator to 2025-05-28T01:37:14.053835+00:00, run_after=2025-05-29T01:37:14.053835+00:00
[2025-05-28 22:37:14,070] {processor.py:161} INFO - Processing /home/cunhaaw/Downloads/APITwitter/venv/lib/python3.9/site-packages/airflow/example_dags/example_task_group_decorator.py took 0.138 seconds
[2025-05-28 22:37:50,108] {processor.py:153} INFO - Started process (PID=7343) to work on /home/cunhaaw/Downloads/APITwitter/venv/lib/python3.9/site-packages/airflow/example_dags/example_task_group_decorator.py
[2025-05-28 22:37:50,111] {processor.py:641} INFO - Processing file /home/cunhaaw/Downloads/APITwitter/venv/lib/python3.9/site-packages/airflow/example_dags/example_task_group_decorator.py for tasks to queue
[2025-05-28 22:37:50,113] {logging_mixin.py:115} INFO - [2025-05-28 22:37:50,113] {dagbag.py:507} INFO - Filling up the DagBag from /home/cunhaaw/Downloads/APITwitter/venv/lib/python3.9/site-packages/airflow/example_dags/example_task_group_decorator.py
[2025-05-28 22:37:50,203] {processor.py:651} INFO - DAG(s) dict_keys(['example_task_group_decorator']) retrieved from /home/cunhaaw/Downloads/APITwitter/venv/lib/python3.9/site-packages/airflow/example_dags/example_task_group_decorator.py
[2025-05-28 22:37:50,263] {logging_mixin.py:115} INFO - [2025-05-28 22:37:50,262] {dag.py:2379} INFO - Sync 1 DAGs
[2025-05-28 22:37:50,310] {logging_mixin.py:115} INFO - [2025-05-28 22:37:50,309] {dag.py:2927} INFO - Setting next_dagrun for example_task_group_decorator to 2025-05-28T01:37:50.308577+00:00, run_after=2025-05-29T01:37:50.308577+00:00
[2025-05-28 22:37:50,336] {processor.py:161} INFO - Processing /home/cunhaaw/Downloads/APITwitter/venv/lib/python3.9/site-packages/airflow/example_dags/example_task_group_decorator.py took 0.238 seconds
[2025-05-28 22:38:27,636] {processor.py:153} INFO - Started process (PID=7538) to work on /home/cunhaaw/Downloads/APITwitter/venv/lib/python3.9/site-packages/airflow/example_dags/example_task_group_decorator.py
[2025-05-28 22:38:27,637] {processor.py:641} INFO - Processing file /home/cunhaaw/Downloads/APITwitter/venv/lib/python3.9/site-packages/airflow/example_dags/example_task_group_decorator.py for tasks to queue
[2025-05-28 22:38:27,638] {logging_mixin.py:115} INFO - [2025-05-28 22:38:27,637] {dagbag.py:507} INFO - Filling up the DagBag from /home/cunhaaw/Downloads/APITwitter/venv/lib/python3.9/site-packages/airflow/example_dags/example_task_group_decorator.py
[2025-05-28 22:38:27,668] {processor.py:651} INFO - DAG(s) dict_keys(['example_task_group_decorator']) retrieved from /home/cunhaaw/Downloads/APITwitter/venv/lib/python3.9/site-packages/airflow/example_dags/example_task_group_decorator.py
[2025-05-28 22:38:27,723] {logging_mixin.py:115} INFO - [2025-05-28 22:38:27,722] {dag.py:2379} INFO - Sync 1 DAGs
[2025-05-28 22:38:27,740] {logging_mixin.py:115} INFO - [2025-05-28 22:38:27,740] {dag.py:2927} INFO - Setting next_dagrun for example_task_group_decorator to 2025-05-28T01:38:27.740385+00:00, run_after=2025-05-29T01:38:27.740385+00:00
[2025-05-28 22:38:27,756] {processor.py:161} INFO - Processing /home/cunhaaw/Downloads/APITwitter/venv/lib/python3.9/site-packages/airflow/example_dags/example_task_group_decorator.py took 0.126 seconds
[2025-05-28 22:39:09,472] {processor.py:153} INFO - Started process (PID=7818) to work on /home/cunhaaw/Downloads/APITwitter/venv/lib/python3.9/site-packages/airflow/example_dags/example_task_group_decorator.py
[2025-05-28 22:39:09,474] {processor.py:641} INFO - Processing file /home/cunhaaw/Downloads/APITwitter/venv/lib/python3.9/site-packages/airflow/example_dags/example_task_group_decorator.py for tasks to queue
[2025-05-28 22:39:09,475] {logging_mixin.py:115} INFO - [2025-05-28 22:39:09,475] {dagbag.py:507} INFO - Filling up the DagBag from /home/cunhaaw/Downloads/APITwitter/venv/lib/python3.9/site-packages/airflow/example_dags/example_task_group_decorator.py
[2025-05-28 22:39:09,558] {processor.py:651} INFO - DAG(s) dict_keys(['example_task_group_decorator']) retrieved from /home/cunhaaw/Downloads/APITwitter/venv/lib/python3.9/site-packages/airflow/example_dags/example_task_group_decorator.py
[2025-05-28 22:39:09,729] {logging_mixin.py:115} INFO - [2025-05-28 22:39:09,728] {dag.py:2379} INFO - Sync 1 DAGs
[2025-05-28 22:39:09,768] {logging_mixin.py:115} INFO - [2025-05-28 22:39:09,768] {dag.py:2927} INFO - Setting next_dagrun for example_task_group_decorator to 2025-05-28T01:39:09.767608+00:00, run_after=2025-05-29T01:39:09.767608+00:00
[2025-05-28 22:39:09,803] {processor.py:161} INFO - Processing /home/cunhaaw/Downloads/APITwitter/venv/lib/python3.9/site-packages/airflow/example_dags/example_task_group_decorator.py took 0.341 seconds
[2025-05-28 22:39:46,056] {processor.py:153} INFO - Started process (PID=7973) to work on /home/cunhaaw/Downloads/APITwitter/venv/lib/python3.9/site-packages/airflow/example_dags/example_task_group_decorator.py
[2025-05-28 22:39:46,059] {processor.py:641} INFO - Processing file /home/cunhaaw/Downloads/APITwitter/venv/lib/python3.9/site-packages/airflow/example_dags/example_task_group_decorator.py for tasks to queue
[2025-05-28 22:39:46,061] {logging_mixin.py:115} INFO - [2025-05-28 22:39:46,061] {dagbag.py:507} INFO - Filling up the DagBag from /home/cunhaaw/Downloads/APITwitter/venv/lib/python3.9/site-packages/airflow/example_dags/example_task_group_decorator.py
[2025-05-28 22:39:46,147] {processor.py:651} INFO - DAG(s) dict_keys(['example_task_group_decorator']) retrieved from /home/cunhaaw/Downloads/APITwitter/venv/lib/python3.9/site-packages/airflow/example_dags/example_task_group_decorator.py
[2025-05-28 22:39:46,196] {logging_mixin.py:115} INFO - [2025-05-28 22:39:46,195] {dag.py:2379} INFO - Sync 1 DAGs
[2025-05-28 22:39:46,241] {logging_mixin.py:115} INFO - [2025-05-28 22:39:46,240] {dag.py:2927} INFO - Setting next_dagrun for example_task_group_decorator to 2025-05-28T01:39:46.239935+00:00, run_after=2025-05-29T01:39:46.239935+00:00
[2025-05-28 22:39:46,274] {processor.py:161} INFO - Processing /home/cunhaaw/Downloads/APITwitter/venv/lib/python3.9/site-packages/airflow/example_dags/example_task_group_decorator.py took 0.232 seconds
[2025-05-28 22:40:22,777] {processor.py:153} INFO - Started process (PID=8116) to work on /home/cunhaaw/Downloads/APITwitter/venv/lib/python3.9/site-packages/airflow/example_dags/example_task_group_decorator.py
[2025-05-28 22:40:22,779] {processor.py:641} INFO - Processing file /home/cunhaaw/Downloads/APITwitter/venv/lib/python3.9/site-packages/airflow/example_dags/example_task_group_decorator.py for tasks to queue
[2025-05-28 22:40:22,780] {logging_mixin.py:115} INFO - [2025-05-28 22:40:22,780] {dagbag.py:507} INFO - Filling up the DagBag from /home/cunhaaw/Downloads/APITwitter/venv/lib/python3.9/site-packages/airflow/example_dags/example_task_group_decorator.py
[2025-05-28 22:40:22,860] {processor.py:651} INFO - DAG(s) dict_keys(['example_task_group_decorator']) retrieved from /home/cunhaaw/Downloads/APITwitter/venv/lib/python3.9/site-packages/airflow/example_dags/example_task_group_decorator.py
[2025-05-28 22:40:22,914] {logging_mixin.py:115} INFO - [2025-05-28 22:40:22,914] {dag.py:2379} INFO - Sync 1 DAGs
[2025-05-28 22:40:22,942] {logging_mixin.py:115} INFO - [2025-05-28 22:40:22,942] {dag.py:2927} INFO - Setting next_dagrun for example_task_group_decorator to 2025-05-28T01:40:22.941892+00:00, run_after=2025-05-29T01:40:22.941892+00:00
[2025-05-28 22:40:22,971] {processor.py:161} INFO - Processing /home/cunhaaw/Downloads/APITwitter/venv/lib/python3.9/site-packages/airflow/example_dags/example_task_group_decorator.py took 0.205 seconds
[2025-05-28 22:41:01,006] {processor.py:153} INFO - Started process (PID=8267) to work on /home/cunhaaw/Downloads/APITwitter/venv/lib/python3.9/site-packages/airflow/example_dags/example_task_group_decorator.py
[2025-05-28 22:41:01,007] {processor.py:641} INFO - Processing file /home/cunhaaw/Downloads/APITwitter/venv/lib/python3.9/site-packages/airflow/example_dags/example_task_group_decorator.py for tasks to queue
[2025-05-28 22:41:01,008] {logging_mixin.py:115} INFO - [2025-05-28 22:41:01,008] {dagbag.py:507} INFO - Filling up the DagBag from /home/cunhaaw/Downloads/APITwitter/venv/lib/python3.9/site-packages/airflow/example_dags/example_task_group_decorator.py
[2025-05-28 22:41:01,043] {processor.py:651} INFO - DAG(s) dict_keys(['example_task_group_decorator']) retrieved from /home/cunhaaw/Downloads/APITwitter/venv/lib/python3.9/site-packages/airflow/example_dags/example_task_group_decorator.py
[2025-05-28 22:41:01,100] {logging_mixin.py:115} INFO - [2025-05-28 22:41:01,100] {dag.py:2379} INFO - Sync 1 DAGs
[2025-05-28 22:41:01,119] {logging_mixin.py:115} INFO - [2025-05-28 22:41:01,119] {dag.py:2927} INFO - Setting next_dagrun for example_task_group_decorator to 2025-05-28T01:41:01.118830+00:00, run_after=2025-05-29T01:41:01.118830+00:00
[2025-05-28 22:41:01,135] {processor.py:161} INFO - Processing /home/cunhaaw/Downloads/APITwitter/venv/lib/python3.9/site-packages/airflow/example_dags/example_task_group_decorator.py took 0.134 seconds
[2025-05-28 22:41:41,085] {processor.py:153} INFO - Started process (PID=8697) to work on /home/cunhaaw/Downloads/APITwitter/venv/lib/python3.9/site-packages/airflow/example_dags/example_task_group_decorator.py
[2025-05-28 22:41:41,086] {processor.py:641} INFO - Processing file /home/cunhaaw/Downloads/APITwitter/venv/lib/python3.9/site-packages/airflow/example_dags/example_task_group_decorator.py for tasks to queue
[2025-05-28 22:41:41,086] {logging_mixin.py:115} INFO - [2025-05-28 22:41:41,086] {dagbag.py:507} INFO - Filling up the DagBag from /home/cunhaaw/Downloads/APITwitter/venv/lib/python3.9/site-packages/airflow/example_dags/example_task_group_decorator.py
[2025-05-28 22:41:41,123] {processor.py:651} INFO - DAG(s) dict_keys(['example_task_group_decorator']) retrieved from /home/cunhaaw/Downloads/APITwitter/venv/lib/python3.9/site-packages/airflow/example_dags/example_task_group_decorator.py
[2025-05-28 22:41:41,193] {logging_mixin.py:115} INFO - [2025-05-28 22:41:41,193] {dag.py:2379} INFO - Sync 1 DAGs
[2025-05-28 22:41:41,216] {logging_mixin.py:115} INFO - [2025-05-28 22:41:41,215] {dag.py:2927} INFO - Setting next_dagrun for example_task_group_decorator to 2025-05-28T01:41:41.215576+00:00, run_after=2025-05-29T01:41:41.215576+00:00
[2025-05-28 22:41:41,232] {processor.py:161} INFO - Processing /home/cunhaaw/Downloads/APITwitter/venv/lib/python3.9/site-packages/airflow/example_dags/example_task_group_decorator.py took 0.152 seconds
[2025-05-28 22:42:18,736] {processor.py:153} INFO - Started process (PID=8971) to work on /home/cunhaaw/Downloads/APITwitter/venv/lib/python3.9/site-packages/airflow/example_dags/example_task_group_decorator.py
[2025-05-28 22:42:18,738] {processor.py:641} INFO - Processing file /home/cunhaaw/Downloads/APITwitter/venv/lib/python3.9/site-packages/airflow/example_dags/example_task_group_decorator.py for tasks to queue
[2025-05-28 22:42:18,739] {logging_mixin.py:115} INFO - [2025-05-28 22:42:18,739] {dagbag.py:507} INFO - Filling up the DagBag from /home/cunhaaw/Downloads/APITwitter/venv/lib/python3.9/site-packages/airflow/example_dags/example_task_group_decorator.py
[2025-05-28 22:42:18,790] {processor.py:651} INFO - DAG(s) dict_keys(['example_task_group_decorator']) retrieved from /home/cunhaaw/Downloads/APITwitter/venv/lib/python3.9/site-packages/airflow/example_dags/example_task_group_decorator.py
[2025-05-28 22:42:18,812] {logging_mixin.py:115} INFO - [2025-05-28 22:42:18,812] {dag.py:2379} INFO - Sync 1 DAGs
[2025-05-28 22:42:18,833] {logging_mixin.py:115} INFO - [2025-05-28 22:42:18,833] {dag.py:2927} INFO - Setting next_dagrun for example_task_group_decorator to 2025-05-28T01:42:18.833301+00:00, run_after=2025-05-29T01:42:18.833301+00:00
[2025-05-28 22:42:18,850] {processor.py:161} INFO - Processing /home/cunhaaw/Downloads/APITwitter/venv/lib/python3.9/site-packages/airflow/example_dags/example_task_group_decorator.py took 0.124 seconds
[2025-05-28 22:42:54,185] {processor.py:153} INFO - Started process (PID=9243) to work on /home/cunhaaw/Downloads/APITwitter/venv/lib/python3.9/site-packages/airflow/example_dags/example_task_group_decorator.py
[2025-05-28 22:42:54,187] {processor.py:641} INFO - Processing file /home/cunhaaw/Downloads/APITwitter/venv/lib/python3.9/site-packages/airflow/example_dags/example_task_group_decorator.py for tasks to queue
[2025-05-28 22:42:54,190] {logging_mixin.py:115} INFO - [2025-05-28 22:42:54,190] {dagbag.py:507} INFO - Filling up the DagBag from /home/cunhaaw/Downloads/APITwitter/venv/lib/python3.9/site-packages/airflow/example_dags/example_task_group_decorator.py
[2025-05-28 22:42:54,264] {processor.py:651} INFO - DAG(s) dict_keys(['example_task_group_decorator']) retrieved from /home/cunhaaw/Downloads/APITwitter/venv/lib/python3.9/site-packages/airflow/example_dags/example_task_group_decorator.py
[2025-05-28 22:42:54,323] {logging_mixin.py:115} INFO - [2025-05-28 22:42:54,323] {dag.py:2379} INFO - Sync 1 DAGs
[2025-05-28 22:42:54,391] {logging_mixin.py:115} INFO - [2025-05-28 22:42:54,390] {dag.py:2927} INFO - Setting next_dagrun for example_task_group_decorator to 2025-05-28T01:42:54.389943+00:00, run_after=2025-05-29T01:42:54.389943+00:00
[2025-05-28 22:42:54,462] {processor.py:161} INFO - Processing /home/cunhaaw/Downloads/APITwitter/venv/lib/python3.9/site-packages/airflow/example_dags/example_task_group_decorator.py took 0.283 seconds
[2025-05-28 22:43:30,274] {processor.py:153} INFO - Started process (PID=9362) to work on /home/cunhaaw/Downloads/APITwitter/venv/lib/python3.9/site-packages/airflow/example_dags/example_task_group_decorator.py
[2025-05-28 22:43:30,277] {processor.py:641} INFO - Processing file /home/cunhaaw/Downloads/APITwitter/venv/lib/python3.9/site-packages/airflow/example_dags/example_task_group_decorator.py for tasks to queue
[2025-05-28 22:43:30,278] {logging_mixin.py:115} INFO - [2025-05-28 22:43:30,277] {dagbag.py:507} INFO - Filling up the DagBag from /home/cunhaaw/Downloads/APITwitter/venv/lib/python3.9/site-packages/airflow/example_dags/example_task_group_decorator.py
[2025-05-28 22:43:30,337] {processor.py:651} INFO - DAG(s) dict_keys(['example_task_group_decorator']) retrieved from /home/cunhaaw/Downloads/APITwitter/venv/lib/python3.9/site-packages/airflow/example_dags/example_task_group_decorator.py
[2025-05-28 22:43:30,431] {logging_mixin.py:115} INFO - [2025-05-28 22:43:30,431] {dag.py:2379} INFO - Sync 1 DAGs
[2025-05-28 22:43:30,466] {logging_mixin.py:115} INFO - [2025-05-28 22:43:30,466] {dag.py:2927} INFO - Setting next_dagrun for example_task_group_decorator to 2025-05-28T01:43:30.465934+00:00, run_after=2025-05-29T01:43:30.465934+00:00
[2025-05-28 22:43:30,484] {processor.py:161} INFO - Processing /home/cunhaaw/Downloads/APITwitter/venv/lib/python3.9/site-packages/airflow/example_dags/example_task_group_decorator.py took 0.225 seconds
[2025-05-28 22:44:11,245] {processor.py:153} INFO - Started process (PID=9525) to work on /home/cunhaaw/Downloads/APITwitter/venv/lib/python3.9/site-packages/airflow/example_dags/example_task_group_decorator.py
[2025-05-28 22:44:11,246] {processor.py:641} INFO - Processing file /home/cunhaaw/Downloads/APITwitter/venv/lib/python3.9/site-packages/airflow/example_dags/example_task_group_decorator.py for tasks to queue
[2025-05-28 22:44:11,247] {logging_mixin.py:115} INFO - [2025-05-28 22:44:11,247] {dagbag.py:507} INFO - Filling up the DagBag from /home/cunhaaw/Downloads/APITwitter/venv/lib/python3.9/site-packages/airflow/example_dags/example_task_group_decorator.py
[2025-05-28 22:44:11,290] {processor.py:651} INFO - DAG(s) dict_keys(['example_task_group_decorator']) retrieved from /home/cunhaaw/Downloads/APITwitter/venv/lib/python3.9/site-packages/airflow/example_dags/example_task_group_decorator.py
[2025-05-28 22:44:11,345] {logging_mixin.py:115} INFO - [2025-05-28 22:44:11,345] {dag.py:2379} INFO - Sync 1 DAGs
[2025-05-28 22:44:11,362] {logging_mixin.py:115} INFO - [2025-05-28 22:44:11,362] {dag.py:2927} INFO - Setting next_dagrun for example_task_group_decorator to 2025-05-28T01:44:11.362389+00:00, run_after=2025-05-29T01:44:11.362389+00:00
[2025-05-28 22:44:11,378] {processor.py:161} INFO - Processing /home/cunhaaw/Downloads/APITwitter/venv/lib/python3.9/site-packages/airflow/example_dags/example_task_group_decorator.py took 0.138 seconds
