[2025-05-28 22:34:10,922] {processor.py:153} INFO - Started process (PID=6131) to work on /home/cunhaaw/Downloads/APITwitter/venv/lib/python3.9/site-packages/airflow/example_dags/tutorial_taskflow_api_etl.py
[2025-05-28 22:34:10,923] {processor.py:641} INFO - Processing file /home/cunhaaw/Downloads/APITwitter/venv/lib/python3.9/site-packages/airflow/example_dags/tutorial_taskflow_api_etl.py for tasks to queue
[2025-05-28 22:34:10,925] {logging_mixin.py:115} INFO - [2025-05-28 22:34:10,924] {dagbag.py:507} INFO - Filling up the DagBag from /home/cunhaaw/Downloads/APITwitter/venv/lib/python3.9/site-packages/airflow/example_dags/tutorial_taskflow_api_etl.py
[2025-05-28 22:34:11,055] {processor.py:651} INFO - DAG(s) dict_keys(['tutorial_taskflow_api_etl']) retrieved from /home/cunhaaw/Downloads/APITwitter/venv/lib/python3.9/site-packages/airflow/example_dags/tutorial_taskflow_api_etl.py
[2025-05-28 22:34:11,686] {logging_mixin.py:115} INFO - [2025-05-28 22:34:11,686] {manager.py:508} INFO - Created Permission View: can read on DAG:tutorial_taskflow_api_etl
[2025-05-28 22:34:11,770] {logging_mixin.py:115} INFO - [2025-05-28 22:34:11,770] {manager.py:508} INFO - Created Permission View: can delete on DAG:tutorial_taskflow_api_etl
[2025-05-28 22:34:11,854] {logging_mixin.py:115} INFO - [2025-05-28 22:34:11,853] {manager.py:508} INFO - Created Permission View: can edit on DAG:tutorial_taskflow_api_etl
[2025-05-28 22:34:11,854] {logging_mixin.py:115} INFO - [2025-05-28 22:34:11,854] {dag.py:2379} INFO - Sync 1 DAGs
[2025-05-28 22:34:11,880] {logging_mixin.py:115} INFO - [2025-05-28 22:34:11,880] {dag.py:2398} INFO - Creating ORM DAG for tutorial_taskflow_api_etl
[2025-05-28 22:34:11,912] {logging_mixin.py:115} INFO - [2025-05-28 22:34:11,901] {dag.py:2927} INFO - Setting next_dagrun for tutorial_taskflow_api_etl to None, run_after=None
[2025-05-28 22:34:12,019] {processor.py:161} INFO - Processing /home/cunhaaw/Downloads/APITwitter/venv/lib/python3.9/site-packages/airflow/example_dags/tutorial_taskflow_api_etl.py took 1.128 seconds
[2025-05-28 22:35:06,203] {processor.py:153} INFO - Started process (PID=6474) to work on /home/cunhaaw/Downloads/APITwitter/venv/lib/python3.9/site-packages/airflow/example_dags/tutorial_taskflow_api_etl.py
[2025-05-28 22:35:06,205] {processor.py:641} INFO - Processing file /home/cunhaaw/Downloads/APITwitter/venv/lib/python3.9/site-packages/airflow/example_dags/tutorial_taskflow_api_etl.py for tasks to queue
[2025-05-28 22:35:06,205] {logging_mixin.py:115} INFO - [2025-05-28 22:35:06,205] {dagbag.py:507} INFO - Filling up the DagBag from /home/cunhaaw/Downloads/APITwitter/venv/lib/python3.9/site-packages/airflow/example_dags/tutorial_taskflow_api_etl.py
[2025-05-28 22:35:06,225] {processor.py:651} INFO - DAG(s) dict_keys(['tutorial_taskflow_api_etl']) retrieved from /home/cunhaaw/Downloads/APITwitter/venv/lib/python3.9/site-packages/airflow/example_dags/tutorial_taskflow_api_etl.py
[2025-05-28 22:35:06,279] {logging_mixin.py:115} INFO - [2025-05-28 22:35:06,279] {dag.py:2379} INFO - Sync 1 DAGs
[2025-05-28 22:35:06,296] {logging_mixin.py:115} INFO - [2025-05-28 22:35:06,296] {dag.py:2927} INFO - Setting next_dagrun for tutorial_taskflow_api_etl to None, run_after=None
[2025-05-28 22:35:06,310] {processor.py:161} INFO - Processing /home/cunhaaw/Downloads/APITwitter/venv/lib/python3.9/site-packages/airflow/example_dags/tutorial_taskflow_api_etl.py took 0.113 seconds
[2025-05-28 22:35:40,285] {processor.py:153} INFO - Started process (PID=6638) to work on /home/cunhaaw/Downloads/APITwitter/venv/lib/python3.9/site-packages/airflow/example_dags/tutorial_taskflow_api_etl.py
[2025-05-28 22:35:40,288] {processor.py:641} INFO - Processing file /home/cunhaaw/Downloads/APITwitter/venv/lib/python3.9/site-packages/airflow/example_dags/tutorial_taskflow_api_etl.py for tasks to queue
[2025-05-28 22:35:40,289] {logging_mixin.py:115} INFO - [2025-05-28 22:35:40,289] {dagbag.py:507} INFO - Filling up the DagBag from /home/cunhaaw/Downloads/APITwitter/venv/lib/python3.9/site-packages/airflow/example_dags/tutorial_taskflow_api_etl.py
[2025-05-28 22:35:40,323] {processor.py:651} INFO - DAG(s) dict_keys(['tutorial_taskflow_api_etl']) retrieved from /home/cunhaaw/Downloads/APITwitter/venv/lib/python3.9/site-packages/airflow/example_dags/tutorial_taskflow_api_etl.py
[2025-05-28 22:35:40,415] {logging_mixin.py:115} INFO - [2025-05-28 22:35:40,415] {dag.py:2379} INFO - Sync 1 DAGs
[2025-05-28 22:35:40,445] {logging_mixin.py:115} INFO - [2025-05-28 22:35:40,445] {dag.py:2927} INFO - Setting next_dagrun for tutorial_taskflow_api_etl to None, run_after=None
[2025-05-28 22:35:40,471] {processor.py:161} INFO - Processing /home/cunhaaw/Downloads/APITwitter/venv/lib/python3.9/site-packages/airflow/example_dags/tutorial_taskflow_api_etl.py took 0.193 seconds
[2025-05-28 22:36:17,719] {processor.py:153} INFO - Started process (PID=6968) to work on /home/cunhaaw/Downloads/APITwitter/venv/lib/python3.9/site-packages/airflow/example_dags/tutorial_taskflow_api_etl.py
[2025-05-28 22:36:17,721] {processor.py:641} INFO - Processing file /home/cunhaaw/Downloads/APITwitter/venv/lib/python3.9/site-packages/airflow/example_dags/tutorial_taskflow_api_etl.py for tasks to queue
[2025-05-28 22:36:17,721] {logging_mixin.py:115} INFO - [2025-05-28 22:36:17,721] {dagbag.py:507} INFO - Filling up the DagBag from /home/cunhaaw/Downloads/APITwitter/venv/lib/python3.9/site-packages/airflow/example_dags/tutorial_taskflow_api_etl.py
[2025-05-28 22:36:17,743] {processor.py:651} INFO - DAG(s) dict_keys(['tutorial_taskflow_api_etl']) retrieved from /home/cunhaaw/Downloads/APITwitter/venv/lib/python3.9/site-packages/airflow/example_dags/tutorial_taskflow_api_etl.py
[2025-05-28 22:36:17,798] {logging_mixin.py:115} INFO - [2025-05-28 22:36:17,798] {dag.py:2379} INFO - Sync 1 DAGs
[2025-05-28 22:36:17,816] {logging_mixin.py:115} INFO - [2025-05-28 22:36:17,816] {dag.py:2927} INFO - Setting next_dagrun for tutorial_taskflow_api_etl to None, run_after=None
[2025-05-28 22:36:17,833] {processor.py:161} INFO - Processing /home/cunhaaw/Downloads/APITwitter/venv/lib/python3.9/site-packages/airflow/example_dags/tutorial_taskflow_api_etl.py took 0.120 seconds
[2025-05-28 22:36:48,799] {processor.py:153} INFO - Started process (PID=7161) to work on /home/cunhaaw/Downloads/APITwitter/venv/lib/python3.9/site-packages/airflow/example_dags/tutorial_taskflow_api_etl.py
[2025-05-28 22:36:48,801] {processor.py:641} INFO - Processing file /home/cunhaaw/Downloads/APITwitter/venv/lib/python3.9/site-packages/airflow/example_dags/tutorial_taskflow_api_etl.py for tasks to queue
[2025-05-28 22:36:48,802] {logging_mixin.py:115} INFO - [2025-05-28 22:36:48,801] {dagbag.py:507} INFO - Filling up the DagBag from /home/cunhaaw/Downloads/APITwitter/venv/lib/python3.9/site-packages/airflow/example_dags/tutorial_taskflow_api_etl.py
[2025-05-28 22:36:48,823] {processor.py:651} INFO - DAG(s) dict_keys(['tutorial_taskflow_api_etl']) retrieved from /home/cunhaaw/Downloads/APITwitter/venv/lib/python3.9/site-packages/airflow/example_dags/tutorial_taskflow_api_etl.py
[2025-05-28 22:36:48,842] {logging_mixin.py:115} INFO - [2025-05-28 22:36:48,842] {dag.py:2379} INFO - Sync 1 DAGs
[2025-05-28 22:36:48,861] {logging_mixin.py:115} INFO - [2025-05-28 22:36:48,861] {dag.py:2927} INFO - Setting next_dagrun for tutorial_taskflow_api_etl to None, run_after=None
[2025-05-28 22:36:48,873] {processor.py:161} INFO - Processing /home/cunhaaw/Downloads/APITwitter/venv/lib/python3.9/site-packages/airflow/example_dags/tutorial_taskflow_api_etl.py took 0.083 seconds
[2025-05-28 22:37:18,962] {processor.py:153} INFO - Started process (PID=7307) to work on /home/cunhaaw/Downloads/APITwitter/venv/lib/python3.9/site-packages/airflow/example_dags/tutorial_taskflow_api_etl.py
[2025-05-28 22:37:18,964] {processor.py:641} INFO - Processing file /home/cunhaaw/Downloads/APITwitter/venv/lib/python3.9/site-packages/airflow/example_dags/tutorial_taskflow_api_etl.py for tasks to queue
[2025-05-28 22:37:18,964] {logging_mixin.py:115} INFO - [2025-05-28 22:37:18,964] {dagbag.py:507} INFO - Filling up the DagBag from /home/cunhaaw/Downloads/APITwitter/venv/lib/python3.9/site-packages/airflow/example_dags/tutorial_taskflow_api_etl.py
[2025-05-28 22:37:18,985] {processor.py:651} INFO - DAG(s) dict_keys(['tutorial_taskflow_api_etl']) retrieved from /home/cunhaaw/Downloads/APITwitter/venv/lib/python3.9/site-packages/airflow/example_dags/tutorial_taskflow_api_etl.py
[2025-05-28 22:37:19,038] {logging_mixin.py:115} INFO - [2025-05-28 22:37:19,038] {dag.py:2379} INFO - Sync 1 DAGs
[2025-05-28 22:37:19,061] {logging_mixin.py:115} INFO - [2025-05-28 22:37:19,061] {dag.py:2927} INFO - Setting next_dagrun for tutorial_taskflow_api_etl to None, run_after=None
[2025-05-28 22:37:19,079] {processor.py:161} INFO - Processing /home/cunhaaw/Downloads/APITwitter/venv/lib/python3.9/site-packages/airflow/example_dags/tutorial_taskflow_api_etl.py took 0.121 seconds
[2025-05-28 22:37:53,562] {processor.py:153} INFO - Started process (PID=7369) to work on /home/cunhaaw/Downloads/APITwitter/venv/lib/python3.9/site-packages/airflow/example_dags/tutorial_taskflow_api_etl.py
[2025-05-28 22:37:53,565] {processor.py:641} INFO - Processing file /home/cunhaaw/Downloads/APITwitter/venv/lib/python3.9/site-packages/airflow/example_dags/tutorial_taskflow_api_etl.py for tasks to queue
[2025-05-28 22:37:53,567] {logging_mixin.py:115} INFO - [2025-05-28 22:37:53,567] {dagbag.py:507} INFO - Filling up the DagBag from /home/cunhaaw/Downloads/APITwitter/venv/lib/python3.9/site-packages/airflow/example_dags/tutorial_taskflow_api_etl.py
[2025-05-28 22:37:53,652] {processor.py:651} INFO - DAG(s) dict_keys(['tutorial_taskflow_api_etl']) retrieved from /home/cunhaaw/Downloads/APITwitter/venv/lib/python3.9/site-packages/airflow/example_dags/tutorial_taskflow_api_etl.py
[2025-05-28 22:37:53,695] {logging_mixin.py:115} INFO - [2025-05-28 22:37:53,695] {dag.py:2379} INFO - Sync 1 DAGs
[2025-05-28 22:37:53,745] {logging_mixin.py:115} INFO - [2025-05-28 22:37:53,745] {dag.py:2927} INFO - Setting next_dagrun for tutorial_taskflow_api_etl to None, run_after=None
[2025-05-28 22:37:53,780] {processor.py:161} INFO - Processing /home/cunhaaw/Downloads/APITwitter/venv/lib/python3.9/site-packages/airflow/example_dags/tutorial_taskflow_api_etl.py took 0.252 seconds
[2025-05-28 22:38:31,193] {processor.py:153} INFO - Started process (PID=7592) to work on /home/cunhaaw/Downloads/APITwitter/venv/lib/python3.9/site-packages/airflow/example_dags/tutorial_taskflow_api_etl.py
[2025-05-28 22:38:31,195] {processor.py:641} INFO - Processing file /home/cunhaaw/Downloads/APITwitter/venv/lib/python3.9/site-packages/airflow/example_dags/tutorial_taskflow_api_etl.py for tasks to queue
[2025-05-28 22:38:31,196] {logging_mixin.py:115} INFO - [2025-05-28 22:38:31,196] {dagbag.py:507} INFO - Filling up the DagBag from /home/cunhaaw/Downloads/APITwitter/venv/lib/python3.9/site-packages/airflow/example_dags/tutorial_taskflow_api_etl.py
[2025-05-28 22:38:31,221] {processor.py:651} INFO - DAG(s) dict_keys(['tutorial_taskflow_api_etl']) retrieved from /home/cunhaaw/Downloads/APITwitter/venv/lib/python3.9/site-packages/airflow/example_dags/tutorial_taskflow_api_etl.py
[2025-05-28 22:38:31,299] {logging_mixin.py:115} INFO - [2025-05-28 22:38:31,299] {dag.py:2379} INFO - Sync 1 DAGs
[2025-05-28 22:38:31,324] {logging_mixin.py:115} INFO - [2025-05-28 22:38:31,324] {dag.py:2927} INFO - Setting next_dagrun for tutorial_taskflow_api_etl to None, run_after=None
[2025-05-28 22:38:31,342] {processor.py:161} INFO - Processing /home/cunhaaw/Downloads/APITwitter/venv/lib/python3.9/site-packages/airflow/example_dags/tutorial_taskflow_api_etl.py took 0.155 seconds
[2025-05-28 22:39:07,848] {processor.py:153} INFO - Started process (PID=7797) to work on /home/cunhaaw/Downloads/APITwitter/venv/lib/python3.9/site-packages/airflow/example_dags/tutorial_taskflow_api_etl.py
[2025-05-28 22:39:07,852] {processor.py:641} INFO - Processing file /home/cunhaaw/Downloads/APITwitter/venv/lib/python3.9/site-packages/airflow/example_dags/tutorial_taskflow_api_etl.py for tasks to queue
[2025-05-28 22:39:07,853] {logging_mixin.py:115} INFO - [2025-05-28 22:39:07,853] {dagbag.py:507} INFO - Filling up the DagBag from /home/cunhaaw/Downloads/APITwitter/venv/lib/python3.9/site-packages/airflow/example_dags/tutorial_taskflow_api_etl.py
[2025-05-28 22:39:07,942] {processor.py:651} INFO - DAG(s) dict_keys(['tutorial_taskflow_api_etl']) retrieved from /home/cunhaaw/Downloads/APITwitter/venv/lib/python3.9/site-packages/airflow/example_dags/tutorial_taskflow_api_etl.py
[2025-05-28 22:39:07,999] {logging_mixin.py:115} INFO - [2025-05-28 22:39:07,998] {dag.py:2379} INFO - Sync 1 DAGs
[2025-05-28 22:39:08,087] {logging_mixin.py:115} INFO - [2025-05-28 22:39:08,087] {dag.py:2927} INFO - Setting next_dagrun for tutorial_taskflow_api_etl to None, run_after=None
[2025-05-28 22:39:08,125] {processor.py:161} INFO - Processing /home/cunhaaw/Downloads/APITwitter/venv/lib/python3.9/site-packages/airflow/example_dags/tutorial_taskflow_api_etl.py took 0.294 seconds
[2025-05-28 22:39:43,382] {processor.py:153} INFO - Started process (PID=7966) to work on /home/cunhaaw/Downloads/APITwitter/venv/lib/python3.9/site-packages/airflow/example_dags/tutorial_taskflow_api_etl.py
[2025-05-28 22:39:43,383] {processor.py:641} INFO - Processing file /home/cunhaaw/Downloads/APITwitter/venv/lib/python3.9/site-packages/airflow/example_dags/tutorial_taskflow_api_etl.py for tasks to queue
[2025-05-28 22:39:43,384] {logging_mixin.py:115} INFO - [2025-05-28 22:39:43,384] {dagbag.py:507} INFO - Filling up the DagBag from /home/cunhaaw/Downloads/APITwitter/venv/lib/python3.9/site-packages/airflow/example_dags/tutorial_taskflow_api_etl.py
[2025-05-28 22:39:43,404] {processor.py:651} INFO - DAG(s) dict_keys(['tutorial_taskflow_api_etl']) retrieved from /home/cunhaaw/Downloads/APITwitter/venv/lib/python3.9/site-packages/airflow/example_dags/tutorial_taskflow_api_etl.py
[2025-05-28 22:39:43,466] {logging_mixin.py:115} INFO - [2025-05-28 22:39:43,466] {dag.py:2379} INFO - Sync 1 DAGs
[2025-05-28 22:39:43,508] {logging_mixin.py:115} INFO - [2025-05-28 22:39:43,508] {dag.py:2927} INFO - Setting next_dagrun for tutorial_taskflow_api_etl to None, run_after=None
[2025-05-28 22:39:43,531] {processor.py:161} INFO - Processing /home/cunhaaw/Downloads/APITwitter/venv/lib/python3.9/site-packages/airflow/example_dags/tutorial_taskflow_api_etl.py took 0.154 seconds
[2025-05-28 22:40:16,445] {processor.py:153} INFO - Started process (PID=8056) to work on /home/cunhaaw/Downloads/APITwitter/venv/lib/python3.9/site-packages/airflow/example_dags/tutorial_taskflow_api_etl.py
[2025-05-28 22:40:16,446] {processor.py:641} INFO - Processing file /home/cunhaaw/Downloads/APITwitter/venv/lib/python3.9/site-packages/airflow/example_dags/tutorial_taskflow_api_etl.py for tasks to queue
[2025-05-28 22:40:16,447] {logging_mixin.py:115} INFO - [2025-05-28 22:40:16,447] {dagbag.py:507} INFO - Filling up the DagBag from /home/cunhaaw/Downloads/APITwitter/venv/lib/python3.9/site-packages/airflow/example_dags/tutorial_taskflow_api_etl.py
[2025-05-28 22:40:16,485] {processor.py:651} INFO - DAG(s) dict_keys(['tutorial_taskflow_api_etl']) retrieved from /home/cunhaaw/Downloads/APITwitter/venv/lib/python3.9/site-packages/airflow/example_dags/tutorial_taskflow_api_etl.py
[2025-05-28 22:40:16,521] {logging_mixin.py:115} INFO - [2025-05-28 22:40:16,521] {dag.py:2379} INFO - Sync 1 DAGs
[2025-05-28 22:40:16,561] {logging_mixin.py:115} INFO - [2025-05-28 22:40:16,560] {dag.py:2927} INFO - Setting next_dagrun for tutorial_taskflow_api_etl to None, run_after=None
[2025-05-28 22:40:16,586] {processor.py:161} INFO - Processing /home/cunhaaw/Downloads/APITwitter/venv/lib/python3.9/site-packages/airflow/example_dags/tutorial_taskflow_api_etl.py took 0.147 seconds
[2025-05-28 22:40:53,900] {processor.py:153} INFO - Started process (PID=8260) to work on /home/cunhaaw/Downloads/APITwitter/venv/lib/python3.9/site-packages/airflow/example_dags/tutorial_taskflow_api_etl.py
[2025-05-28 22:40:53,901] {processor.py:641} INFO - Processing file /home/cunhaaw/Downloads/APITwitter/venv/lib/python3.9/site-packages/airflow/example_dags/tutorial_taskflow_api_etl.py for tasks to queue
[2025-05-28 22:40:53,902] {logging_mixin.py:115} INFO - [2025-05-28 22:40:53,902] {dagbag.py:507} INFO - Filling up the DagBag from /home/cunhaaw/Downloads/APITwitter/venv/lib/python3.9/site-packages/airflow/example_dags/tutorial_taskflow_api_etl.py
[2025-05-28 22:40:53,937] {processor.py:651} INFO - DAG(s) dict_keys(['tutorial_taskflow_api_etl']) retrieved from /home/cunhaaw/Downloads/APITwitter/venv/lib/python3.9/site-packages/airflow/example_dags/tutorial_taskflow_api_etl.py
[2025-05-28 22:40:54,006] {logging_mixin.py:115} INFO - [2025-05-28 22:40:54,006] {dag.py:2379} INFO - Sync 1 DAGs
[2025-05-28 22:40:54,023] {logging_mixin.py:115} INFO - [2025-05-28 22:40:54,023] {dag.py:2927} INFO - Setting next_dagrun for tutorial_taskflow_api_etl to None, run_after=None
[2025-05-28 22:40:54,036] {processor.py:161} INFO - Processing /home/cunhaaw/Downloads/APITwitter/venv/lib/python3.9/site-packages/airflow/example_dags/tutorial_taskflow_api_etl.py took 0.140 seconds
[2025-05-28 22:41:34,238] {processor.py:153} INFO - Started process (PID=8581) to work on /home/cunhaaw/Downloads/APITwitter/venv/lib/python3.9/site-packages/airflow/example_dags/tutorial_taskflow_api_etl.py
[2025-05-28 22:41:34,240] {processor.py:641} INFO - Processing file /home/cunhaaw/Downloads/APITwitter/venv/lib/python3.9/site-packages/airflow/example_dags/tutorial_taskflow_api_etl.py for tasks to queue
[2025-05-28 22:41:34,241] {logging_mixin.py:115} INFO - [2025-05-28 22:41:34,241] {dagbag.py:507} INFO - Filling up the DagBag from /home/cunhaaw/Downloads/APITwitter/venv/lib/python3.9/site-packages/airflow/example_dags/tutorial_taskflow_api_etl.py
[2025-05-28 22:41:34,268] {processor.py:651} INFO - DAG(s) dict_keys(['tutorial_taskflow_api_etl']) retrieved from /home/cunhaaw/Downloads/APITwitter/venv/lib/python3.9/site-packages/airflow/example_dags/tutorial_taskflow_api_etl.py
[2025-05-28 22:41:34,375] {logging_mixin.py:115} INFO - [2025-05-28 22:41:34,375] {dag.py:2379} INFO - Sync 1 DAGs
[2025-05-28 22:41:34,407] {logging_mixin.py:115} INFO - [2025-05-28 22:41:34,407] {dag.py:2927} INFO - Setting next_dagrun for tutorial_taskflow_api_etl to None, run_after=None
[2025-05-28 22:41:34,434] {processor.py:161} INFO - Processing /home/cunhaaw/Downloads/APITwitter/venv/lib/python3.9/site-packages/airflow/example_dags/tutorial_taskflow_api_etl.py took 0.200 seconds
[2025-05-28 22:42:09,633] {processor.py:153} INFO - Started process (PID=8925) to work on /home/cunhaaw/Downloads/APITwitter/venv/lib/python3.9/site-packages/airflow/example_dags/tutorial_taskflow_api_etl.py
[2025-05-28 22:42:09,634] {processor.py:641} INFO - Processing file /home/cunhaaw/Downloads/APITwitter/venv/lib/python3.9/site-packages/airflow/example_dags/tutorial_taskflow_api_etl.py for tasks to queue
[2025-05-28 22:42:09,635] {logging_mixin.py:115} INFO - [2025-05-28 22:42:09,635] {dagbag.py:507} INFO - Filling up the DagBag from /home/cunhaaw/Downloads/APITwitter/venv/lib/python3.9/site-packages/airflow/example_dags/tutorial_taskflow_api_etl.py
[2025-05-28 22:42:09,655] {processor.py:651} INFO - DAG(s) dict_keys(['tutorial_taskflow_api_etl']) retrieved from /home/cunhaaw/Downloads/APITwitter/venv/lib/python3.9/site-packages/airflow/example_dags/tutorial_taskflow_api_etl.py
[2025-05-28 22:42:09,682] {logging_mixin.py:115} INFO - [2025-05-28 22:42:09,682] {dag.py:2379} INFO - Sync 1 DAGs
[2025-05-28 22:42:09,713] {logging_mixin.py:115} INFO - [2025-05-28 22:42:09,712] {dag.py:2927} INFO - Setting next_dagrun for tutorial_taskflow_api_etl to None, run_after=None
[2025-05-28 22:42:09,731] {processor.py:161} INFO - Processing /home/cunhaaw/Downloads/APITwitter/venv/lib/python3.9/site-packages/airflow/example_dags/tutorial_taskflow_api_etl.py took 0.103 seconds
[2025-05-28 22:42:44,799] {processor.py:153} INFO - Started process (PID=9139) to work on /home/cunhaaw/Downloads/APITwitter/venv/lib/python3.9/site-packages/airflow/example_dags/tutorial_taskflow_api_etl.py
[2025-05-28 22:42:44,806] {processor.py:641} INFO - Processing file /home/cunhaaw/Downloads/APITwitter/venv/lib/python3.9/site-packages/airflow/example_dags/tutorial_taskflow_api_etl.py for tasks to queue
[2025-05-28 22:42:44,807] {logging_mixin.py:115} INFO - [2025-05-28 22:42:44,806] {dagbag.py:507} INFO - Filling up the DagBag from /home/cunhaaw/Downloads/APITwitter/venv/lib/python3.9/site-packages/airflow/example_dags/tutorial_taskflow_api_etl.py
[2025-05-28 22:42:44,863] {processor.py:651} INFO - DAG(s) dict_keys(['tutorial_taskflow_api_etl']) retrieved from /home/cunhaaw/Downloads/APITwitter/venv/lib/python3.9/site-packages/airflow/example_dags/tutorial_taskflow_api_etl.py
[2025-05-28 22:42:44,899] {logging_mixin.py:115} INFO - [2025-05-28 22:42:44,899] {dag.py:2379} INFO - Sync 1 DAGs
[2025-05-28 22:42:44,949] {logging_mixin.py:115} INFO - [2025-05-28 22:42:44,949] {dag.py:2927} INFO - Setting next_dagrun for tutorial_taskflow_api_etl to None, run_after=None
[2025-05-28 22:42:44,980] {processor.py:161} INFO - Processing /home/cunhaaw/Downloads/APITwitter/venv/lib/python3.9/site-packages/airflow/example_dags/tutorial_taskflow_api_etl.py took 0.194 seconds
[2025-05-28 22:43:20,297] {processor.py:153} INFO - Started process (PID=9322) to work on /home/cunhaaw/Downloads/APITwitter/venv/lib/python3.9/site-packages/airflow/example_dags/tutorial_taskflow_api_etl.py
[2025-05-28 22:43:20,298] {processor.py:641} INFO - Processing file /home/cunhaaw/Downloads/APITwitter/venv/lib/python3.9/site-packages/airflow/example_dags/tutorial_taskflow_api_etl.py for tasks to queue
[2025-05-28 22:43:20,300] {logging_mixin.py:115} INFO - [2025-05-28 22:43:20,299] {dagbag.py:507} INFO - Filling up the DagBag from /home/cunhaaw/Downloads/APITwitter/venv/lib/python3.9/site-packages/airflow/example_dags/tutorial_taskflow_api_etl.py
[2025-05-28 22:43:20,328] {processor.py:651} INFO - DAG(s) dict_keys(['tutorial_taskflow_api_etl']) retrieved from /home/cunhaaw/Downloads/APITwitter/venv/lib/python3.9/site-packages/airflow/example_dags/tutorial_taskflow_api_etl.py
[2025-05-28 22:43:20,398] {logging_mixin.py:115} INFO - [2025-05-28 22:43:20,398] {dag.py:2379} INFO - Sync 1 DAGs
[2025-05-28 22:43:20,418] {logging_mixin.py:115} INFO - [2025-05-28 22:43:20,418] {dag.py:2927} INFO - Setting next_dagrun for tutorial_taskflow_api_etl to None, run_after=None
[2025-05-28 22:43:20,434] {processor.py:161} INFO - Processing /home/cunhaaw/Downloads/APITwitter/venv/lib/python3.9/site-packages/airflow/example_dags/tutorial_taskflow_api_etl.py took 0.142 seconds
[2025-05-28 22:43:52,130] {processor.py:153} INFO - Started process (PID=9470) to work on /home/cunhaaw/Downloads/APITwitter/venv/lib/python3.9/site-packages/airflow/example_dags/tutorial_taskflow_api_etl.py
[2025-05-28 22:43:52,132] {processor.py:641} INFO - Processing file /home/cunhaaw/Downloads/APITwitter/venv/lib/python3.9/site-packages/airflow/example_dags/tutorial_taskflow_api_etl.py for tasks to queue
[2025-05-28 22:43:52,133] {logging_mixin.py:115} INFO - [2025-05-28 22:43:52,133] {dagbag.py:507} INFO - Filling up the DagBag from /home/cunhaaw/Downloads/APITwitter/venv/lib/python3.9/site-packages/airflow/example_dags/tutorial_taskflow_api_etl.py
[2025-05-28 22:43:52,190] {processor.py:651} INFO - DAG(s) dict_keys(['tutorial_taskflow_api_etl']) retrieved from /home/cunhaaw/Downloads/APITwitter/venv/lib/python3.9/site-packages/airflow/example_dags/tutorial_taskflow_api_etl.py
[2025-05-28 22:43:52,332] {logging_mixin.py:115} INFO - [2025-05-28 22:43:52,331] {dag.py:2379} INFO - Sync 1 DAGs
[2025-05-28 22:43:52,374] {logging_mixin.py:115} INFO - [2025-05-28 22:43:52,374] {dag.py:2927} INFO - Setting next_dagrun for tutorial_taskflow_api_etl to None, run_after=None
[2025-05-28 22:43:52,410] {processor.py:161} INFO - Processing /home/cunhaaw/Downloads/APITwitter/venv/lib/python3.9/site-packages/airflow/example_dags/tutorial_taskflow_api_etl.py took 0.291 seconds
