[2025-05-28 22:35:03,685] {processor.py:153} INFO - Started process (PID=6472) to work on /home/cunhaaw/Downloads/APITwitter/airflow_pipeline/dags/twitter_dag.py
[2025-05-28 22:35:03,685] {processor.py:641} INFO - Processing file /home/cunhaaw/Downloads/APITwitter/airflow_pipeline/dags/twitter_dag.py for tasks to queue
[2025-05-28 22:35:03,686] {logging_mixin.py:115} INFO - [2025-05-28 22:35:03,686] {dagbag.py:507} INFO - Filling up the DagBag from /home/cunhaaw/Downloads/APITwitter/airflow_pipeline/dags/twitter_dag.py
[2025-05-28 22:35:03,709] {processor.py:651} INFO - DAG(s) dict_keys(['TwitterDAG']) retrieved from /home/cunhaaw/Downloads/APITwitter/airflow_pipeline/dags/twitter_dag.py
[2025-05-28 22:35:03,858] {logging_mixin.py:115} INFO - [2025-05-28 22:35:03,858] {manager.py:508} INFO - Created Permission View: can read on DAG:TwitterDAG
[2025-05-28 22:35:03,875] {logging_mixin.py:115} INFO - [2025-05-28 22:35:03,875] {manager.py:508} INFO - Created Permission View: can delete on DAG:TwitterDAG
[2025-05-28 22:35:03,889] {logging_mixin.py:115} INFO - [2025-05-28 22:35:03,889] {manager.py:508} INFO - Created Permission View: can edit on DAG:TwitterDAG
[2025-05-28 22:35:03,890] {logging_mixin.py:115} INFO - [2025-05-28 22:35:03,890] {dag.py:2379} INFO - Sync 1 DAGs
[2025-05-28 22:35:03,905] {logging_mixin.py:115} INFO - [2025-05-28 22:35:03,905] {dag.py:2398} INFO - Creating ORM DAG for TwitterDAG
[2025-05-28 22:35:03,926] {logging_mixin.py:115} INFO - [2025-05-28 22:35:03,926] {dag.py:2927} INFO - Setting next_dagrun for TwitterDAG to 2025-05-27T00:00:00+00:00, run_after=2025-05-28T00:00:00+00:00
[2025-05-28 22:35:03,946] {processor.py:161} INFO - Processing /home/cunhaaw/Downloads/APITwitter/airflow_pipeline/dags/twitter_dag.py took 0.270 seconds
[2025-05-28 22:35:46,159] {processor.py:153} INFO - Started process (PID=6645) to work on /home/cunhaaw/Downloads/APITwitter/airflow_pipeline/dags/twitter_dag.py
[2025-05-28 22:35:46,160] {processor.py:641} INFO - Processing file /home/cunhaaw/Downloads/APITwitter/airflow_pipeline/dags/twitter_dag.py for tasks to queue
[2025-05-28 22:35:46,161] {logging_mixin.py:115} INFO - [2025-05-28 22:35:46,161] {dagbag.py:507} INFO - Filling up the DagBag from /home/cunhaaw/Downloads/APITwitter/airflow_pipeline/dags/twitter_dag.py
[2025-05-28 22:35:46,172] {processor.py:651} INFO - DAG(s) dict_keys(['TwitterDAG']) retrieved from /home/cunhaaw/Downloads/APITwitter/airflow_pipeline/dags/twitter_dag.py
[2025-05-28 22:35:46,192] {logging_mixin.py:115} INFO - [2025-05-28 22:35:46,192] {dag.py:2379} INFO - Sync 1 DAGs
[2025-05-28 22:35:46,214] {logging_mixin.py:115} INFO - [2025-05-28 22:35:46,214] {dag.py:2927} INFO - Setting next_dagrun for TwitterDAG to 2025-05-27T00:00:00+00:00, run_after=2025-05-28T00:00:00+00:00
[2025-05-28 22:35:46,228] {processor.py:161} INFO - Processing /home/cunhaaw/Downloads/APITwitter/airflow_pipeline/dags/twitter_dag.py took 0.073 seconds
[2025-05-28 22:36:23,176] {processor.py:153} INFO - Started process (PID=7026) to work on /home/cunhaaw/Downloads/APITwitter/airflow_pipeline/dags/twitter_dag.py
[2025-05-28 22:36:23,178] {processor.py:641} INFO - Processing file /home/cunhaaw/Downloads/APITwitter/airflow_pipeline/dags/twitter_dag.py for tasks to queue
[2025-05-28 22:36:23,178] {logging_mixin.py:115} INFO - [2025-05-28 22:36:23,178] {dagbag.py:507} INFO - Filling up the DagBag from /home/cunhaaw/Downloads/APITwitter/airflow_pipeline/dags/twitter_dag.py
[2025-05-28 22:36:23,190] {processor.py:651} INFO - DAG(s) dict_keys(['TwitterDAG']) retrieved from /home/cunhaaw/Downloads/APITwitter/airflow_pipeline/dags/twitter_dag.py
[2025-05-28 22:36:23,210] {logging_mixin.py:115} INFO - [2025-05-28 22:36:23,210] {dag.py:2379} INFO - Sync 1 DAGs
[2025-05-28 22:36:23,232] {logging_mixin.py:115} INFO - [2025-05-28 22:36:23,232] {dag.py:2927} INFO - Setting next_dagrun for TwitterDAG to 2025-05-27T00:00:00+00:00, run_after=2025-05-28T00:00:00+00:00
[2025-05-28 22:36:23,248] {processor.py:161} INFO - Processing /home/cunhaaw/Downloads/APITwitter/airflow_pipeline/dags/twitter_dag.py took 0.077 seconds
[2025-05-28 22:36:59,724] {processor.py:153} INFO - Started process (PID=7279) to work on /home/cunhaaw/Downloads/APITwitter/airflow_pipeline/dags/twitter_dag.py
[2025-05-28 22:36:59,725] {processor.py:641} INFO - Processing file /home/cunhaaw/Downloads/APITwitter/airflow_pipeline/dags/twitter_dag.py for tasks to queue
[2025-05-28 22:36:59,726] {logging_mixin.py:115} INFO - [2025-05-28 22:36:59,726] {dagbag.py:507} INFO - Filling up the DagBag from /home/cunhaaw/Downloads/APITwitter/airflow_pipeline/dags/twitter_dag.py
[2025-05-28 22:36:59,737] {processor.py:651} INFO - DAG(s) dict_keys(['TwitterDAG']) retrieved from /home/cunhaaw/Downloads/APITwitter/airflow_pipeline/dags/twitter_dag.py
[2025-05-28 22:36:59,763] {logging_mixin.py:115} INFO - [2025-05-28 22:36:59,763] {dag.py:2379} INFO - Sync 1 DAGs
[2025-05-28 22:36:59,788] {logging_mixin.py:115} INFO - [2025-05-28 22:36:59,787] {dag.py:2927} INFO - Setting next_dagrun for TwitterDAG to 2025-05-27T00:00:00+00:00, run_after=2025-05-28T00:00:00+00:00
[2025-05-28 22:36:59,802] {processor.py:161} INFO - Processing /home/cunhaaw/Downloads/APITwitter/airflow_pipeline/dags/twitter_dag.py took 0.083 seconds
[2025-05-28 22:37:35,365] {processor.py:153} INFO - Started process (PID=7327) to work on /home/cunhaaw/Downloads/APITwitter/airflow_pipeline/dags/twitter_dag.py
[2025-05-28 22:37:35,366] {processor.py:641} INFO - Processing file /home/cunhaaw/Downloads/APITwitter/airflow_pipeline/dags/twitter_dag.py for tasks to queue
[2025-05-28 22:37:35,367] {logging_mixin.py:115} INFO - [2025-05-28 22:37:35,366] {dagbag.py:507} INFO - Filling up the DagBag from /home/cunhaaw/Downloads/APITwitter/airflow_pipeline/dags/twitter_dag.py
[2025-05-28 22:37:35,384] {processor.py:651} INFO - DAG(s) dict_keys(['TwitterDAG']) retrieved from /home/cunhaaw/Downloads/APITwitter/airflow_pipeline/dags/twitter_dag.py
[2025-05-28 22:37:35,422] {logging_mixin.py:115} INFO - [2025-05-28 22:37:35,422] {dag.py:2379} INFO - Sync 1 DAGs
[2025-05-28 22:37:35,461] {logging_mixin.py:115} INFO - [2025-05-28 22:37:35,461] {dag.py:2927} INFO - Setting next_dagrun for TwitterDAG to 2025-05-27T00:00:00+00:00, run_after=2025-05-28T00:00:00+00:00
[2025-05-28 22:37:35,486] {processor.py:161} INFO - Processing /home/cunhaaw/Downloads/APITwitter/airflow_pipeline/dags/twitter_dag.py took 0.127 seconds
[2025-05-28 22:38:14,120] {processor.py:153} INFO - Started process (PID=7471) to work on /home/cunhaaw/Downloads/APITwitter/airflow_pipeline/dags/twitter_dag.py
[2025-05-28 22:38:14,121] {processor.py:641} INFO - Processing file /home/cunhaaw/Downloads/APITwitter/airflow_pipeline/dags/twitter_dag.py for tasks to queue
[2025-05-28 22:38:14,121] {logging_mixin.py:115} INFO - [2025-05-28 22:38:14,121] {dagbag.py:507} INFO - Filling up the DagBag from /home/cunhaaw/Downloads/APITwitter/airflow_pipeline/dags/twitter_dag.py
[2025-05-28 22:38:14,133] {processor.py:651} INFO - DAG(s) dict_keys(['TwitterDAG']) retrieved from /home/cunhaaw/Downloads/APITwitter/airflow_pipeline/dags/twitter_dag.py
[2025-05-28 22:38:14,159] {logging_mixin.py:115} INFO - [2025-05-28 22:38:14,158] {dag.py:2379} INFO - Sync 1 DAGs
[2025-05-28 22:38:14,185] {logging_mixin.py:115} INFO - [2025-05-28 22:38:14,185] {dag.py:2927} INFO - Setting next_dagrun for TwitterDAG to 2025-05-27T00:00:00+00:00, run_after=2025-05-28T00:00:00+00:00
[2025-05-28 22:38:14,202] {processor.py:161} INFO - Processing /home/cunhaaw/Downloads/APITwitter/airflow_pipeline/dags/twitter_dag.py took 0.089 seconds
[2025-05-28 22:38:56,181] {processor.py:153} INFO - Started process (PID=7664) to work on /home/cunhaaw/Downloads/APITwitter/airflow_pipeline/dags/twitter_dag.py
[2025-05-28 22:38:56,184] {processor.py:641} INFO - Processing file /home/cunhaaw/Downloads/APITwitter/airflow_pipeline/dags/twitter_dag.py for tasks to queue
[2025-05-28 22:38:56,186] {logging_mixin.py:115} INFO - [2025-05-28 22:38:56,186] {dagbag.py:507} INFO - Filling up the DagBag from /home/cunhaaw/Downloads/APITwitter/airflow_pipeline/dags/twitter_dag.py
[2025-05-28 22:38:56,232] {processor.py:651} INFO - DAG(s) dict_keys(['TwitterDAG']) retrieved from /home/cunhaaw/Downloads/APITwitter/airflow_pipeline/dags/twitter_dag.py
[2025-05-28 22:38:56,307] {logging_mixin.py:115} INFO - [2025-05-28 22:38:56,307] {dag.py:2379} INFO - Sync 1 DAGs
[2025-05-28 22:38:56,402] {logging_mixin.py:115} INFO - [2025-05-28 22:38:56,402] {dag.py:2927} INFO - Setting next_dagrun for TwitterDAG to 2025-05-27T00:00:00+00:00, run_after=2025-05-28T00:00:00+00:00
[2025-05-28 22:38:56,452] {processor.py:161} INFO - Processing /home/cunhaaw/Downloads/APITwitter/airflow_pipeline/dags/twitter_dag.py took 0.294 seconds
[2025-05-28 22:39:35,682] {processor.py:153} INFO - Started process (PID=7911) to work on /home/cunhaaw/Downloads/APITwitter/airflow_pipeline/dags/twitter_dag.py
[2025-05-28 22:39:35,684] {processor.py:641} INFO - Processing file /home/cunhaaw/Downloads/APITwitter/airflow_pipeline/dags/twitter_dag.py for tasks to queue
[2025-05-28 22:39:35,685] {logging_mixin.py:115} INFO - [2025-05-28 22:39:35,685] {dagbag.py:507} INFO - Filling up the DagBag from /home/cunhaaw/Downloads/APITwitter/airflow_pipeline/dags/twitter_dag.py
[2025-05-28 22:39:35,700] {processor.py:651} INFO - DAG(s) dict_keys(['TwitterDAG']) retrieved from /home/cunhaaw/Downloads/APITwitter/airflow_pipeline/dags/twitter_dag.py
[2025-05-28 22:39:35,738] {logging_mixin.py:115} INFO - [2025-05-28 22:39:35,737] {dag.py:2379} INFO - Sync 1 DAGs
[2025-05-28 22:39:35,790] {logging_mixin.py:115} INFO - [2025-05-28 22:39:35,790] {dag.py:2927} INFO - Setting next_dagrun for TwitterDAG to 2025-05-27T00:00:00+00:00, run_after=2025-05-28T00:00:00+00:00
[2025-05-28 22:39:35,809] {processor.py:161} INFO - Processing /home/cunhaaw/Downloads/APITwitter/airflow_pipeline/dags/twitter_dag.py took 0.134 seconds
[2025-05-28 22:40:15,305] {processor.py:153} INFO - Started process (PID=8055) to work on /home/cunhaaw/Downloads/APITwitter/airflow_pipeline/dags/twitter_dag.py
[2025-05-28 22:40:15,306] {processor.py:641} INFO - Processing file /home/cunhaaw/Downloads/APITwitter/airflow_pipeline/dags/twitter_dag.py for tasks to queue
[2025-05-28 22:40:15,307] {logging_mixin.py:115} INFO - [2025-05-28 22:40:15,307] {dagbag.py:507} INFO - Filling up the DagBag from /home/cunhaaw/Downloads/APITwitter/airflow_pipeline/dags/twitter_dag.py
[2025-05-28 22:40:15,318] {processor.py:651} INFO - DAG(s) dict_keys(['TwitterDAG']) retrieved from /home/cunhaaw/Downloads/APITwitter/airflow_pipeline/dags/twitter_dag.py
[2025-05-28 22:40:15,337] {logging_mixin.py:115} INFO - [2025-05-28 22:40:15,337] {dag.py:2379} INFO - Sync 1 DAGs
[2025-05-28 22:40:15,358] {logging_mixin.py:115} INFO - [2025-05-28 22:40:15,358] {dag.py:2927} INFO - Setting next_dagrun for TwitterDAG to 2025-05-27T00:00:00+00:00, run_after=2025-05-28T00:00:00+00:00
[2025-05-28 22:40:15,372] {processor.py:161} INFO - Processing /home/cunhaaw/Downloads/APITwitter/airflow_pipeline/dags/twitter_dag.py took 0.072 seconds
[2025-05-28 22:40:52,661] {processor.py:153} INFO - Started process (PID=8259) to work on /home/cunhaaw/Downloads/APITwitter/airflow_pipeline/dags/twitter_dag.py
[2025-05-28 22:40:52,662] {processor.py:641} INFO - Processing file /home/cunhaaw/Downloads/APITwitter/airflow_pipeline/dags/twitter_dag.py for tasks to queue
[2025-05-28 22:40:52,663] {logging_mixin.py:115} INFO - [2025-05-28 22:40:52,663] {dagbag.py:507} INFO - Filling up the DagBag from /home/cunhaaw/Downloads/APITwitter/airflow_pipeline/dags/twitter_dag.py
[2025-05-28 22:40:52,684] {processor.py:651} INFO - DAG(s) dict_keys(['TwitterDAG']) retrieved from /home/cunhaaw/Downloads/APITwitter/airflow_pipeline/dags/twitter_dag.py
[2025-05-28 22:40:52,728] {logging_mixin.py:115} INFO - [2025-05-28 22:40:52,728] {dag.py:2379} INFO - Sync 1 DAGs
[2025-05-28 22:40:52,774] {logging_mixin.py:115} INFO - [2025-05-28 22:40:52,772] {dag.py:2927} INFO - Setting next_dagrun for TwitterDAG to 2025-05-27T00:00:00+00:00, run_after=2025-05-28T00:00:00+00:00
[2025-05-28 22:40:52,802] {processor.py:161} INFO - Processing /home/cunhaaw/Downloads/APITwitter/airflow_pipeline/dags/twitter_dag.py took 0.147 seconds
[2025-05-28 22:41:42,350] {processor.py:153} INFO - Started process (PID=8698) to work on /home/cunhaaw/Downloads/APITwitter/airflow_pipeline/dags/twitter_dag.py
[2025-05-28 22:41:42,351] {processor.py:641} INFO - Processing file /home/cunhaaw/Downloads/APITwitter/airflow_pipeline/dags/twitter_dag.py for tasks to queue
[2025-05-28 22:41:42,352] {logging_mixin.py:115} INFO - [2025-05-28 22:41:42,352] {dagbag.py:507} INFO - Filling up the DagBag from /home/cunhaaw/Downloads/APITwitter/airflow_pipeline/dags/twitter_dag.py
[2025-05-28 22:41:42,373] {processor.py:651} INFO - DAG(s) dict_keys(['TwitterDAG']) retrieved from /home/cunhaaw/Downloads/APITwitter/airflow_pipeline/dags/twitter_dag.py
[2025-05-28 22:41:42,415] {logging_mixin.py:115} INFO - [2025-05-28 22:41:42,415] {dag.py:2379} INFO - Sync 1 DAGs
[2025-05-28 22:41:42,470] {logging_mixin.py:115} INFO - [2025-05-28 22:41:42,470] {dag.py:2927} INFO - Setting next_dagrun for TwitterDAG to 2025-05-27T00:00:00+00:00, run_after=2025-05-28T00:00:00+00:00
[2025-05-28 22:41:42,496] {processor.py:161} INFO - Processing /home/cunhaaw/Downloads/APITwitter/airflow_pipeline/dags/twitter_dag.py took 0.155 seconds
[2025-05-28 22:42:19,960] {processor.py:153} INFO - Started process (PID=8975) to work on /home/cunhaaw/Downloads/APITwitter/airflow_pipeline/dags/twitter_dag.py
[2025-05-28 22:42:19,961] {processor.py:641} INFO - Processing file /home/cunhaaw/Downloads/APITwitter/airflow_pipeline/dags/twitter_dag.py for tasks to queue
[2025-05-28 22:42:19,961] {logging_mixin.py:115} INFO - [2025-05-28 22:42:19,961] {dagbag.py:507} INFO - Filling up the DagBag from /home/cunhaaw/Downloads/APITwitter/airflow_pipeline/dags/twitter_dag.py
[2025-05-28 22:42:19,972] {processor.py:651} INFO - DAG(s) dict_keys(['TwitterDAG']) retrieved from /home/cunhaaw/Downloads/APITwitter/airflow_pipeline/dags/twitter_dag.py
[2025-05-28 22:42:19,993] {logging_mixin.py:115} INFO - [2025-05-28 22:42:19,993] {dag.py:2379} INFO - Sync 1 DAGs
[2025-05-28 22:42:20,016] {logging_mixin.py:115} INFO - [2025-05-28 22:42:20,016] {dag.py:2927} INFO - Setting next_dagrun for TwitterDAG to 2025-05-27T00:00:00+00:00, run_after=2025-05-28T00:00:00+00:00
[2025-05-28 22:42:20,030] {processor.py:161} INFO - Processing /home/cunhaaw/Downloads/APITwitter/airflow_pipeline/dags/twitter_dag.py took 0.077 seconds
[2025-05-28 22:42:56,864] {processor.py:153} INFO - Started process (PID=9245) to work on /home/cunhaaw/Downloads/APITwitter/airflow_pipeline/dags/twitter_dag.py
[2025-05-28 22:42:56,866] {processor.py:641} INFO - Processing file /home/cunhaaw/Downloads/APITwitter/airflow_pipeline/dags/twitter_dag.py for tasks to queue
[2025-05-28 22:42:56,868] {logging_mixin.py:115} INFO - [2025-05-28 22:42:56,868] {dagbag.py:507} INFO - Filling up the DagBag from /home/cunhaaw/Downloads/APITwitter/airflow_pipeline/dags/twitter_dag.py
[2025-05-28 22:42:56,893] {processor.py:651} INFO - DAG(s) dict_keys(['TwitterDAG']) retrieved from /home/cunhaaw/Downloads/APITwitter/airflow_pipeline/dags/twitter_dag.py
[2025-05-28 22:42:56,942] {logging_mixin.py:115} INFO - [2025-05-28 22:42:56,941] {dag.py:2379} INFO - Sync 1 DAGs
[2025-05-28 22:42:56,991] {logging_mixin.py:115} INFO - [2025-05-28 22:42:56,991] {dag.py:2927} INFO - Setting next_dagrun for TwitterDAG to 2025-05-27T00:00:00+00:00, run_after=2025-05-28T00:00:00+00:00
[2025-05-28 22:42:57,029] {processor.py:161} INFO - Processing /home/cunhaaw/Downloads/APITwitter/airflow_pipeline/dags/twitter_dag.py took 0.175 seconds
[2025-05-28 22:43:33,360] {processor.py:153} INFO - Started process (PID=9379) to work on /home/cunhaaw/Downloads/APITwitter/airflow_pipeline/dags/twitter_dag.py
[2025-05-28 22:43:33,361] {processor.py:641} INFO - Processing file /home/cunhaaw/Downloads/APITwitter/airflow_pipeline/dags/twitter_dag.py for tasks to queue
[2025-05-28 22:43:33,362] {logging_mixin.py:115} INFO - [2025-05-28 22:43:33,362] {dagbag.py:507} INFO - Filling up the DagBag from /home/cunhaaw/Downloads/APITwitter/airflow_pipeline/dags/twitter_dag.py
[2025-05-28 22:43:33,374] {processor.py:651} INFO - DAG(s) dict_keys(['TwitterDAG']) retrieved from /home/cunhaaw/Downloads/APITwitter/airflow_pipeline/dags/twitter_dag.py
[2025-05-28 22:43:33,403] {logging_mixin.py:115} INFO - [2025-05-28 22:43:33,403] {dag.py:2379} INFO - Sync 1 DAGs
[2025-05-28 22:43:33,435] {logging_mixin.py:115} INFO - [2025-05-28 22:43:33,434] {dag.py:2927} INFO - Setting next_dagrun for TwitterDAG to 2025-05-27T00:00:00+00:00, run_after=2025-05-28T00:00:00+00:00
[2025-05-28 22:43:33,451] {processor.py:161} INFO - Processing /home/cunhaaw/Downloads/APITwitter/airflow_pipeline/dags/twitter_dag.py took 0.099 seconds
[2025-05-28 22:44:05,001] {processor.py:153} INFO - Started process (PID=9498) to work on /home/cunhaaw/Downloads/APITwitter/airflow_pipeline/dags/twitter_dag.py
[2025-05-28 22:44:05,002] {processor.py:641} INFO - Processing file /home/cunhaaw/Downloads/APITwitter/airflow_pipeline/dags/twitter_dag.py for tasks to queue
[2025-05-28 22:44:05,002] {logging_mixin.py:115} INFO - [2025-05-28 22:44:05,002] {dagbag.py:507} INFO - Filling up the DagBag from /home/cunhaaw/Downloads/APITwitter/airflow_pipeline/dags/twitter_dag.py
[2025-05-28 22:44:05,016] {processor.py:651} INFO - DAG(s) dict_keys(['TwitterDAG']) retrieved from /home/cunhaaw/Downloads/APITwitter/airflow_pipeline/dags/twitter_dag.py
[2025-05-28 22:44:05,052] {logging_mixin.py:115} INFO - [2025-05-28 22:44:05,052] {dag.py:2379} INFO - Sync 1 DAGs
[2025-05-28 22:44:05,098] {logging_mixin.py:115} INFO - [2025-05-28 22:44:05,098] {dag.py:2927} INFO - Setting next_dagrun for TwitterDAG to 2025-05-27T00:00:00+00:00, run_after=2025-05-28T00:00:00+00:00
[2025-05-28 22:44:05,133] {processor.py:161} INFO - Processing /home/cunhaaw/Downloads/APITwitter/airflow_pipeline/dags/twitter_dag.py took 0.138 seconds
[2025-05-28 22:44:32,329] {processor.py:153} INFO - Started process (PID=9694) to work on /home/cunhaaw/Downloads/APITwitter/airflow_pipeline/dags/twitter_dag.py
[2025-05-28 22:44:32,330] {processor.py:641} INFO - Processing file /home/cunhaaw/Downloads/APITwitter/airflow_pipeline/dags/twitter_dag.py for tasks to queue
[2025-05-28 22:44:32,331] {logging_mixin.py:115} INFO - [2025-05-28 22:44:32,331] {dagbag.py:507} INFO - Filling up the DagBag from /home/cunhaaw/Downloads/APITwitter/airflow_pipeline/dags/twitter_dag.py
[2025-05-28 22:44:32,376] {processor.py:651} INFO - DAG(s) dict_keys(['TwitterDAG']) retrieved from /home/cunhaaw/Downloads/APITwitter/airflow_pipeline/dags/twitter_dag.py
[2025-05-28 22:44:32,428] {logging_mixin.py:115} INFO - [2025-05-28 22:44:32,427] {dag.py:2379} INFO - Sync 1 DAGs
[2025-05-28 22:44:32,536] {logging_mixin.py:115} INFO - [2025-05-28 22:44:32,536] {dag.py:2927} INFO - Setting next_dagrun for TwitterDAG to 2025-05-27T00:00:00+00:00, run_after=2025-05-28T00:00:00+00:00
[2025-05-28 22:44:32,599] {processor.py:161} INFO - Processing /home/cunhaaw/Downloads/APITwitter/airflow_pipeline/dags/twitter_dag.py took 0.295 seconds
[2025-05-28 22:45:03,419] {processor.py:153} INFO - Started process (PID=9855) to work on /home/cunhaaw/Downloads/APITwitter/airflow_pipeline/dags/twitter_dag.py
[2025-05-28 22:45:03,420] {processor.py:641} INFO - Processing file /home/cunhaaw/Downloads/APITwitter/airflow_pipeline/dags/twitter_dag.py for tasks to queue
[2025-05-28 22:45:03,421] {logging_mixin.py:115} INFO - [2025-05-28 22:45:03,421] {dagbag.py:507} INFO - Filling up the DagBag from /home/cunhaaw/Downloads/APITwitter/airflow_pipeline/dags/twitter_dag.py
[2025-05-28 22:45:03,440] {processor.py:651} INFO - DAG(s) dict_keys(['TwitterDAG']) retrieved from /home/cunhaaw/Downloads/APITwitter/airflow_pipeline/dags/twitter_dag.py
[2025-05-28 22:45:03,472] {logging_mixin.py:115} INFO - [2025-05-28 22:45:03,471] {dag.py:2379} INFO - Sync 1 DAGs
[2025-05-28 22:45:03,515] {logging_mixin.py:115} INFO - [2025-05-28 22:45:03,514] {dag.py:2927} INFO - Setting next_dagrun for TwitterDAG to 2025-05-27T00:00:00+00:00, run_after=2025-05-28T00:00:00+00:00
[2025-05-28 22:45:03,541] {processor.py:161} INFO - Processing /home/cunhaaw/Downloads/APITwitter/airflow_pipeline/dags/twitter_dag.py took 0.133 seconds
[2025-05-28 22:45:34,015] {processor.py:153} INFO - Started process (PID=10155) to work on /home/cunhaaw/Downloads/APITwitter/airflow_pipeline/dags/twitter_dag.py
[2025-05-28 22:45:34,016] {processor.py:641} INFO - Processing file /home/cunhaaw/Downloads/APITwitter/airflow_pipeline/dags/twitter_dag.py for tasks to queue
[2025-05-28 22:45:34,017] {logging_mixin.py:115} INFO - [2025-05-28 22:45:34,017] {dagbag.py:507} INFO - Filling up the DagBag from /home/cunhaaw/Downloads/APITwitter/airflow_pipeline/dags/twitter_dag.py
[2025-05-28 22:45:34,036] {processor.py:651} INFO - DAG(s) dict_keys(['TwitterDAG']) retrieved from /home/cunhaaw/Downloads/APITwitter/airflow_pipeline/dags/twitter_dag.py
[2025-05-28 22:45:34,059] {logging_mixin.py:115} INFO - [2025-05-28 22:45:34,059] {dag.py:2379} INFO - Sync 1 DAGs
[2025-05-28 22:45:34,083] {logging_mixin.py:115} INFO - [2025-05-28 22:45:34,083] {dag.py:2927} INFO - Setting next_dagrun for TwitterDAG to 2025-05-29T00:00:00+00:00, run_after=2025-05-30T00:00:00+00:00
[2025-05-28 22:45:34,095] {processor.py:161} INFO - Processing /home/cunhaaw/Downloads/APITwitter/airflow_pipeline/dags/twitter_dag.py took 0.090 seconds
[2025-05-28 22:46:04,385] {processor.py:153} INFO - Started process (PID=10162) to work on /home/cunhaaw/Downloads/APITwitter/airflow_pipeline/dags/twitter_dag.py
[2025-05-28 22:46:04,387] {processor.py:641} INFO - Processing file /home/cunhaaw/Downloads/APITwitter/airflow_pipeline/dags/twitter_dag.py for tasks to queue
[2025-05-28 22:46:04,388] {logging_mixin.py:115} INFO - [2025-05-28 22:46:04,388] {dagbag.py:507} INFO - Filling up the DagBag from /home/cunhaaw/Downloads/APITwitter/airflow_pipeline/dags/twitter_dag.py
[2025-05-28 22:46:04,400] {processor.py:651} INFO - DAG(s) dict_keys(['TwitterDAG']) retrieved from /home/cunhaaw/Downloads/APITwitter/airflow_pipeline/dags/twitter_dag.py
[2025-05-28 22:46:04,419] {logging_mixin.py:115} INFO - [2025-05-28 22:46:04,419] {dag.py:2379} INFO - Sync 1 DAGs
[2025-05-28 22:46:04,441] {logging_mixin.py:115} INFO - [2025-05-28 22:46:04,441] {dag.py:2927} INFO - Setting next_dagrun for TwitterDAG to 2025-05-29T00:00:00+00:00, run_after=2025-05-30T00:00:00+00:00
[2025-05-28 22:46:04,453] {processor.py:161} INFO - Processing /home/cunhaaw/Downloads/APITwitter/airflow_pipeline/dags/twitter_dag.py took 0.076 seconds
[2025-05-28 22:46:34,652] {processor.py:153} INFO - Started process (PID=10296) to work on /home/cunhaaw/Downloads/APITwitter/airflow_pipeline/dags/twitter_dag.py
[2025-05-28 22:46:34,654] {processor.py:641} INFO - Processing file /home/cunhaaw/Downloads/APITwitter/airflow_pipeline/dags/twitter_dag.py for tasks to queue
[2025-05-28 22:46:34,655] {logging_mixin.py:115} INFO - [2025-05-28 22:46:34,654] {dagbag.py:507} INFO - Filling up the DagBag from /home/cunhaaw/Downloads/APITwitter/airflow_pipeline/dags/twitter_dag.py
[2025-05-28 22:46:34,676] {processor.py:651} INFO - DAG(s) dict_keys(['TwitterDAG']) retrieved from /home/cunhaaw/Downloads/APITwitter/airflow_pipeline/dags/twitter_dag.py
[2025-05-28 22:46:34,707] {logging_mixin.py:115} INFO - [2025-05-28 22:46:34,707] {dag.py:2379} INFO - Sync 1 DAGs
[2025-05-28 22:46:34,745] {logging_mixin.py:115} INFO - [2025-05-28 22:46:34,745] {dag.py:2927} INFO - Setting next_dagrun for TwitterDAG to 2025-05-29T00:00:00+00:00, run_after=2025-05-30T00:00:00+00:00
[2025-05-28 22:46:34,771] {processor.py:161} INFO - Processing /home/cunhaaw/Downloads/APITwitter/airflow_pipeline/dags/twitter_dag.py took 0.128 seconds
[2025-05-28 22:47:05,061] {processor.py:153} INFO - Started process (PID=10345) to work on /home/cunhaaw/Downloads/APITwitter/airflow_pipeline/dags/twitter_dag.py
[2025-05-28 22:47:05,065] {processor.py:641} INFO - Processing file /home/cunhaaw/Downloads/APITwitter/airflow_pipeline/dags/twitter_dag.py for tasks to queue
[2025-05-28 22:47:05,072] {logging_mixin.py:115} INFO - [2025-05-28 22:47:05,070] {dagbag.py:507} INFO - Filling up the DagBag from /home/cunhaaw/Downloads/APITwitter/airflow_pipeline/dags/twitter_dag.py
[2025-05-28 22:47:05,124] {processor.py:651} INFO - DAG(s) dict_keys(['TwitterDAG']) retrieved from /home/cunhaaw/Downloads/APITwitter/airflow_pipeline/dags/twitter_dag.py
[2025-05-28 22:47:05,228] {logging_mixin.py:115} INFO - [2025-05-28 22:47:05,227] {dag.py:2379} INFO - Sync 1 DAGs
[2025-05-28 22:47:05,380] {logging_mixin.py:115} INFO - [2025-05-28 22:47:05,379] {dag.py:2927} INFO - Setting next_dagrun for TwitterDAG to 2025-05-29T00:00:00+00:00, run_after=2025-05-30T00:00:00+00:00
[2025-05-28 22:47:05,419] {processor.py:161} INFO - Processing /home/cunhaaw/Downloads/APITwitter/airflow_pipeline/dags/twitter_dag.py took 0.386 seconds
[2025-05-28 22:47:35,640] {processor.py:153} INFO - Started process (PID=10408) to work on /home/cunhaaw/Downloads/APITwitter/airflow_pipeline/dags/twitter_dag.py
[2025-05-28 22:47:35,641] {processor.py:641} INFO - Processing file /home/cunhaaw/Downloads/APITwitter/airflow_pipeline/dags/twitter_dag.py for tasks to queue
[2025-05-28 22:47:35,642] {logging_mixin.py:115} INFO - [2025-05-28 22:47:35,642] {dagbag.py:507} INFO - Filling up the DagBag from /home/cunhaaw/Downloads/APITwitter/airflow_pipeline/dags/twitter_dag.py
[2025-05-28 22:47:35,657] {processor.py:651} INFO - DAG(s) dict_keys(['TwitterDAG']) retrieved from /home/cunhaaw/Downloads/APITwitter/airflow_pipeline/dags/twitter_dag.py
[2025-05-28 22:47:35,678] {logging_mixin.py:115} INFO - [2025-05-28 22:47:35,678] {dag.py:2379} INFO - Sync 1 DAGs
[2025-05-28 22:47:35,703] {logging_mixin.py:115} INFO - [2025-05-28 22:47:35,703] {dag.py:2927} INFO - Setting next_dagrun for TwitterDAG to 2025-05-29T00:00:00+00:00, run_after=2025-05-30T00:00:00+00:00
[2025-05-28 22:47:35,718] {processor.py:161} INFO - Processing /home/cunhaaw/Downloads/APITwitter/airflow_pipeline/dags/twitter_dag.py took 0.081 seconds
[2025-05-28 22:48:05,945] {processor.py:153} INFO - Started process (PID=10429) to work on /home/cunhaaw/Downloads/APITwitter/airflow_pipeline/dags/twitter_dag.py
[2025-05-28 22:48:05,946] {processor.py:641} INFO - Processing file /home/cunhaaw/Downloads/APITwitter/airflow_pipeline/dags/twitter_dag.py for tasks to queue
[2025-05-28 22:48:05,947] {logging_mixin.py:115} INFO - [2025-05-28 22:48:05,946] {dagbag.py:507} INFO - Filling up the DagBag from /home/cunhaaw/Downloads/APITwitter/airflow_pipeline/dags/twitter_dag.py
[2025-05-28 22:48:05,959] {processor.py:651} INFO - DAG(s) dict_keys(['TwitterDAG']) retrieved from /home/cunhaaw/Downloads/APITwitter/airflow_pipeline/dags/twitter_dag.py
[2025-05-28 22:48:05,983] {logging_mixin.py:115} INFO - [2025-05-28 22:48:05,983] {dag.py:2379} INFO - Sync 1 DAGs
[2025-05-28 22:48:06,026] {logging_mixin.py:115} INFO - [2025-05-28 22:48:06,026] {dag.py:2927} INFO - Setting next_dagrun for TwitterDAG to 2025-05-29T00:00:00+00:00, run_after=2025-05-30T00:00:00+00:00
[2025-05-28 22:48:06,053] {processor.py:161} INFO - Processing /home/cunhaaw/Downloads/APITwitter/airflow_pipeline/dags/twitter_dag.py took 0.112 seconds
[2025-05-28 22:48:36,191] {processor.py:153} INFO - Started process (PID=10494) to work on /home/cunhaaw/Downloads/APITwitter/airflow_pipeline/dags/twitter_dag.py
[2025-05-28 22:48:36,193] {processor.py:641} INFO - Processing file /home/cunhaaw/Downloads/APITwitter/airflow_pipeline/dags/twitter_dag.py for tasks to queue
[2025-05-28 22:48:36,193] {logging_mixin.py:115} INFO - [2025-05-28 22:48:36,193] {dagbag.py:507} INFO - Filling up the DagBag from /home/cunhaaw/Downloads/APITwitter/airflow_pipeline/dags/twitter_dag.py
[2025-05-28 22:48:36,205] {processor.py:651} INFO - DAG(s) dict_keys(['TwitterDAG']) retrieved from /home/cunhaaw/Downloads/APITwitter/airflow_pipeline/dags/twitter_dag.py
[2025-05-28 22:48:36,224] {logging_mixin.py:115} INFO - [2025-05-28 22:48:36,224] {dag.py:2379} INFO - Sync 1 DAGs
[2025-05-28 22:48:36,244] {logging_mixin.py:115} INFO - [2025-05-28 22:48:36,244] {dag.py:2927} INFO - Setting next_dagrun for TwitterDAG to 2025-05-29T00:00:00+00:00, run_after=2025-05-30T00:00:00+00:00
[2025-05-28 22:48:36,256] {processor.py:161} INFO - Processing /home/cunhaaw/Downloads/APITwitter/airflow_pipeline/dags/twitter_dag.py took 0.070 seconds
[2025-05-28 22:49:06,488] {processor.py:153} INFO - Started process (PID=10570) to work on /home/cunhaaw/Downloads/APITwitter/airflow_pipeline/dags/twitter_dag.py
[2025-05-28 22:49:06,489] {processor.py:641} INFO - Processing file /home/cunhaaw/Downloads/APITwitter/airflow_pipeline/dags/twitter_dag.py for tasks to queue
[2025-05-28 22:49:06,490] {logging_mixin.py:115} INFO - [2025-05-28 22:49:06,490] {dagbag.py:507} INFO - Filling up the DagBag from /home/cunhaaw/Downloads/APITwitter/airflow_pipeline/dags/twitter_dag.py
[2025-05-28 22:49:06,511] {processor.py:651} INFO - DAG(s) dict_keys(['TwitterDAG']) retrieved from /home/cunhaaw/Downloads/APITwitter/airflow_pipeline/dags/twitter_dag.py
[2025-05-28 22:49:06,537] {logging_mixin.py:115} INFO - [2025-05-28 22:49:06,537] {dag.py:2379} INFO - Sync 1 DAGs
[2025-05-28 22:49:06,578] {logging_mixin.py:115} INFO - [2025-05-28 22:49:06,578] {dag.py:2927} INFO - Setting next_dagrun for TwitterDAG to 2025-05-29T00:00:00+00:00, run_after=2025-05-30T00:00:00+00:00
[2025-05-28 22:49:06,611] {processor.py:161} INFO - Processing /home/cunhaaw/Downloads/APITwitter/airflow_pipeline/dags/twitter_dag.py took 0.128 seconds
[2025-05-28 22:49:36,769] {processor.py:153} INFO - Started process (PID=12134) to work on /home/cunhaaw/Downloads/APITwitter/airflow_pipeline/dags/twitter_dag.py
[2025-05-28 22:49:36,770] {processor.py:641} INFO - Processing file /home/cunhaaw/Downloads/APITwitter/airflow_pipeline/dags/twitter_dag.py for tasks to queue
[2025-05-28 22:49:36,771] {logging_mixin.py:115} INFO - [2025-05-28 22:49:36,771] {dagbag.py:507} INFO - Filling up the DagBag from /home/cunhaaw/Downloads/APITwitter/airflow_pipeline/dags/twitter_dag.py
[2025-05-28 22:49:36,784] {processor.py:651} INFO - DAG(s) dict_keys(['TwitterDAG']) retrieved from /home/cunhaaw/Downloads/APITwitter/airflow_pipeline/dags/twitter_dag.py
[2025-05-28 22:49:36,803] {logging_mixin.py:115} INFO - [2025-05-28 22:49:36,803] {dag.py:2379} INFO - Sync 1 DAGs
[2025-05-28 22:49:36,826] {logging_mixin.py:115} INFO - [2025-05-28 22:49:36,826] {dag.py:2927} INFO - Setting next_dagrun for TwitterDAG to 2025-05-29T00:00:00+00:00, run_after=2025-05-30T00:00:00+00:00
[2025-05-28 22:49:36,838] {processor.py:161} INFO - Processing /home/cunhaaw/Downloads/APITwitter/airflow_pipeline/dags/twitter_dag.py took 0.073 seconds
[2025-05-28 22:50:07,020] {processor.py:153} INFO - Started process (PID=12273) to work on /home/cunhaaw/Downloads/APITwitter/airflow_pipeline/dags/twitter_dag.py
[2025-05-28 22:50:07,021] {processor.py:641} INFO - Processing file /home/cunhaaw/Downloads/APITwitter/airflow_pipeline/dags/twitter_dag.py for tasks to queue
[2025-05-28 22:50:07,022] {logging_mixin.py:115} INFO - [2025-05-28 22:50:07,021] {dagbag.py:507} INFO - Filling up the DagBag from /home/cunhaaw/Downloads/APITwitter/airflow_pipeline/dags/twitter_dag.py
[2025-05-28 22:50:07,034] {processor.py:651} INFO - DAG(s) dict_keys(['TwitterDAG']) retrieved from /home/cunhaaw/Downloads/APITwitter/airflow_pipeline/dags/twitter_dag.py
[2025-05-28 22:50:07,054] {logging_mixin.py:115} INFO - [2025-05-28 22:50:07,054] {dag.py:2379} INFO - Sync 1 DAGs
[2025-05-28 22:50:07,075] {logging_mixin.py:115} INFO - [2025-05-28 22:50:07,075] {dag.py:2927} INFO - Setting next_dagrun for TwitterDAG to 2025-05-29T00:00:00+00:00, run_after=2025-05-30T00:00:00+00:00
[2025-05-28 22:50:07,086] {processor.py:161} INFO - Processing /home/cunhaaw/Downloads/APITwitter/airflow_pipeline/dags/twitter_dag.py took 0.073 seconds
[2025-05-28 22:50:37,291] {processor.py:153} INFO - Started process (PID=12279) to work on /home/cunhaaw/Downloads/APITwitter/airflow_pipeline/dags/twitter_dag.py
[2025-05-28 22:50:37,292] {processor.py:641} INFO - Processing file /home/cunhaaw/Downloads/APITwitter/airflow_pipeline/dags/twitter_dag.py for tasks to queue
[2025-05-28 22:50:37,292] {logging_mixin.py:115} INFO - [2025-05-28 22:50:37,292] {dagbag.py:507} INFO - Filling up the DagBag from /home/cunhaaw/Downloads/APITwitter/airflow_pipeline/dags/twitter_dag.py
[2025-05-28 22:50:37,307] {processor.py:651} INFO - DAG(s) dict_keys(['TwitterDAG']) retrieved from /home/cunhaaw/Downloads/APITwitter/airflow_pipeline/dags/twitter_dag.py
[2025-05-28 22:50:37,327] {logging_mixin.py:115} INFO - [2025-05-28 22:50:37,327] {dag.py:2379} INFO - Sync 1 DAGs
[2025-05-28 22:50:37,355] {logging_mixin.py:115} INFO - [2025-05-28 22:50:37,354] {dag.py:2927} INFO - Setting next_dagrun for TwitterDAG to 2025-05-29T00:00:00+00:00, run_after=2025-05-30T00:00:00+00:00
[2025-05-28 22:50:37,369] {processor.py:161} INFO - Processing /home/cunhaaw/Downloads/APITwitter/airflow_pipeline/dags/twitter_dag.py took 0.084 seconds
[2025-05-28 22:51:07,529] {processor.py:153} INFO - Started process (PID=12283) to work on /home/cunhaaw/Downloads/APITwitter/airflow_pipeline/dags/twitter_dag.py
[2025-05-28 22:51:07,530] {processor.py:641} INFO - Processing file /home/cunhaaw/Downloads/APITwitter/airflow_pipeline/dags/twitter_dag.py for tasks to queue
[2025-05-28 22:51:07,531] {logging_mixin.py:115} INFO - [2025-05-28 22:51:07,530] {dagbag.py:507} INFO - Filling up the DagBag from /home/cunhaaw/Downloads/APITwitter/airflow_pipeline/dags/twitter_dag.py
[2025-05-28 22:51:07,542] {processor.py:651} INFO - DAG(s) dict_keys(['TwitterDAG']) retrieved from /home/cunhaaw/Downloads/APITwitter/airflow_pipeline/dags/twitter_dag.py
[2025-05-28 22:51:07,565] {logging_mixin.py:115} INFO - [2025-05-28 22:51:07,565] {dag.py:2379} INFO - Sync 1 DAGs
[2025-05-28 22:51:07,588] {logging_mixin.py:115} INFO - [2025-05-28 22:51:07,588] {dag.py:2927} INFO - Setting next_dagrun for TwitterDAG to 2025-05-29T00:00:00+00:00, run_after=2025-05-30T00:00:00+00:00
[2025-05-28 22:51:07,603] {processor.py:161} INFO - Processing /home/cunhaaw/Downloads/APITwitter/airflow_pipeline/dags/twitter_dag.py took 0.078 seconds
[2025-05-28 22:51:37,776] {processor.py:153} INFO - Started process (PID=12287) to work on /home/cunhaaw/Downloads/APITwitter/airflow_pipeline/dags/twitter_dag.py
[2025-05-28 22:51:37,777] {processor.py:641} INFO - Processing file /home/cunhaaw/Downloads/APITwitter/airflow_pipeline/dags/twitter_dag.py for tasks to queue
[2025-05-28 22:51:37,778] {logging_mixin.py:115} INFO - [2025-05-28 22:51:37,778] {dagbag.py:507} INFO - Filling up the DagBag from /home/cunhaaw/Downloads/APITwitter/airflow_pipeline/dags/twitter_dag.py
[2025-05-28 22:51:37,790] {processor.py:651} INFO - DAG(s) dict_keys(['TwitterDAG']) retrieved from /home/cunhaaw/Downloads/APITwitter/airflow_pipeline/dags/twitter_dag.py
[2025-05-28 22:51:37,810] {logging_mixin.py:115} INFO - [2025-05-28 22:51:37,810] {dag.py:2379} INFO - Sync 1 DAGs
[2025-05-28 22:51:37,833] {logging_mixin.py:115} INFO - [2025-05-28 22:51:37,833] {dag.py:2927} INFO - Setting next_dagrun for TwitterDAG to 2025-05-29T00:00:00+00:00, run_after=2025-05-30T00:00:00+00:00
[2025-05-28 22:51:37,846] {processor.py:161} INFO - Processing /home/cunhaaw/Downloads/APITwitter/airflow_pipeline/dags/twitter_dag.py took 0.078 seconds
[2025-05-28 22:52:08,005] {processor.py:153} INFO - Started process (PID=12293) to work on /home/cunhaaw/Downloads/APITwitter/airflow_pipeline/dags/twitter_dag.py
[2025-05-28 22:52:08,007] {processor.py:641} INFO - Processing file /home/cunhaaw/Downloads/APITwitter/airflow_pipeline/dags/twitter_dag.py for tasks to queue
[2025-05-28 22:52:08,007] {logging_mixin.py:115} INFO - [2025-05-28 22:52:08,007] {dagbag.py:507} INFO - Filling up the DagBag from /home/cunhaaw/Downloads/APITwitter/airflow_pipeline/dags/twitter_dag.py
[2025-05-28 22:52:08,021] {processor.py:651} INFO - DAG(s) dict_keys(['TwitterDAG']) retrieved from /home/cunhaaw/Downloads/APITwitter/airflow_pipeline/dags/twitter_dag.py
[2025-05-28 22:52:08,045] {logging_mixin.py:115} INFO - [2025-05-28 22:52:08,045] {dag.py:2379} INFO - Sync 1 DAGs
[2025-05-28 22:52:08,067] {logging_mixin.py:115} INFO - [2025-05-28 22:52:08,067] {dag.py:2927} INFO - Setting next_dagrun for TwitterDAG to 2025-05-29T00:00:00+00:00, run_after=2025-05-30T00:00:00+00:00
[2025-05-28 22:52:08,084] {processor.py:161} INFO - Processing /home/cunhaaw/Downloads/APITwitter/airflow_pipeline/dags/twitter_dag.py took 0.083 seconds
[2025-05-28 22:52:38,292] {processor.py:153} INFO - Started process (PID=12316) to work on /home/cunhaaw/Downloads/APITwitter/airflow_pipeline/dags/twitter_dag.py
[2025-05-28 22:52:38,292] {processor.py:641} INFO - Processing file /home/cunhaaw/Downloads/APITwitter/airflow_pipeline/dags/twitter_dag.py for tasks to queue
[2025-05-28 22:52:38,293] {logging_mixin.py:115} INFO - [2025-05-28 22:52:38,293] {dagbag.py:507} INFO - Filling up the DagBag from /home/cunhaaw/Downloads/APITwitter/airflow_pipeline/dags/twitter_dag.py
[2025-05-28 22:52:38,305] {processor.py:651} INFO - DAG(s) dict_keys(['TwitterDAG']) retrieved from /home/cunhaaw/Downloads/APITwitter/airflow_pipeline/dags/twitter_dag.py
[2025-05-28 22:52:38,326] {logging_mixin.py:115} INFO - [2025-05-28 22:52:38,325] {dag.py:2379} INFO - Sync 1 DAGs
[2025-05-28 22:52:38,350] {logging_mixin.py:115} INFO - [2025-05-28 22:52:38,350] {dag.py:2927} INFO - Setting next_dagrun for TwitterDAG to 2025-05-29T00:00:00+00:00, run_after=2025-05-30T00:00:00+00:00
[2025-05-28 22:52:38,367] {processor.py:161} INFO - Processing /home/cunhaaw/Downloads/APITwitter/airflow_pipeline/dags/twitter_dag.py took 0.080 seconds
[2025-05-28 22:53:08,555] {processor.py:153} INFO - Started process (PID=12388) to work on /home/cunhaaw/Downloads/APITwitter/airflow_pipeline/dags/twitter_dag.py
[2025-05-28 22:53:08,557] {processor.py:641} INFO - Processing file /home/cunhaaw/Downloads/APITwitter/airflow_pipeline/dags/twitter_dag.py for tasks to queue
[2025-05-28 22:53:08,558] {logging_mixin.py:115} INFO - [2025-05-28 22:53:08,558] {dagbag.py:507} INFO - Filling up the DagBag from /home/cunhaaw/Downloads/APITwitter/airflow_pipeline/dags/twitter_dag.py
[2025-05-28 22:53:08,575] {processor.py:651} INFO - DAG(s) dict_keys(['TwitterDAG']) retrieved from /home/cunhaaw/Downloads/APITwitter/airflow_pipeline/dags/twitter_dag.py
[2025-05-28 22:53:08,604] {logging_mixin.py:115} INFO - [2025-05-28 22:53:08,604] {dag.py:2379} INFO - Sync 1 DAGs
[2025-05-28 22:53:08,644] {logging_mixin.py:115} INFO - [2025-05-28 22:53:08,644] {dag.py:2927} INFO - Setting next_dagrun for TwitterDAG to 2025-05-29T00:00:00+00:00, run_after=2025-05-30T00:00:00+00:00
[2025-05-28 22:53:08,661] {processor.py:161} INFO - Processing /home/cunhaaw/Downloads/APITwitter/airflow_pipeline/dags/twitter_dag.py took 0.111 seconds
[2025-05-28 22:53:38,920] {processor.py:153} INFO - Started process (PID=12460) to work on /home/cunhaaw/Downloads/APITwitter/airflow_pipeline/dags/twitter_dag.py
[2025-05-28 22:53:38,921] {processor.py:641} INFO - Processing file /home/cunhaaw/Downloads/APITwitter/airflow_pipeline/dags/twitter_dag.py for tasks to queue
[2025-05-28 22:53:38,921] {logging_mixin.py:115} INFO - [2025-05-28 22:53:38,921] {dagbag.py:507} INFO - Filling up the DagBag from /home/cunhaaw/Downloads/APITwitter/airflow_pipeline/dags/twitter_dag.py
[2025-05-28 22:53:38,934] {processor.py:651} INFO - DAG(s) dict_keys(['TwitterDAG']) retrieved from /home/cunhaaw/Downloads/APITwitter/airflow_pipeline/dags/twitter_dag.py
[2025-05-28 22:53:38,952] {logging_mixin.py:115} INFO - [2025-05-28 22:53:38,952] {dag.py:2379} INFO - Sync 1 DAGs
[2025-05-28 22:53:38,973] {logging_mixin.py:115} INFO - [2025-05-28 22:53:38,972] {dag.py:2927} INFO - Setting next_dagrun for TwitterDAG to 2025-05-29T00:00:00+00:00, run_after=2025-05-30T00:00:00+00:00
[2025-05-28 22:53:38,985] {processor.py:161} INFO - Processing /home/cunhaaw/Downloads/APITwitter/airflow_pipeline/dags/twitter_dag.py took 0.068 seconds
[2025-05-28 22:54:09,191] {processor.py:153} INFO - Started process (PID=12517) to work on /home/cunhaaw/Downloads/APITwitter/airflow_pipeline/dags/twitter_dag.py
[2025-05-28 22:54:09,192] {processor.py:641} INFO - Processing file /home/cunhaaw/Downloads/APITwitter/airflow_pipeline/dags/twitter_dag.py for tasks to queue
[2025-05-28 22:54:09,193] {logging_mixin.py:115} INFO - [2025-05-28 22:54:09,192] {dagbag.py:507} INFO - Filling up the DagBag from /home/cunhaaw/Downloads/APITwitter/airflow_pipeline/dags/twitter_dag.py
[2025-05-28 22:54:09,209] {processor.py:651} INFO - DAG(s) dict_keys(['TwitterDAG']) retrieved from /home/cunhaaw/Downloads/APITwitter/airflow_pipeline/dags/twitter_dag.py
[2025-05-28 22:54:09,244] {logging_mixin.py:115} INFO - [2025-05-28 22:54:09,244] {dag.py:2379} INFO - Sync 1 DAGs
[2025-05-28 22:54:09,291] {logging_mixin.py:115} INFO - [2025-05-28 22:54:09,290] {dag.py:2927} INFO - Setting next_dagrun for TwitterDAG to 2025-05-29T00:00:00+00:00, run_after=2025-05-30T00:00:00+00:00
[2025-05-28 22:54:09,315] {processor.py:161} INFO - Processing /home/cunhaaw/Downloads/APITwitter/airflow_pipeline/dags/twitter_dag.py took 0.134 seconds
[2025-05-28 22:54:39,508] {processor.py:153} INFO - Started process (PID=12647) to work on /home/cunhaaw/Downloads/APITwitter/airflow_pipeline/dags/twitter_dag.py
[2025-05-28 22:54:39,509] {processor.py:641} INFO - Processing file /home/cunhaaw/Downloads/APITwitter/airflow_pipeline/dags/twitter_dag.py for tasks to queue
[2025-05-28 22:54:39,510] {logging_mixin.py:115} INFO - [2025-05-28 22:54:39,510] {dagbag.py:507} INFO - Filling up the DagBag from /home/cunhaaw/Downloads/APITwitter/airflow_pipeline/dags/twitter_dag.py
[2025-05-28 22:54:39,521] {processor.py:651} INFO - DAG(s) dict_keys(['TwitterDAG']) retrieved from /home/cunhaaw/Downloads/APITwitter/airflow_pipeline/dags/twitter_dag.py
[2025-05-28 22:54:39,546] {logging_mixin.py:115} INFO - [2025-05-28 22:54:39,546] {dag.py:2379} INFO - Sync 1 DAGs
[2025-05-28 22:54:39,580] {logging_mixin.py:115} INFO - [2025-05-28 22:54:39,580] {dag.py:2927} INFO - Setting next_dagrun for TwitterDAG to 2025-05-29T00:00:00+00:00, run_after=2025-05-30T00:00:00+00:00
[2025-05-28 22:54:39,600] {processor.py:161} INFO - Processing /home/cunhaaw/Downloads/APITwitter/airflow_pipeline/dags/twitter_dag.py took 0.096 seconds
[2025-05-28 22:55:09,894] {processor.py:153} INFO - Started process (PID=12729) to work on /home/cunhaaw/Downloads/APITwitter/airflow_pipeline/dags/twitter_dag.py
[2025-05-28 22:55:09,895] {processor.py:641} INFO - Processing file /home/cunhaaw/Downloads/APITwitter/airflow_pipeline/dags/twitter_dag.py for tasks to queue
[2025-05-28 22:55:09,897] {logging_mixin.py:115} INFO - [2025-05-28 22:55:09,897] {dagbag.py:507} INFO - Filling up the DagBag from /home/cunhaaw/Downloads/APITwitter/airflow_pipeline/dags/twitter_dag.py
[2025-05-28 22:55:09,927] {processor.py:651} INFO - DAG(s) dict_keys(['TwitterDAG']) retrieved from /home/cunhaaw/Downloads/APITwitter/airflow_pipeline/dags/twitter_dag.py
[2025-05-28 22:55:09,990] {logging_mixin.py:115} INFO - [2025-05-28 22:55:09,990] {dag.py:2379} INFO - Sync 1 DAGs
[2025-05-28 22:55:10,049] {logging_mixin.py:115} INFO - [2025-05-28 22:55:10,049] {dag.py:2927} INFO - Setting next_dagrun for TwitterDAG to 2025-05-29T00:00:00+00:00, run_after=2025-05-30T00:00:00+00:00
[2025-05-28 22:55:10,064] {processor.py:161} INFO - Processing /home/cunhaaw/Downloads/APITwitter/airflow_pipeline/dags/twitter_dag.py took 0.181 seconds
