[2025-05-28 22:34:15,306] {processor.py:153} INFO - Started process (PID=6172) to work on /home/cunhaaw/Downloads/APITwitter/venv/lib/python3.9/site-packages/airflow/example_dags/plugins/workday.py
[2025-05-28 22:34:15,309] {processor.py:641} INFO - Processing file /home/cunhaaw/Downloads/APITwitter/venv/lib/python3.9/site-packages/airflow/example_dags/plugins/workday.py for tasks to queue
[2025-05-28 22:34:15,317] {logging_mixin.py:115} INFO - [2025-05-28 22:34:15,317] {dagbag.py:507} INFO - Filling up the DagBag from /home/cunhaaw/Downloads/APITwitter/venv/lib/python3.9/site-packages/airflow/example_dags/plugins/workday.py
[2025-05-28 22:34:15,323] {processor.py:653} WARNING - No viable dags retrieved from /home/cunhaaw/Downloads/APITwitter/venv/lib/python3.9/site-packages/airflow/example_dags/plugins/workday.py
[2025-05-28 22:34:15,635] {processor.py:161} INFO - Processing /home/cunhaaw/Downloads/APITwitter/venv/lib/python3.9/site-packages/airflow/example_dags/plugins/workday.py took 0.394 seconds
[2025-05-28 22:35:08,591] {processor.py:153} INFO - Started process (PID=6476) to work on /home/cunhaaw/Downloads/APITwitter/venv/lib/python3.9/site-packages/airflow/example_dags/plugins/workday.py
[2025-05-28 22:35:08,592] {processor.py:641} INFO - Processing file /home/cunhaaw/Downloads/APITwitter/venv/lib/python3.9/site-packages/airflow/example_dags/plugins/workday.py for tasks to queue
[2025-05-28 22:35:08,593] {logging_mixin.py:115} INFO - [2025-05-28 22:35:08,593] {dagbag.py:507} INFO - Filling up the DagBag from /home/cunhaaw/Downloads/APITwitter/venv/lib/python3.9/site-packages/airflow/example_dags/plugins/workday.py
[2025-05-28 22:35:08,599] {processor.py:653} WARNING - No viable dags retrieved from /home/cunhaaw/Downloads/APITwitter/venv/lib/python3.9/site-packages/airflow/example_dags/plugins/workday.py
[2025-05-28 22:35:08,628] {processor.py:161} INFO - Processing /home/cunhaaw/Downloads/APITwitter/venv/lib/python3.9/site-packages/airflow/example_dags/plugins/workday.py took 0.045 seconds
[2025-05-28 22:35:41,564] {processor.py:153} INFO - Started process (PID=6640) to work on /home/cunhaaw/Downloads/APITwitter/venv/lib/python3.9/site-packages/airflow/example_dags/plugins/workday.py
[2025-05-28 22:35:41,566] {processor.py:641} INFO - Processing file /home/cunhaaw/Downloads/APITwitter/venv/lib/python3.9/site-packages/airflow/example_dags/plugins/workday.py for tasks to queue
[2025-05-28 22:35:41,567] {logging_mixin.py:115} INFO - [2025-05-28 22:35:41,567] {dagbag.py:507} INFO - Filling up the DagBag from /home/cunhaaw/Downloads/APITwitter/venv/lib/python3.9/site-packages/airflow/example_dags/plugins/workday.py
[2025-05-28 22:35:41,571] {processor.py:653} WARNING - No viable dags retrieved from /home/cunhaaw/Downloads/APITwitter/venv/lib/python3.9/site-packages/airflow/example_dags/plugins/workday.py
[2025-05-28 22:35:41,593] {processor.py:161} INFO - Processing /home/cunhaaw/Downloads/APITwitter/venv/lib/python3.9/site-packages/airflow/example_dags/plugins/workday.py took 0.035 seconds
[2025-05-28 22:36:19,195] {processor.py:153} INFO - Started process (PID=6992) to work on /home/cunhaaw/Downloads/APITwitter/venv/lib/python3.9/site-packages/airflow/example_dags/plugins/workday.py
[2025-05-28 22:36:19,197] {processor.py:641} INFO - Processing file /home/cunhaaw/Downloads/APITwitter/venv/lib/python3.9/site-packages/airflow/example_dags/plugins/workday.py for tasks to queue
[2025-05-28 22:36:19,198] {logging_mixin.py:115} INFO - [2025-05-28 22:36:19,198] {dagbag.py:507} INFO - Filling up the DagBag from /home/cunhaaw/Downloads/APITwitter/venv/lib/python3.9/site-packages/airflow/example_dags/plugins/workday.py
[2025-05-28 22:36:19,201] {processor.py:653} WARNING - No viable dags retrieved from /home/cunhaaw/Downloads/APITwitter/venv/lib/python3.9/site-packages/airflow/example_dags/plugins/workday.py
[2025-05-28 22:36:19,214] {processor.py:161} INFO - Processing /home/cunhaaw/Downloads/APITwitter/venv/lib/python3.9/site-packages/airflow/example_dags/plugins/workday.py took 0.025 seconds
[2025-05-28 22:36:54,555] {processor.py:153} INFO - Started process (PID=7218) to work on /home/cunhaaw/Downloads/APITwitter/venv/lib/python3.9/site-packages/airflow/example_dags/plugins/workday.py
[2025-05-28 22:36:54,557] {processor.py:641} INFO - Processing file /home/cunhaaw/Downloads/APITwitter/venv/lib/python3.9/site-packages/airflow/example_dags/plugins/workday.py for tasks to queue
[2025-05-28 22:36:54,560] {logging_mixin.py:115} INFO - [2025-05-28 22:36:54,559] {dagbag.py:507} INFO - Filling up the DagBag from /home/cunhaaw/Downloads/APITwitter/venv/lib/python3.9/site-packages/airflow/example_dags/plugins/workday.py
[2025-05-28 22:36:54,568] {processor.py:653} WARNING - No viable dags retrieved from /home/cunhaaw/Downloads/APITwitter/venv/lib/python3.9/site-packages/airflow/example_dags/plugins/workday.py
[2025-05-28 22:36:54,591] {processor.py:161} INFO - Processing /home/cunhaaw/Downloads/APITwitter/venv/lib/python3.9/site-packages/airflow/example_dags/plugins/workday.py took 0.040 seconds
[2025-05-28 22:37:25,659] {processor.py:153} INFO - Started process (PID=7314) to work on /home/cunhaaw/Downloads/APITwitter/venv/lib/python3.9/site-packages/airflow/example_dags/plugins/workday.py
[2025-05-28 22:37:25,660] {processor.py:641} INFO - Processing file /home/cunhaaw/Downloads/APITwitter/venv/lib/python3.9/site-packages/airflow/example_dags/plugins/workday.py for tasks to queue
[2025-05-28 22:37:25,661] {logging_mixin.py:115} INFO - [2025-05-28 22:37:25,661] {dagbag.py:507} INFO - Filling up the DagBag from /home/cunhaaw/Downloads/APITwitter/venv/lib/python3.9/site-packages/airflow/example_dags/plugins/workday.py
[2025-05-28 22:37:25,664] {processor.py:653} WARNING - No viable dags retrieved from /home/cunhaaw/Downloads/APITwitter/venv/lib/python3.9/site-packages/airflow/example_dags/plugins/workday.py
[2025-05-28 22:37:25,683] {processor.py:161} INFO - Processing /home/cunhaaw/Downloads/APITwitter/venv/lib/python3.9/site-packages/airflow/example_dags/plugins/workday.py took 0.028 seconds
[2025-05-28 22:38:01,993] {processor.py:153} INFO - Started process (PID=7458) to work on /home/cunhaaw/Downloads/APITwitter/venv/lib/python3.9/site-packages/airflow/example_dags/plugins/workday.py
[2025-05-28 22:38:01,994] {processor.py:641} INFO - Processing file /home/cunhaaw/Downloads/APITwitter/venv/lib/python3.9/site-packages/airflow/example_dags/plugins/workday.py for tasks to queue
[2025-05-28 22:38:01,995] {logging_mixin.py:115} INFO - [2025-05-28 22:38:01,995] {dagbag.py:507} INFO - Filling up the DagBag from /home/cunhaaw/Downloads/APITwitter/venv/lib/python3.9/site-packages/airflow/example_dags/plugins/workday.py
[2025-05-28 22:38:01,998] {processor.py:653} WARNING - No viable dags retrieved from /home/cunhaaw/Downloads/APITwitter/venv/lib/python3.9/site-packages/airflow/example_dags/plugins/workday.py
[2025-05-28 22:38:02,012] {processor.py:161} INFO - Processing /home/cunhaaw/Downloads/APITwitter/venv/lib/python3.9/site-packages/airflow/example_dags/plugins/workday.py took 0.026 seconds
[2025-05-28 22:38:39,265] {processor.py:153} INFO - Started process (PID=7604) to work on /home/cunhaaw/Downloads/APITwitter/venv/lib/python3.9/site-packages/airflow/example_dags/plugins/workday.py
[2025-05-28 22:38:39,267] {processor.py:641} INFO - Processing file /home/cunhaaw/Downloads/APITwitter/venv/lib/python3.9/site-packages/airflow/example_dags/plugins/workday.py for tasks to queue
[2025-05-28 22:38:39,267] {logging_mixin.py:115} INFO - [2025-05-28 22:38:39,267] {dagbag.py:507} INFO - Filling up the DagBag from /home/cunhaaw/Downloads/APITwitter/venv/lib/python3.9/site-packages/airflow/example_dags/plugins/workday.py
[2025-05-28 22:38:39,271] {processor.py:653} WARNING - No viable dags retrieved from /home/cunhaaw/Downloads/APITwitter/venv/lib/python3.9/site-packages/airflow/example_dags/plugins/workday.py
[2025-05-28 22:38:39,287] {processor.py:161} INFO - Processing /home/cunhaaw/Downloads/APITwitter/venv/lib/python3.9/site-packages/airflow/example_dags/plugins/workday.py took 0.028 seconds
[2025-05-28 22:39:19,396] {processor.py:153} INFO - Started process (PID=7886) to work on /home/cunhaaw/Downloads/APITwitter/venv/lib/python3.9/site-packages/airflow/example_dags/plugins/workday.py
[2025-05-28 22:39:19,399] {processor.py:641} INFO - Processing file /home/cunhaaw/Downloads/APITwitter/venv/lib/python3.9/site-packages/airflow/example_dags/plugins/workday.py for tasks to queue
[2025-05-28 22:39:19,400] {logging_mixin.py:115} INFO - [2025-05-28 22:39:19,400] {dagbag.py:507} INFO - Filling up the DagBag from /home/cunhaaw/Downloads/APITwitter/venv/lib/python3.9/site-packages/airflow/example_dags/plugins/workday.py
[2025-05-28 22:39:19,404] {processor.py:653} WARNING - No viable dags retrieved from /home/cunhaaw/Downloads/APITwitter/venv/lib/python3.9/site-packages/airflow/example_dags/plugins/workday.py
[2025-05-28 22:39:19,421] {processor.py:161} INFO - Processing /home/cunhaaw/Downloads/APITwitter/venv/lib/python3.9/site-packages/airflow/example_dags/plugins/workday.py took 0.038 seconds
[2025-05-28 22:39:54,837] {processor.py:153} INFO - Started process (PID=7981) to work on /home/cunhaaw/Downloads/APITwitter/venv/lib/python3.9/site-packages/airflow/example_dags/plugins/workday.py
[2025-05-28 22:39:54,838] {processor.py:641} INFO - Processing file /home/cunhaaw/Downloads/APITwitter/venv/lib/python3.9/site-packages/airflow/example_dags/plugins/workday.py for tasks to queue
[2025-05-28 22:39:54,838] {logging_mixin.py:115} INFO - [2025-05-28 22:39:54,838] {dagbag.py:507} INFO - Filling up the DagBag from /home/cunhaaw/Downloads/APITwitter/venv/lib/python3.9/site-packages/airflow/example_dags/plugins/workday.py
[2025-05-28 22:39:54,841] {processor.py:653} WARNING - No viable dags retrieved from /home/cunhaaw/Downloads/APITwitter/venv/lib/python3.9/site-packages/airflow/example_dags/plugins/workday.py
[2025-05-28 22:39:54,856] {processor.py:161} INFO - Processing /home/cunhaaw/Downloads/APITwitter/venv/lib/python3.9/site-packages/airflow/example_dags/plugins/workday.py took 0.023 seconds
[2025-05-28 22:40:32,732] {processor.py:153} INFO - Started process (PID=8233) to work on /home/cunhaaw/Downloads/APITwitter/venv/lib/python3.9/site-packages/airflow/example_dags/plugins/workday.py
[2025-05-28 22:40:32,733] {processor.py:641} INFO - Processing file /home/cunhaaw/Downloads/APITwitter/venv/lib/python3.9/site-packages/airflow/example_dags/plugins/workday.py for tasks to queue
[2025-05-28 22:40:32,734] {logging_mixin.py:115} INFO - [2025-05-28 22:40:32,733] {dagbag.py:507} INFO - Filling up the DagBag from /home/cunhaaw/Downloads/APITwitter/venv/lib/python3.9/site-packages/airflow/example_dags/plugins/workday.py
[2025-05-28 22:40:32,736] {processor.py:653} WARNING - No viable dags retrieved from /home/cunhaaw/Downloads/APITwitter/venv/lib/python3.9/site-packages/airflow/example_dags/plugins/workday.py
[2025-05-28 22:40:32,751] {processor.py:161} INFO - Processing /home/cunhaaw/Downloads/APITwitter/venv/lib/python3.9/site-packages/airflow/example_dags/plugins/workday.py took 0.023 seconds
[2025-05-28 22:41:12,101] {processor.py:153} INFO - Started process (PID=8353) to work on /home/cunhaaw/Downloads/APITwitter/venv/lib/python3.9/site-packages/airflow/example_dags/plugins/workday.py
[2025-05-28 22:41:12,102] {processor.py:641} INFO - Processing file /home/cunhaaw/Downloads/APITwitter/venv/lib/python3.9/site-packages/airflow/example_dags/plugins/workday.py for tasks to queue
[2025-05-28 22:41:12,103] {logging_mixin.py:115} INFO - [2025-05-28 22:41:12,103] {dagbag.py:507} INFO - Filling up the DagBag from /home/cunhaaw/Downloads/APITwitter/venv/lib/python3.9/site-packages/airflow/example_dags/plugins/workday.py
[2025-05-28 22:41:12,109] {processor.py:653} WARNING - No viable dags retrieved from /home/cunhaaw/Downloads/APITwitter/venv/lib/python3.9/site-packages/airflow/example_dags/plugins/workday.py
[2025-05-28 22:41:12,142] {processor.py:161} INFO - Processing /home/cunhaaw/Downloads/APITwitter/venv/lib/python3.9/site-packages/airflow/example_dags/plugins/workday.py took 0.050 seconds
[2025-05-28 22:41:43,594] {processor.py:153} INFO - Started process (PID=8703) to work on /home/cunhaaw/Downloads/APITwitter/venv/lib/python3.9/site-packages/airflow/example_dags/plugins/workday.py
[2025-05-28 22:41:43,594] {processor.py:641} INFO - Processing file /home/cunhaaw/Downloads/APITwitter/venv/lib/python3.9/site-packages/airflow/example_dags/plugins/workday.py for tasks to queue
[2025-05-28 22:41:43,595] {logging_mixin.py:115} INFO - [2025-05-28 22:41:43,595] {dagbag.py:507} INFO - Filling up the DagBag from /home/cunhaaw/Downloads/APITwitter/venv/lib/python3.9/site-packages/airflow/example_dags/plugins/workday.py
[2025-05-28 22:41:43,598] {processor.py:653} WARNING - No viable dags retrieved from /home/cunhaaw/Downloads/APITwitter/venv/lib/python3.9/site-packages/airflow/example_dags/plugins/workday.py
[2025-05-28 22:41:43,614] {processor.py:161} INFO - Processing /home/cunhaaw/Downloads/APITwitter/venv/lib/python3.9/site-packages/airflow/example_dags/plugins/workday.py took 0.025 seconds
[2025-05-28 22:42:14,692] {processor.py:153} INFO - Started process (PID=8955) to work on /home/cunhaaw/Downloads/APITwitter/venv/lib/python3.9/site-packages/airflow/example_dags/plugins/workday.py
[2025-05-28 22:42:14,693] {processor.py:641} INFO - Processing file /home/cunhaaw/Downloads/APITwitter/venv/lib/python3.9/site-packages/airflow/example_dags/plugins/workday.py for tasks to queue
[2025-05-28 22:42:14,694] {logging_mixin.py:115} INFO - [2025-05-28 22:42:14,694] {dagbag.py:507} INFO - Filling up the DagBag from /home/cunhaaw/Downloads/APITwitter/venv/lib/python3.9/site-packages/airflow/example_dags/plugins/workday.py
[2025-05-28 22:42:14,697] {processor.py:653} WARNING - No viable dags retrieved from /home/cunhaaw/Downloads/APITwitter/venv/lib/python3.9/site-packages/airflow/example_dags/plugins/workday.py
[2025-05-28 22:42:14,717] {processor.py:161} INFO - Processing /home/cunhaaw/Downloads/APITwitter/venv/lib/python3.9/site-packages/airflow/example_dags/plugins/workday.py took 0.035 seconds
[2025-05-28 22:42:50,216] {processor.py:153} INFO - Started process (PID=9200) to work on /home/cunhaaw/Downloads/APITwitter/venv/lib/python3.9/site-packages/airflow/example_dags/plugins/workday.py
[2025-05-28 22:42:50,218] {processor.py:641} INFO - Processing file /home/cunhaaw/Downloads/APITwitter/venv/lib/python3.9/site-packages/airflow/example_dags/plugins/workday.py for tasks to queue
[2025-05-28 22:42:50,219] {logging_mixin.py:115} INFO - [2025-05-28 22:42:50,219] {dagbag.py:507} INFO - Filling up the DagBag from /home/cunhaaw/Downloads/APITwitter/venv/lib/python3.9/site-packages/airflow/example_dags/plugins/workday.py
[2025-05-28 22:42:50,224] {processor.py:653} WARNING - No viable dags retrieved from /home/cunhaaw/Downloads/APITwitter/venv/lib/python3.9/site-packages/airflow/example_dags/plugins/workday.py
[2025-05-28 22:42:50,269] {processor.py:161} INFO - Processing /home/cunhaaw/Downloads/APITwitter/venv/lib/python3.9/site-packages/airflow/example_dags/plugins/workday.py took 0.067 seconds
[2025-05-28 22:43:25,564] {processor.py:153} INFO - Started process (PID=9346) to work on /home/cunhaaw/Downloads/APITwitter/venv/lib/python3.9/site-packages/airflow/example_dags/plugins/workday.py
[2025-05-28 22:43:25,565] {processor.py:641} INFO - Processing file /home/cunhaaw/Downloads/APITwitter/venv/lib/python3.9/site-packages/airflow/example_dags/plugins/workday.py for tasks to queue
[2025-05-28 22:43:25,566] {logging_mixin.py:115} INFO - [2025-05-28 22:43:25,566] {dagbag.py:507} INFO - Filling up the DagBag from /home/cunhaaw/Downloads/APITwitter/venv/lib/python3.9/site-packages/airflow/example_dags/plugins/workday.py
[2025-05-28 22:43:25,568] {processor.py:653} WARNING - No viable dags retrieved from /home/cunhaaw/Downloads/APITwitter/venv/lib/python3.9/site-packages/airflow/example_dags/plugins/workday.py
[2025-05-28 22:43:25,583] {processor.py:161} INFO - Processing /home/cunhaaw/Downloads/APITwitter/venv/lib/python3.9/site-packages/airflow/example_dags/plugins/workday.py took 0.024 seconds
[2025-05-28 22:43:59,044] {processor.py:153} INFO - Started process (PID=9490) to work on /home/cunhaaw/Downloads/APITwitter/venv/lib/python3.9/site-packages/airflow/example_dags/plugins/workday.py
[2025-05-28 22:43:59,045] {processor.py:641} INFO - Processing file /home/cunhaaw/Downloads/APITwitter/venv/lib/python3.9/site-packages/airflow/example_dags/plugins/workday.py for tasks to queue
[2025-05-28 22:43:59,047] {logging_mixin.py:115} INFO - [2025-05-28 22:43:59,046] {dagbag.py:507} INFO - Filling up the DagBag from /home/cunhaaw/Downloads/APITwitter/venv/lib/python3.9/site-packages/airflow/example_dags/plugins/workday.py
[2025-05-28 22:43:59,053] {processor.py:653} WARNING - No viable dags retrieved from /home/cunhaaw/Downloads/APITwitter/venv/lib/python3.9/site-packages/airflow/example_dags/plugins/workday.py
[2025-05-28 22:43:59,080] {processor.py:161} INFO - Processing /home/cunhaaw/Downloads/APITwitter/venv/lib/python3.9/site-packages/airflow/example_dags/plugins/workday.py took 0.041 seconds
