[2025-05-28 23:57:17,031] {taskinstance.py:1159} INFO - Dependencies all met for <TaskInstance: TwitterProcessDAG.clean_transform_tweets scheduled__2025-05-28T00:00:00+00:00 [queued]>
[2025-05-28 23:57:17,038] {taskinstance.py:1159} INFO - Dependencies all met for <TaskInstance: TwitterProcessDAG.clean_transform_tweets scheduled__2025-05-28T00:00:00+00:00 [queued]>
[2025-05-28 23:57:17,038] {taskinstance.py:1356} INFO - 
--------------------------------------------------------------------------------
[2025-05-28 23:57:17,039] {taskinstance.py:1357} INFO - Starting attempt 1 of 1
[2025-05-28 23:57:17,039] {taskinstance.py:1358} INFO - 
--------------------------------------------------------------------------------
[2025-05-28 23:57:17,057] {taskinstance.py:1377} INFO - Executing <Task(TweetCleanerOperator): clean_transform_tweets> on 2025-05-28 00:00:00+00:00
[2025-05-28 23:57:17,060] {standard_task_runner.py:52} INFO - Started process 18300 to run task
[2025-05-28 23:57:17,065] {standard_task_runner.py:79} INFO - Running: ['airflow', 'tasks', 'run', 'TwitterProcessDAG', 'clean_transform_tweets', 'scheduled__2025-05-28T00:00:00+00:00', '--job-id', '12', '--raw', '--subdir', 'DAGS_FOLDER/twitter_dag.py', '--cfg-path', '/tmp/tmp856seohc', '--error-file', '/tmp/tmpu3ibn22y']
[2025-05-28 23:57:17,066] {standard_task_runner.py:80} INFO - Job 12: Subtask clean_transform_tweets
[2025-05-28 23:57:17,124] {task_command.py:370} INFO - Running <TaskInstance: TwitterProcessDAG.clean_transform_tweets scheduled__2025-05-28T00:00:00+00:00 [running]> on host alura
[2025-05-28 23:57:17,268] {taskinstance.py:1569} INFO - Exporting the following env vars:
AIRFLOW_CTX_DAG_OWNER=airflow
AIRFLOW_CTX_DAG_ID=TwitterProcessDAG
AIRFLOW_CTX_TASK_ID=clean_transform_tweets
AIRFLOW_CTX_EXECUTION_DATE=2025-05-28T00:00:00+00:00
AIRFLOW_CTX_TRY_NUMBER=1
AIRFLOW_CTX_DAG_RUN_ID=scheduled__2025-05-28T00:00:00+00:00
[2025-05-28 23:57:17,303] {taskinstance.py:1395} INFO - Marking task as SUCCESS. dag_id=TwitterProcessDAG, task_id=clean_transform_tweets, execution_date=20250528T000000, start_date=20250529T025717, end_date=20250529T025717
[2025-05-28 23:57:17,364] {local_task_job.py:156} INFO - Task exited with return code 0
[2025-05-28 23:57:17,414] {local_task_job.py:273} INFO - 0 downstream tasks scheduled from follow-on schedule check
