[2025-05-28 22:34:13,504] {processor.py:153} INFO - Started process (PID=6155) to work on /home/cunhaaw/Downloads/APITwitter/venv/lib/python3.9/site-packages/airflow/example_dags/subdags/subdag.py
[2025-05-28 22:34:13,506] {processor.py:641} INFO - Processing file /home/cunhaaw/Downloads/APITwitter/venv/lib/python3.9/site-packages/airflow/example_dags/subdags/subdag.py for tasks to queue
[2025-05-28 22:34:13,507] {logging_mixin.py:115} INFO - [2025-05-28 22:34:13,507] {dagbag.py:507} INFO - Filling up the DagBag from /home/cunhaaw/Downloads/APITwitter/venv/lib/python3.9/site-packages/airflow/example_dags/subdags/subdag.py
[2025-05-28 22:34:13,509] {processor.py:653} WARNING - No viable dags retrieved from /home/cunhaaw/Downloads/APITwitter/venv/lib/python3.9/site-packages/airflow/example_dags/subdags/subdag.py
[2025-05-28 22:34:13,561] {processor.py:161} INFO - Processing /home/cunhaaw/Downloads/APITwitter/venv/lib/python3.9/site-packages/airflow/example_dags/subdags/subdag.py took 0.087 seconds
[2025-05-28 22:35:07,448] {processor.py:153} INFO - Started process (PID=6475) to work on /home/cunhaaw/Downloads/APITwitter/venv/lib/python3.9/site-packages/airflow/example_dags/subdags/subdag.py
[2025-05-28 22:35:07,449] {processor.py:641} INFO - Processing file /home/cunhaaw/Downloads/APITwitter/venv/lib/python3.9/site-packages/airflow/example_dags/subdags/subdag.py for tasks to queue
[2025-05-28 22:35:07,450] {logging_mixin.py:115} INFO - [2025-05-28 22:35:07,450] {dagbag.py:507} INFO - Filling up the DagBag from /home/cunhaaw/Downloads/APITwitter/venv/lib/python3.9/site-packages/airflow/example_dags/subdags/subdag.py
[2025-05-28 22:35:07,452] {processor.py:653} WARNING - No viable dags retrieved from /home/cunhaaw/Downloads/APITwitter/venv/lib/python3.9/site-packages/airflow/example_dags/subdags/subdag.py
[2025-05-28 22:35:07,466] {processor.py:161} INFO - Processing /home/cunhaaw/Downloads/APITwitter/venv/lib/python3.9/site-packages/airflow/example_dags/subdags/subdag.py took 0.022 seconds
[2025-05-28 22:35:40,825] {processor.py:153} INFO - Started process (PID=6639) to work on /home/cunhaaw/Downloads/APITwitter/venv/lib/python3.9/site-packages/airflow/example_dags/subdags/subdag.py
[2025-05-28 22:35:40,827] {processor.py:641} INFO - Processing file /home/cunhaaw/Downloads/APITwitter/venv/lib/python3.9/site-packages/airflow/example_dags/subdags/subdag.py for tasks to queue
[2025-05-28 22:35:40,829] {logging_mixin.py:115} INFO - [2025-05-28 22:35:40,828] {dagbag.py:507} INFO - Filling up the DagBag from /home/cunhaaw/Downloads/APITwitter/venv/lib/python3.9/site-packages/airflow/example_dags/subdags/subdag.py
[2025-05-28 22:35:40,837] {processor.py:653} WARNING - No viable dags retrieved from /home/cunhaaw/Downloads/APITwitter/venv/lib/python3.9/site-packages/airflow/example_dags/subdags/subdag.py
[2025-05-28 22:35:40,858] {processor.py:161} INFO - Processing /home/cunhaaw/Downloads/APITwitter/venv/lib/python3.9/site-packages/airflow/example_dags/subdags/subdag.py took 0.048 seconds
[2025-05-28 22:36:18,014] {processor.py:153} INFO - Started process (PID=6969) to work on /home/cunhaaw/Downloads/APITwitter/venv/lib/python3.9/site-packages/airflow/example_dags/subdags/subdag.py
[2025-05-28 22:36:18,015] {processor.py:641} INFO - Processing file /home/cunhaaw/Downloads/APITwitter/venv/lib/python3.9/site-packages/airflow/example_dags/subdags/subdag.py for tasks to queue
[2025-05-28 22:36:18,016] {logging_mixin.py:115} INFO - [2025-05-28 22:36:18,016] {dagbag.py:507} INFO - Filling up the DagBag from /home/cunhaaw/Downloads/APITwitter/venv/lib/python3.9/site-packages/airflow/example_dags/subdags/subdag.py
[2025-05-28 22:36:18,018] {processor.py:653} WARNING - No viable dags retrieved from /home/cunhaaw/Downloads/APITwitter/venv/lib/python3.9/site-packages/airflow/example_dags/subdags/subdag.py
[2025-05-28 22:36:18,036] {processor.py:161} INFO - Processing /home/cunhaaw/Downloads/APITwitter/venv/lib/python3.9/site-packages/airflow/example_dags/subdags/subdag.py took 0.026 seconds
[2025-05-28 22:36:49,347] {processor.py:153} INFO - Started process (PID=7162) to work on /home/cunhaaw/Downloads/APITwitter/venv/lib/python3.9/site-packages/airflow/example_dags/subdags/subdag.py
[2025-05-28 22:36:49,348] {processor.py:641} INFO - Processing file /home/cunhaaw/Downloads/APITwitter/venv/lib/python3.9/site-packages/airflow/example_dags/subdags/subdag.py for tasks to queue
[2025-05-28 22:36:49,349] {logging_mixin.py:115} INFO - [2025-05-28 22:36:49,349] {dagbag.py:507} INFO - Filling up the DagBag from /home/cunhaaw/Downloads/APITwitter/venv/lib/python3.9/site-packages/airflow/example_dags/subdags/subdag.py
[2025-05-28 22:36:49,353] {processor.py:653} WARNING - No viable dags retrieved from /home/cunhaaw/Downloads/APITwitter/venv/lib/python3.9/site-packages/airflow/example_dags/subdags/subdag.py
[2025-05-28 22:36:49,376] {processor.py:161} INFO - Processing /home/cunhaaw/Downloads/APITwitter/venv/lib/python3.9/site-packages/airflow/example_dags/subdags/subdag.py took 0.036 seconds
[2025-05-28 22:37:25,327] {processor.py:153} INFO - Started process (PID=7313) to work on /home/cunhaaw/Downloads/APITwitter/venv/lib/python3.9/site-packages/airflow/example_dags/subdags/subdag.py
[2025-05-28 22:37:25,328] {processor.py:641} INFO - Processing file /home/cunhaaw/Downloads/APITwitter/venv/lib/python3.9/site-packages/airflow/example_dags/subdags/subdag.py for tasks to queue
[2025-05-28 22:37:25,328] {logging_mixin.py:115} INFO - [2025-05-28 22:37:25,328] {dagbag.py:507} INFO - Filling up the DagBag from /home/cunhaaw/Downloads/APITwitter/venv/lib/python3.9/site-packages/airflow/example_dags/subdags/subdag.py
[2025-05-28 22:37:25,330] {processor.py:653} WARNING - No viable dags retrieved from /home/cunhaaw/Downloads/APITwitter/venv/lib/python3.9/site-packages/airflow/example_dags/subdags/subdag.py
[2025-05-28 22:37:25,347] {processor.py:161} INFO - Processing /home/cunhaaw/Downloads/APITwitter/venv/lib/python3.9/site-packages/airflow/example_dags/subdags/subdag.py took 0.026 seconds
[2025-05-28 22:38:00,848] {processor.py:153} INFO - Started process (PID=7457) to work on /home/cunhaaw/Downloads/APITwitter/venv/lib/python3.9/site-packages/airflow/example_dags/subdags/subdag.py
[2025-05-28 22:38:00,849] {processor.py:641} INFO - Processing file /home/cunhaaw/Downloads/APITwitter/venv/lib/python3.9/site-packages/airflow/example_dags/subdags/subdag.py for tasks to queue
[2025-05-28 22:38:00,850] {logging_mixin.py:115} INFO - [2025-05-28 22:38:00,850] {dagbag.py:507} INFO - Filling up the DagBag from /home/cunhaaw/Downloads/APITwitter/venv/lib/python3.9/site-packages/airflow/example_dags/subdags/subdag.py
[2025-05-28 22:38:00,852] {processor.py:653} WARNING - No viable dags retrieved from /home/cunhaaw/Downloads/APITwitter/venv/lib/python3.9/site-packages/airflow/example_dags/subdags/subdag.py
[2025-05-28 22:38:00,866] {processor.py:161} INFO - Processing /home/cunhaaw/Downloads/APITwitter/venv/lib/python3.9/site-packages/airflow/example_dags/subdags/subdag.py took 0.024 seconds
[2025-05-28 22:38:32,458] {processor.py:153} INFO - Started process (PID=7594) to work on /home/cunhaaw/Downloads/APITwitter/venv/lib/python3.9/site-packages/airflow/example_dags/subdags/subdag.py
[2025-05-28 22:38:32,460] {processor.py:641} INFO - Processing file /home/cunhaaw/Downloads/APITwitter/venv/lib/python3.9/site-packages/airflow/example_dags/subdags/subdag.py for tasks to queue
[2025-05-28 22:38:32,461] {logging_mixin.py:115} INFO - [2025-05-28 22:38:32,461] {dagbag.py:507} INFO - Filling up the DagBag from /home/cunhaaw/Downloads/APITwitter/venv/lib/python3.9/site-packages/airflow/example_dags/subdags/subdag.py
[2025-05-28 22:38:32,465] {processor.py:653} WARNING - No viable dags retrieved from /home/cunhaaw/Downloads/APITwitter/venv/lib/python3.9/site-packages/airflow/example_dags/subdags/subdag.py
[2025-05-28 22:38:32,483] {processor.py:161} INFO - Processing /home/cunhaaw/Downloads/APITwitter/venv/lib/python3.9/site-packages/airflow/example_dags/subdags/subdag.py took 0.034 seconds
[2025-05-28 22:39:08,558] {processor.py:153} INFO - Started process (PID=7798) to work on /home/cunhaaw/Downloads/APITwitter/venv/lib/python3.9/site-packages/airflow/example_dags/subdags/subdag.py
[2025-05-28 22:39:08,559] {processor.py:641} INFO - Processing file /home/cunhaaw/Downloads/APITwitter/venv/lib/python3.9/site-packages/airflow/example_dags/subdags/subdag.py for tasks to queue
[2025-05-28 22:39:08,561] {logging_mixin.py:115} INFO - [2025-05-28 22:39:08,561] {dagbag.py:507} INFO - Filling up the DagBag from /home/cunhaaw/Downloads/APITwitter/venv/lib/python3.9/site-packages/airflow/example_dags/subdags/subdag.py
[2025-05-28 22:39:08,567] {processor.py:653} WARNING - No viable dags retrieved from /home/cunhaaw/Downloads/APITwitter/venv/lib/python3.9/site-packages/airflow/example_dags/subdags/subdag.py
[2025-05-28 22:39:08,594] {processor.py:161} INFO - Processing /home/cunhaaw/Downloads/APITwitter/venv/lib/python3.9/site-packages/airflow/example_dags/subdags/subdag.py took 0.044 seconds
[2025-05-28 22:39:43,730] {processor.py:153} INFO - Started process (PID=7967) to work on /home/cunhaaw/Downloads/APITwitter/venv/lib/python3.9/site-packages/airflow/example_dags/subdags/subdag.py
[2025-05-28 22:39:43,731] {processor.py:641} INFO - Processing file /home/cunhaaw/Downloads/APITwitter/venv/lib/python3.9/site-packages/airflow/example_dags/subdags/subdag.py for tasks to queue
[2025-05-28 22:39:43,732] {logging_mixin.py:115} INFO - [2025-05-28 22:39:43,732] {dagbag.py:507} INFO - Filling up the DagBag from /home/cunhaaw/Downloads/APITwitter/venv/lib/python3.9/site-packages/airflow/example_dags/subdags/subdag.py
[2025-05-28 22:39:43,734] {processor.py:653} WARNING - No viable dags retrieved from /home/cunhaaw/Downloads/APITwitter/venv/lib/python3.9/site-packages/airflow/example_dags/subdags/subdag.py
[2025-05-28 22:39:43,749] {processor.py:161} INFO - Processing /home/cunhaaw/Downloads/APITwitter/venv/lib/python3.9/site-packages/airflow/example_dags/subdags/subdag.py took 0.024 seconds
[2025-05-28 22:40:17,154] {processor.py:153} INFO - Started process (PID=8057) to work on /home/cunhaaw/Downloads/APITwitter/venv/lib/python3.9/site-packages/airflow/example_dags/subdags/subdag.py
[2025-05-28 22:40:17,155] {processor.py:641} INFO - Processing file /home/cunhaaw/Downloads/APITwitter/venv/lib/python3.9/site-packages/airflow/example_dags/subdags/subdag.py for tasks to queue
[2025-05-28 22:40:17,157] {logging_mixin.py:115} INFO - [2025-05-28 22:40:17,157] {dagbag.py:507} INFO - Filling up the DagBag from /home/cunhaaw/Downloads/APITwitter/venv/lib/python3.9/site-packages/airflow/example_dags/subdags/subdag.py
[2025-05-28 22:40:17,160] {processor.py:653} WARNING - No viable dags retrieved from /home/cunhaaw/Downloads/APITwitter/venv/lib/python3.9/site-packages/airflow/example_dags/subdags/subdag.py
[2025-05-28 22:40:17,187] {processor.py:161} INFO - Processing /home/cunhaaw/Downloads/APITwitter/venv/lib/python3.9/site-packages/airflow/example_dags/subdags/subdag.py took 0.043 seconds
[2025-05-28 22:40:55,163] {processor.py:153} INFO - Started process (PID=8261) to work on /home/cunhaaw/Downloads/APITwitter/venv/lib/python3.9/site-packages/airflow/example_dags/subdags/subdag.py
[2025-05-28 22:40:55,164] {processor.py:641} INFO - Processing file /home/cunhaaw/Downloads/APITwitter/venv/lib/python3.9/site-packages/airflow/example_dags/subdags/subdag.py for tasks to queue
[2025-05-28 22:40:55,165] {logging_mixin.py:115} INFO - [2025-05-28 22:40:55,165] {dagbag.py:507} INFO - Filling up the DagBag from /home/cunhaaw/Downloads/APITwitter/venv/lib/python3.9/site-packages/airflow/example_dags/subdags/subdag.py
[2025-05-28 22:40:55,167] {processor.py:653} WARNING - No viable dags retrieved from /home/cunhaaw/Downloads/APITwitter/venv/lib/python3.9/site-packages/airflow/example_dags/subdags/subdag.py
[2025-05-28 22:40:55,185] {processor.py:161} INFO - Processing /home/cunhaaw/Downloads/APITwitter/venv/lib/python3.9/site-packages/airflow/example_dags/subdags/subdag.py took 0.026 seconds
[2025-05-28 22:41:35,621] {processor.py:153} INFO - Started process (PID=8617) to work on /home/cunhaaw/Downloads/APITwitter/venv/lib/python3.9/site-packages/airflow/example_dags/subdags/subdag.py
[2025-05-28 22:41:35,623] {processor.py:641} INFO - Processing file /home/cunhaaw/Downloads/APITwitter/venv/lib/python3.9/site-packages/airflow/example_dags/subdags/subdag.py for tasks to queue
[2025-05-28 22:41:35,624] {logging_mixin.py:115} INFO - [2025-05-28 22:41:35,624] {dagbag.py:507} INFO - Filling up the DagBag from /home/cunhaaw/Downloads/APITwitter/venv/lib/python3.9/site-packages/airflow/example_dags/subdags/subdag.py
[2025-05-28 22:41:35,629] {processor.py:653} WARNING - No viable dags retrieved from /home/cunhaaw/Downloads/APITwitter/venv/lib/python3.9/site-packages/airflow/example_dags/subdags/subdag.py
[2025-05-28 22:41:35,653] {processor.py:161} INFO - Processing /home/cunhaaw/Downloads/APITwitter/venv/lib/python3.9/site-packages/airflow/example_dags/subdags/subdag.py took 0.040 seconds
[2025-05-28 22:42:09,969] {processor.py:153} INFO - Started process (PID=8927) to work on /home/cunhaaw/Downloads/APITwitter/venv/lib/python3.9/site-packages/airflow/example_dags/subdags/subdag.py
[2025-05-28 22:42:09,970] {processor.py:641} INFO - Processing file /home/cunhaaw/Downloads/APITwitter/venv/lib/python3.9/site-packages/airflow/example_dags/subdags/subdag.py for tasks to queue
[2025-05-28 22:42:09,971] {logging_mixin.py:115} INFO - [2025-05-28 22:42:09,971] {dagbag.py:507} INFO - Filling up the DagBag from /home/cunhaaw/Downloads/APITwitter/venv/lib/python3.9/site-packages/airflow/example_dags/subdags/subdag.py
[2025-05-28 22:42:09,973] {processor.py:653} WARNING - No viable dags retrieved from /home/cunhaaw/Downloads/APITwitter/venv/lib/python3.9/site-packages/airflow/example_dags/subdags/subdag.py
[2025-05-28 22:42:09,989] {processor.py:161} INFO - Processing /home/cunhaaw/Downloads/APITwitter/venv/lib/python3.9/site-packages/airflow/example_dags/subdags/subdag.py took 0.024 seconds
[2025-05-28 22:42:46,183] {processor.py:153} INFO - Started process (PID=9181) to work on /home/cunhaaw/Downloads/APITwitter/venv/lib/python3.9/site-packages/airflow/example_dags/subdags/subdag.py
[2025-05-28 22:42:46,191] {processor.py:641} INFO - Processing file /home/cunhaaw/Downloads/APITwitter/venv/lib/python3.9/site-packages/airflow/example_dags/subdags/subdag.py for tasks to queue
[2025-05-28 22:42:46,201] {logging_mixin.py:115} INFO - [2025-05-28 22:42:46,200] {dagbag.py:507} INFO - Filling up the DagBag from /home/cunhaaw/Downloads/APITwitter/venv/lib/python3.9/site-packages/airflow/example_dags/subdags/subdag.py
[2025-05-28 22:42:46,212] {processor.py:653} WARNING - No viable dags retrieved from /home/cunhaaw/Downloads/APITwitter/venv/lib/python3.9/site-packages/airflow/example_dags/subdags/subdag.py
[2025-05-28 22:42:46,255] {processor.py:161} INFO - Processing /home/cunhaaw/Downloads/APITwitter/venv/lib/python3.9/site-packages/airflow/example_dags/subdags/subdag.py took 0.083 seconds
[2025-05-28 22:43:21,568] {processor.py:153} INFO - Started process (PID=9325) to work on /home/cunhaaw/Downloads/APITwitter/venv/lib/python3.9/site-packages/airflow/example_dags/subdags/subdag.py
[2025-05-28 22:43:21,569] {processor.py:641} INFO - Processing file /home/cunhaaw/Downloads/APITwitter/venv/lib/python3.9/site-packages/airflow/example_dags/subdags/subdag.py for tasks to queue
[2025-05-28 22:43:21,570] {logging_mixin.py:115} INFO - [2025-05-28 22:43:21,569] {dagbag.py:507} INFO - Filling up the DagBag from /home/cunhaaw/Downloads/APITwitter/venv/lib/python3.9/site-packages/airflow/example_dags/subdags/subdag.py
[2025-05-28 22:43:21,571] {processor.py:653} WARNING - No viable dags retrieved from /home/cunhaaw/Downloads/APITwitter/venv/lib/python3.9/site-packages/airflow/example_dags/subdags/subdag.py
[2025-05-28 22:43:21,586] {processor.py:161} INFO - Processing /home/cunhaaw/Downloads/APITwitter/venv/lib/python3.9/site-packages/airflow/example_dags/subdags/subdag.py took 0.022 seconds
[2025-05-28 22:43:53,496] {processor.py:153} INFO - Started process (PID=9481) to work on /home/cunhaaw/Downloads/APITwitter/venv/lib/python3.9/site-packages/airflow/example_dags/subdags/subdag.py
[2025-05-28 22:43:53,498] {processor.py:641} INFO - Processing file /home/cunhaaw/Downloads/APITwitter/venv/lib/python3.9/site-packages/airflow/example_dags/subdags/subdag.py for tasks to queue
[2025-05-28 22:43:53,500] {logging_mixin.py:115} INFO - [2025-05-28 22:43:53,499] {dagbag.py:507} INFO - Filling up the DagBag from /home/cunhaaw/Downloads/APITwitter/venv/lib/python3.9/site-packages/airflow/example_dags/subdags/subdag.py
[2025-05-28 22:43:53,504] {processor.py:653} WARNING - No viable dags retrieved from /home/cunhaaw/Downloads/APITwitter/venv/lib/python3.9/site-packages/airflow/example_dags/subdags/subdag.py
[2025-05-28 22:43:53,538] {processor.py:161} INFO - Processing /home/cunhaaw/Downloads/APITwitter/venv/lib/python3.9/site-packages/airflow/example_dags/subdags/subdag.py took 0.050 seconds
